0	flagTramePC_PIC_recue
10	flagTramePIC_PC_recue
100	flagTramePC_PIC_recue
110	flagTramePIC_PC_recue
200	flagTramePC_PIC_recue
210	flagTramePIC_PC_recue
300	flagTramePC_PIC_recue
310	flagTramePIC_PC_recue
400	flagTramePC_PIC_recue
410	flagTramePIC_PC_recue
500	flagTramePC_PIC_recue
510	flagTramePIC_PC_recue
600	flagTramePC_PIC_recue
610	flagTramePIC_PC_recue
700	flagTramePC_PIC_recue
710	flagTramePIC_PC_recue
800	flagTramePC_PIC_recue
810	flagTramePIC_PC_recue
900	flagTramePC_PIC_recue
910	flagTramePIC_PC_recue
1000	flagTramePC_PIC_recue
1010	flagTramePIC_PC_recue
1100	flagTramePC_PIC_recue
1110	flagTramePIC_PC_recue
1200	flagTramePC_PIC_recue
1210	flagTramePIC_PC_recue
1300	flagTramePC_PIC_recue
1310	flagTramePIC_PC_recue
1400	flagTramePC_PIC_recue
1410	flagTramePIC_PC_recue
1500	flagTramePC_PIC_recue
1510	flagTramePIC_PC_recue
1600	flagTramePC_PIC_recue
1610	flagTramePIC_PC_recue
1700	flagTramePC_PIC_recue
1710	flagTramePIC_PC_recue
1800	flagTramePC_PIC_recue
1810	flagTramePIC_PC_recue
1900	flagTramePC_PIC_recue
1910	flagTramePIC_PC_recue
2000	flagTramePC_PIC_recue
2010	flagTramePIC_PC_recue
2100	flagTramePC_PIC_recue
2110	flagTramePIC_PC_recue
2200	flagTramePC_PIC_recue
2210	flagTramePIC_PC_recue
2300	flagTramePC_PIC_recue
2310	flagTramePIC_PC_recue
2400	flagTramePC_PIC_recue
2410	flagTramePIC_PC_recue
2500	flagTramePC_PIC_recue
2510	flagTramePIC_PC_recue
2600	flagTramePC_PIC_recue
2610	flagTramePIC_PC_recue
2700	flagTramePC_PIC_recue
2710	flagTramePIC_PC_recue
2800	flagTramePC_PIC_recue
2810	flagTramePIC_PC_recue
2900	flagTramePC_PIC_recue
2910	flagTramePIC_PC_recue
3000	flagTramePC_PIC_recue
3010	flagTramePIC_PC_recue
3100	flagTramePC_PIC_recue
3110	flagTramePIC_PC_recue
3200	flagTramePC_PIC_recue
3210	flagTramePIC_PC_recue
3300	flagTramePC_PIC_recue
3310	flagTramePIC_PC_recue
3400	flagTramePC_PIC_recue
3410	flagTramePIC_PC_recue
3500	flagTramePC_PIC_recue
3510	flagTramePIC_PC_recue
3600	flagTramePC_PIC_recue
3610	flagTramePIC_PC_recue
3700	flagTramePC_PIC_recue
3710	flagTramePIC_PC_recue
3800	flagTramePC_PIC_recue
3810	flagTramePIC_PC_recue
3900	flagTramePC_PIC_recue
3910	flagTramePIC_PC_recue
4000	flagTramePC_PIC_recue
4010	flagTramePIC_PC_recue
4100	flagTramePC_PIC_recue
4110	flagTramePIC_PC_recue
4200	flagTramePC_PIC_recue
4210	flagTramePIC_PC_recue
4300	flagTramePC_PIC_recue
4310	flagTramePIC_PC_recue
4400	flagTramePC_PIC_recue
4410	flagTramePIC_PC_recue
4500	flagTramePC_PIC_recue
4510	flagTramePIC_PC_recue
4600	flagTramePC_PIC_recue
4610	flagTramePIC_PC_recue
4700	flagTramePC_PIC_recue
4710	flagTramePIC_PC_recue
4800	flagTramePC_PIC_recue
4810	flagTramePIC_PC_recue
4900	flagTramePC_PIC_recue
4910	flagTramePIC_PC_recue
5000	flagTramePC_PIC_recue
5010	flagTramePIC_PC_recue
5100	flagTramePC_PIC_recue
5110	flagTramePIC_PC_recue
5200	flagTramePC_PIC_recue
5210	flagTramePIC_PC_recue
5300	flagTramePC_PIC_recue
5310	flagTramePIC_PC_recue
5400	flagTramePC_PIC_recue
5410	flagTramePIC_PC_recue
5500	flagTramePC_PIC_recue
5510	flagTramePIC_PC_recue
5600	flagTramePC_PIC_recue
5610	flagTramePIC_PC_recue
5700	flagTramePC_PIC_recue
5710	flagTramePIC_PC_recue
5800	flagTramePC_PIC_recue
5810	flagTramePIC_PC_recue
5900	flagTramePC_PIC_recue
5910	flagTramePIC_PC_recue
6000	flagTramePC_PIC_recue
6010	flagTramePIC_PC_recue
6100	flagTramePC_PIC_recue
6110	flagTramePIC_PC_recue
6200	flagTramePC_PIC_recue
6210	flagTramePIC_PC_recue
6300	flagTramePC_PIC_recue
6310	flagTramePIC_PC_recue
6400	flagTramePC_PIC_recue
6410	flagTramePIC_PC_recue
6500	flagTramePC_PIC_recue
6510	flagTramePIC_PC_recue
6600	flagTramePC_PIC_recue
6610	flagTramePIC_PC_recue
6700	flagTramePC_PIC_recue
6710	flagTramePIC_PC_recue
6800	flagTramePC_PIC_recue
6810	flagTramePIC_PC_recue
6900	flagTramePC_PIC_recue
6910	flagTramePIC_PC_recue
7000	flagTramePC_PIC_recue
7010	flagTramePIC_PC_recue
7100	flagTramePC_PIC_recue
7110	flagTramePIC_PC_recue
7200	flagTramePC_PIC_recue
7210	flagTramePIC_PC_recue
7300	flagTramePC_PIC_recue
7310	flagTramePIC_PC_recue
7400	flagTramePC_PIC_recue
7410	flagTramePIC_PC_recue
7500	flagTramePC_PIC_recue
7510	flagTramePIC_PC_recue
7600	flagTramePC_PIC_recue
7610	flagTramePIC_PC_recue
7700	flagTramePC_PIC_recue
7710	flagTramePIC_PC_recue
7800	flagTramePC_PIC_recue
7810	flagTramePIC_PC_recue
7900	flagTramePC_PIC_recue
7910	flagTramePIC_PC_recue
8000	flagTramePC_PIC_recue
8010	flagTramePIC_PC_recue
8100	flagTramePC_PIC_recue
8110	flagTramePIC_PC_recue
8200	flagTramePC_PIC_recue
8210	flagTramePIC_PC_recue
8300	flagTramePC_PIC_recue
8310	flagTramePIC_PC_recue
8400	flagTramePC_PIC_recue
8410	flagTramePIC_PC_recue
8500	flagTramePC_PIC_recue
8510	flagTramePIC_PC_recue
8600	flagTramePC_PIC_recue
8610	flagTramePIC_PC_recue
8700	flagTramePC_PIC_recue
8710	flagTramePIC_PC_recue
8800	flagTramePC_PIC_recue
8810	flagTramePIC_PC_recue
8900	flagTramePC_PIC_recue
8910	flagTramePIC_PC_recue
9000	flagTramePC_PIC_recue
9010	flagTramePIC_PC_recue
9100	flagTramePC_PIC_recue
9110	flagTramePIC_PC_recue
9200	flagTramePC_PIC_recue
9210	flagTramePIC_PC_recue
9300	flagTramePC_PIC_recue
9310	flagTramePIC_PC_recue
9400	flagTramePC_PIC_recue
9410	flagTramePIC_PC_recue
9500	flagTramePC_PIC_recue
9510	flagTramePIC_PC_recue
9600	flagTramePC_PIC_recue
9610	flagTramePIC_PC_recue
9700	flagTramePC_PIC_recue
9710	flagTramePIC_PC_recue
9800	flagTramePC_PIC_recue
9810	flagTramePIC_PC_recue
9900	flagTramePC_PIC_recue
9910	flagTramePIC_PC_recue
10000	flagTramePC_PIC_recue
10010	flagTramePIC_PC_recue
10100	flagTramePC_PIC_recue
10110	flagTramePIC_PC_recue
10200	flagTramePC_PIC_recue
10210	flagTramePIC_PC_recue
10300	flagTramePC_PIC_recue
10310	flagTramePIC_PC_recue
10400	flagTramePC_PIC_recue
10410	flagTramePIC_PC_recue
10500	flagTramePC_PIC_recue
10510	flagTramePIC_PC_recue
10600	flagTramePC_PIC_recue
10610	flagTramePIC_PC_recue
10700	flagTramePC_PIC_recue
10710	flagTramePIC_PC_recue
10800	flagTramePC_PIC_recue
10810	flagTramePIC_PC_recue
10900	flagTramePC_PIC_recue
10910	flagTramePIC_PC_recue
11000	flagTramePC_PIC_recue
11010	flagTramePIC_PC_recue
11100	flagTramePC_PIC_recue
11110	flagTramePIC_PC_recue
11200	flagTramePC_PIC_recue
11210	flagTramePIC_PC_recue
11300	flagTramePC_PIC_recue
11310	flagTramePIC_PC_recue
11400	flagTramePC_PIC_recue
11410	flagTramePIC_PC_recue
11500	flagTramePC_PIC_recue
11510	flagTramePIC_PC_recue
11600	flagTramePC_PIC_recue
11610	flagTramePIC_PC_recue
11700	flagTramePC_PIC_recue
11710	flagTramePIC_PC_recue
11800	flagTramePC_PIC_recue
11810	flagTramePIC_PC_recue
11900	flagTramePC_PIC_recue
11910	flagTramePIC_PC_recue
12000	flagTramePC_PIC_recue
12010	flagTramePIC_PC_recue
12100	flagTramePC_PIC_recue
12110	flagTramePIC_PC_recue
12200	flagTramePC_PIC_recue
12210	flagTramePIC_PC_recue
12300	flagTramePC_PIC_recue
12310	flagTramePIC_PC_recue
12400	flagTramePC_PIC_recue
12410	flagTramePIC_PC_recue
12500	flagTramePC_PIC_recue
12510	flagTramePIC_PC_recue
12600	flagTramePC_PIC_recue
12610	flagTramePIC_PC_recue
12700	flagTramePC_PIC_recue
12710	flagTramePIC_PC_recue
12800	flagTramePC_PIC_recue
12810	flagTramePIC_PC_recue
12900	flagTramePC_PIC_recue
12910	flagTramePIC_PC_recue
13000	flagTramePC_PIC_recue
13010	flagTramePIC_PC_recue
13100	flagTramePC_PIC_recue
13110	flagTramePIC_PC_recue
13200	flagTramePC_PIC_recue
13210	flagTramePIC_PC_recue
13300	flagTramePC_PIC_recue
13310	flagTramePIC_PC_recue
13400	flagTramePC_PIC_recue
13410	flagTramePIC_PC_recue
13500	flagTramePC_PIC_recue
13510	flagTramePIC_PC_recue
13600	flagTramePC_PIC_recue
13610	flagTramePIC_PC_recue
13700	flagTramePC_PIC_recue
13710	flagTramePIC_PC_recue
13800	flagTramePC_PIC_recue
13810	flagTramePIC_PC_recue
13900	flagTramePC_PIC_recue
13910	flagTramePIC_PC_recue
14000	flagTramePC_PIC_recue
14010	flagTramePIC_PC_recue
14100	flagTramePC_PIC_recue
14110	flagTramePIC_PC_recue
14200	flagTramePC_PIC_recue
14210	flagTramePIC_PC_recue
14300	flagTramePC_PIC_recue
14310	flagTramePIC_PC_recue
14400	flagTramePC_PIC_recue
14410	flagTramePIC_PC_recue
14500	flagTramePC_PIC_recue
14510	flagTramePIC_PC_recue
14600	flagTramePC_PIC_recue
14610	flagTramePIC_PC_recue
14700	flagTramePC_PIC_recue
14710	flagTramePIC_PC_recue
14800	flagTramePC_PIC_recue
14810	flagTramePIC_PC_recue
14900	flagTramePC_PIC_recue
14910	flagTramePIC_PC_recue
15000	flagTramePC_PIC_recue
15010	flagTramePIC_PC_recue
15100	flagTramePC_PIC_recue
15110	flagTramePIC_PC_recue
15200	flagTramePC_PIC_recue
15210	flagTramePIC_PC_recue
15300	flagTramePC_PIC_recue
15310	flagTramePIC_PC_recue
15400	flagTramePC_PIC_recue
15410	flagTramePIC_PC_recue
15500	flagTramePC_PIC_recue
15510	flagTramePIC_PC_recue
15600	flagTramePC_PIC_recue
15610	flagTramePIC_PC_recue
15700	flagTramePC_PIC_recue
15710	flagTramePIC_PC_recue
15800	flagTramePC_PIC_recue
15810	flagTramePIC_PC_recue
15900	flagTramePC_PIC_recue
15910	flagTramePIC_PC_recue
16000	flagTramePC_PIC_recue
16010	flagTramePIC_PC_recue
16100	flagTramePC_PIC_recue
16110	flagTramePIC_PC_recue
16200	flagTramePC_PIC_recue
16210	flagTramePIC_PC_recue
16300	flagTramePC_PIC_recue
16310	flagTramePIC_PC_recue
16400	flagTramePC_PIC_recue
16410	flagTramePIC_PC_recue
16500	flagTramePC_PIC_recue
16510	flagTramePIC_PC_recue
16600	flagTramePC_PIC_recue
16610	flagTramePIC_PC_recue
16700	flagTramePC_PIC_recue
16710	flagTramePIC_PC_recue
16800	flagTramePC_PIC_recue
16810	flagTramePIC_PC_recue
16900	flagTramePC_PIC_recue
16910	flagTramePIC_PC_recue
17000	flagTramePC_PIC_recue
17010	flagTramePIC_PC_recue
17100	flagTramePC_PIC_recue
17110	flagTramePIC_PC_recue
17200	flagTramePC_PIC_recue
17210	flagTramePIC_PC_recue
17300	flagTramePC_PIC_recue
17310	flagTramePIC_PC_recue
17400	flagTramePC_PIC_recue
17410	flagTramePIC_PC_recue
17500	flagTramePC_PIC_recue
17510	flagTramePIC_PC_recue
17600	flagTramePC_PIC_recue
17610	flagTramePIC_PC_recue
17700	flagTramePC_PIC_recue
17710	flagTramePIC_PC_recue
17800	flagTramePC_PIC_recue
17810	flagTramePIC_PC_recue
17900	flagTramePC_PIC_recue
17910	flagTramePIC_PC_recue
18000	flagTramePC_PIC_recue
18010	flagTramePIC_PC_recue
18100	flagTramePC_PIC_recue
18110	flagTramePIC_PC_recue
18200	flagTramePC_PIC_recue
18210	flagTramePIC_PC_recue
18300	flagTramePC_PIC_recue
18310	flagTramePIC_PC_recue
18400	flagTramePC_PIC_recue
18410	flagTramePIC_PC_recue
18500	flagTramePC_PIC_recue
18510	flagTramePIC_PC_recue
18600	flagTramePC_PIC_recue
18610	flagTramePIC_PC_recue
18700	flagTramePC_PIC_recue
18710	flagTramePIC_PC_recue
18800	flagTramePC_PIC_recue
18810	flagTramePIC_PC_recue
18900	flagTramePC_PIC_recue
18910	flagTramePIC_PC_recue
19000	flagTramePC_PIC_recue
19010	flagTramePIC_PC_recue
19100	flagTramePC_PIC_recue
19110	flagTramePIC_PC_recue
19200	flagTramePC_PIC_recue
19210	flagTramePIC_PC_recue
19300	flagTramePC_PIC_recue
19310	flagTramePIC_PC_recue
19400	flagTramePC_PIC_recue
19410	flagTramePIC_PC_recue
19500	flagTramePC_PIC_recue
19510	flagTramePIC_PC_recue
19600	flagTramePC_PIC_recue
19610	flagTramePIC_PC_recue
19700	flagTramePC_PIC_recue
19710	flagTramePIC_PC_recue
19800	flagTramePC_PIC_recue
19810	flagTramePIC_PC_recue
19900	flagTramePC_PIC_recue
19910	flagTramePIC_PC_recue
20000	flagTramePC_PIC_recue
20010	flagTramePIC_PC_recue
20100	flagTramePC_PIC_recue
20110	flagTramePIC_PC_recue
20200	flagTramePC_PIC_recue
20210	flagTramePIC_PC_recue
20300	flagTramePC_PIC_recue
20310	flagTramePIC_PC_recue
20400	flagTramePC_PIC_recue
20410	flagTramePIC_PC_recue
20500	flagTramePC_PIC_recue
20510	flagTramePIC_PC_recue
20600	flagTramePC_PIC_recue
20610	flagTramePIC_PC_recue
20700	flagTramePC_PIC_recue
20710	flagTramePIC_PC_recue
20800	flagTramePC_PIC_recue
20810	flagTramePIC_PC_recue
20900	flagTramePC_PIC_recue
20910	flagTramePIC_PC_recue
21000	flagTramePC_PIC_recue
21010	flagTramePIC_PC_recue
21100	flagTramePC_PIC_recue
21110	flagTramePIC_PC_recue
21200	flagTramePC_PIC_recue
21210	flagTramePIC_PC_recue
21300	flagTramePC_PIC_recue
21310	flagTramePIC_PC_recue
21400	flagTramePC_PIC_recue
21410	flagTramePIC_PC_recue
21500	flagTramePC_PIC_recue
21510	flagTramePIC_PC_recue
21600	flagTramePC_PIC_recue
21610	flagTramePIC_PC_recue
21700	flagTramePC_PIC_recue
21710	flagTramePIC_PC_recue
21800	flagTramePC_PIC_recue
21810	flagTramePIC_PC_recue
21900	flagTramePC_PIC_recue
21910	flagTramePIC_PC_recue
22000	flagTramePC_PIC_recue
22010	flagTramePIC_PC_recue
22100	flagTramePC_PIC_recue
22110	flagTramePIC_PC_recue
22200	flagTramePC_PIC_recue
22210	flagTramePIC_PC_recue
22300	flagTramePC_PIC_recue
22310	flagTramePIC_PC_recue
22400	flagTramePC_PIC_recue
22410	flagTramePIC_PC_recue
22500	flagTramePC_PIC_recue
22510	flagTramePIC_PC_recue
22600	flagTramePC_PIC_recue
22610	flagTramePIC_PC_recue
22700	flagTramePC_PIC_recue
22710	flagTramePIC_PC_recue
22800	flagTramePC_PIC_recue
22810	flagTramePIC_PC_recue
22900	flagTramePC_PIC_recue
22910	flagTramePIC_PC_recue
23000	flagTramePC_PIC_recue
23010	flagTramePIC_PC_recue
23100	flagTramePC_PIC_recue
23110	flagTramePIC_PC_recue
23200	flagTramePC_PIC_recue
23210	flagTramePIC_PC_recue
23300	flagTramePC_PIC_recue
23310	flagTramePIC_PC_recue
23400	flagTramePC_PIC_recue
23410	flagTramePIC_PC_recue
23500	flagTramePC_PIC_recue
23510	flagTramePIC_PC_recue
23600	flagTramePC_PIC_recue
23610	flagTramePIC_PC_recue
23700	flagTramePC_PIC_recue
23710	flagTramePIC_PC_recue
23800	flagTramePC_PIC_recue
23810	flagTramePIC_PC_recue
23900	flagTramePC_PIC_recue
23910	flagTramePIC_PC_recue
24000	flagTramePC_PIC_recue
24010	flagTramePIC_PC_recue
24100	flagTramePC_PIC_recue
24110	flagTramePIC_PC_recue
24200	flagTramePC_PIC_recue
24210	flagTramePIC_PC_recue
24300	flagTramePC_PIC_recue
24310	flagTramePIC_PC_recue
24400	flagTramePC_PIC_recue
24410	flagTramePIC_PC_recue
24500	flagTramePC_PIC_recue
24510	flagTramePIC_PC_recue
24600	flagTramePC_PIC_recue
24610	flagTramePIC_PC_recue
24700	flagTramePC_PIC_recue
24710	flagTramePIC_PC_recue
24800	flagTramePC_PIC_recue
24810	flagTramePIC_PC_recue
24900	flagTramePC_PIC_recue
24910	flagTramePIC_PC_recue
25000	flagTramePC_PIC_recue
25010	flagTramePIC_PC_recue
25100	flagTramePC_PIC_recue
25110	flagTramePIC_PC_recue
25200	flagTramePC_PIC_recue
25210	flagTramePIC_PC_recue
25300	flagTramePC_PIC_recue
25310	flagTramePIC_PC_recue
25400	flagTramePC_PIC_recue
25410	flagTramePIC_PC_recue
25500	flagTramePC_PIC_recue
25510	flagTramePIC_PC_recue
25600	flagTramePC_PIC_recue
25610	flagTramePIC_PC_recue
25700	flagTramePC_PIC_recue
25710	flagTramePIC_PC_recue
25800	flagTramePC_PIC_recue
25810	flagTramePIC_PC_recue
25900	flagTramePC_PIC_recue
25910	flagTramePIC_PC_recue
26000	flagTramePC_PIC_recue
26010	flagTramePIC_PC_recue
26100	flagTramePC_PIC_recue
26110	flagTramePIC_PC_recue
26200	flagTramePC_PIC_recue
26210	flagTramePIC_PC_recue
26300	flagTramePC_PIC_recue
26310	flagTramePIC_PC_recue
26400	flagTramePC_PIC_recue
26410	flagTramePIC_PC_recue
26500	flagTramePC_PIC_recue
26510	flagTramePIC_PC_recue
26600	flagTramePC_PIC_recue
26610	flagTramePIC_PC_recue
26700	flagTramePC_PIC_recue
26710	flagTramePIC_PC_recue
26800	flagTramePC_PIC_recue
26810	flagTramePIC_PC_recue
26900	flagTramePC_PIC_recue
26910	flagTramePIC_PC_recue
27000	flagTramePC_PIC_recue
27010	flagTramePIC_PC_recue
27100	flagTramePC_PIC_recue
27110	flagTramePIC_PC_recue
27200	flagTramePC_PIC_recue
27210	flagTramePIC_PC_recue
27300	flagTramePC_PIC_recue
27310	flagTramePIC_PC_recue
27400	flagTramePC_PIC_recue
27410	flagTramePIC_PC_recue
27500	flagTramePC_PIC_recue
27510	flagTramePIC_PC_recue
27600	flagTramePC_PIC_recue
27610	flagTramePIC_PC_recue
27700	flagTramePC_PIC_recue
27710	flagTramePIC_PC_recue
27800	flagTramePC_PIC_recue
27810	flagTramePIC_PC_recue
27900	flagTramePC_PIC_recue
27910	flagTramePIC_PC_recue
28000	flagTramePC_PIC_recue
28010	flagTramePIC_PC_recue
28100	flagTramePC_PIC_recue
28110	flagTramePIC_PC_recue
28200	flagTramePC_PIC_recue
28210	flagTramePIC_PC_recue
28300	flagTramePC_PIC_recue
28310	flagTramePIC_PC_recue
28400	flagTramePC_PIC_recue
28410	flagTramePIC_PC_recue
28500	flagTramePC_PIC_recue
28510	flagTramePIC_PC_recue
28600	flagTramePC_PIC_recue
28610	flagTramePIC_PC_recue
28700	flagTramePC_PIC_recue
28710	flagTramePIC_PC_recue
28800	flagTramePC_PIC_recue
28810	flagTramePIC_PC_recue
28900	flagTramePC_PIC_recue
28910	flagTramePIC_PC_recue
29000	flagTramePC_PIC_recue
29010	flagTramePIC_PC_recue
29100	flagTramePC_PIC_recue
29110	flagTramePIC_PC_recue
29200	flagTramePC_PIC_recue
29210	flagTramePIC_PC_recue
29300	flagTramePC_PIC_recue
29310	flagTramePIC_PC_recue
29400	flagTramePC_PIC_recue
29410	flagTramePIC_PC_recue
29500	flagTramePC_PIC_recue
29510	flagTramePIC_PC_recue
29600	flagTramePC_PIC_recue
29610	flagTramePIC_PC_recue
29700	flagTramePC_PIC_recue
29710	flagTramePIC_PC_recue
29800	flagTramePC_PIC_recue
29810	flagTramePIC_PC_recue
29900	flagTramePC_PIC_recue
29910	flagTramePIC_PC_recue
30000	flagTramePC_PIC_recue
