0	0
10	0
20	0.00362449
30	0.00906135
40	0.0154048
50	0.0222023
60	0.0292281
70	0.0363694
80	0.0435704
90	0.0508037
100	0.0580557
110	0.0653201
120	0.0725943
130	0.0798772
140	0.0871687
150	0.0944692
160	0.101779
170	0.109099
180	0.116431
190	0.123773
200	0.131129
210	0.138497
220	0.14588
230	0.153278
240	0.160692
250	0.168122
260	0.175569
270	0.183035
280	0.19052
290	0.198025
300	0.205551
310	0.213099
320	0.220669
330	0.228263
340	0.235881
350	0.243525
360	0.251195
370	0.258892
380	0.266618
390	0.274372
400	0.282157
410	0.289973
420	0.297821
430	0.305702
440	0.313617
450	0.321568
460	0.329555
470	0.337579
480	0.345642
490	0.353745
500	0.361888
510	0.370073
520	0.378301
530	0.386574
540	0.394892
550	0.403256
560	0.411669
570	0.420131
580	0.428644
590	0.437208
600	0.445826
610	0.454498
620	0.463227
630	0.472013
640	0.480858
650	0.489764
660	0.498732
670	0.507763
680	0.51686
690	0.526023
700	0.535255
710	0.544558
720	0.553932
730	0.563381
740	0.572905
750	0.582507
760	0.592188
770	0.601951
780	0.611797
790	0.621729
800	0.631748
810	0.641858
820	0.65206
830	0.662356
840	0.67275
850	0.683242
860	0.693837
870	0.704536
880	0.715342
890	0.726257
900	0.737285
910	0.748429
920	0.759691
930	0.771074
940	0.782582
950	0.794217
960	0.805984
970	0.817885
980	0.829924
990	0.842105
1000	0.854431
1010	0.866906
1020	0.879534
1030	0.89232
1040	0.905268
1050	0.918381
1060	0.931666
1070	0.945125
1080	0.958764
1090	0.972589
1100	0.986604
1110	1.00081
1120	1.01523
1130	1.02984
1140	1.04468
1150	1.05973
1160	1.075
1170	1.09051
1180	1.10626
1190	1.12225
1200	1.1385
1210	1.15501
1220	1.17179
1230	1.18884
1240	1.20618
1250	1.22382
1260	1.24177
1270	1.26002
1280	1.2786
1290	1.29752
1300	1.31678
1310	1.33641
1320	1.3564
1330	1.37677
1340	1.39754
1350	1.41872
1360	1.44032
1370	1.46236
1380	1.48486
1390	1.50782
1400	1.53128
1410	1.55524
1420	1.57972
1430	1.60475
1440	1.63035
1450	1.65653
1460	1.68332
1470	1.71075
1480	1.73883
1490	1.76761
1500	1.7971
1510	1.82733
1520	1.85834
1530	1.89016
1540	1.92283
1550	1.95638
1560	1.99085
1570	2.02628
1580	2.06272
1590	2.10021
1600	2.13881
1610	2.17857
1620	2.21954
1630	2.26178
1640	2.30537
1650	2.35035
1660	2.39682
1670	2.44485
1680	2.49452
1690	2.54592
1700	2.59915
1710	2.65431
1720	2.71152
1730	2.77089
1740	2.83255
1750	2.89665
1760	2.96334
1770	3.03278
1780	3.10515
1790	3.18064
1800	3.25948
1810	3.34188
1820	3.42811
1830	3.51844
1840	3.61317
1850	3.71265
1860	3.81724
1870	3.92736
1880	4.04345
1890	4.16603
1900	4.29566
1910	4.43297
1920	4.57867
1930	4.73356
1940	4.89853
1950	5.07461
1960	5.26295
1970	5.4649
1980	5.68196
1990	5.91591
2000	6.16879
2010	6.44297
2020	6.74125
2030	7.06693
2040	7.42393
2050	7.81695
2060	8.25167
2070	8.73501
2080	9.27549
2090	9.88372
2100	10.573
2110	11.3605
2120	12.2682
2130	13.3253
2140	14.5709
2150	16.0589
2160	17.8649
2170	20.0988
2180	22.9255
2190	26.6028
2200	31.5523
2210	38.5027
2220	48.7869
2230	64.9491
2240	91.5538
2250	132.021
2260	167.137
2270	172.161
2280	162.607
2290	153.114
2300	148.619
2310	149.09
2320	152.346
2330	155.77
2340	157.79
2350	158.364
2360	158.275
2370	158.268
2380	158.669
2390	159.423
2400	160.314
2410	161.156
2420	161.88
2430	162.517
2440	163.131
2450	163.767
2460	164.435
2470	165.123
2480	165.813
2490	166.495
2500	167.169
2510	167.839
2520	168.509
2530	169.182
2540	169.857
2550	170.532
2560	171.207
2570	171.882
2580	172.556
2590	173.229
2600	173.903
2610	174.578
2620	175.252
2630	175.926
2640	176.601
2650	177.275
2660	177.949
2670	178.623
2680	179.297
2690	179.972
2700	180.646
2710	181.32
2720	181.994
2730	182.669
2740	183.343
2750	184.017
2760	184.691
2770	185.366
2780	186.04
2790	186.714
2800	187.388
2810	188.063
2820	188.737
2830	189.411
2840	190.086
2850	190.76
2860	191.434
2870	192.108
2880	192.783
2890	193.457
2900	194.131
2910	194.805
2920	195.48
2930	196.154
2940	196.828
2950	197.503
2960	198.177
2970	198.851
2980	199.525
2990	200.2
3000	200.874
3010	201.211
3020	201.38
3030	201.464
3040	201.506
3050	201.527
3060	201.538
3070	201.543
3080	201.546
3090	201.547
3100	201.548
3110	201.548
3120	201.548
3130	201.548
3140	201.549
3150	201.549
3160	201.549
3170	201.549
3180	201.549
3190	201.549
3200	201.549
3210	201.549
3220	201.549
3230	201.549
3240	201.549
3250	201.549
3260	201.549
3270	201.549
3280	201.549
3290	201.549
3300	201.549
3310	201.549
3320	201.549
3330	201.549
3340	201.549
3350	201.549
3360	201.549
3370	201.549
3380	201.549
3390	201.549
3400	201.549
3410	201.549
3420	201.549
3430	201.549
3440	201.549
3450	201.549
3460	201.549
3470	201.549
3480	201.549
3490	201.549
3500	201.549
3510	201.549
3520	201.549
3530	201.549
3540	201.549
3550	201.549
3560	201.549
3570	201.549
3580	201.549
3590	201.549
3600	201.549
3610	201.549
3620	201.549
3630	201.549
3640	201.549
3650	201.549
3660	201.549
3670	201.549
3680	201.549
3690	201.549
3700	201.549
3710	201.549
3720	201.549
3730	201.549
3740	201.549
3750	201.549
3760	201.549
3770	201.549
3780	201.549
3790	201.549
3800	201.549
3810	201.549
3820	201.549
3830	201.549
3840	201.549
3850	201.549
3860	201.549
3870	201.549
3880	201.549
3890	201.549
3900	201.549
3910	201.549
3920	201.549
3930	201.549
3940	201.549
3950	201.549
3960	201.549
3970	201.549
3980	201.549
3990	201.549
4000	201.549
4010	201.549
4020	201.549
4030	201.549
4040	201.549
4050	201.549
4060	201.549
4070	201.549
4080	201.549
4090	201.549
4100	201.549
4110	201.549
4120	201.549
4130	201.549
4140	201.549
4150	201.549
4160	201.549
4170	201.549
4180	201.549
4190	201.549
4200	201.549
4210	201.549
4220	201.549
4230	201.549
4240	201.549
4250	201.549
4260	201.549
4270	201.549
4280	201.549
4290	201.549
4300	201.549
4310	201.549
4320	201.549
4330	201.549
4340	201.549
4350	201.549
4360	201.549
4370	201.549
4380	201.549
4390	201.549
4400	201.549
4410	201.549
4420	201.549
4430	201.549
4440	201.549
4450	201.549
4460	201.549
4470	201.549
4480	201.549
4490	201.549
4500	201.549
4510	201.549
4520	201.549
4530	201.549
4540	201.549
4550	201.549
4560	201.549
4570	201.549
4580	201.549
4590	201.549
4600	201.549
4610	201.549
4620	201.549
4630	201.549
4640	201.549
4650	201.549
4660	201.549
4670	201.549
4680	201.549
4690	201.549
4700	201.549
4710	201.549
4720	201.549
4730	201.549
4740	201.549
4750	201.549
4760	201.549
4770	201.549
4780	201.549
4790	201.549
4800	201.549
4810	201.549
4820	201.549
4830	201.549
4840	201.549
4850	201.549
4860	201.549
4870	201.549
4880	201.549
4890	201.549
4900	201.549
4910	201.549
4920	201.549
4930	201.549
4940	201.549
4950	201.549
4960	201.549
4970	201.549
4980	201.549
4990	201.549
5000	201.549
5010	201.549
5020	201.549
5030	201.549
5040	201.549
5050	201.549
5060	201.549
5070	201.549
5080	201.549
5090	201.549
5100	201.549
5110	201.549
5120	201.549
5130	201.549
5140	201.549
5150	201.549
5160	201.549
5170	201.549
5180	201.549
5190	201.549
5200	201.549
5210	201.549
5220	201.549
5230	201.549
5240	201.549
5250	201.549
5260	201.549
5270	201.549
5280	201.549
5290	201.549
5300	201.549
5310	201.549
5320	201.549
5330	201.549
5340	201.549
5350	201.549
5360	201.549
5370	201.549
5380	201.549
5390	201.549
5400	201.549
5410	201.549
5420	201.549
5430	201.549
5440	201.549
5450	201.549
5460	201.549
5470	201.549
5480	201.549
5490	201.549
5500	201.549
