0	0
10	0
20	0.569333
30	1.42333
40	2.41967
50	3.48716
60	4.59024
70	5.71111
80	6.84088
90	7.97508
100	9.11151
110	10.249
120	11.3871
130	12.5255
140	13.664
150	14.8025
160	15.9411
170	17.0797
180	18.2182
190	19.3568
200	20.4954
210	21.6339
220	22.7724
230	23.9109
240	25.0495
250	26.1879
260	27.3264
270	28.4649
280	29.6033
290	30.7417
300	31.8801
310	33.0185
320	34.1568
330	35.2951
340	36.4334
350	37.5717
360	38.7099
370	39.8482
380	40.9863
390	42.1245
400	43.2626
410	44.4007
420	45.5388
430	46.6768
440	47.8148
450	48.9528
460	50.0907
470	51.2286
480	52.3665
490	53.5043
500	54.6421
510	55.7798
520	56.9175
530	58.0551
540	59.1927
550	60.3303
560	61.4678
570	62.6052
580	63.7426
590	64.88
600	66.0173
610	67.1545
620	68.2917
630	69.4288
640	70.5659
650	71.7029
660	72.8399
670	73.9768
680	75.1136
690	76.2503
700	77.387
710	78.5236
720	79.6602
730	80.7966
740	81.933
750	83.0693
760	84.2056
770	85.3417
780	86.4778
790	87.6138
800	88.7497
810	89.8855
820	91.0212
830	92.1568
840	93.2923
850	94.4278
860	95.5631
870	96.6983
880	97.8334
890	98.9684
900	100.103
910	101.238
920	102.373
930	103.507
940	104.642
950	105.776
960	106.91
970	108.044
980	109.178
990	110.312
1000	111.445
1010	112.579
1020	113.712
1030	114.845
1040	115.978
1050	117.111
1060	118.244
1070	119.376
1080	120.508
1090	121.64
1100	122.772
1110	123.904
1120	125.035
1130	126.167
1140	127.298
1150	128.429
1160	129.559
1170	130.69
1180	131.82
1190	132.95
1200	134.08
1210	135.209
1220	136.338
1230	137.467
1240	138.596
1250	139.724
1260	140.852
1270	141.979
1280	143.107
1290	144.234
1300	145.36
1310	146.487
1320	147.613
1330	148.738
1340	149.863
1350	150.988
1360	152.112
1370	153.236
1380	154.36
1390	155.483
1400	156.605
1410	157.727
1420	158.848
1430	159.969
1440	161.09
1450	162.209
1460	163.329
1470	164.447
1480	165.565
1490	166.682
1500	167.798
1510	168.914
1520	170.029
1530	171.143
1540	172.256
1550	173.369
1560	174.48
1570	175.591
1580	176.7
1590	177.809
1600	178.916
1610	180.022
1620	181.127
1630	182.231
1640	183.333
1650	184.434
1660	185.533
1670	186.631
1680	187.727
1690	188.822
1700	189.915
1710	191.005
1720	192.094
1730	193.181
1740	194.265
1750	195.347
1760	196.426
1770	197.502
1780	198.576
1790	199.646
1800	200.713
1810	201.777
1820	202.837
1830	203.892
1840	204.943
1850	205.99
1860	207.031
1870	208.067
1880	209.097
1890	210.12
1900	211.136
1910	212.145
1920	213.145
1930	214.136
1940	215.117
1950	216.087
1960	217.045
1970	217.989
1980	218.917
1990	219.829
2000	220.722
2010	221.594
2020	222.442
2030	223.262
2040	224.051
2050	224.804
2060	225.515
2070	226.178
2080	226.783
2090	227.321
2100	227.777
2110	228.136
2120	228.374
2130	228.463
2140	228.363
2150	228.021
2160	227.361
2170	226.273
2180	224.592
2190	222.061
2200	218.257
2210	212.453
2220	203.315
2230	188.298
2240	162.84
2250	123.518
2260	89.5479
2270	85.6703
2280	96.3702
2290	107.008
2300	112.65
2310	113.325
2320	111.214
2330	108.936
2340	108.062
2350	108.634
2360	109.869
2370	111.022
2380	111.767
2390	112.159
2400	112.413
2410	112.718
2420	113.14
2430	113.649
2440	114.181
2450	114.691
2460	115.168
2470	115.626
2480	116.082
2490	116.546
2500	117.018
2510	117.494
2520	117.97
2530	118.443
2540	118.914
2550	119.384
2560	119.855
2570	120.327
2580	120.799
2590	121.271
2600	121.743
2610	122.214
2620	122.686
2630	123.158
2640	123.629
2650	124.101
2660	124.573
2670	125.044
2680	125.516
2690	125.988
2700	126.459
2710	126.931
2720	127.403
2730	127.874
2740	128.346
2750	128.818
2760	129.289
2770	129.761
2780	130.233
2790	130.704
2800	131.176
2810	131.648
2820	132.119
2830	132.591
2840	133.063
2850	133.534
2860	134.006
2870	134.478
2880	134.949
2890	135.421
2900	135.893
2910	136.364
2920	136.836
2930	137.307
2940	137.779
2950	138.251
2960	138.722
2970	139.194
2980	139.666
2990	140.137
3000	140.609
3010	140.844
3020	140.962
3030	141.021
3040	141.051
3050	141.065
3060	141.073
3070	141.077
3080	141.078
3090	141.079
3100	141.08
3110	141.08
3120	141.08
3130	141.08
3140	141.08
3150	141.08
3160	141.08
3170	141.08
3180	141.08
3190	141.08
3200	141.08
3210	141.08
3220	141.08
3230	141.08
3240	141.08
3250	141.08
3260	141.08
3270	141.08
3280	141.08
3290	141.08
3300	141.08
3310	141.08
3320	141.08
3330	141.08
3340	141.08
3350	141.08
3360	141.08
3370	141.08
3380	141.08
3390	141.08
3400	141.08
3410	141.08
3420	141.08
3430	141.08
3440	141.08
3450	141.08
3460	141.08
3470	141.08
3480	141.08
3490	141.08
3500	141.08
3510	141.08
3520	141.08
3530	141.08
3540	141.08
3550	141.08
3560	141.08
3570	141.08
3580	141.08
3590	141.08
3600	141.08
3610	141.08
3620	141.08
3630	141.08
3640	141.08
3650	141.08
3660	141.08
3670	141.08
3680	141.08
3690	141.08
3700	141.08
3710	141.08
3720	141.08
3730	141.08
3740	141.08
3750	141.08
3760	141.08
3770	141.08
3780	141.08
3790	141.08
3800	141.08
3810	141.08
3820	141.08
3830	141.08
3840	141.08
3850	141.08
3860	141.08
3870	141.08
3880	141.08
3890	141.08
3900	141.08
3910	141.08
3920	141.08
3930	141.08
3940	141.08
3950	141.08
3960	141.08
3970	141.08
3980	141.08
3990	141.08
4000	141.08
4010	141.08
4020	141.08
4030	141.08
4040	141.08
4050	141.08
4060	141.08
4070	141.08
4080	141.08
4090	141.08
4100	141.08
4110	141.08
4120	141.08
4130	141.08
4140	141.08
4150	141.08
4160	141.08
4170	141.08
4180	141.08
4190	141.08
4200	141.08
4210	141.08
4220	141.08
4230	141.08
4240	141.08
4250	141.08
4260	141.08
4270	141.08
4280	141.08
4290	141.08
4300	141.08
4310	141.08
4320	141.08
4330	141.08
4340	141.08
4350	141.08
4360	141.08
4370	141.08
4380	141.08
4390	141.08
4400	141.08
4410	141.08
4420	141.08
4430	141.08
4440	141.08
4450	141.08
4460	141.08
4470	141.08
4480	141.08
4490	141.08
4500	141.08
4510	141.08
4520	141.08
4530	141.08
4540	141.08
4550	141.08
4560	141.08
4570	141.08
4580	141.08
4590	141.08
4600	141.08
4610	141.08
4620	141.08
4630	141.08
4640	141.08
4650	141.08
4660	141.08
4670	141.08
4680	141.08
4690	141.08
4700	141.08
4710	141.08
4720	141.08
4730	141.08
4740	141.08
4750	141.08
4760	141.08
4770	141.08
4780	141.08
4790	141.08
4800	141.08
4810	141.08
4820	141.08
4830	141.08
4840	141.08
4850	141.08
4860	141.08
4870	141.08
4880	141.08
4890	141.08
4900	141.08
4910	141.08
4920	141.08
4930	141.08
4940	141.08
4950	141.08
4960	141.08
4970	141.08
4980	141.08
4990	141.08
5000	141.08
5010	141.08
5020	141.08
5030	141.08
5040	141.08
5050	141.08
5060	141.08
5070	141.08
5080	141.08
5090	141.08
5100	141.08
5110	141.08
5120	141.08
5130	141.08
5140	141.08
5150	141.08
5160	141.08
5170	141.08
5180	141.08
5190	141.08
5200	141.08
5210	141.08
5220	141.08
5230	141.08
5240	141.08
5250	141.08
5260	141.08
5270	141.08
5280	141.08
5290	141.08
5300	141.08
5310	141.08
5320	141.08
5330	141.08
5340	141.08
5350	141.08
5360	141.08
5370	141.08
5380	141.08
5390	141.08
5400	141.08
5410	141.08
5420	141.08
5430	141.08
5440	141.08
5450	141.08
5460	141.08
5470	141.08
5480	141.08
5490	141.08
5500	141.08
