0	0
10	0
20	0.569333
30	1.42333
40	2.41967
50	3.48716
60	4.59024
70	5.71111
80	6.84088
90	7.97508
100	9.11151
110	10.249
120	11.3871
130	12.5255
140	13.664
150	14.8025
160	15.9411
170	17.0797
180	18.2182
190	19.3568
200	20.4954
210	21.6339
220	22.7724
230	23.9109
240	25.0495
250	26.1879
260	27.3264
270	28.4649
280	29.6033
290	30.7417
300	31.8801
310	33.0185
320	34.1568
330	35.2951
340	36.4334
350	37.5717
360	38.7099
370	39.8482
380	40.9863
390	42.1245
400	43.2626
410	44.4007
420	45.5388
430	46.6768
440	47.8148
450	48.9528
460	50.0907
470	51.2286
480	52.3665
490	53.5043
500	54.6421
510	55.7798
520	56.9175
530	58.0551
540	59.1927
550	60.3303
560	61.4678
570	62.6052
580	63.7426
590	64.88
600	66.0173
610	67.1545
620	68.2917
630	69.4288
640	70.5659
650	71.7029
660	72.8399
670	73.9768
680	75.1136
690	76.2503
700	77.387
710	78.5236
720	79.6602
730	80.7966
740	81.933
750	83.0693
760	84.2056
770	85.3417
780	86.4778
790	87.6138
800	88.7497
810	89.8855
820	91.0212
830	92.1568
840	93.2923
850	94.4278
860	95.5631
870	96.6983
880	97.8334
890	98.9684
900	100.103
910	101.238
920	102.373
930	103.507
940	104.642
950	105.776
960	106.91
970	108.044
980	109.178
990	110.312
1000	111.445
1010	112.579
1020	113.712
1030	114.845
1040	115.978
1050	117.111
1060	118.244
1070	119.376
1080	120.508
1090	121.64
1100	122.772
1110	123.904
1120	125.035
1130	126.167
1140	127.298
1150	128.429
1160	129.559
1170	130.69
1180	131.82
1190	132.95
1200	134.08
1210	135.209
1220	136.338
1230	137.467
1240	138.596
1250	139.724
1260	140.852
1270	141.979
1280	143.107
1290	144.234
1300	145.36
1310	146.487
1320	147.613
1330	148.738
1340	149.863
1350	150.988
1360	152.112
1370	153.236
1380	154.36
1390	155.483
1400	156.605
1410	157.727
1420	158.848
1430	159.969
1440	161.09
1450	162.209
1460	163.329
1470	164.447
1480	165.565
1490	166.682
1500	167.798
1510	168.914
1520	170.029
1530	171.143
1540	172.256
1550	173.369
1560	174.48
1570	175.591
1580	176.7
1590	177.809
1600	178.916
1610	180.022
1620	181.127
1630	182.231
1640	183.333
1650	184.434
1660	185.533
1670	186.631
1680	187.727
1690	188.822
1700	189.915
1710	191.005
1720	192.094
1730	193.181
1740	194.265
1750	195.347
1760	196.426
1770	197.502
1780	198.576
1790	199.646
1800	200.713
1810	201.777
1820	202.837
1830	203.892
1840	204.943
1850	205.99
1860	207.031
1870	208.067
1880	209.097
1890	210.12
1900	211.136
1910	212.145
1920	213.145
1930	214.136
1940	215.117
1950	216.087
1960	217.045
1970	217.989
1980	218.917
1990	219.829
2000	220.722
2010	221.594
2020	222.442
2030	223.262
2040	224.051
2050	224.804
2060	225.515
2070	226.178
2080	226.783
2090	227.321
2100	227.777
2110	228.136
2120	228.374
2130	228.463
2140	228.363
2150	228.021
2160	227.361
2170	226.273
2180	224.592
2190	222.061
2200	218.257
2210	212.453
2220	203.315
2230	188.298
2240	162.84
2250	123.518
2260	89.5479
2270	85.6703
2280	96.3702
2290	107.008
2300	112.65
2310	113.325
2320	111.214
2330	108.936
2340	108.062
2350	108.634
2360	109.869
2370	111.022
2380	111.767
2390	112.159
2400	112.413
2410	112.718
2420	113.14
2430	113.649
2440	114.181
2450	114.691
2460	115.168
2470	115.626
2480	116.082
2490	116.546
2500	117.018
2510	117.494
2520	117.97
2530	118.443
2540	118.914
2550	119.384
2560	119.855
2570	120.327
2580	120.799
2590	121.271
2600	121.743
2610	122.214
2620	122.686
2630	123.158
2640	123.629
2650	124.101
2660	124.573
2670	125.044
2680	125.516
2690	125.988
2700	126.459
2710	126.931
2720	127.403
2730	127.874
2740	128.346
2750	128.818
2760	129.289
2770	129.761
2780	130.233
2790	130.704
2800	131.176
2810	131.648
2820	132.119
2830	132.591
2840	133.063
2850	133.534
2860	134.006
2870	134.478
2880	134.949
2890	135.421
2900	135.893
2910	136.364
2920	136.836
2930	137.307
2940	137.779
2950	138.251
2960	138.722
2970	139.194
2980	139.666
2990	140.137
3000	140.609
3010	140.844
3020	140.962
3030	141.021
3040	141.051
3050	141.065
3060	141.073
3070	141.077
3080	141.078
3090	141.079
3100	141.08
3110	141.08
3120	141.08
3130	141.08
3140	141.08
3150	141.08
3160	141.08
3170	141.08
3180	141.08
3190	141.08
3200	141.08
3210	141.08
3220	141.08
3230	141.08
3240	141.08
3250	141.08
3260	141.08
3270	141.08
3280	141.08
3290	141.08
3300	141.08
3310	141.08
3320	141.08
3330	141.08
3340	141.08
3350	141.08
3360	141.08
3370	141.08
3380	141.08
3390	141.08
3400	141.08
3410	141.08
3420	141.08
3430	141.08
3440	141.08
3450	141.08
3460	141.08
3470	141.08
3480	141.08
3490	141.08
3500	141.08
3510	141.08
3520	141.08
3530	141.08
3540	141.08
3550	141.08
3560	141.08
3570	141.08
3580	141.08
3590	141.08
3600	141.08
3610	141.08
3620	141.08
3630	141.08
3640	141.08
3650	141.08
3660	141.08
3670	141.08
3680	141.08
3690	141.08
3700	141.08
3710	141.08
3720	141.08
3730	141.08
3740	141.08
3750	141.08
3760	141.08
3770	141.08
3780	141.08
3790	141.08
3800	141.08
3810	141.08
3820	141.08
3830	141.08
3840	141.08
3850	141.08
3860	141.08
3870	141.08
3880	141.08
3890	141.08
3900	141.08
3910	141.08
3920	141.08
3930	141.08
3940	141.08
3950	141.08
3960	141.08
3970	141.08
3980	141.08
3990	141.08
4000	141.08
4010	141.08
4020	141.08
4030	141.08
4040	141.08
4050	141.08
4060	141.08
4070	141.08
4080	141.08
4090	141.08
4100	141.08
4110	141.08
4120	141.08
4130	141.08
4140	141.08
4150	141.08
4160	141.08
4170	141.08
4180	141.08
4190	141.08
4200	141.08
4210	141.08
4220	141.08
4230	141.08
4240	141.08
4250	141.08
4260	141.08
4270	141.08
4280	141.08
4290	141.08
4300	141.08
4310	141.08
4320	141.08
4330	141.08
4340	141.08
4350	141.08
4360	141.08
4370	141.08
4380	141.08
4390	141.08
4400	141.08
4410	141.08
4420	141.08
4430	141.08
4440	141.08
4450	141.08
4460	141.08
4470	141.08
4480	141.08
4490	141.08
4500	141.08
4510	141.08
4520	141.08
4530	141.08
4540	141.08
4550	141.08
4560	141.08
4570	141.08
4580	141.08
4590	141.08
4600	141.08
4610	141.08
4620	141.08
4630	141.08
4640	141.08
4650	141.08
4660	141.08
4670	141.08
4680	141.08
4690	141.08
4700	141.08
4710	141.08
4720	141.08
4730	141.08
4740	141.08
4750	141.08
4760	141.08
4770	141.08
4780	141.08
4790	141.08
4800	141.08
4810	141.08
4820	141.08
4830	141.08
4840	141.08
4850	141.08
4860	141.08
4870	141.08
4880	141.08
4890	141.08
4900	141.08
4910	141.08
4920	141.08
4930	141.08
4940	141.08
4950	141.08
4960	141.08
4970	141.08
4980	141.08
4990	141.08
5000	141.08
5010	141.08
5020	141.08
5030	141.08
5040	141.08
5050	141.08
5060	141.08
5070	141.08
5080	141.08
5090	141.08
5100	141.08
5110	141.08
5120	141.08
5130	141.08
5140	141.08
5150	141.08
5160	141.08
5170	141.08
5180	141.08
5190	141.08
5200	141.08
5210	141.08
5220	141.08
5230	141.08
5240	141.08
5250	141.08
5260	141.08
5270	141.08
5280	141.08
5290	141.08
5300	141.08
5310	141.08
5320	141.08
5330	141.08
5340	141.08
5350	141.08
5360	141.08
5370	141.08
5380	141.08
5390	141.08
5400	141.08
5410	141.08
5420	141.08
5430	141.08
5440	141.08
5450	141.08
5460	141.08
5470	141.08
5480	141.08
5490	141.08
5500	141.08
5510	141.08
5520	141.08
5530	141.08
5540	141.08
5550	141.08
5560	141.08
5570	141.08
5580	141.08
5590	141.08
5600	141.08
5610	141.08
5620	141.08
5630	141.08
5640	141.08
5650	141.08
5660	141.08
5670	141.08
5680	141.08
5690	141.08
5700	141.08
5710	141.08
5720	141.08
5730	141.08
5740	141.08
5750	141.08
5760	141.08
5770	141.08
5780	141.08
5790	141.08
5800	141.08
5810	141.08
5820	141.08
5830	141.08
5840	141.08
5850	141.08
5860	141.08
5870	141.08
5880	141.08
5890	141.08
5900	141.08
5910	141.08
5920	141.08
5930	141.08
5940	141.08
5950	141.08
5960	141.08
5970	141.08
5980	141.08
5990	141.08
6000	141.08
6010	141.08
6020	141.08
6030	141.08
6040	141.08
6050	141.08
6060	141.08
6070	141.08
6080	141.08
6090	141.08
6100	141.08
6110	141.08
6120	141.08
6130	141.08
6140	141.08
6150	141.08
6160	141.08
6170	141.08
6180	141.08
6190	141.08
6200	141.08
6210	141.08
6220	141.08
6230	141.08
6240	141.08
6250	141.08
6260	141.08
6270	141.08
6280	141.08
6290	141.08
6300	141.08
6310	141.08
6320	141.08
6330	141.08
6340	141.08
6350	141.08
6360	141.08
6370	141.08
6380	141.08
6390	141.08
6400	141.08
6410	141.08
6420	141.08
6430	141.08
6440	141.08
6450	141.08
6460	141.08
6470	141.08
6480	141.08
6490	141.08
6500	141.08
6510	141.08
6520	141.08
6530	141.08
6540	141.08
6550	141.08
6560	141.08
6570	141.08
6580	141.08
6590	141.08
6600	141.08
6610	141.08
6620	141.08
6630	141.08
6640	141.08
6650	141.08
6660	141.08
6670	141.08
6680	141.08
6690	141.08
6700	141.08
6710	141.08
6720	141.08
6730	141.08
6740	127.442
6750	141.648
6760	181.562
6770	217.71
6780	218.695
6790	205.977
6800	196.428
6810	194.558
6820	198.376
6830	203.214
6840	205.673
6850	205.682
6860	204.936
6870	204.769
6880	205.455
6890	206.557
6900	207.563
6910	208.279
6920	208.809
6930	209.335
6940	209.952
6950	210.643
6960	211.35
6970	212.03
6980	212.681
6990	213.323
7000	213.973
7010	214.632
7020	215.296
7030	215.958
7040	216.617
7050	217.274
7060	217.931
7070	218.589
7080	219.248
7090	219.908
7100	220.566
7110	221.225
7120	221.883
7130	222.542
7140	223.2
7150	223.859
7160	224.517
7170	225.176
7180	225.835
7190	226.493
7200	227.152
7210	227.81
7220	228.469
7230	229.127
7240	229.786
7250	230.445
7260	231.103
7270	231.762
7280	232.42
7290	233.079
7300	233.738
7310	234.396
7320	235.055
7330	235.713
7340	236.372
7350	237.031
7360	237.689
7370	238.348
7380	239.006
7390	239.665
7400	240.324
7410	240.982
7420	241.641
7430	242.3
7440	242.958
7450	243.617
7460	244.275
7470	244.934
7480	245.593
7490	246.251
7500	246.91
7510	247.569
7520	248.227
7530	248.886
7540	249.545
7550	250.203
7560	250.862
7570	251.52
7580	252.179
7590	252.838
7600	253.496
7610	254.155
7620	254.814
7630	255.472
7640	256.131
7650	256.79
7660	257.448
7670	258.107
7680	258.766
7690	259.424
7700	260.083
7710	260.742
7720	261.4
7730	262.059
7740	262.718
7750	263.376
7760	264.035
7770	264.694
7780	265.353
7790	266.011
7800	266.67
7810	267.329
7820	267.987
7830	268.646
7840	269.305
7850	269.963
7860	270.622
7870	271.281
7880	271.94
7890	272.598
7900	273.257
7910	273.916
7920	274.575
7930	275.233
7940	275.892
7950	276.551
7960	277.209
7970	277.868
7980	278.527
7990	279.186
8000	279.844
8010	280.503
8020	281.162
8030	281.821
8040	282.479
8050	283.138
8060	283.797
8070	284.456
8080	285.115
8090	285.773
8100	286.432
8110	287.091
8120	287.75
8130	288.408
8140	289.067
8150	289.726
8160	290.385
8170	291.044
8180	291.702
8190	292.361
8200	293.02
8210	293.679
8220	294.338
8230	294.997
8240	295.655
8250	296.314
8260	296.973
8270	297.632
8280	298.291
8290	298.949
8300	299.608
8310	300.267
8320	300.926
8330	301.585
8340	302.244
8350	302.903
8360	303.561
8370	304.22
8380	304.879
8390	305.538
8400	306.197
8410	306.856
8420	307.515
8430	308.174
8440	308.833
8450	309.491
8460	310.15
8470	310.809
8480	311.468
8490	312.127
8500	312.786
8510	313.445
8520	314.104
8530	314.763
8540	315.422
8550	316.081
8560	316.74
8570	317.399
8580	318.058
8590	318.717
8600	319.376
8610	320.034
8620	320.693
8630	321.352
8640	322.011
8650	322.67
8660	323.329
8670	323.988
8680	324.647
8690	325.306
8700	325.966
8710	326.625
8720	327.284
8730	327.943
8740	328.272
8750	328.437
8760	328.52
8770	328.561
8780	328.581
8790	328.592
8800	328.597
8810	328.599
8820	328.601
8830	328.601
8840	328.602
8850	328.602
8860	328.602
8870	328.602
8880	328.602
8890	328.602
8900	328.602
8910	328.602
8920	328.602
8930	328.602
8940	328.602
8950	328.602
8960	328.602
8970	328.602
8980	328.602
8990	328.602
9000	328.602
9010	328.602
9020	328.602
9030	328.602
9040	328.602
9050	328.602
9060	328.602
9070	328.602
9080	328.602
9090	328.602
9100	328.602
9110	328.602
9120	328.602
9130	328.602
9140	328.602
9150	328.602
9160	328.602
9170	328.602
9180	328.602
9190	328.602
9200	328.602
9210	328.602
9220	328.602
9230	328.602
9240	328.602
9250	328.602
9260	328.602
9270	328.602
9280	328.602
9290	328.602
9300	328.602
9310	328.602
9320	328.602
9330	328.602
9340	328.602
9350	328.602
9360	328.602
9370	328.602
9380	328.602
9390	328.602
9400	328.602
9410	328.602
9420	328.602
9430	328.602
9440	328.602
9450	328.602
9460	328.602
9470	328.602
9480	328.602
9490	328.602
9500	328.602
9510	328.602
9520	328.602
9530	328.602
9540	328.602
9550	328.602
9560	328.602
9570	328.602
9580	328.602
9590	328.602
9600	328.602
9610	328.602
9620	328.602
9630	328.602
9640	328.602
9650	328.602
9660	328.602
9670	328.602
9680	328.602
9690	328.602
9700	328.602
9710	328.602
9720	328.602
9730	328.602
9740	328.602
9750	328.602
9760	328.602
9770	328.602
9780	328.602
9790	328.602
9800	328.602
9810	328.602
9820	328.602
9830	328.602
9840	328.602
9850	328.602
9860	328.602
9870	328.602
9880	328.602
9890	328.602
9900	328.602
9910	328.602
9920	328.602
9930	328.602
9940	328.602
9950	328.602
9960	328.602
9970	328.602
9980	328.602
9990	328.602
10000	328.602
10010	328.602
10020	328.602
10030	328.602
10040	328.602
10050	328.602
10060	328.602
10070	328.602
10080	328.602
10090	328.602
10100	328.602
10110	328.602
10120	328.602
10130	328.602
10140	328.602
10150	328.602
10160	328.602
10170	328.602
10180	328.602
10190	328.602
10200	328.602
10210	328.602
10220	328.602
10230	328.602
10240	328.602
10250	328.602
10260	328.602
10270	328.602
10280	328.602
10290	292.578
10300	268.288
10310	273.939
10320	287.093
10330	293.495
10340	291.514
10350	286.587
10360	284.256
10370	285.187
10380	286.954
10390	287.701
10400	287.321
10410	286.679
10420	286.432
10430	286.589
10440	286.819
10450	286.898
10460	286.836
10470	286.753
10480	286.728
10490	286.753
10500	286.782
10510	286.79
10520	286.78
10530	286.77
10540	286.768
10550	286.771
10560	286.775
10570	286.776
10580	286.774
10590	286.773
10600	286.773
10610	286.773
10620	286.774
10630	286.774
10640	286.774
10650	286.773
10660	286.773
10670	286.773
10680	286.774
10690	286.774
10700	286.773
10710	286.773
10720	286.773
10730	286.773
10740	286.773
10750	286.773
10760	286.773
10770	286.773
10780	286.773
10790	286.773
10800	286.773
10810	286.773
10820	286.773
10830	286.773
10840	286.773
10850	286.773
10860	286.773
10870	286.773
10880	286.773
10890	286.773
10900	286.773
10910	286.773
10920	286.773
10930	286.773
10940	286.773
10950	286.773
10960	286.773
10970	286.773
10980	286.773
10990	286.773
11000	286.773
11010	286.773
11020	286.773
11030	286.773
11040	286.773
11050	286.773
11060	286.773
11070	286.773
11080	286.773
11090	286.773
11100	286.773
11110	286.773
11120	286.773
11130	286.773
11140	286.773
11150	286.773
11160	286.773
11170	286.773
11180	286.773
11190	286.773
11200	286.773
11210	286.773
11220	286.773
11230	286.773
11240	286.773
11250	286.773
11260	286.773
11270	286.773
11280	286.773
11290	286.773
11300	286.773
11310	286.773
11320	286.773
11330	286.773
11340	286.773
11350	286.773
11360	286.773
11370	286.773
11380	286.773
11390	286.773
11400	286.773
11410	286.773
11420	286.773
11430	286.773
11440	286.773
11450	286.773
11460	286.773
11470	286.773
11480	286.773
11490	286.773
11500	286.773
11510	286.773
11520	286.773
11530	286.773
11540	286.773
11550	286.773
11560	286.773
11570	286.773
11580	286.773
11590	286.773
11600	286.773
11610	286.773
11620	286.773
11630	286.773
11640	286.773
11650	286.773
11660	286.773
11670	286.773
11680	286.773
11690	286.773
11700	286.773
11710	286.773
11720	286.773
11730	286.773
11740	286.773
11750	286.773
11760	286.773
11770	286.773
11780	286.773
11790	286.773
11800	286.773
11810	286.773
11820	286.773
11830	286.773
11840	286.773
11850	286.773
11860	286.773
11870	286.773
11880	286.773
11890	286.773
11900	286.773
11910	286.773
11920	286.773
11930	286.773
11940	286.773
11950	286.773
11960	286.773
11970	286.773
11980	286.773
11990	286.773
12000	286.773
12010	286.773
12020	286.773
12030	286.773
12040	286.773
12050	286.773
12060	286.773
12070	286.773
12080	286.773
12090	286.773
12100	286.773
12110	286.773
12120	286.773
12130	286.773
12140	286.773
12150	286.773
12160	286.773
12170	286.773
12180	286.773
12190	286.773
12200	286.773
12210	286.773
12220	286.773
12230	286.773
12240	286.773
12250	286.773
12260	286.773
12270	286.773
12280	286.773
12290	246.082
12300	279.984
12310	359.562
12320	357.161
12330	325.81
12340	312.811
12350	322.503
12360	334.723
12370	333.861
12380	327.901
12390	325.864
12400	328.03
12410	329.961
12420	329.626
12430	328.542
12440	328.272
12450	328.707
12460	329.017
12470	328.923
12480	328.731
12490	328.701
12500	328.785
12510	328.834
12520	328.811
12530	328.778
12540	328.776
12550	328.792
12560	328.799
12570	328.794
12580	328.788
12590	328.788
12600	328.791
12610	328.792
12620	328.791
12630	328.79
12640	328.791
12650	328.791
12660	328.791
12670	328.791
12680	328.791
12690	328.791
12700	328.791
12710	328.791
12720	328.791
12730	328.791
12740	328.791
12750	328.791
12760	328.791
12770	328.791
12780	328.791
12790	328.791
12800	328.791
12810	328.791
12820	328.791
12830	328.791
12840	328.791
12850	328.791
12860	328.791
12870	328.791
12880	328.791
12890	328.791
12900	328.791
12910	328.791
12920	328.791
12930	328.791
12940	328.791
12950	328.791
12960	328.791
12970	328.791
12980	328.791
12990	328.791
13000	328.791
13010	328.791
13020	328.791
13030	328.791
13040	328.791
13050	328.791
13060	328.791
13070	328.791
13080	328.791
13090	328.791
13100	328.791
13110	328.791
13120	328.791
13130	328.791
13140	328.791
13150	328.791
13160	328.791
13170	328.791
13180	328.791
13190	328.791
13200	328.791
13210	328.791
13220	328.791
13230	328.791
13240	328.791
13250	328.791
13260	328.791
13270	328.791
13280	328.791
13290	328.791
13300	328.791
13310	328.791
13320	328.791
13330	328.791
13340	328.791
13350	328.791
13360	328.791
13370	328.791
13380	328.791
13390	328.791
13400	328.791
13410	328.791
13420	328.791
13430	328.791
13440	328.791
13450	328.791
13460	328.791
13470	328.791
13480	328.791
13490	328.791
13500	328.791
13510	328.791
13520	328.791
13530	328.791
13540	328.791
13550	328.791
13560	328.791
13570	328.791
13580	328.791
13590	328.791
13600	328.791
13610	328.791
13620	328.791
13630	328.791
13640	328.791
13650	328.791
13660	328.791
13670	328.791
13680	328.791
13690	328.791
13700	328.791
13710	328.791
13720	328.791
13730	328.791
13740	328.791
13750	328.791
13760	328.791
13770	328.791
13780	328.791
13790	328.791
13800	328.791
13810	328.791
13820	328.791
13830	328.791
13840	328.791
13850	328.791
13860	328.791
13870	328.791
13880	328.791
13890	328.791
13900	328.791
13910	328.791
13920	328.791
13930	328.791
13940	328.791
13950	328.791
13960	328.791
13970	328.791
13980	328.791
13990	328.791
14000	328.791
14010	328.791
14020	328.791
14030	328.791
14040	328.791
14050	328.791
14060	328.791
14070	328.791
14080	328.791
14090	328.791
14100	328.791
14110	328.791
14120	328.791
14130	328.791
14140	328.791
14150	328.791
14160	328.791
14170	328.791
14180	328.791
14190	328.791
14200	328.791
14210	328.791
14220	328.791
14230	328.791
14240	328.791
14250	328.791
14260	328.791
14270	328.791
14280	328.791
14290	328.791
14300	328.791
14310	328.791
14320	328.791
14330	328.791
14340	328.791
14350	328.791
14360	328.791
14370	328.791
14380	328.791
14390	328.791
14400	328.791
14410	328.791
14420	328.791
14430	328.791
14440	328.791
14450	328.791
14460	328.791
14470	328.791
14480	328.791
14490	328.791
14500	328.791
14510	328.791
14520	328.791
14530	328.791
14540	328.791
14550	328.791
14560	328.791
14570	328.791
14580	328.791
14590	328.791
14600	328.791
14610	328.791
14620	328.791
14630	328.791
14640	328.791
14650	328.791
14660	328.791
14670	328.791
14680	328.791
14690	328.791
14700	328.791
14710	328.791
14720	328.791
14730	328.791
14740	328.791
14750	328.791
14760	328.791
14770	328.791
14780	328.791
14790	328.791
14800	328.791
14810	328.791
14820	328.791
14830	328.791
14840	328.791
14850	328.791
14860	328.791
14870	328.791
14880	328.791
14890	328.791
14900	328.791
14910	328.791
14920	328.791
14930	328.791
14940	328.791
14950	328.791
14960	328.791
14970	328.791
14980	328.791
14990	328.791
15000	328.791
15010	328.791
15020	328.791
15030	328.791
15040	328.791
15050	328.791
15060	328.791
15070	328.791
15080	328.791
15090	328.791
15100	328.791
15110	328.791
15120	328.791
15130	328.791
15140	328.791
15150	328.791
15160	328.791
15170	328.791
15180	328.791
15190	328.791
15200	328.791
15210	328.791
15220	328.791
15230	328.791
15240	328.791
15250	328.791
15260	328.791
15270	328.791
15280	328.791
15290	328.791
15300	328.791
15310	328.791
15320	328.791
15330	328.791
15340	328.791
15350	328.791
15360	328.791
15370	328.791
15380	328.791
15390	328.791
15400	328.791
15410	328.791
15420	328.791
15430	328.791
15440	328.791
15450	328.791
15460	328.791
15470	328.791
15480	328.791
15490	328.791
15500	328.791
15510	328.791
15520	328.791
15530	328.791
15540	328.791
15550	328.791
15560	328.791
15570	328.791
15580	328.791
15590	328.791
15600	328.791
15610	328.791
15620	328.791
15630	328.791
15640	328.791
15650	328.791
15660	328.791
15670	328.791
15680	328.791
15690	328.791
15700	328.791
15710	328.791
15720	328.791
15730	328.791
15740	328.791
15750	328.791
15760	328.791
15770	328.791
15780	328.791
15790	328.791
15800	328.791
15810	328.791
15820	328.791
15830	328.791
15840	328.791
15850	328.791
15860	328.791
15870	328.791
15880	328.791
15890	328.791
15900	328.791
15910	328.791
15920	328.791
15930	328.791
15940	328.791
15950	328.791
15960	328.791
15970	328.791
15980	328.791
15990	328.791
16000	328.791
16010	328.791
16020	328.791
16030	328.791
16040	328.791
16050	328.791
16060	328.791
16070	328.791
16080	328.791
16090	328.791
16100	328.791
16110	328.791
16120	328.791
16130	328.791
16140	328.791
16150	328.791
16160	328.791
16170	328.791
16180	328.791
16190	328.791
16200	328.791
16210	328.791
16220	328.791
16230	328.791
16240	328.791
16250	328.791
16260	328.791
16270	328.791
16280	328.791
16290	328.791
16300	328.791
16310	328.791
16320	328.791
16330	328.791
16340	328.791
16350	328.791
16360	328.791
16370	328.791
16380	328.791
16390	328.791
16400	328.791
16410	328.791
16420	328.791
16430	328.791
16440	328.791
16450	328.791
16460	328.791
16470	328.791
16480	328.791
16490	328.791
16500	328.791
16510	328.791
16520	328.791
16530	328.791
16540	328.791
16550	328.791
16560	328.791
16570	328.791
16580	328.791
16590	328.791
16600	328.791
16610	328.791
16620	328.791
16630	328.791
16640	328.791
16650	328.791
16660	328.791
16670	328.791
16680	328.791
16690	328.791
16700	328.791
16710	328.791
16720	328.791
16730	328.791
16740	328.791
16750	328.791
16760	328.791
16770	328.791
16780	328.791
16790	328.791
16800	328.791
16810	328.791
16820	328.791
16830	328.791
16840	328.791
16850	328.791
16860	328.791
16870	328.791
16880	328.791
16890	328.791
16900	328.791
16910	328.791
16920	328.791
16930	328.791
16940	328.791
16950	328.791
16960	328.791
16970	328.791
16980	328.791
16990	328.791
17000	328.791
17010	328.791
17020	328.791
17030	328.791
17040	328.791
17050	328.791
17060	328.791
17070	328.791
17080	328.791
17090	328.791
17100	328.791
17110	328.791
17120	328.791
17130	328.791
17140	328.791
17150	328.791
17160	328.791
17170	328.791
17180	328.791
17190	328.791
17200	328.791
17210	328.791
17220	328.791
17230	328.791
17240	328.791
17250	328.791
17260	328.791
17270	328.791
17280	328.791
17290	328.791
17300	328.791
17310	328.791
17320	328.791
17330	328.791
17340	328.791
17350	328.791
17360	328.791
17370	328.791
17380	328.791
17390	328.791
17400	328.791
17410	328.791
17420	328.791
17430	328.791
17440	328.791
17450	328.791
17460	328.791
17470	328.791
17480	328.791
17490	328.791
17500	328.791
17510	328.791
17520	328.791
17530	328.791
17540	328.791
17550	328.791
17560	328.791
17570	328.791
17580	328.791
17590	328.791
17600	328.791
17610	328.791
17620	328.791
17630	328.791
17640	328.791
17650	328.791
17660	328.791
17670	328.791
17680	328.791
17690	328.791
17700	328.791
17710	328.791
17720	328.791
17730	328.791
17740	328.791
17750	328.791
17760	328.791
17770	328.791
17780	328.791
17790	328.791
17800	328.791
17810	328.791
17820	328.791
17830	328.791
17840	328.791
17850	328.791
17860	328.791
17870	328.791
17880	328.791
17890	327.144
17900	324.67
17910	321.78
17920	318.685
17930	317.134
17940	314.713
17950	311.853
17960	308.772
17970	305.579
17980	302.333
17990	300.707
18000	298.247
18010	295.369
18020	292.278
18030	289.081
18040	285.832
18050	284.205
18060	281.744
18070	278.866
18080	275.776
18090	272.579
18100	270.977
18110	268.529
18120	265.657
18130	262.571
18140	259.376
18150	257.774
18160	255.327
18170	252.455
18180	249.369
18190	246.175
18200	244.573
18210	242.125
18220	239.254
18230	236.169
18240	232.975
18250	231.373
18260	228.925
18270	226.054
18280	222.968
18290	219.775
18300	218.173
18310	215.725
18320	212.854
18330	209.769
18340	208.222
18350	205.8
18360	202.942
18370	199.863
18380	198.319
18390	195.899
18400	193.042
18410	189.964
18420	188.42
18430	186.001
18440	183.144
18450	180.066
18460	178.523
18470	176.103
18480	173.246
18490	170.169
18500	168.625
18510	166.206
18520	163.349
18530	161.917
18540	159.554
18550	156.725
18560	153.662
18570	152.125
18580	149.709
18590	146.854
18600	145.423
18610	143.06
18620	140.233
18630	137.171
18640	135.634
18650	133.219
18660	130.364
18670	128.933
18680	126.571
18690	123.744
18700	122.326
18710	119.97
18720	117.147
18730	115.73
18740	113.376
18750	112.195
18760	109.959
18770	107.196
18780	105.81
18790	103.472
18800	100.656
18810	99.2439
18820	96.8922
18830	95.7122
18840	93.478
18850	90.7163
18860	89.3308
18870	86.9935
18880	85.8205
18890	83.5901
18900	82.471
18910	80.2682
18920	77.5232
18930	76.1459
18940	73.8135
18950	72.6426
18960	70.4142
18970	69.2959
18980	67.0944
18990	65.9897
19000	63.7955
19010	62.6945
19020	60.5024
19030	59.4023
19040	57.2111
19050	56.1114
19060	53.9207
19070	52.8213
19080	50.6312
19090	49.532
19100	48.9786
19110	47.0629
19120	46.1015
19130	43.9822
19140	42.9189
19150	40.749
19160	39.6601
19170	39.1119
19180	37.2007
19190	36.2415
19200	35.7586
19210	33.8811
19220	32.9392
19230	32.4649
19240	30.593
19250	29.6539
19260	29.1812
19270	27.311
19280	26.3729
19290	13.1864
19300	6.59322
19310	3.29661
19320	1.64831
19330	0.824153
19340	0.412076
19350	0.206038
19360	0.103019
19370	0.0515095
19380	0.0257548
19390	0.0128774
19400	0.00643869
19410	0.00321935
19420	0.00160967
19430	0.000804837
19440	0.000402418
19450	0.000201209
19460	0.000100605
19470	5.03023e-05
19480	2.51511e-05
19490	1.25756e-05
19500	6.28779e-06
19510	3.14389e-06
19520	1.57195e-06
19530	7.85973e-07
19540	3.92987e-07
19550	1.96493e-07
19560	9.82467e-08
19570	4.91233e-08
19580	2.45617e-08
19590	1.22808e-08
19600	6.14042e-09
19610	3.07021e-09
19620	1.5351e-09
19630	7.67552e-10
19640	3.83776e-10
19650	1.91888e-10
19660	9.5944e-11
19670	4.7972e-11
19680	2.3986e-11
19690	1.1993e-11
19700	5.9965e-12
19710	2.99825e-12
19720	1.49912e-12
19730	7.49562e-13
19740	3.74781e-13
19750	1.87391e-13
19760	9.36953e-14
19770	4.68477e-14
19780	2.34238e-14
19790	1.17119e-14
19800	5.85596e-15
19810	2.92798e-15
19820	1.46399e-15
19830	7.31995e-16
19840	3.65997e-16
19850	1.82999e-16
19860	9.14993e-17
19870	4.57497e-17
19880	2.28748e-17
19890	1.14374e-17
19900	5.71871e-18
19910	2.85935e-18
19920	1.42968e-18
19930	7.14838e-19
19940	3.57419e-19
19950	1.7871e-19
19960	8.93548e-20
19970	4.46774e-20
19980	2.23387e-20
19990	1.11694e-20
20000	5.58468e-21
20010	2.79234e-21
20020	1.39617e-21
20030	6.98084e-22
20040	3.49042e-22
20050	1.74521e-22
20060	8.72606e-23
20070	4.36303e-23
20080	2.18151e-23
20090	1.09076e-23
20100	5.45378e-24
20110	2.72689e-24
20120	1.36345e-24
20130	6.81723e-25
20140	3.40862e-25
20150	1.70431e-25
20160	8.52154e-26
20170	4.26077e-26
20180	2.13038e-26
20190	1.06519e-26
20200	5.32596e-27
20210	2.66298e-27
20220	1.33149e-27
20230	6.65745e-28
20240	3.32873e-28
20250	1.66436e-28
20260	8.32182e-29
20270	4.16091e-29
20280	2.08045e-29
20290	1.04023e-29
20300	5.20113e-30
20310	2.60057e-30
20320	1.30028e-30
20330	6.50142e-31
20340	3.25071e-31
20350	1.62535e-31
20360	8.12677e-32
20370	4.06339e-32
20380	2.03169e-32
20390	1.01585e-32
20400	5.07923e-33
20410	2.53962e-33
20420	1.26981e-33
20430	6.34904e-34
20440	3.17452e-34
20450	1.58726e-34
20460	7.9363e-35
20470	3.96815e-35
20480	1.98408e-35
20490	9.92038e-36
20500	4.96019e-36
20510	2.48009e-36
20520	1.24005e-36
20530	6.20024e-37
20540	3.10012e-37
20550	1.55006e-37
20560	7.75029e-38
20570	3.87515e-38
20580	1.93757e-38
20590	9.68787e-39
20600	4.84393e-39
20610	2.42197e-39
20620	1.21098e-39
20630	6.05492e-40
20640	3.02746e-40
20650	1.51373e-40
20660	7.56865e-41
20670	3.78432e-41
20680	1.89216e-41
20690	9.46081e-42
20700	4.7304e-42
20710	2.3652e-42
20720	1.1826e-42
20730	5.91301e-43
20740	2.9565e-43
20750	1.47825e-43
20760	7.39126e-44
20770	3.69563e-44
20780	1.84781e-44
20790	9.23907e-45
20800	4.61954e-45
20810	2.30977e-45
20820	1.15488e-45
20830	5.77442e-46
20840	2.88721e-46
20850	1.4436e-46
20860	7.21802e-47
20870	3.60901e-47
20880	1.80451e-47
20890	9.02253e-48
20900	4.51127e-48
20910	2.25563e-48
20920	1.12782e-48
20930	5.63908e-49
20940	2.81954e-49
20950	1.40977e-49
20960	7.04885e-50
20970	3.52443e-50
20980	1.76221e-50
20990	8.81106e-51
21000	4.40553e-51
21010	2.20277e-51
21020	1.10138e-51
21030	5.50692e-52
21040	2.75346e-52
21050	1.37673e-52
21060	6.88364e-53
21070	3.44182e-53
21080	1.72091e-53
21090	8.60456e-54
21100	4.30228e-54
21110	2.15114e-54
21120	1.07557e-54
21130	5.37785e-55
21140	2.68892e-55
21150	1.34446e-55
21160	6.72231e-56
21170	3.36115e-56
21180	1.68058e-56
21190	8.40289e-57
21200	4.20144e-57
21210	2.10072e-57
21220	1.05036e-57
21230	5.2518e-58
21240	2.6259e-58
21250	1.31295e-58
21260	6.56475e-59
21270	3.28238e-59
21280	1.64119e-59
21290	8.20594e-60
21300	4.10297e-60
21310	2.05149e-60
21320	1.02574e-60
21330	5.12871e-61
21340	2.56436e-61
21350	1.28218e-61
21360	6.41089e-62
21370	3.20545e-62
21380	1.60272e-62
21390	8.01362e-63
21400	4.00681e-63
21410	2.0034e-63
21420	1.0017e-63
21430	5.00851e-64
21440	2.50426e-64
21450	1.25213e-64
21460	6.26064e-65
21470	3.13032e-65
21480	1.56516e-65
21490	7.8258e-66
21500	3.9129e-66
21510	1.95645e-66
21520	9.78225e-67
21530	4.89112e-67
21540	2.44556e-67
21550	1.22278e-67
21560	6.1139e-68
21570	3.05695e-68
21580	1.52848e-68
21590	7.64238e-69
21600	3.82119e-69
21610	1.9106e-69
21620	9.55298e-70
21630	4.77649e-70
21640	2.38824e-70
21650	1.19412e-70
21660	5.97061e-71
21670	2.9853e-71
21680	1.49265e-71
21690	7.46326e-72
21700	3.73163e-72
21710	1.86582e-72
21720	9.32908e-73
21730	4.66454e-73
21740	2.33227e-73
21750	1.16613e-73
21760	5.83067e-74
21770	2.91534e-74
21780	1.45767e-74
21790	7.28834e-75
21800	3.64417e-75
21810	1.82209e-75
21820	9.11043e-76
21830	4.55521e-76
21840	2.27761e-76
21850	1.1388e-76
21860	5.69402e-77
21870	2.84701e-77
21880	1.4235e-77
21890	7.11752e-78
21900	3.55876e-78
21910	1.77938e-78
21920	8.8969e-79
21930	4.44845e-79
21940	2.22423e-79
21950	1.11211e-79
21960	5.56056e-80
21970	2.78028e-80
21980	1.39014e-80
21990	6.9507e-81
22000	3.47535e-81
22010	1.73768e-81
22020	8.68838e-82
22030	4.34419e-82
22040	2.1721e-82
22050	1.08605e-82
22060	5.43024e-83
22070	2.71512e-83
22080	1.35756e-83
22090	6.7878e-84
22100	3.3939e-84
22110	1.69695e-84
22120	8.48475e-85
22130	4.24237e-85
22140	2.12119e-85
22150	1.06059e-85
22160	5.30297e-86
22170	2.65148e-86
22180	1.32574e-86
22190	6.62871e-87
22200	3.31435e-87
22210	1.65718e-87
22220	8.28589e-88
22230	4.14294e-88
22240	2.07147e-88
22250	1.03574e-88
22260	5.17868e-89
22270	2.58934e-89
22280	1.29467e-89
22290	6.47335e-90
22300	3.23667e-90
22310	1.61834e-90
22320	8.09168e-91
22330	4.04584e-91
22340	2.02292e-91
22350	1.01146e-91
22360	5.0573e-92
22370	2.52865e-92
22380	1.26433e-92
22390	6.32163e-93
22400	3.16081e-93
22410	1.58041e-93
22420	7.90204e-94
22430	3.95102e-94
22440	1.97551e-94
22450	9.87754e-95
22460	4.93877e-95
22470	2.46939e-95
22480	1.23469e-95
22490	6.17347e-96
22500	3.08673e-96
22510	1.54337e-96
22520	7.71683e-97
22530	3.85842e-97
22540	1.92921e-97
22550	9.64604e-98
22560	4.82302e-98
22570	2.41151e-98
22580	1.20575e-98
22590	6.02877e-99
22600	3.01439e-99
22610	1.50719e-99
22620	7.53597e-100
22630	3.76798e-100
22640	1.88399e-100
22650	9.41996e-101
22660	4.70998e-101
22670	2.35499e-101
22680	1.1775e-101
22690	5.88748e-102
22700	2.94374e-102
22710	1.47187e-102
22720	7.35934e-103
22730	3.67967e-103
22740	1.83984e-103
22750	9.19918e-104
22760	4.59959e-104
22770	2.2998e-104
22780	1.1499e-104
22790	5.74949e-105
22800	2.87474e-105
22810	1.43737e-105
22820	7.18686e-106
22830	3.59343e-106
22840	1.79671e-106
22850	8.98357e-107
22860	4.49179e-107
22870	2.24589e-107
22880	1.12295e-107
22890	5.61473e-108
22900	2.80737e-108
22910	1.40368e-108
22920	7.01842e-109
22930	3.50921e-109
22940	1.7546e-109
22950	8.77302e-110
22960	4.38651e-110
22970	2.19326e-110
22980	1.09663e-110
22990	5.48314e-111
23000	2.74157e-111
23010	1.37078e-111
23020	6.85392e-112
23030	3.42696e-112
23040	1.71348e-112
23050	8.5674e-113
23060	4.2837e-113
23070	2.14185e-113
23080	1.07093e-113
23090	5.35463e-114
23100	2.67731e-114
23110	1.33866e-114
23120	6.69328e-115
23130	3.34664e-115
23140	1.67332e-115
23150	8.36661e-116
23160	4.1833e-116
23170	2.09165e-116
23180	1.04583e-116
23190	5.22913e-117
23200	2.61456e-117
23210	1.30728e-117
23220	6.53641e-118
23230	3.26821e-118
23240	1.6341e-118
23250	8.17051e-119
23260	4.08526e-119
23270	2.04263e-119
23280	1.02131e-119
23290	5.10657e-120
23300	2.55329e-120
23310	1.27664e-120
23320	6.38321e-121
23330	3.19161e-121
23340	1.5958e-121
23350	7.97902e-122
23360	3.98951e-122
23370	1.99475e-122
23380	9.97377e-123
23390	4.98689e-123
23400	2.49344e-123
23410	1.24672e-123
23420	6.23361e-124
23430	3.1168e-124
23440	1.5584e-124
23450	7.79201e-125
23460	3.896e-125
23470	1.948e-125
23480	9.74001e-126
23490	4.87001e-126
23500	2.435e-126
23510	1.2175e-126
23520	6.08751e-127
23530	3.04375e-127
23540	1.52188e-127
23550	7.60938e-128
23560	3.80469e-128
23570	1.90235e-128
23580	9.51173e-129
23590	4.75586e-129
23600	2.37793e-129
23610	1.18897e-129
23620	5.94483e-130
23630	2.97242e-130
23640	1.48621e-130
23650	7.43104e-131
23660	3.71552e-131
23670	1.85776e-131
23680	9.2888e-132
23690	4.6444e-132
23700	2.3222e-132
23710	1.1611e-132
23720	5.8055e-133
23730	2.90275e-133
23740	1.45137e-133
23750	7.25687e-134
23760	3.62844e-134
23770	1.81422e-134
23780	9.07109e-135
23790	4.53555e-135
23800	2.26777e-135
23810	1.13389e-135
23820	5.66943e-136
23830	2.83472e-136
23840	1.41736e-136
23850	7.08679e-137
23860	3.5434e-137
23870	1.7717e-137
23880	8.85849e-138
23890	4.42924e-138
23900	2.21462e-138
23910	1.10731e-138
23920	5.53656e-139
23930	2.76828e-139
23940	1.38414e-139
23950	6.92069e-140
23960	3.46035e-140
23970	1.73017e-140
23980	8.65087e-141
23990	4.32543e-141
24000	2.16272e-141
24010	1.08136e-141
24020	5.40679e-142
24030	2.7034e-142
24040	1.3517e-142
24050	6.75849e-143
24060	3.37925e-143
24070	1.68962e-143
24080	8.44811e-144
24090	4.22406e-144
24100	2.11203e-144
24110	1.05601e-144
24120	5.28007e-145
24130	2.64004e-145
24140	1.32002e-145
24150	6.60009e-146
24160	3.30004e-146
24170	1.65002e-146
24180	8.25011e-147
24190	4.12506e-147
24200	2.06253e-147
24210	1.03126e-147
24220	5.15632e-148
24230	2.57816e-148
24240	1.28908e-148
24250	6.4454e-149
24260	3.2227e-149
24270	1.61135e-149
24280	8.05675e-150
24290	4.02837e-150
24300	2.01419e-150
24310	1.00709e-150
24320	5.03547e-151
24330	2.51773e-151
24340	1.25887e-151
24350	6.29433e-152
24360	3.14717e-152
24370	1.57358e-152
24380	7.86792e-153
24390	3.93396e-153
24400	1.96698e-153
24410	9.8349e-154
24420	4.91745e-154
24430	2.45872e-154
24440	1.22936e-154
24450	6.14681e-155
24460	3.07341e-155
24470	1.5367e-155
24480	7.68351e-156
24490	3.84176e-156
24500	1.92088e-156
24510	9.60439e-157
24520	4.8022e-157
24530	2.4011e-157
24540	1.20055e-157
24550	6.00275e-158
24560	3.00137e-158
24570	1.50069e-158
24580	7.50343e-159
24590	3.75172e-159
24600	1.87586e-159
24610	9.37929e-160
24620	4.68964e-160
24630	2.34482e-160
24640	1.17241e-160
24650	5.86206e-161
24660	2.93103e-161
24670	1.46551e-161
24680	7.32757e-162
24690	3.66379e-162
24700	1.83189e-162
24710	9.15946e-163
24720	4.57973e-163
24730	2.28987e-163
24740	1.14493e-163
24750	5.72466e-164
24760	2.86233e-164
24770	1.43117e-164
24780	7.15583e-165
24790	3.57792e-165
24800	1.78896e-165
24810	8.94479e-166
24820	4.47239e-166
24830	2.2362e-166
24840	1.1181e-166
24850	5.59049e-167
24860	2.79525e-167
24870	1.39762e-167
24880	6.98812e-168
24890	3.49406e-168
24900	1.74703e-168
24910	8.73514e-169
24920	4.36757e-169
24930	2.18379e-169
24940	1.09189e-169
24950	5.45947e-170
24960	2.72973e-170
24970	1.36487e-170
24980	6.82433e-171
24990	3.41217e-171
25000	1.70608e-171
25010	8.53041e-172
25020	4.26521e-172
25030	2.1326e-172
25040	1.0663e-172
25050	5.33151e-173
25060	2.66575e-173
25070	1.33288e-173
25080	6.66439e-174
25090	3.33219e-174
25100	1.6661e-174
25110	8.33048e-175
25120	4.16524e-175
25130	2.08262e-175
25140	1.04131e-175
25150	5.20655e-176
25160	2.60328e-176
25170	1.30164e-176
25180	6.50819e-177
25190	3.25409e-177
25200	1.62705e-177
25210	8.13524e-178
25220	4.06762e-178
25230	2.03381e-178
25240	1.0169e-178
25250	5.08452e-179
25260	2.54226e-179
25270	1.27113e-179
25280	6.35565e-180
25290	3.17783e-180
25300	1.58891e-180
25310	7.94457e-181
25320	3.97228e-181
25330	1.98614e-181
25340	9.93071e-182
25350	4.96535e-182
25360	2.48268e-182
25370	1.24134e-182
25380	6.20669e-183
25390	3.10335e-183
25400	1.55167e-183
25410	7.75837e-184
25420	3.87918e-184
25430	1.93959e-184
25440	9.69796e-185
25450	4.84898e-185
25460	2.42449e-185
25470	1.21224e-185
25480	6.06122e-186
25490	3.03061e-186
25500	1.51531e-186
25510	7.57653e-187
25520	3.78826e-187
25530	1.89413e-187
25540	9.47066e-188
25550	4.73533e-188
25560	2.36767e-188
25570	1.18383e-188
25580	5.91916e-189
25590	2.95958e-189
25600	1.47979e-189
25610	7.39895e-190
25620	3.69948e-190
25630	1.84974e-190
25640	9.24869e-191
25650	4.62435e-191
25660	2.31217e-191
25670	1.15609e-191
25680	5.78043e-192
25690	2.89022e-192
25700	1.44511e-192
25710	7.22554e-193
25720	3.61277e-193
25730	1.80639e-193
25740	9.03193e-194
25750	4.51596e-194
25760	2.25798e-194
25770	1.12899e-194
25780	5.64495e-195
25790	2.82248e-195
25800	1.41124e-195
25810	7.05619e-196
25820	3.5281e-196
25830	1.76405e-196
25840	8.82024e-197
25850	4.41012e-197
25860	2.20506e-197
25870	1.10253e-197
25880	5.51265e-198
25890	2.75633e-198
25900	1.37816e-198
25910	6.89081e-199
25920	3.44541e-199
25930	1.7227e-199
25940	8.61352e-200
25950	4.30676e-200
25960	2.15338e-200
25970	1.07669e-200
25980	5.38345e-201
25990	2.69172e-201
26000	1.34586e-201
26010	6.72931e-202
26020	3.36466e-202
26030	1.68233e-202
26040	8.41164e-203
26050	4.20582e-203
26060	2.10291e-203
26070	1.05145e-203
26080	5.25727e-204
26090	2.62864e-204
26100	1.31432e-204
26110	6.57159e-205
26120	3.2858e-205
26130	1.6429e-205
26140	8.21449e-206
26150	4.10725e-206
26160	2.05362e-206
26170	1.02681e-206
26180	5.13406e-207
26190	2.56703e-207
26200	1.28351e-207
26210	6.41757e-208
26220	3.20879e-208
26230	1.60439e-208
26240	8.02196e-209
26250	4.01098e-209
26260	2.00549e-209
26270	1.00275e-209
26280	5.01373e-210
26290	2.50686e-210
26300	1.25343e-210
26310	6.26716e-211
26320	3.13358e-211
26330	1.56679e-211
26340	7.83395e-212
26350	3.91697e-212
26360	1.95849e-212
26370	9.79244e-213
26380	4.89622e-213
26390	2.44811e-213
26400	1.22405e-213
26410	6.12027e-214
26420	3.06014e-214
26430	1.53007e-214
26440	7.65034e-215
26450	3.82517e-215
26460	1.91259e-215
26470	9.56293e-216
26480	4.78146e-216
26490	2.39073e-216
26500	1.19537e-216
26510	5.97683e-217
26520	2.98841e-217
26530	1.49421e-217
26540	7.47104e-218
26550	3.73552e-218
26560	1.86776e-218
26570	9.33879e-219
26580	4.6694e-219
26590	2.3347e-219
26600	1.16735e-219
26610	5.83675e-220
26620	2.91837e-220
26630	1.45919e-220
26640	7.29593e-221
26650	3.64797e-221
26660	1.82398e-221
26670	9.11992e-222
26680	4.55996e-222
26690	2.27998e-222
26700	1.13999e-222
26710	5.69995e-223
26720	2.84997e-223
26730	1.42499e-223
26740	7.12493e-224
26750	3.56247e-224
26760	1.78123e-224
26770	8.90617e-225
26780	4.45308e-225
26790	2.22654e-225
26800	1.11327e-225
26810	5.56636e-226
26820	2.78318e-226
26830	1.39159e-226
26840	6.95794e-227
26850	3.47897e-227
26860	1.73949e-227
26870	8.69743e-228
26880	4.34871e-228
26890	2.17436e-228
26900	1.08718e-228
26910	5.43589e-229
26920	2.71795e-229
26930	1.35897e-229
26940	6.79487e-230
26950	3.39743e-230
26960	1.69872e-230
26970	8.49358e-231
26980	4.24679e-231
26990	2.1234e-231
27000	1.0617e-231
27010	5.30849e-232
27020	2.65424e-232
27030	1.32712e-232
27040	6.63561e-233
27050	3.31781e-233
27060	1.6589e-233
27070	8.29452e-234
27080	4.14726e-234
27090	2.07363e-234
27100	1.03681e-234
27110	5.18407e-235
27120	2.59204e-235
27130	1.29602e-235
27140	6.48009e-236
27150	3.24005e-236
27160	1.62002e-236
27170	8.10011e-237
27180	4.05006e-237
27190	2.02503e-237
27200	1.01251e-237
27210	5.06257e-238
27220	2.53129e-238
27230	1.26564e-238
27240	6.32821e-239
27250	3.16411e-239
27260	1.58205e-239
27270	7.91027e-240
27280	3.95513e-240
27290	1.97757e-240
27300	9.88783e-241
27310	4.94392e-241
27320	2.47196e-241
27330	1.23598e-241
27340	6.1799e-242
27350	3.08995e-242
27360	1.54497e-242
27370	7.72487e-243
27380	3.86243e-243
27390	1.93122e-243
27400	9.65609e-244
27410	4.82804e-244
27420	2.41402e-244
27430	1.20701e-244
27440	6.03505e-245
27450	3.01753e-245
27460	1.50876e-245
27470	7.54382e-246
27480	3.77191e-246
27490	1.88595e-246
27500	9.42977e-247
27510	4.71489e-247
27520	2.35744e-247
27530	1.17872e-247
27540	5.89361e-248
27550	2.9468e-248
27560	1.4734e-248
27570	7.36701e-249
27580	3.6835e-249
27590	1.84175e-249
27600	9.20876e-250
27610	4.60438e-250
27620	2.30219e-250
27630	1.1511e-250
27640	5.75548e-251
27650	2.87774e-251
27660	1.43887e-251
27670	7.19435e-252
27680	3.59717e-252
27690	1.79859e-252
27700	8.99293e-253
27710	4.49647e-253
27720	2.24823e-253
27730	1.12412e-253
27740	5.62058e-254
27750	2.81029e-254
27760	1.40515e-254
27770	7.02573e-255
27780	3.51286e-255
27790	1.75643e-255
27800	8.78216e-256
27810	4.39108e-256
27820	2.19554e-256
27830	1.09777e-256
27840	5.48885e-257
27850	2.74442e-257
27860	1.37221e-257
27870	6.86106e-258
27880	3.43053e-258
27890	1.71527e-258
27900	8.57633e-259
27910	4.28816e-259
27920	2.14408e-259
27930	1.07204e-259
27940	5.3602e-260
27950	2.6801e-260
27960	1.34005e-260
27970	6.70026e-261
27980	3.35013e-261
27990	1.67506e-261
28000	8.37532e-262
28010	4.18766e-262
28020	2.09383e-262
28030	1.04692e-262
28040	5.23458e-263
28050	2.61729e-263
28060	1.30864e-263
28070	6.54322e-264
28080	3.27161e-264
28090	1.6358e-264
28100	8.17902e-265
28110	4.08951e-265
28120	2.04476e-265
28130	1.02238e-265
28140	5.11189e-266
28150	2.55594e-266
28160	1.27797e-266
28170	6.38986e-267
28180	3.19493e-267
28190	1.59747e-267
28200	7.98733e-268
28210	3.99366e-268
28220	1.99683e-268
28230	9.98416e-269
28240	4.99208e-269
28250	2.49604e-269
28260	1.24802e-269
28270	6.2401e-270
28280	3.12005e-270
28290	1.56002e-270
28300	7.80012e-271
28310	3.90006e-271
28320	1.95003e-271
28330	9.75016e-272
28340	4.87508e-272
28350	2.43754e-272
28360	1.21877e-272
28370	6.09385e-273
28380	3.04692e-273
28390	1.52346e-273
28400	7.61731e-274
28410	3.80865e-274
28420	1.90433e-274
28430	9.52164e-275
28440	4.76082e-275
28450	2.38041e-275
28460	1.1902e-275
28470	5.95102e-276
28480	2.97551e-276
28490	1.48776e-276
28500	7.43878e-277
28510	3.71939e-277
28520	1.85969e-277
28530	9.29847e-278
28540	4.64924e-278
28550	2.32462e-278
28560	1.16231e-278
28570	5.81155e-279
28580	2.90577e-279
28590	1.45289e-279
28600	7.26443e-280
28610	3.63222e-280
28620	1.81611e-280
28630	9.08054e-281
28640	4.54027e-281
28650	2.27014e-281
28660	1.13507e-281
28670	5.67534e-282
28680	2.83767e-282
28690	1.41883e-282
28700	7.09417e-283
28710	3.54709e-283
28720	1.77354e-283
28730	8.86772e-284
28740	4.43386e-284
28750	2.21693e-284
28760	1.10846e-284
28770	5.54232e-285
28780	2.77116e-285
28790	1.38558e-285
28800	6.9279e-286
28810	3.46395e-286
28820	1.73198e-286
28830	8.65988e-287
28840	4.32994e-287
28850	2.16497e-287
28860	1.08248e-287
28870	5.41242e-288
28880	2.70621e-288
28890	1.35311e-288
28900	6.76553e-289
28910	3.38276e-289
28920	1.69138e-289
28930	8.45691e-290
28940	4.22846e-290
28950	2.11423e-290
28960	1.05711e-290
28970	5.28557e-291
28980	2.64279e-291
28990	1.32139e-291
29000	6.60696e-292
29010	3.30348e-292
29020	1.65174e-292
29030	8.2587e-293
29040	4.12935e-293
29050	2.06468e-293
29060	1.03234e-293
29070	5.16169e-294
29080	2.58084e-294
29090	1.29042e-294
29100	6.45211e-295
29110	3.22606e-295
29120	1.61303e-295
29130	8.06514e-296
29140	4.03257e-296
29150	2.01629e-296
29160	1.00814e-296
29170	5.04071e-297
29180	2.52036e-297
29190	1.26018e-297
29200	6.30089e-298
29210	3.15045e-298
29220	1.57522e-298
29230	7.87611e-299
29240	3.93806e-299
29250	1.96903e-299
29260	9.84514e-300
29270	4.92257e-300
29280	2.46129e-300
29290	1.23064e-300
29300	6.15321e-301
29310	3.07661e-301
29320	1.5383e-301
29330	7.69152e-302
29340	3.84576e-302
29350	1.92288e-302
29360	9.6144e-303
29370	4.8072e-303
29380	2.4036e-303
29390	1.2018e-303
29400	6.009e-304
29410	3.0045e-304
29420	1.50225e-304
29430	7.51125e-305
29440	3.75562e-305
29450	1.87781e-305
29460	9.38906e-306
29470	4.69453e-306
29480	2.34726e-306
29490	1.17363e-306
29500	5.86816e-307
29510	2.93408e-307
29520	1.46704e-307
29530	7.3352e-308
29540	3.6676e-308
29550	1.8338e-308
29560	9.169e-309
29570	4.5845e-309
29580	2.29225e-309
29590	1.14613e-309
29600	5.73063e-310
29610	2.86531e-310
29620	1.43266e-310
29630	7.16328e-311
29640	3.58164e-311
29650	1.79082e-311
29660	8.9541e-312
29670	4.47705e-312
29680	2.23853e-312
29690	1.11926e-312
29700	5.59632e-313
29710	2.79816e-313
29720	1.39908e-313
29730	6.99539e-314
29740	3.4977e-314
29750	1.74885e-314
29760	8.74424e-315
29770	4.37212e-315
29780	2.18606e-315
29790	1.09303e-315
29800	5.46515e-316
29810	2.73258e-316
29820	1.36629e-316
29830	6.83144e-317
29840	3.41574e-317
29850	1.70787e-317
29860	8.53954e-318
29870	4.26977e-318
29880	2.13489e-318
29890	1.06744e-318
29900	5.33917e-319
29910	2.66958e-319
29920	1.33674e-319
29930	6.68372e-320
29940	3.34186e-320
29950	1.65117e-320
29960	8.25584e-321
29970	3.93276e-321
29980	1.96638e-321
29990	7.85564e-322
30000	3.95253e-322
