0	0	0
10	0.0143089	0.00715445
20	0.0286178	0.0178861
30	0.0429267	0.0304064
40	0.0572356	0.043821
50	0.0715444	0.0576827
60	0.0858532	0.071768
70	0.100162	0.085965
80	0.114471	0.100218
90	0.128779	0.114499
100	0.143088	0.128793
110	0.157396	0.143095
120	0.171705	0.1574
130	0.186013	0.171706
140	0.200321	0.186014
150	0.214629	0.200321
160	0.228937	0.214629
170	0.243245	0.228937
180	0.257552	0.243245
190	0.27186	0.257552
200	0.286167	0.27186
210	0.300474	0.286167
220	0.314781	0.300474
230	0.329088	0.314781
240	0.343394	0.329087
250	0.3577	0.343394
260	0.372006	0.3577
270	0.386312	0.372006
280	0.400617	0.386312
290	0.414922	0.400617
300	0.429227	0.414922
310	0.443532	0.429227
320	0.457836	0.443532
330	0.47214	0.457836
340	0.486444	0.47214
350	0.500747	0.486443
360	0.51505	0.500747
370	0.529353	0.51505
380	0.543655	0.529352
390	0.557956	0.543654
400	0.572258	0.557956
410	0.586559	0.572257
420	0.600859	0.586558
430	0.615159	0.600859
440	0.629459	0.615159
450	0.643758	0.629459
460	0.658057	0.643758
470	0.672355	0.658057
480	0.686653	0.672355
490	0.70095	0.686652
500	0.715247	0.70095
510	0.729543	0.715246
520	0.743838	0.729542
530	0.758133	0.743838
540	0.772427	0.758133
550	0.786721	0.772427
560	0.801014	0.78672
570	0.815307	0.801014
580	0.829598	0.815306
590	0.843889	0.829598
600	0.85818	0.843889
610	0.872469	0.858179
620	0.886758	0.872469
630	0.901046	0.886757
640	0.915334	0.901045
650	0.92962	0.915333
660	0.943906	0.929619
670	0.958191	0.943905
680	0.972475	0.95819
690	0.986758	0.972474
700	1.00104	0.986757
710	1.01532	1.00104
720	1.0296	1.01532
730	1.04388	1.0296
740	1.05816	1.04388
750	1.07244	1.05816
760	1.08671	1.07244
770	1.10099	1.08671
780	1.11526	1.10099
790	1.12954	1.11526
800	1.14381	1.12953
810	1.15808	1.14381
820	1.17235	1.15808
830	1.18662	1.17235
840	1.20088	1.18661
850	1.21515	1.20088
860	1.22941	1.21515
870	1.24367	1.22941
880	1.25794	1.24367
890	1.2722	1.25794
900	1.28645	1.27219
910	1.30071	1.28645
920	1.31497	1.30071
930	1.32922	1.31497
940	1.34347	1.32922
950	1.35772	1.34347
960	1.37197	1.35772
970	1.38622	1.37197
980	1.40046	1.38622
990	1.41471	1.40046
1000	1.42895	1.41471
1010	1.44319	1.42895
1020	1.45743	1.44319
1030	1.47166	1.45742
1040	1.48589	1.47166
1050	1.50013	1.48589
1060	1.51435	1.50012
1070	1.52858	1.51435
1080	1.5428	1.52858
1090	1.55703	1.5428
1100	1.57124	1.55702
1110	1.58546	1.57124
1120	1.59967	1.58546
1130	1.61389	1.59967
1140	1.62809	1.61388
1150	1.6423	1.62809
1160	1.6565	1.6423
1170	1.6707	1.6565
1180	1.6849	1.6707
1190	1.69909	1.68489
1200	1.71328	1.69909
1210	1.72746	1.71327
1220	1.74165	1.72746
1230	1.75582	1.74164
1240	1.77	1.75582
1250	1.78417	1.77
1260	1.79834	1.78417
1270	1.8125	1.79833
1280	1.82666	1.81249
1290	1.84081	1.82665
1300	1.85496	1.84081
1310	1.8691	1.85496
1320	1.88324	1.8691
1330	1.89738	1.88324
1340	1.91151	1.89737
1350	1.92563	1.9115
1360	1.93975	1.92562
1370	1.95386	1.93974
1380	1.96796	1.95385
1390	1.98206	1.96796
1400	1.99616	1.98206
1410	2.01024	1.99615
1420	2.02432	2.01023
1430	2.03839	2.02431
1440	2.05245	2.03838
1450	2.06651	2.05245
1460	2.08056	2.0665
1470	2.0946	2.08055
1480	2.10863	2.09459
1490	2.12265	2.10862
1500	2.13666	2.12264
1510	2.15066	2.13665
1520	2.16465	2.15065
1530	2.17863	2.16464
1540	2.19259	2.17862
1550	2.20655	2.19258
1560	2.22049	2.20654
1570	2.23442	2.22048
1580	2.24834	2.23441
1590	2.26224	2.24832
1600	2.27612	2.26222
1610	2.28999	2.27611
1620	2.30385	2.28998
1630	2.31768	2.30383
1640	2.3315	2.31766
1650	2.3453	2.33148
1660	2.35907	2.34528
1670	2.37283	2.35905
1680	2.38656	2.37281
1690	2.40027	2.38654
1700	2.41395	2.40024
1710	2.42761	2.41393
1720	2.44123	2.42758
1730	2.45483	2.44121
1740	2.46839	2.4548
1750	2.48192	2.46836
1760	2.49542	2.48189
1770	2.50887	2.49538
1780	2.52228	2.50883
1790	2.53565	2.52224
1800	2.54897	2.5356
1810	2.56224	2.54892
1820	2.57545	2.56219
1830	2.58861	2.5754
1840	2.6017	2.58855
1850	2.61472	2.60163
1860	2.62766	2.61465
1870	2.64053	2.62759
1880	2.65331	2.64045
1890	2.66599	2.65322
1900	2.67857	2.66589
1910	2.69103	2.67846
1920	2.70337	2.69092
1930	2.71557	2.70324
1940	2.72762	2.71543
1950	2.7395	2.72746
1960	2.75119	2.73933
1970	2.76267	2.751
1980	2.77392	2.76246
1990	2.7849	2.77368
2000	2.79559	2.78464
2010	2.80594	2.79529
2020	2.8159	2.80559
2030	2.82542	2.81551
2040	2.83443	2.82497
2050	2.84284	2.83391
2060	2.85056	2.84223
2070	2.85745	2.84984
2080	2.86335	2.8566
2090	2.86807	2.86234
2100	2.87134	2.86684
2110	2.87283	2.86983
2120	2.87207	2.87095
2130	2.86844	2.8697
2140	2.8611	2.8654
2150	2.84881	2.8571
2160	2.82976	2.84343
2170	2.80119	2.82231
2180	2.75869	2.7905
2190	2.69491	2.7427
2200	2.59682	2.66976
2210	2.44009	2.55493
2220	2.17753	2.36623
2230	1.72638	2.0463
2240	1.05805	1.55218
2250	0.698408	1.12529
2260	1.02784	1.07656
2270	1.34548	1.21102
2280	1.47839	1.34471
2290	1.48648	1.4156
2300	1.43256	1.42408
2310	1.37105	1.39756
2320	1.34031	1.36894
2330	1.34696	1.35795
2340	1.37233	1.36514
2350	1.39618	1.38066
2360	1.40963	1.39514
2370	1.41387	1.40451
2380	1.41434	1.40943
2390	1.41583	1.41263
2400	1.42028	1.41646
2410	1.42706	1.42176
2420	1.43454	1.42815
2430	1.44152	1.43484
2440	1.44766	1.44125
2450	1.45325	1.44725
2460	1.45876	1.453
2470	1.46446	1.45873
2480	1.47038	1.46456
2490	1.47643	1.47049
2500	1.48246	1.47648
2510	1.48843	1.48245
2520	1.49434	1.4884
2530	1.50024	1.49432
2540	1.50614	1.50023
2550	1.51206	1.50614
2560	1.518	1.51207
2570	1.52393	1.518
2580	1.52987	1.52393
2590	1.53579	1.52986
2600	1.54172	1.53579
2610	1.54764	1.54172
2620	1.55357	1.54764
2630	1.5595	1.55357
2640	1.56543	1.5595
2650	1.57135	1.56543
2660	1.57728	1.57135
2670	1.58321	1.57728
2680	1.58914	1.58321
2690	1.59506	1.58914
2700	1.60099	1.59506
2710	1.60692	1.60099
2720	1.61284	1.60692
2730	1.61877	1.61284
2740	1.6247	1.61877
2750	1.63063	1.6247
2760	1.63655	1.63063
2770	1.64248	1.63655
2780	1.64841	1.64248
2790	1.65433	1.64841
2800	1.66026	1.65433
2810	1.66619	1.66026
2820	1.67211	1.66619
2830	1.67804	1.67211
2840	1.68397	1.67804
2850	1.6899	1.68397
2860	1.69582	1.6899
2870	1.70175	1.69582
2880	1.70768	1.70175
2890	1.7136	1.70768
2900	1.71953	1.7136
2910	1.72546	1.71953
2920	1.73138	1.72546
2930	1.73731	1.73138
2940	1.74324	1.73731
2950	1.74916	1.74324
2960	1.75509	1.74916
2970	1.76102	1.75509
2980	1.76694	1.76102
2990	1.77287	1.76694
3000	1.77287	1.7699
3010	1.77286	1.77138
3020	1.77286	1.77212
3030	1.77287	1.7725
3040	1.77287	1.77268
3050	1.77287	1.77277
3060	1.77287	1.77282
3070	1.77287	1.77284
3080	1.77287	1.77285
3090	1.77287	1.77286
3100	1.77287	1.77286
3110	1.77287	1.77286
3120	1.77287	1.77287
3130	1.77287	1.77287
3140	1.77287	1.77287
3150	1.77287	1.77287
3160	1.77287	1.77287
3170	1.77287	1.77287
3180	1.77287	1.77287
3190	1.77287	1.77287
3200	1.77287	1.77287
3210	1.77287	1.77287
3220	1.77287	1.77287
3230	1.77287	1.77287
3240	1.77287	1.77287
3250	1.77287	1.77287
3260	1.77287	1.77287
3270	1.77287	1.77287
3280	1.77287	1.77287
3290	1.77287	1.77287
3300	1.77287	1.77287
3310	1.77287	1.77287
3320	1.77287	1.77287
3330	1.77287	1.77287
3340	1.77287	1.77287
3350	1.77287	1.77287
3360	1.77287	1.77287
3370	1.77287	1.77287
3380	1.77287	1.77287
3390	1.77287	1.77287
3400	1.77287	1.77287
3410	1.77287	1.77287
3420	1.77287	1.77287
3430	1.77287	1.77287
3440	1.77287	1.77287
3450	1.77287	1.77287
3460	1.77287	1.77287
3470	1.77287	1.77287
3480	1.77287	1.77287
3490	1.77287	1.77287
3500	1.77287	1.77287
3510	1.77287	1.77287
3520	1.77287	1.77287
3530	1.77287	1.77287
3540	1.77287	1.77287
3550	1.77287	1.77287
3560	1.77287	1.77287
3570	1.77287	1.77287
3580	1.77287	1.77287
3590	1.77287	1.77287
3600	1.77287	1.77287
3610	1.77287	1.77287
3620	1.77287	1.77287
3630	1.77287	1.77287
3640	1.77287	1.77287
3650	1.77287	1.77287
3660	1.77287	1.77287
3670	1.77287	1.77287
3680	1.77287	1.77287
3690	1.77287	1.77287
3700	1.77287	1.77287
3710	1.77287	1.77287
3720	1.77287	1.77287
3730	1.77287	1.77287
3740	1.77287	1.77287
3750	1.77287	1.77287
3760	1.77287	1.77287
3770	1.77287	1.77287
3780	1.77287	1.77287
3790	1.77287	1.77287
3800	1.77287	1.77287
3810	1.77287	1.77287
3820	1.77287	1.77287
3830	1.77287	1.77287
3840	1.77287	1.77287
3850	1.77287	1.77287
3860	1.77287	1.77287
3870	1.77287	1.77287
3880	1.77287	1.77287
3890	1.77287	1.77287
3900	1.77287	1.77287
3910	1.77287	1.77287
3920	1.77287	1.77287
3930	1.77287	1.77287
3940	1.77287	1.77287
3950	1.77287	1.77287
3960	1.77287	1.77287
3970	1.77287	1.77287
3980	1.77287	1.77287
3990	1.77287	1.77287
4000	1.77287	1.77287
4010	1.77287	1.77287
4020	1.77287	1.77287
4030	1.77287	1.77287
4040	1.77287	1.77287
4050	1.77287	1.77287
4060	1.77287	1.77287
4070	1.77287	1.77287
4080	1.77287	1.77287
4090	1.77287	1.77287
4100	1.77287	1.77287
4110	1.77287	1.77287
4120	1.77287	1.77287
4130	1.77287	1.77287
4140	1.77287	1.77287
4150	1.77287	1.77287
4160	1.77287	1.77287
4170	1.77287	1.77287
4180	1.77287	1.77287
4190	1.77287	1.77287
4200	1.77287	1.77287
4210	1.77287	1.77287
4220	1.77287	1.77287
4230	1.77287	1.77287
4240	1.77287	1.77287
4250	1.77287	1.77287
4260	1.77287	1.77287
4270	1.77287	1.77287
4280	1.77287	1.77287
4290	1.77287	1.77287
4300	1.77287	1.77287
4310	1.77287	1.77287
4320	1.77287	1.77287
4330	1.77287	1.77287
4340	1.77287	1.77287
4350	1.77287	1.77287
4360	1.77287	1.77287
4370	1.77287	1.77287
4380	1.77287	1.77287
4390	1.77287	1.77287
4400	1.77287	1.77287
4410	1.77287	1.77287
4420	1.77287	1.77287
4430	1.77287	1.77287
4440	1.77287	1.77287
4450	1.77287	1.77287
4460	1.77287	1.77287
4470	1.77287	1.77287
4480	1.77287	1.77287
4490	1.77287	1.77287
4500	1.77287	1.77287
4510	1.77287	1.77287
4520	1.77287	1.77287
4530	1.77287	1.77287
4540	1.77287	1.77287
4550	1.77287	1.77287
4560	1.77287	1.77287
4570	1.77287	1.77287
4580	1.77287	1.77287
4590	1.77287	1.77287
4600	1.77287	1.77287
4610	1.77287	1.77287
4620	1.77287	1.77287
4630	1.77287	1.77287
4640	1.77287	1.77287
4650	1.77287	1.77287
4660	1.77287	1.77287
4670	1.77287	1.77287
4680	1.77287	1.77287
4690	1.77287	1.77287
4700	1.77287	1.77287
4710	1.77287	1.77287
4720	1.77287	1.77287
4730	1.77287	1.77287
4740	1.77287	1.77287
4750	1.77287	1.77287
4760	1.77287	1.77287
4770	1.77287	1.77287
4780	1.77287	1.77287
4790	1.77287	1.77287
4800	1.77287	1.77287
4810	1.77287	1.77287
4820	1.77287	1.77287
4830	1.77287	1.77287
4840	1.77287	1.77287
4850	1.77287	1.77287
4860	1.77287	1.77287
4870	1.77287	1.77287
4880	1.77287	1.77287
4890	1.77287	1.77287
4900	1.77287	1.77287
4910	1.77287	1.77287
4920	1.77287	1.77287
4930	1.77287	1.77287
4940	1.77287	1.77287
4950	1.77287	1.77287
4960	1.77287	1.77287
4970	1.77287	1.77287
4980	1.77287	1.77287
4990	1.77287	1.77287
5000	1.77287	1.77287
5010	1.77287	1.77287
5020	1.77287	1.77287
5030	1.77287	1.77287
5040	1.77287	1.77287
5050	1.77287	1.77287
5060	1.77287	1.77287
5070	1.77287	1.77287
5080	1.77287	1.77287
5090	1.77287	1.77287
5100	1.77287	1.77287
5110	1.77287	1.77287
5120	1.77287	1.77287
5130	1.77287	1.77287
5140	1.77287	1.77287
5150	1.77287	1.77287
5160	1.77287	1.77287
5170	1.77287	1.77287
5180	1.77287	1.77287
5190	1.77287	1.77287
5200	1.77287	1.77287
5210	1.77287	1.77287
5220	1.77287	1.77287
5230	1.77287	1.77287
5240	1.77287	1.77287
5250	1.77287	1.77287
5260	1.77287	1.77287
5270	1.77287	1.77287
5280	1.77287	1.77287
5290	1.77287	1.77287
5300	1.77287	1.77287
5310	1.77287	1.77287
5320	1.77287	1.77287
5330	1.77287	1.77287
5340	1.77287	1.77287
5350	1.77287	1.77287
5360	1.77287	1.77287
5370	1.77287	1.77287
5380	1.77287	1.77287
5390	1.77287	1.77287
5400	1.77287	1.77287
5410	1.77287	1.77287
5420	1.77287	1.77287
5430	1.77287	1.77287
5440	1.77287	1.77287
5450	1.77287	1.77287
5460	1.77287	1.77287
5470	1.77287	1.77287
5480	1.77287	1.77287
5490	1.77287	1.77287
5500	1.77287	1.77287
5510	1.77287	1.77287
5520	1.77287	1.77287
5530	1.77287	1.77287
5540	1.77287	1.77287
5550	1.77287	1.77287
5560	1.77287	1.77287
5570	1.77287	1.77287
5580	1.77287	1.77287
5590	1.77287	1.77287
5600	1.77287	1.77287
5610	1.77287	1.77287
5620	1.77287	1.77287
5630	1.77287	1.77287
5640	1.77287	1.77287
5650	1.77287	1.77287
5660	1.77287	1.77287
5670	1.77287	1.77287
5680	1.77287	1.77287
5690	1.77287	1.77287
5700	1.77287	1.77287
5710	1.77287	1.77287
5720	1.77287	1.77287
5730	1.77287	1.77287
5740	1.77287	1.77287
5750	1.77287	1.77287
5760	1.77287	1.77287
5770	1.77287	1.77287
5780	1.77287	1.77287
5790	1.77287	1.77287
5800	1.77287	1.77287
5810	1.77287	1.77287
5820	1.77287	1.77287
5830	1.77287	1.77287
5840	1.77287	1.77287
5850	1.77287	1.77287
5860	1.77287	1.77287
5870	1.77287	1.77287
5880	1.77287	1.77287
5890	1.77287	1.77287
5900	1.77287	1.77287
5910	1.77287	1.77287
5920	1.77287	1.77287
5930	1.77287	1.77287
5940	1.77287	1.77287
5950	1.77287	1.77287
5960	1.77287	1.77287
5970	1.77287	1.77287
5980	1.77287	1.77287
5990	1.77287	1.77287
6000	1.77287	1.77287
6010	1.77287	1.77287
6020	1.77287	1.77287
6030	1.77287	1.77287
6040	1.77287	1.77287
6050	1.77287	1.77287
6060	1.77287	1.77287
6070	1.77287	1.77287
6080	1.77287	1.77287
6090	1.77287	1.77287
6100	1.77287	1.77287
6110	1.77287	1.77287
6120	1.77287	1.77287
6130	1.77287	1.77287
6140	1.77287	1.77287
6150	1.77287	1.77287
6160	1.77287	1.77287
6170	1.77287	1.77287
6180	1.77287	1.77287
6190	1.77287	1.77287
6200	1.77287	1.77287
6210	1.77287	1.77287
6220	1.77287	1.77287
6230	1.77287	1.77287
6240	1.77287	1.77287
6250	1.77287	1.77287
6260	1.77287	1.77287
6270	1.77287	1.77287
6280	1.77287	1.77287
6290	1.77287	1.77287
6300	1.77287	1.77287
6310	1.77287	1.77287
6320	1.77287	1.77287
6330	1.77287	1.77287
6340	1.77287	1.77287
6350	1.77287	1.77287
6360	1.77287	1.77287
6370	1.77287	1.77287
6380	1.77287	1.77287
6390	1.77287	1.77287
6400	1.77287	1.77287
6410	1.77287	1.77287
6420	1.77287	1.77287
6430	1.77287	1.77287
6440	1.77287	1.77287
6450	1.77287	1.77287
6460	1.77287	1.77287
6470	1.77287	1.77287
6480	1.77287	1.77287
6490	1.77287	1.77287
6500	1.77287	1.77287
6510	1.77287	1.77287
6520	1.77287	1.77287
6530	1.77287	1.77287
6540	1.77287	1.77287
6550	1.77287	1.77287
6560	1.77287	1.77287
6570	1.77287	1.77287
6580	1.77287	1.77287
6590	1.77287	1.77287
6600	1.77287	1.77287
6610	1.77287	1.77287
6620	1.77287	1.77287
6630	1.77287	1.77287
6640	1.77287	1.77287
6650	1.77287	1.77287
6660	1.77287	1.77287
6670	1.77287	1.77287
6680	1.77287	1.77287
6690	1.77287	1.77287
6700	1.77287	1.77287
6710	1.77287	1.77287
6720	1.77287	1.77287
6730	1.43011	1.60149
6740	1.95852	1.78
6750	2.78315	2.28158
6760	3.19008	2.73583
6770	2.76058	2.7482
6780	2.42857	2.58839
6790	2.34839	2.46839
6800	2.42138	2.44489
6810	2.54084	2.49286
6820	2.61446	2.55366
6830	2.61546	2.58456
6840	2.58479	2.58467
6850	2.56592	2.5753
6860	2.57111	2.5732
6870	2.59045	2.58183
6880	2.60951	2.59567
6890	2.62096	2.60831
6900	2.62632	2.61732
6910	2.63064	2.62398
6920	2.63719	2.63059
6930	2.64608	2.63833
6940	2.65571	2.64702
6950	2.66478	2.6559
6960	2.67299	2.66445
6970	2.68082	2.67263
6980	2.68877	2.6807
6990	2.69702	2.68886
7000	2.70543	2.69714
7010	2.71383	2.70549
7020	2.72214	2.71381
7030	2.73037	2.72209
7040	2.7386	2.73035
7050	2.74686	2.7386
7060	2.75515	2.74687
7070	2.76344	2.75516
7080	2.77172	2.76344
7090	2.78	2.77172
7100	2.78827	2.77999
7110	2.79654	2.78826
7120	2.80481	2.79654
7130	2.81309	2.80482
7140	2.82137	2.81309
7150	2.82965	2.82137
7160	2.83792	2.82964
7170	2.8462	2.83792
7180	2.85447	2.8462
7190	2.86275	2.85447
7200	2.87102	2.86275
7210	2.8793	2.87102
7220	2.88758	2.8793
7230	2.89585	2.88758
7240	2.90413	2.89585
7250	2.9124	2.90413
7260	2.92068	2.91241
7270	2.92896	2.92068
7280	2.93723	2.92896
7290	2.94551	2.93723
7300	2.95379	2.94551
7310	2.96206	2.95379
7320	2.97034	2.96206
7330	2.97861	2.97034
7340	2.98689	2.97861
7350	2.99517	2.98689
7360	3.00344	2.99517
7370	3.01172	3.00344
7380	3.02	3.01172
7390	3.02827	3.02
7400	3.03655	3.02827
7410	3.04483	3.03655
7420	3.0531	3.04483
7430	3.06138	3.0531
7440	3.06966	3.06138
7450	3.07793	3.06966
7460	3.08621	3.07793
7470	3.09449	3.08621
7480	3.10276	3.09449
7490	3.11104	3.10276
7500	3.11932	3.11104
7510	3.12759	3.11932
7520	3.13587	3.12759
7530	3.14415	3.13587
7540	3.15242	3.14415
7550	3.1607	3.15242
7560	3.16898	3.1607
7570	3.17725	3.16898
7580	3.18553	3.17725
7590	3.19381	3.18553
7600	3.20208	3.19381
7610	3.21036	3.20208
7620	3.21864	3.21036
7630	3.22691	3.21864
7640	3.23519	3.22691
7650	3.24347	3.23519
7660	3.25175	3.24347
7670	3.26002	3.25175
7680	3.2683	3.26002
7690	3.27658	3.2683
7700	3.28485	3.27658
7710	3.29313	3.28485
7720	3.30141	3.29313
7730	3.30969	3.30141
7740	3.31796	3.30969
7750	3.32624	3.31796
7760	3.33452	3.32624
7770	3.3428	3.33452
7780	3.35107	3.3428
7790	3.35935	3.35107
7800	3.36763	3.35935
7810	3.37591	3.36763
7820	3.38418	3.37591
7830	3.39246	3.38418
7840	3.40074	3.39246
7850	3.40902	3.40074
7860	3.41729	3.40902
7870	3.42557	3.41729
7880	3.43385	3.42557
7890	3.44213	3.43385
7900	3.45041	3.44213
7910	3.45868	3.45041
7920	3.46696	3.45868
7930	3.47524	3.46696
7940	3.48352	3.47524
7950	3.49179	3.48352
7960	3.50007	3.49179
7970	3.50835	3.50007
7980	3.51663	3.50835
7990	3.52491	3.51663
8000	3.53319	3.52491
8010	3.54146	3.53319
8020	3.54974	3.54146
8030	3.55802	3.54974
8040	3.5663	3.55802
8050	3.57458	3.5663
8060	3.58286	3.57458
8070	3.59113	3.58286
8080	3.59941	3.59113
8090	3.60769	3.59941
8100	3.61597	3.60769
8110	3.62425	3.61597
8120	3.63253	3.62425
8130	3.6408	3.63253
8140	3.64908	3.6408
8150	3.65736	3.64908
8160	3.66564	3.65736
8170	3.67392	3.66564
8180	3.6822	3.67392
8190	3.69048	3.6822
8200	3.69876	3.69048
8210	3.70704	3.69876
8220	3.71531	3.70704
8230	3.72359	3.71531
8240	3.73187	3.72359
8250	3.74015	3.73187
8260	3.74843	3.74015
8270	3.75671	3.74843
8280	3.76499	3.75671
8290	3.77327	3.76499
8300	3.78155	3.77327
8310	3.78983	3.78155
8320	3.79811	3.78983
8330	3.80639	3.79811
8340	3.81467	3.80639
8350	3.82295	3.81467
8360	3.83123	3.82295
8370	3.83951	3.83123
8380	3.84778	3.83951
8390	3.85606	3.84778
8400	3.86434	3.85606
8410	3.87262	3.86434
8420	3.8809	3.87262
8430	3.88918	3.8809
8440	3.89746	3.88918
8450	3.90574	3.89746
8460	3.91402	3.90574
8470	3.9223	3.91402
8480	3.93059	3.9223
8490	3.93887	3.93059
8500	3.94715	3.93887
8510	3.95543	3.94715
8520	3.96371	3.95543
8530	3.97199	3.96371
8540	3.98027	3.97199
8550	3.98855	3.98027
8560	3.99683	3.98855
8570	4.00511	3.99683
8580	4.01339	4.00511
8590	4.02167	4.01339
8600	4.02995	4.02167
8610	4.03823	4.02995
8620	4.04652	4.03823
8630	4.0548	4.04652
8640	4.06308	4.0548
8650	4.07136	4.06308
8660	4.07964	4.07136
8670	4.08792	4.07964
8680	4.0962	4.08792
8690	4.10448	4.0962
8700	4.11277	4.10449
8710	4.12105	4.11277
8720	4.12933	4.12105
8730	4.12934	4.12519
8740	4.12934	4.12726
8750	4.12933	4.1283
8760	4.12933	4.12882
8770	4.12933	4.12907
8780	4.12933	4.1292
8790	4.12933	4.12927
8800	4.12933	4.1293
8810	4.12933	4.12932
8820	4.12933	4.12933
8830	4.12933	4.12933
8840	4.12933	4.12933
8850	4.12933	4.12933
8860	4.12933	4.12933
8870	4.12933	4.12933
8880	4.12933	4.12933
8890	4.12933	4.12933
8900	4.12933	4.12933
8910	4.12933	4.12933
8920	4.12933	4.12933
8930	4.12933	4.12933
8940	4.12933	4.12933
8950	4.12933	4.12933
8960	4.12933	4.12933
8970	4.12933	4.12933
8980	4.12933	4.12933
8990	4.12933	4.12933
9000	4.12933	4.12933
9010	4.12933	4.12933
9020	4.12933	4.12933
9030	4.12933	4.12933
9040	4.12933	4.12933
9050	4.12933	4.12933
9060	4.12933	4.12933
9070	4.12933	4.12933
9080	4.12933	4.12933
9090	4.12933	4.12933
9100	4.12933	4.12933
9110	4.12933	4.12933
9120	4.12933	4.12933
9130	4.12933	4.12933
9140	4.12933	4.12933
9150	4.12933	4.12933
9160	4.12933	4.12933
9170	4.12933	4.12933
9180	4.12933	4.12933
9190	4.12933	4.12933
9200	4.12933	4.12933
9210	4.12933	4.12933
9220	4.12933	4.12933
9230	4.12933	4.12933
9240	4.12933	4.12933
9250	4.12933	4.12933
9260	4.12933	4.12933
9270	4.12933	4.12933
9280	4.12933	4.12933
9290	4.12933	4.12933
9300	4.12933	4.12933
9310	4.12933	4.12933
9320	4.12933	4.12933
9330	4.12933	4.12933
9340	4.12933	4.12933
9350	4.12933	4.12933
9360	4.12933	4.12933
9370	4.12933	4.12933
9380	4.12933	4.12933
9390	4.12933	4.12933
9400	4.12933	4.12933
9410	4.12933	4.12933
9420	4.12933	4.12933
9430	4.12933	4.12933
9440	4.12933	4.12933
9450	4.12933	4.12933
9460	4.12933	4.12933
9470	4.12933	4.12933
9480	4.12933	4.12933
9490	4.12933	4.12933
9500	4.12933	4.12933
9510	4.12933	4.12933
9520	4.12933	4.12933
9530	4.12933	4.12933
9540	4.12933	4.12933
9550	4.12933	4.12933
9560	4.12933	4.12933
9570	4.12933	4.12933
9580	4.12933	4.12933
9590	4.12933	4.12933
9600	4.12933	4.12933
9610	4.12933	4.12933
9620	4.12933	4.12933
9630	4.12933	4.12933
9640	4.12933	4.12933
9650	4.12933	4.12933
9660	4.12933	4.12933
9670	4.12933	4.12933
9680	4.12933	4.12933
9690	4.12933	4.12933
9700	4.12933	4.12933
9710	4.12933	4.12933
9720	4.12933	4.12933
9730	4.12933	4.12933
9740	4.12933	4.12933
9750	4.12933	4.12933
9760	4.12933	4.12933
9770	4.12933	4.12933
9780	4.12933	4.12933
9790	4.12933	4.12933
9800	4.12933	4.12933
9810	4.12933	4.12933
9820	4.12933	4.12933
9830	4.12933	4.12933
9840	4.12933	4.12933
9850	4.12933	4.12933
9860	4.12933	4.12933
9870	4.12933	4.12933
9880	4.12933	4.12933
9890	4.12933	4.12933
9900	4.12933	4.12933
9910	4.12933	4.12933
9920	4.12933	4.12933
9930	4.12933	4.12933
9940	4.12933	4.12933
9950	4.12933	4.12933
9960	4.12933	4.12933
9970	4.12933	4.12933
9980	4.12933	4.12933
9990	4.12933	4.12933
10000	4.12933	4.12933
10010	4.12933	4.12933
10020	4.12933	4.12933
10030	4.12933	4.12933
10040	4.12933	4.12933
10050	4.12933	4.12933
10060	4.12933	4.12933
10070	4.12933	4.12933
10080	4.12933	4.12933
10090	4.12933	4.12933
10100	4.12933	4.12933
10110	4.12933	4.12933
10120	4.12933	4.12933
10130	4.12933	4.12933
10140	4.12933	4.12933
10150	4.12933	4.12933
10160	4.12933	4.12933
10170	4.12933	4.12933
10180	4.12933	4.12933
10190	4.12933	4.12933
10200	4.12933	4.12933
10210	4.12933	4.12933
10220	4.12933	4.12933
10230	4.12933	4.12933
10240	4.12933	4.12933
10250	4.12933	4.12933
10260	4.12933	4.12933
10270	4.12933	4.12933
10280	3.22396	3.67665
10290	3.06617	3.37141
10300	3.51343	3.44242
10310	3.77301	3.60772
10320	3.76863	3.68817
10330	3.63836	3.66327
10340	3.53945	3.60136
10350	3.54278	3.57207
10360	3.59546	3.58376
10370	3.62819	3.60598
10380	3.62473	3.61535
10390	3.60581	3.61058
10400	3.59444	3.60251
10410	3.59632	3.59941
10420	3.60334	3.60138
10430	3.60718	3.60428
10440	3.60626	3.60527
10450	3.6037	3.60449
10460	3.6024	3.60344
10470	3.60281	3.60313
10480	3.60375	3.60344
10490	3.60418	3.60381
10500	3.60401	3.60391
10510	3.60367	3.60379
10520	3.60352	3.60366
10530	3.6036	3.60363
10540	3.60372	3.60367
10550	3.60377	3.60372
10560	3.60374	3.60373
10570	3.60369	3.60371
10580	3.60368	3.60369
10590	3.60369	3.60369
10600	3.60371	3.6037
10610	3.60371	3.6037
10620	3.60371	3.60371
10630	3.6037	3.6037
10640	3.6037	3.6037
10650	3.6037	3.6037
10660	3.6037	3.6037
10670	3.6037	3.6037
10680	3.6037	3.6037
10690	3.6037	3.6037
10700	3.6037	3.6037
10710	3.6037	3.6037
10720	3.6037	3.6037
10730	3.6037	3.6037
10740	3.6037	3.6037
10750	3.6037	3.6037
10760	3.6037	3.6037
10770	3.6037	3.6037
10780	3.6037	3.6037
10790	3.6037	3.6037
10800	3.6037	3.6037
10810	3.6037	3.6037
10820	3.6037	3.6037
10830	3.6037	3.6037
10840	3.6037	3.6037
10850	3.6037	3.6037
10860	3.6037	3.6037
10870	3.6037	3.6037
10880	3.6037	3.6037
10890	3.6037	3.6037
10900	3.6037	3.6037
10910	3.6037	3.6037
10920	3.6037	3.6037
10930	3.6037	3.6037
10940	3.6037	3.6037
10950	3.6037	3.6037
10960	3.6037	3.6037
10970	3.6037	3.6037
10980	3.6037	3.6037
10990	3.6037	3.6037
11000	3.6037	3.6037
11010	3.6037	3.6037
11020	3.6037	3.6037
11030	3.6037	3.6037
11040	3.6037	3.6037
11050	3.6037	3.6037
11060	3.6037	3.6037
11070	3.6037	3.6037
11080	3.6037	3.6037
11090	3.6037	3.6037
11100	3.6037	3.6037
11110	3.6037	3.6037
11120	3.6037	3.6037
11130	3.6037	3.6037
11140	3.6037	3.6037
11150	3.6037	3.6037
11160	3.6037	3.6037
11170	3.6037	3.6037
11180	3.6037	3.6037
11190	3.6037	3.6037
11200	3.6037	3.6037
11210	3.6037	3.6037
11220	3.6037	3.6037
11230	3.6037	3.6037
11240	3.6037	3.6037
11250	3.6037	3.6037
11260	3.6037	3.6037
11270	3.6037	3.6037
11280	3.6037	3.6037
11290	3.6037	3.6037
11300	3.6037	3.6037
11310	3.6037	3.6037
11320	3.6037	3.6037
11330	3.6037	3.6037
11340	3.6037	3.6037
11350	3.6037	3.6037
11360	3.6037	3.6037
11370	3.6037	3.6037
11380	3.6037	3.6037
11390	3.6037	3.6037
11400	3.6037	3.6037
11410	3.6037	3.6037
11420	3.6037	3.6037
11430	3.6037	3.6037
11440	3.6037	3.6037
11450	3.6037	3.6037
11460	3.6037	3.6037
11470	3.6037	3.6037
11480	3.6037	3.6037
11490	3.6037	3.6037
11500	3.6037	3.6037
11510	3.6037	3.6037
11520	3.6037	3.6037
11530	3.6037	3.6037
11540	3.6037	3.6037
11550	3.6037	3.6037
11560	3.6037	3.6037
11570	3.6037	3.6037
11580	3.6037	3.6037
11590	3.6037	3.6037
11600	3.6037	3.6037
11610	3.6037	3.6037
11620	3.6037	3.6037
11630	3.6037	3.6037
11640	3.6037	3.6037
11650	3.6037	3.6037
11660	3.6037	3.6037
11670	3.6037	3.6037
11680	3.6037	3.6037
11690	3.6037	3.6037
11700	3.6037	3.6037
11710	3.6037	3.6037
11720	3.6037	3.6037
11730	3.6037	3.6037
11740	3.6037	3.6037
11750	3.6037	3.6037
11760	3.6037	3.6037
11770	3.6037	3.6037
11780	3.6037	3.6037
11790	3.6037	3.6037
11800	3.6037	3.6037
11810	3.6037	3.6037
11820	3.6037	3.6037
11830	3.6037	3.6037
11840	3.6037	3.6037
11850	3.6037	3.6037
11860	3.6037	3.6037
11870	3.6037	3.6037
11880	3.6037	3.6037
11890	3.6037	3.6037
11900	3.6037	3.6037
11910	3.6037	3.6037
11920	3.6037	3.6037
11930	3.6037	3.6037
11940	3.6037	3.6037
11950	3.6037	3.6037
11960	3.6037	3.6037
11970	3.6037	3.6037
11980	3.6037	3.6037
11990	3.6037	3.6037
12000	3.6037	3.6037
12010	3.6037	3.6037
12020	3.6037	3.6037
12030	3.6037	3.6037
12040	3.6037	3.6037
12050	3.6037	3.6037
12060	3.6037	3.6037
12070	3.6037	3.6037
12080	3.6037	3.6037
12090	3.6037	3.6037
12100	3.6037	3.6037
12110	3.6037	3.6037
12120	3.6037	3.6037
12130	3.6037	3.6037
12140	3.6037	3.6037
12150	3.6037	3.6037
12160	3.6037	3.6037
12170	3.6037	3.6037
12180	3.6037	3.6037
12190	3.6037	3.6037
12200	3.6037	3.6037
12210	3.6037	3.6037
12220	3.6037	3.6037
12230	3.6037	3.6037
12240	3.6037	3.6037
12250	3.6037	3.6037
12260	3.6037	3.6037
12270	3.6037	3.6037
12280	2.58101	3.09235
12290	3.94442	3.51839
12300	5.73095	4.51839
12310	4.45804	4.48821
12320	3.70028	4.09425
12330	3.76755	3.9309
12340	4.17449	4.05269
12350	4.3598	4.20625
12360	4.1846	4.19542
12370	4.04562	4.12052
12380	4.06934	4.09493
12390	4.14935	4.12214
12400	4.17069	4.14642
12410	4.13799	4.1422
12420	4.11497	4.12859
12430	4.12179	4.12519
12440	4.13612	4.13065
12450	4.13845	4.13455
12460	4.13219	4.13337
12470	4.12854	4.13096
12480	4.1302	4.13058
12490	4.13269	4.13163
12500	4.13286	4.13225
12510	4.13168	4.13196
12520	4.13112	4.13154
12530	4.13149	4.13152
12540	4.13192	4.13172
12550	4.1319	4.13181
12560	4.13168	4.13175
12570	4.1316	4.13168
12580	4.13168	4.13168
12590	4.13175	4.13171
12600	4.13174	4.13173
12610	4.1317	4.13172
12620	4.13169	4.1317
12630	4.13171	4.1317
12640	4.13172	4.13171
12650	4.13172	4.13171
12660	4.13171	4.13171
12670	4.13171	4.13171
12680	4.13171	4.13171
12690	4.13171	4.13171
12700	4.13171	4.13171
12710	4.13171	4.13171
12720	4.13171	4.13171
12730	4.13171	4.13171
12740	4.13171	4.13171
12750	4.13171	4.13171
12760	4.13171	4.13171
12770	4.13171	4.13171
12780	4.13171	4.13171
12790	4.13171	4.13171
12800	4.13171	4.13171
12810	4.13171	4.13171
12820	4.13171	4.13171
12830	4.13171	4.13171
12840	4.13171	4.13171
12850	4.13171	4.13171
12860	4.13171	4.13171
12870	4.13171	4.13171
12880	4.13171	4.13171
12890	4.13171	4.13171
12900	4.13171	4.13171
12910	4.13171	4.13171
12920	4.13171	4.13171
12930	4.13171	4.13171
12940	4.13171	4.13171
12950	4.13171	4.13171
12960	4.13171	4.13171
12970	4.13171	4.13171
12980	4.13171	4.13171
12990	4.13171	4.13171
13000	4.13171	4.13171
13010	4.13171	4.13171
13020	4.13171	4.13171
13030	4.13171	4.13171
13040	4.13171	4.13171
13050	4.13171	4.13171
13060	4.13171	4.13171
13070	4.13171	4.13171
13080	4.13171	4.13171
13090	4.13171	4.13171
13100	4.13171	4.13171
13110	4.13171	4.13171
13120	4.13171	4.13171
13130	4.13171	4.13171
13140	4.13171	4.13171
13150	4.13171	4.13171
13160	4.13171	4.13171
13170	4.13171	4.13171
13180	4.13171	4.13171
13190	4.13171	4.13171
13200	4.13171	4.13171
13210	4.13171	4.13171
13220	4.13171	4.13171
13230	4.13171	4.13171
13240	4.13171	4.13171
13250	4.13171	4.13171
13260	4.13171	4.13171
13270	4.13171	4.13171
13280	4.13171	4.13171
13290	4.13171	4.13171
13300	4.13171	4.13171
13310	4.13171	4.13171
13320	4.13171	4.13171
13330	4.13171	4.13171
13340	4.13171	4.13171
13350	4.13171	4.13171
13360	4.13171	4.13171
13370	4.13171	4.13171
13380	4.13171	4.13171
13390	4.13171	4.13171
13400	4.13171	4.13171
13410	4.13171	4.13171
13420	4.13171	4.13171
13430	4.13171	4.13171
13440	4.13171	4.13171
13450	4.13171	4.13171
13460	4.13171	4.13171
13470	4.13171	4.13171
13480	4.13171	4.13171
13490	4.13171	4.13171
13500	4.13171	4.13171
13510	4.13171	4.13171
13520	4.13171	4.13171
13530	4.13171	4.13171
13540	4.13171	4.13171
13550	4.13171	4.13171
13560	4.13171	4.13171
13570	4.13171	4.13171
13580	4.13171	4.13171
13590	4.13171	4.13171
13600	4.13171	4.13171
13610	4.13171	4.13171
13620	4.13171	4.13171
13630	4.13171	4.13171
13640	4.13171	4.13171
13650	4.13171	4.13171
13660	4.13171	4.13171
13670	4.13171	4.13171
13680	4.13171	4.13171
13690	4.13171	4.13171
13700	4.13171	4.13171
13710	4.13171	4.13171
13720	4.13171	4.13171
13730	4.13171	4.13171
13740	4.13171	4.13171
13750	4.13171	4.13171
13760	4.13171	4.13171
13770	4.13171	4.13171
13780	4.13171	4.13171
13790	4.13171	4.13171
13800	4.13171	4.13171
13810	4.13171	4.13171
13820	4.13171	4.13171
13830	4.13171	4.13171
13840	4.13171	4.13171
13850	4.13171	4.13171
13860	4.13171	4.13171
13870	4.13171	4.13171
13880	4.13171	4.13171
13890	4.13171	4.13171
13900	4.13171	4.13171
13910	4.13171	4.13171
13920	4.13171	4.13171
13930	4.13171	4.13171
13940	4.13171	4.13171
13950	4.13171	4.13171
13960	4.13171	4.13171
13970	4.13171	4.13171
13980	4.13171	4.13171
13990	4.13171	4.13171
14000	4.13171	4.13171
14010	4.13171	4.13171
14020	4.13171	4.13171
14030	4.13171	4.13171
14040	4.13171	4.13171
14050	4.13171	4.13171
14060	4.13171	4.13171
14070	4.13171	4.13171
14080	4.13171	4.13171
14090	4.13171	4.13171
14100	4.13171	4.13171
14110	4.13171	4.13171
14120	4.13171	4.13171
14130	4.13171	4.13171
14140	4.13171	4.13171
14150	4.13171	4.13171
14160	4.13171	4.13171
14170	4.13171	4.13171
14180	4.13171	4.13171
14190	4.13171	4.13171
14200	4.13171	4.13171
14210	4.13171	4.13171
14220	4.13171	4.13171
14230	4.13171	4.13171
14240	4.13171	4.13171
14250	4.13171	4.13171
14260	4.13171	4.13171
14270	4.13171	4.13171
14280	4.13171	4.13171
14290	4.13171	4.13171
14300	4.13171	4.13171
14310	4.13171	4.13171
14320	4.13171	4.13171
14330	4.13171	4.13171
14340	4.13171	4.13171
14350	4.13171	4.13171
14360	4.13171	4.13171
14370	4.13171	4.13171
14380	4.13171	4.13171
14390	4.13171	4.13171
14400	4.13171	4.13171
14410	4.13171	4.13171
14420	4.13171	4.13171
14430	4.13171	4.13171
14440	4.13171	4.13171
14450	4.13171	4.13171
14460	4.13171	4.13171
14470	4.13171	4.13171
14480	4.13171	4.13171
14490	4.13171	4.13171
14500	4.13171	4.13171
14510	4.13171	4.13171
14520	4.13171	4.13171
14530	4.13171	4.13171
14540	4.13171	4.13171
14550	4.13171	4.13171
14560	4.13171	4.13171
14570	4.13171	4.13171
14580	4.13171	4.13171
14590	4.13171	4.13171
14600	4.13171	4.13171
14610	4.13171	4.13171
14620	4.13171	4.13171
14630	4.13171	4.13171
14640	4.13171	4.13171
14650	4.13171	4.13171
14660	4.13171	4.13171
14670	4.13171	4.13171
14680	4.13171	4.13171
14690	4.13171	4.13171
14700	4.13171	4.13171
14710	4.13171	4.13171
14720	4.13171	4.13171
14730	4.13171	4.13171
14740	4.13171	4.13171
14750	4.13171	4.13171
14760	4.13171	4.13171
14770	4.13171	4.13171
14780	4.13171	4.13171
14790	4.13171	4.13171
14800	4.13171	4.13171
14810	4.13171	4.13171
14820	4.13171	4.13171
14830	4.13171	4.13171
14840	4.13171	4.13171
14850	4.13171	4.13171
14860	4.13171	4.13171
14870	4.13171	4.13171
14880	4.13171	4.13171
14890	4.13171	4.13171
14900	4.13171	4.13171
14910	4.13171	4.13171
14920	4.13171	4.13171
14930	4.13171	4.13171
14940	4.13171	4.13171
14950	4.13171	4.13171
14960	4.13171	4.13171
14970	4.13171	4.13171
14980	4.13171	4.13171
14990	4.13171	4.13171
15000	4.13171	4.13171
15010	4.13171	4.13171
15020	4.13171	4.13171
15030	4.13171	4.13171
15040	4.13171	4.13171
15050	4.13171	4.13171
15060	4.13171	4.13171
15070	4.13171	4.13171
15080	4.13171	4.13171
15090	4.13171	4.13171
15100	4.13171	4.13171
15110	4.13171	4.13171
15120	4.13171	4.13171
15130	4.13171	4.13171
15140	4.13171	4.13171
15150	4.13171	4.13171
15160	4.13171	4.13171
15170	4.13171	4.13171
15180	4.13171	4.13171
15190	4.13171	4.13171
15200	4.13171	4.13171
15210	4.13171	4.13171
15220	4.13171	4.13171
15230	4.13171	4.13171
15240	4.13171	4.13171
15250	4.13171	4.13171
15260	4.13171	4.13171
15270	4.13171	4.13171
15280	4.13171	4.13171
15290	4.13171	4.13171
15300	4.13171	4.13171
15310	4.13171	4.13171
15320	4.13171	4.13171
15330	4.13171	4.13171
15340	4.13171	4.13171
15350	4.13171	4.13171
15360	4.13171	4.13171
15370	4.13171	4.13171
15380	4.13171	4.13171
15390	4.13171	4.13171
15400	4.13171	4.13171
15410	4.13171	4.13171
15420	4.13171	4.13171
15430	4.13171	4.13171
15440	4.13171	4.13171
15450	4.13171	4.13171
15460	4.13171	4.13171
15470	4.13171	4.13171
15480	4.13171	4.13171
15490	4.13171	4.13171
15500	4.13171	4.13171
15510	4.13171	4.13171
15520	4.13171	4.13171
15530	4.13171	4.13171
15540	4.13171	4.13171
15550	4.13171	4.13171
15560	4.13171	4.13171
15570	4.13171	4.13171
15580	4.13171	4.13171
15590	4.13171	4.13171
15600	4.13171	4.13171
15610	4.13171	4.13171
15620	4.13171	4.13171
15630	4.13171	4.13171
15640	4.13171	4.13171
15650	4.13171	4.13171
15660	4.13171	4.13171
15670	4.13171	4.13171
15680	4.13171	4.13171
15690	4.13171	4.13171
15700	4.13171	4.13171
15710	4.13171	4.13171
15720	4.13171	4.13171
15730	4.13171	4.13171
15740	4.13171	4.13171
15750	4.13171	4.13171
15760	4.13171	4.13171
15770	4.13171	4.13171
15780	4.13171	4.13171
15790	4.13171	4.13171
15800	4.13171	4.13171
15810	4.13171	4.13171
15820	4.13171	4.13171
15830	4.13171	4.13171
15840	4.13171	4.13171
15850	4.13171	4.13171
15860	4.13171	4.13171
15870	4.13171	4.13171
15880	4.13171	4.13171
15890	4.13171	4.13171
15900	4.13171	4.13171
15910	4.13171	4.13171
15920	4.13171	4.13171
15930	4.13171	4.13171
15940	4.13171	4.13171
15950	4.13171	4.13171
15960	4.13171	4.13171
15970	4.13171	4.13171
15980	4.13171	4.13171
15990	4.13171	4.13171
16000	4.13171	4.13171
16010	4.13171	4.13171
16020	4.13171	4.13171
16030	4.13171	4.13171
16040	4.13171	4.13171
16050	4.13171	4.13171
16060	4.13171	4.13171
16070	4.13171	4.13171
16080	4.13171	4.13171
16090	4.13171	4.13171
16100	4.13171	4.13171
16110	4.13171	4.13171
16120	4.13171	4.13171
16130	4.13171	4.13171
16140	4.13171	4.13171
16150	4.13171	4.13171
16160	4.13171	4.13171
16170	4.13171	4.13171
16180	4.13171	4.13171
16190	4.13171	4.13171
16200	4.13171	4.13171
16210	4.13171	4.13171
16220	4.13171	4.13171
16230	4.13171	4.13171
16240	4.13171	4.13171
16250	4.13171	4.13171
16260	4.13171	4.13171
16270	4.13171	4.13171
16280	4.13171	4.13171
16290	4.13171	4.13171
16300	4.13171	4.13171
16310	4.13171	4.13171
16320	4.13171	4.13171
16330	4.13171	4.13171
16340	4.13171	4.13171
16350	4.13171	4.13171
16360	4.13171	4.13171
16370	4.13171	4.13171
16380	4.13171	4.13171
16390	4.13171	4.13171
16400	4.13171	4.13171
16410	4.13171	4.13171
16420	4.13171	4.13171
16430	4.13171	4.13171
16440	4.13171	4.13171
16450	4.13171	4.13171
16460	4.13171	4.13171
16470	4.13171	4.13171
16480	4.13171	4.13171
16490	4.13171	4.13171
16500	4.13171	4.13171
16510	4.13171	4.13171
16520	4.13171	4.13171
16530	4.13171	4.13171
16540	4.13171	4.13171
16550	4.13171	4.13171
16560	4.13171	4.13171
16570	4.13171	4.13171
16580	4.13171	4.13171
16590	4.13171	4.13171
16600	4.13171	4.13171
16610	4.13171	4.13171
16620	4.13171	4.13171
16630	4.13171	4.13171
16640	4.13171	4.13171
16650	4.13171	4.13171
16660	4.13171	4.13171
16670	4.13171	4.13171
16680	4.13171	4.13171
16690	4.13171	4.13171
16700	4.13171	4.13171
16710	4.13171	4.13171
16720	4.13171	4.13171
16730	4.13171	4.13171
16740	4.13171	4.13171
16750	4.13171	4.13171
16760	4.13171	4.13171
16770	4.13171	4.13171
16780	4.13171	4.13171
16790	4.13171	4.13171
16800	4.13171	4.13171
16810	4.13171	4.13171
16820	4.13171	4.13171
16830	4.13171	4.13171
16840	4.13171	4.13171
16850	4.13171	4.13171
16860	4.13171	4.13171
16870	4.13171	4.13171
16880	4.13171	4.13171
16890	4.13171	4.13171
16900	4.13171	4.13171
16910	4.13171	4.13171
16920	4.13171	4.13171
16930	4.13171	4.13171
16940	4.13171	4.13171
16950	4.13171	4.13171
16960	4.13171	4.13171
16970	4.13171	4.13171
16980	4.13171	4.13171
16990	4.13171	4.13171
17000	4.13171	4.13171
17010	4.13171	4.13171
17020	4.13171	4.13171
17030	4.13171	4.13171
17040	4.13171	4.13171
17050	4.13171	4.13171
17060	4.13171	4.13171
17070	4.13171	4.13171
17080	4.13171	4.13171
17090	4.13171	4.13171
17100	4.13171	4.13171
17110	4.13171	4.13171
17120	4.13171	4.13171
17130	4.13171	4.13171
17140	4.13171	4.13171
17150	4.13171	4.13171
17160	4.13171	4.13171
17170	4.13171	4.13171
17180	4.13171	4.13171
17190	4.13171	4.13171
17200	4.13171	4.13171
17210	4.13171	4.13171
17220	4.13171	4.13171
17230	4.13171	4.13171
17240	4.13171	4.13171
17250	4.13171	4.13171
17260	4.13171	4.13171
17270	4.13171	4.13171
17280	4.13171	4.13171
17290	4.13171	4.13171
17300	4.13171	4.13171
17310	4.13171	4.13171
17320	4.13171	4.13171
17330	4.13171	4.13171
17340	4.13171	4.13171
17350	4.13171	4.13171
17360	4.13171	4.13171
17370	4.13171	4.13171
17380	4.13171	4.13171
17390	4.13171	4.13171
17400	4.13171	4.13171
17410	4.13171	4.13171
17420	4.13171	4.13171
17430	4.13171	4.13171
17440	4.13171	4.13171
17450	4.13171	4.13171
17460	4.13171	4.13171
17470	4.13171	4.13171
17480	4.13171	4.13171
17490	4.13171	4.13171
17500	4.13171	4.13171
17510	4.13171	4.13171
17520	4.13171	4.13171
17530	4.13171	4.13171
17540	4.13171	4.13171
17550	4.13171	4.13171
17560	4.13171	4.13171
17570	4.13171	4.13171
17580	4.13171	4.13171
17590	4.13171	4.13171
17600	4.13171	4.13171
17610	4.13171	4.13171
17620	4.13171	4.13171
17630	4.13171	4.13171
17640	4.13171	4.13171
17650	4.13171	4.13171
17660	4.13171	4.13171
17670	4.13171	4.13171
17680	4.13171	4.13171
17690	4.13171	4.13171
17700	4.13171	4.13171
17710	4.13171	4.13171
17720	4.13171	4.13171
17730	4.13171	4.13171
17740	4.13171	4.13171
17750	4.13171	4.13171
17760	4.13171	4.13171
17770	4.13171	4.13171
17780	4.13171	4.13171
17790	4.13171	4.13171
17800	4.13171	4.13171
17810	4.13171	4.13171
17820	4.13171	4.13171
17830	4.13171	4.13171
17840	4.13171	4.13171
17850	4.13171	4.13171
17860	4.13171	4.13171
17870	4.13171	4.13171
17880	4.09031	4.11101
17890	4.04883	4.07992
17900	4.00731	4.04361
17910	3.96581	4.00471
17920	3.96574	3.98523
17930	3.92437	3.9548
17940	3.88293	3.91886
17950	3.84142	3.88014
17960	3.79991	3.84002
17970	3.75843	3.79922
17980	3.75836	3.77879
17990	3.71697	3.74788
18000	3.67554	3.71171
18010	3.63404	3.67287
18020	3.59253	3.6327
18030	3.55105	3.59187
18040	3.55097	3.57142
18050	3.50959	3.54051
18060	3.46816	3.50433
18070	3.42667	3.4655
18080	3.38516	3.42533
18090	3.38505	3.40519
18100	3.34367	3.37443
18110	3.30226	3.33835
18120	3.26078	3.29956
18130	3.21927	3.25942
18140	3.21916	3.23929
18150	3.17777	3.20853
18160	3.13636	3.17245
18170	3.09489	3.13367
18180	3.05339	3.09353
18190	3.05327	3.0734
18200	3.01188	3.04264
18210	2.97047	3.00655
18220	2.92901	2.96778
18230	2.88752	2.92765
18240	2.88739	2.90752
18250	2.84599	2.87676
18260	2.80459	2.84067
18270	2.76314	2.8019
18280	2.72165	2.76178
18290	2.72152	2.74165
18300	2.68012	2.71088
18310	2.63872	2.6748
18320	2.59727	2.63604
18330	2.59715	2.61659
18340	2.55573	2.58616
18350	2.51432	2.55024
18360	2.47287	2.51155
18370	2.47275	2.49215
18380	2.43134	2.46174
18390	2.38993	2.42584
18400	2.34849	2.38716
18410	2.34836	2.36776
18420	2.30695	2.33736
18430	2.26554	2.30145
18440	2.22411	2.26278
18450	2.22398	2.24338
18460	2.18258	2.21298
18470	2.14117	2.17707
18480	2.09974	2.13841
18490	2.09961	2.11901
18500	2.05821	2.08861
18510	2.01681	2.05271
18520	2.0167	2.03471
18530	1.97531	2.00501
18540	1.93391	1.96946
18550	1.89248	1.93097
18560	1.89235	1.91166
18570	1.85095	1.8813
18580	1.80955	1.84543
18590	1.80945	1.82744
18600	1.76807	1.79775
18610	1.72668	1.76221
18620	1.68526	1.72374
18630	1.68512	1.70443
18640	1.64373	1.67408
18650	1.60234	1.63821
18660	1.60223	1.62022
18670	1.56086	1.59054
18680	1.51948	1.55501
18690	1.51937	1.53719
18700	1.478	1.50759
18710	1.43662	1.47211
18720	1.4365	1.4543
18730	1.39514	1.42472
18740	1.39504	1.40988
18750	1.3537	1.38179
18760	1.31235	1.34707
18770	1.31223	1.32965
18780	1.27087	1.30026
18790	1.22951	1.26489
18800	1.22938	1.24714
18810	1.18803	1.21758
18820	1.18793	1.20275
18830	1.1466	1.17468
18840	1.10527	1.13997
18850	1.10515	1.12256
18860	1.06382	1.09319
18870	1.06371	1.07845
18880	1.0224	1.05042
18890	1.0223	1.03636
18900	0.980999	1.00868
18910	0.93969	0.974185
18920	0.93957	0.956878
18930	0.898257	0.927568
18940	0.898141	0.912854
18950	0.856849	0.884852
18960	0.856744	0.870798
18970	0.815469	0.843133
18980	0.815369	0.829251
18990	0.774105	0.801678
19000	0.774005	0.787842
19010	0.732749	0.760296
19020	0.732648	0.746472
19030	0.6914	0.718936
19040	0.691298	0.705117
19050	0.650059	0.677588
19060	0.649956	0.663772
19070	0.608729	0.636251
19080	0.608626	0.622438
19090	0.608528	0.615483
19100	0.567335	0.591409
19110	0.567248	0.579329
19120	0.526066	0.552697
19130	0.525973	0.539335
19140	0.484798	0.512067
19150	0.484701	0.498384
19160	0.484606	0.491495
19170	0.44346	0.467477
19180	0.443372	0.455425
19190	0.443286	0.449355
19200	0.40217	0.425763
19210	0.402089	0.413926
19220	0.402007	0.407967
19230	0.360918	0.384442
19240	0.36084	0.372641
19250	0.360761	0.366701
19260	0.319699	0.3432
19270	0.319623	0.331411
19280	0	0.165706
19290	0	0.0828529
19300	0	0.0414264
19310	0	0.0207132
19320	0	0.0103566
19330	0	0.0051783
19340	0	0.00258915
19350	0	0.00129458
19360	0	0.000647288
19370	0	0.000323644
19380	0	0.000161822
19390	0	8.0911e-05
19400	0	4.04555e-05
19410	0	2.02277e-05
19420	0	1.01139e-05
19430	0	5.05694e-06
19440	0	2.52847e-06
19450	0	1.26423e-06
19460	0	6.32117e-07
19470	0	3.16059e-07
19480	0	1.58029e-07
19490	0	7.90146e-08
19500	0	3.95073e-08
19510	0	1.97537e-08
19520	0	9.87683e-09
19530	0	4.93842e-09
19540	0	2.46921e-09
19550	0	1.2346e-09
19560	0	6.17302e-10
19570	0	3.08651e-10
19580	0	1.54325e-10
19590	0	7.71627e-11
19600	0	3.85814e-11
19610	0	1.92907e-11
19620	0	9.64534e-12
19630	0	4.82267e-12
19640	0	2.41134e-12
19650	0	1.20567e-12
19660	0	6.02834e-13
19670	0	3.01417e-13
19680	0	1.50708e-13
19690	0	7.53542e-14
19700	0	3.76771e-14
19710	0	1.88386e-14
19720	0	9.41928e-15
19730	0	4.70964e-15
19740	0	2.35482e-15
19750	0	1.17741e-15
19760	0	5.88705e-16
19770	0	2.94352e-16
19780	0	1.47176e-16
19790	0	7.35881e-17
19800	0	3.67941e-17
19810	0	1.8397e-17
19820	0	9.19852e-18
19830	0	4.59926e-18
19840	0	2.29963e-18
19850	0	1.14981e-18
19860	0	5.74907e-19
19870	0	2.87454e-19
19880	0	1.43727e-19
19890	0	7.18634e-20
19900	0	3.59317e-20
19910	0	1.79659e-20
19920	0	8.98293e-21
19930	0	4.49146e-21
19940	0	2.24573e-21
19950	0	1.12287e-21
19960	0	5.61433e-22
19970	0	2.80716e-22
19980	0	1.40358e-22
19990	0	7.01791e-23
20000	0	3.50896e-23
20010	0	1.75448e-23
20020	0	8.77239e-24
20030	0	4.38619e-24
20040	0	2.1931e-24
20050	0	1.09655e-24
20060	0	5.48274e-25
20070	0	2.74137e-25
20080	0	1.37069e-25
20090	0	6.85343e-26
20100	0	3.42671e-26
20110	0	1.71336e-26
20120	0	8.56679e-27
20130	0	4.28339e-27
20140	0	2.1417e-27
20150	0	1.07085e-27
20160	0	5.35424e-28
20170	0	2.67712e-28
20180	0	1.33856e-28
20190	0	6.6928e-29
20200	0	3.3464e-29
20210	0	1.6732e-29
20220	0	8.366e-30
20230	0	4.183e-30
20240	0	2.0915e-30
20250	0	1.04575e-30
20260	0	5.22875e-31
20270	0	2.61438e-31
20280	0	1.30719e-31
20290	0	6.53594e-32
20300	0	3.26797e-32
20310	0	1.63398e-32
20320	0	8.16992e-33
20330	0	4.08496e-33
20340	0	2.04248e-33
20350	0	1.02124e-33
20360	0	5.1062e-34
20370	0	2.5531e-34
20380	0	1.27655e-34
20390	0	6.38275e-35
20400	0	3.19138e-35
20410	0	1.59569e-35
20420	0	7.97844e-36
20430	0	3.98922e-36
20440	0	1.99461e-36
20450	0	9.97305e-37
20460	0	4.98653e-37
20470	0	2.49326e-37
20480	0	1.24663e-37
20490	0	6.23316e-38
20500	0	3.11658e-38
20510	0	1.55829e-38
20520	0	7.79145e-39
20530	0	3.89572e-39
20540	0	1.94786e-39
20550	0	9.73931e-40
20560	0	4.86965e-40
20570	0	2.43483e-40
20580	0	1.21741e-40
20590	0	6.08707e-41
20600	0	3.04353e-41
20610	0	1.52177e-41
20620	0	7.60883e-42
20630	0	3.80442e-42
20640	0	1.90221e-42
20650	0	9.51104e-43
20660	0	4.75552e-43
20670	0	2.37776e-43
20680	0	1.18888e-43
20690	0	5.9444e-44
20700	0	2.9722e-44
20710	0	1.4861e-44
20720	0	7.4305e-45
20730	0	3.71525e-45
20740	0	1.85763e-45
20750	0	9.28813e-46
20760	0	4.64406e-46
20770	0	2.32203e-46
20780	0	1.16102e-46
20790	0	5.80508e-47
20800	0	2.90254e-47
20810	0	1.45127e-47
20820	0	7.25635e-48
20830	0	3.62817e-48
20840	0	1.81409e-48
20850	0	9.07044e-49
20860	0	4.53522e-49
20870	0	2.26761e-49
20880	0	1.1338e-49
20890	0	5.66902e-50
20900	0	2.83451e-50
20910	0	1.41726e-50
20920	0	7.08628e-51
20930	0	3.54314e-51
20940	0	1.77157e-51
20950	0	8.85785e-52
20960	0	4.42892e-52
20970	0	2.21446e-52
20980	0	1.10723e-52
20990	0	5.53616e-53
21000	0	2.76808e-53
21010	0	1.38404e-53
21020	0	6.92019e-54
21030	0	3.4601e-54
21040	0	1.73005e-54
21050	0	8.65024e-55
21060	0	4.32512e-55
21070	0	2.16256e-55
21080	0	1.08128e-55
21090	0	5.4064e-56
21100	0	2.7032e-56
21110	0	1.3516e-56
21120	0	6.758e-57
21130	0	3.379e-57
21140	0	1.6895e-57
21150	0	8.4475e-58
21160	0	4.22375e-58
21170	0	2.11188e-58
21180	0	1.05594e-58
21190	0	5.27969e-59
21200	0	2.63984e-59
21210	0	1.31992e-59
21220	0	6.59961e-60
21230	0	3.29981e-60
21240	0	1.6499e-60
21250	0	8.24951e-61
21260	0	4.12476e-61
21270	0	2.06238e-61
21280	0	1.03119e-61
21290	0	5.15595e-62
21300	0	2.57797e-62
21310	0	1.28899e-62
21320	0	6.44493e-63
21330	0	3.22247e-63
21340	0	1.61123e-63
21350	0	8.05617e-64
21360	0	4.02808e-64
21370	0	2.01404e-64
21380	0	1.00702e-64
21390	0	5.0351e-65
21400	0	2.51755e-65
21410	0	1.25878e-65
21420	0	6.29388e-66
21430	0	3.14694e-66
21440	0	1.57347e-66
21450	0	7.86735e-67
21460	0	3.93367e-67
21470	0	1.96684e-67
21480	0	9.83419e-68
21490	0	4.91709e-68
21500	0	2.45855e-68
21510	0	1.22927e-68
21520	0	6.14637e-69
21530	0	3.07318e-69
21540	0	1.53659e-69
21550	0	7.68296e-70
21560	0	3.84148e-70
21570	0	1.92074e-70
21580	0	9.6037e-71
21590	0	4.80185e-71
21600	0	2.40092e-71
21610	0	1.20046e-71
21620	0	6.00231e-72
21630	0	3.00116e-72
21640	0	1.50058e-72
21650	0	7.50289e-73
21660	0	3.75144e-73
21670	0	1.87572e-73
21680	0	9.37861e-74
21690	0	4.68931e-74
21700	0	2.34465e-74
21710	0	1.17233e-74
21720	0	5.86163e-75
21730	0	2.93082e-75
21740	0	1.46541e-75
21750	0	7.32704e-76
21760	0	3.66352e-76
21770	0	1.83176e-76
21780	0	9.1588e-77
21790	0	4.5794e-77
21800	0	2.2897e-77
21810	0	1.14485e-77
21820	0	5.72425e-78
21830	0	2.86213e-78
21840	0	1.43106e-78
21850	0	7.15531e-79
21860	0	3.57766e-79
21870	0	1.78883e-79
21880	0	8.94414e-80
21890	0	4.47207e-80
21900	0	2.23604e-80
21910	0	1.11802e-80
21920	0	5.59009e-81
21930	0	2.79504e-81
21940	0	1.39752e-81
21950	0	6.98761e-82
21960	0	3.49381e-82
21970	0	1.7469e-82
21980	0	8.73451e-83
21990	0	4.36726e-83
22000	0	2.18363e-83
22010	0	1.09181e-83
22020	0	5.45907e-84
22030	0	2.72954e-84
22040	0	1.36477e-84
22050	0	6.82384e-85
22060	0	3.41192e-85
22070	0	1.70596e-85
22080	0	8.5298e-86
22090	0	4.2649e-86
22100	0	2.13245e-86
22110	0	1.06622e-86
22120	0	5.33112e-87
22130	0	2.66556e-87
22140	0	1.33278e-87
22150	0	6.6639e-88
22160	0	3.33195e-88
22170	0	1.66598e-88
22180	0	8.32988e-89
22190	0	4.16494e-89
22200	0	2.08247e-89
22210	0	1.04124e-89
22220	0	5.20618e-90
22230	0	2.60309e-90
22240	0	1.30154e-90
22250	0	6.50772e-91
22260	0	3.25386e-91
22270	0	1.62693e-91
22280	0	8.13465e-92
22290	0	4.06732e-92
22300	0	2.03366e-92
22310	0	1.01683e-92
22320	0	5.08416e-93
22330	0	2.54208e-93
22340	0	1.27104e-93
22350	0	6.35519e-94
22360	0	3.1776e-94
22370	0	1.5888e-94
22380	0	7.94399e-95
22390	0	3.972e-95
22400	0	1.986e-95
22410	0	9.92999e-96
22420	0	4.965e-96
22430	0	2.4825e-96
22440	0	1.24125e-96
22450	0	6.20624e-97
22460	0	3.10312e-97
22470	0	1.55156e-97
22480	0	7.75781e-98
22490	0	3.8789e-98
22500	0	1.93945e-98
22510	0	9.69726e-99
22520	0	4.84863e-99
22530	0	2.42431e-99
22540	0	1.21216e-99
22550	0	6.06079e-100
22560	0	3.03039e-100
22570	0	1.5152e-100
22580	0	7.57598e-101
22590	0	3.78799e-101
22600	0	1.894e-101
22610	0	9.46998e-102
22620	0	4.73499e-102
22630	0	2.36749e-102
22640	0	1.18375e-102
22650	0	5.91874e-103
22660	0	2.95937e-103
22670	0	1.47968e-103
22680	0	7.39842e-104
22690	0	3.69921e-104
22700	0	1.84961e-104
22710	0	9.24803e-105
22720	0	4.62401e-105
22730	0	2.31201e-105
22740	0	1.156e-105
22750	0	5.78002e-106
22760	0	2.89001e-106
22770	0	1.445e-106
22780	0	7.22502e-107
22790	0	3.61251e-107
22800	0	1.80625e-107
22810	0	9.03127e-108
22820	0	4.51564e-108
22830	0	2.25782e-108
22840	0	1.12891e-108
22850	0	5.64455e-109
22860	0	2.82227e-109
22870	0	1.41114e-109
22880	0	7.05568e-110
22890	0	3.52784e-110
22900	0	1.76392e-110
22910	0	8.8196e-111
22920	0	4.4098e-111
22930	0	2.2049e-111
22940	0	1.10245e-111
22950	0	5.51225e-112
22960	0	2.75613e-112
22970	0	1.37806e-112
22980	0	6.89032e-113
22990	0	3.44516e-113
23000	0	1.72258e-113
23010	0	8.61289e-114
23020	0	4.30645e-114
23030	0	2.15322e-114
23040	0	1.07661e-114
23050	0	5.38306e-115
23060	0	2.69153e-115
23070	0	1.34576e-115
23080	0	6.72882e-116
23090	0	3.36441e-116
23100	0	1.68221e-116
23110	0	8.41103e-117
23120	0	4.20551e-117
23130	0	2.10276e-117
23140	0	1.05138e-117
23150	0	5.25689e-118
23160	0	2.62845e-118
23170	0	1.31422e-118
23180	0	6.57112e-119
23190	0	3.28556e-119
23200	0	1.64278e-119
23210	0	8.2139e-120
23220	0	4.10695e-120
23230	0	2.05347e-120
23240	0	1.02674e-120
23250	0	5.13369e-121
23260	0	2.56684e-121
23270	0	1.28342e-121
23280	0	6.41711e-122
23290	0	3.20855e-122
23300	0	1.60428e-122
23310	0	8.02138e-123
23320	0	4.01069e-123
23330	0	2.00535e-123
23340	0	1.00267e-123
23350	0	5.01336e-124
23360	0	2.50668e-124
23370	0	1.25334e-124
23380	0	6.26671e-125
23390	0	3.13335e-125
23400	0	1.56668e-125
23410	0	7.83338e-126
23420	0	3.91669e-126
23430	0	1.95835e-126
23440	0	9.79173e-127
23450	0	4.89586e-127
23460	0	2.44793e-127
23470	0	1.22397e-127
23480	0	6.11983e-128
23490	0	3.05991e-128
23500	0	1.52996e-128
23510	0	7.64979e-129
23520	0	3.82489e-129
23530	0	1.91245e-129
23540	0	9.56223e-130
23550	0	4.78112e-130
23560	0	2.39056e-130
23570	0	1.19528e-130
23580	0	5.9764e-131
23590	0	2.9882e-131
23600	0	1.4941e-131
23610	0	7.4705e-132
23620	0	3.73525e-132
23630	0	1.86762e-132
23640	0	9.33812e-133
23650	0	4.66906e-133
23660	0	2.33453e-133
23670	0	1.16726e-133
23680	0	5.83632e-134
23690	0	2.91816e-134
23700	0	1.45908e-134
23710	0	7.29541e-135
23720	0	3.6477e-135
23730	0	1.82385e-135
23740	0	9.11926e-136
23750	0	4.55963e-136
23760	0	2.27981e-136
23770	0	1.13991e-136
23780	0	5.69954e-137
23790	0	2.84977e-137
23800	0	1.42488e-137
23810	0	7.12442e-138
23820	0	3.56221e-138
23830	0	1.7811e-138
23840	0	8.90552e-139
23850	0	4.45276e-139
23860	0	2.22638e-139
23870	0	1.11319e-139
23880	0	5.56595e-140
23890	0	2.78298e-140
23900	0	1.39149e-140
23910	0	6.95744e-141
23920	0	3.47872e-141
23930	0	1.73936e-141
23940	0	8.6968e-142
23950	0	4.3484e-142
23960	0	2.1742e-142
23970	0	1.0871e-142
23980	0	5.4355e-143
23990	0	2.71775e-143
24000	0	1.35888e-143
24010	0	6.79438e-144
24020	0	3.39719e-144
24030	0	1.69859e-144
24040	0	8.49297e-145
24050	0	4.24648e-145
24060	0	2.12324e-145
24070	0	1.06162e-145
24080	0	5.30811e-146
24090	0	2.65405e-146
24100	0	1.32703e-146
24110	0	6.63513e-147
24120	0	3.31757e-147
24130	0	1.65878e-147
24140	0	8.29392e-148
24150	0	4.14696e-148
24160	0	2.07348e-148
24170	0	1.03674e-148
24180	0	5.1837e-149
24190	0	2.59185e-149
24200	0	1.29592e-149
24210	0	6.47962e-150
24220	0	3.23981e-150
24230	0	1.61991e-150
24240	0	8.09953e-151
24250	0	4.04976e-151
24260	0	2.02488e-151
24270	0	1.01244e-151
24280	0	5.0622e-152
24290	0	2.5311e-152
24300	0	1.26555e-152
24310	0	6.32776e-153
24320	0	3.16388e-153
24330	0	1.58194e-153
24340	0	7.90969e-154
24350	0	3.95485e-154
24360	0	1.97742e-154
24370	0	9.88712e-155
24380	0	4.94356e-155
24390	0	2.47178e-155
24400	0	1.23589e-155
24410	0	6.17945e-156
24420	0	3.08972e-156
24430	0	1.54486e-156
24440	0	7.72431e-157
24450	0	3.86216e-157
24460	0	1.93108e-157
24470	0	9.65539e-158
24480	0	4.82769e-158
24490	0	2.41385e-158
24500	0	1.20692e-158
24510	0	6.03462e-159
24520	0	3.01731e-159
24530	0	1.50865e-159
24540	0	7.54327e-160
24550	0	3.77164e-160
24560	0	1.88582e-160
24570	0	9.42909e-161
24580	0	4.71455e-161
24590	0	2.35727e-161
24600	0	1.17864e-161
24610	0	5.89318e-162
24620	0	2.94659e-162
24630	0	1.4733e-162
24640	0	7.36648e-163
24650	0	3.68324e-163
24660	0	1.84162e-163
24670	0	9.2081e-164
24680	0	4.60405e-164
24690	0	2.30202e-164
24700	0	1.15101e-164
24710	0	5.75506e-165
24720	0	2.87753e-165
24730	0	1.43877e-165
24740	0	7.19383e-166
24750	0	3.59691e-166
24760	0	1.79846e-166
24770	0	8.99228e-167
24780	0	4.49614e-167
24790	0	2.24807e-167
24800	0	1.12404e-167
24810	0	5.62018e-168
24820	0	2.81009e-168
24830	0	1.40504e-168
24840	0	7.02522e-169
24850	0	3.51261e-169
24860	0	1.7563e-169
24870	0	8.78152e-170
24880	0	4.39076e-170
24890	0	2.19538e-170
24900	0	1.09769e-170
24910	0	5.48845e-171
24920	0	2.74423e-171
24930	0	1.37211e-171
24940	0	6.86057e-172
24950	0	3.43028e-172
24960	0	1.71514e-172
24970	0	8.57571e-173
24980	0	4.28785e-173
24990	0	2.14393e-173
25000	0	1.07196e-173
25010	0	5.35982e-174
25020	0	2.67991e-174
25030	0	1.33995e-174
25040	0	6.69977e-175
25050	0	3.34989e-175
25060	0	1.67494e-175
25070	0	8.37471e-176
25080	0	4.18736e-176
25090	0	2.09368e-176
25100	0	1.04684e-176
25110	0	5.2342e-177
25120	0	2.6171e-177
25130	0	1.30855e-177
25140	0	6.54275e-178
25150	0	3.27137e-178
25160	0	1.63569e-178
25170	0	8.17843e-179
25180	0	4.08922e-179
25190	0	2.04461e-179
25200	0	1.0223e-179
25210	0	5.11152e-180
25220	0	2.55576e-180
25230	0	1.27788e-180
25240	0	6.3894e-181
25250	0	3.1947e-181
25260	0	1.59735e-181
25270	0	7.98675e-182
25280	0	3.99338e-182
25290	0	1.99669e-182
25300	0	9.98344e-183
25310	0	4.99172e-183
25320	0	2.49586e-183
25330	0	1.24793e-183
25340	0	6.23965e-184
25350	0	3.11982e-184
25360	0	1.55991e-184
25370	0	7.79956e-185
25380	0	3.89978e-185
25390	0	1.94989e-185
25400	0	9.74945e-186
25410	0	4.87473e-186
25420	0	2.43736e-186
25430	0	1.21868e-186
25440	0	6.09341e-187
25450	0	3.0467e-187
25460	0	1.52335e-187
25470	0	7.61676e-188
25480	0	3.80838e-188
25490	0	1.90419e-188
25500	0	9.52095e-189
25510	0	4.76047e-189
25520	0	2.38024e-189
25530	0	1.19012e-189
25540	0	5.95059e-190
25550	0	2.9753e-190
25560	0	1.48765e-190
25570	0	7.43824e-191
25580	0	3.71912e-191
25590	0	1.85956e-191
25600	0	9.2978e-192
25610	0	4.6489e-192
25620	0	2.32445e-192
25630	0	1.16223e-192
25640	0	5.81113e-193
25650	0	2.90556e-193
25660	0	1.45278e-193
25670	0	7.26391e-194
25680	0	3.63195e-194
25690	0	1.81598e-194
25700	0	9.07988e-195
25710	0	4.53994e-195
25720	0	2.26997e-195
25730	0	1.13499e-195
25740	0	5.67493e-196
25750	0	2.83746e-196
25760	0	1.41873e-196
25770	0	7.09366e-197
25780	0	3.54683e-197
25790	0	1.77341e-197
25800	0	8.86707e-198
25810	0	4.43354e-198
25820	0	2.21677e-198
25830	0	1.10838e-198
25840	0	5.54192e-199
25850	0	2.77096e-199
25860	0	1.38548e-199
25870	0	6.9274e-200
25880	0	3.4637e-200
25890	0	1.73185e-200
25900	0	8.65925e-201
25910	0	4.32963e-201
25920	0	2.16481e-201
25930	0	1.08241e-201
25940	0	5.41203e-202
25950	0	2.70602e-202
25960	0	1.35301e-202
25970	0	6.76504e-203
25980	0	3.38252e-203
25990	0	1.69126e-203
26000	0	8.4563e-204
26010	0	4.22815e-204
26020	0	2.11408e-204
26030	0	1.05704e-204
26040	0	5.28519e-205
26050	0	2.64259e-205
26060	0	1.3213e-205
26070	0	6.60648e-206
26080	0	3.30324e-206
26090	0	1.65162e-206
26100	0	8.25811e-207
26110	0	4.12905e-207
26120	0	2.06453e-207
26130	0	1.03226e-207
26140	0	5.16132e-208
26150	0	2.58066e-208
26160	0	1.29033e-208
26170	0	6.45165e-209
26180	0	3.22582e-209
26190	0	1.61291e-209
26200	0	8.06456e-210
26210	0	4.03228e-210
26220	0	2.01614e-210
26230	0	1.00807e-210
26240	0	5.04035e-211
26250	0	2.52017e-211
26260	0	1.26009e-211
26270	0	6.30044e-212
26280	0	3.15022e-212
26290	0	1.57511e-212
26300	0	7.87554e-213
26310	0	3.93777e-213
26320	0	1.96889e-213
26330	0	9.84443e-214
26340	0	4.92221e-214
26350	0	2.46111e-214
26360	0	1.23055e-214
26370	0	6.15277e-215
26380	0	3.07638e-215
26390	0	1.53819e-215
26400	0	7.69096e-216
26410	0	3.84548e-216
26420	0	1.92274e-216
26430	0	9.6137e-217
26440	0	4.80685e-217
26450	0	2.40343e-217
26460	0	1.20171e-217
26470	0	6.00856e-218
26480	0	3.00428e-218
26490	0	1.50214e-218
26500	0	7.5107e-219
26510	0	3.75535e-219
26520	0	1.87768e-219
26530	0	9.38838e-220
26540	0	4.69419e-220
26550	0	2.34709e-220
26560	0	1.17355e-220
26570	0	5.86774e-221
26580	0	2.93387e-221
26590	0	1.46693e-221
26600	0	7.33467e-222
26610	0	3.66734e-222
26620	0	1.83367e-222
26630	0	9.16834e-223
26640	0	4.58417e-223
26650	0	2.29208e-223
26660	0	1.14604e-223
26670	0	5.73021e-224
26680	0	2.86511e-224
26690	0	1.43255e-224
26700	0	7.16277e-225
26710	0	3.58138e-225
26720	0	1.79069e-225
26730	0	8.95346e-226
26740	0	4.47673e-226
26750	0	2.23836e-226
26760	0	1.11918e-226
26770	0	5.59591e-227
26780	0	2.79796e-227
26790	0	1.39898e-227
26800	0	6.99489e-228
26810	0	3.49744e-228
26820	0	1.74872e-228
26830	0	8.74361e-229
26840	0	4.37181e-229
26850	0	2.1859e-229
26860	0	1.09295e-229
26870	0	5.46476e-230
26880	0	2.73238e-230
26890	0	1.36619e-230
26900	0	6.83095e-231
26910	0	3.41547e-231
26920	0	1.70774e-231
26930	0	8.53868e-232
26940	0	4.26934e-232
26950	0	2.13467e-232
26960	0	1.06734e-232
26970	0	5.33668e-233
26980	0	2.66834e-233
26990	0	1.33417e-233
27000	0	6.67085e-234
27010	0	3.33542e-234
27020	0	1.66771e-234
27030	0	8.33856e-235
27040	0	4.16928e-235
27050	0	2.08464e-235
27060	0	1.04232e-235
27070	0	5.2116e-236
27080	0	2.6058e-236
27090	0	1.3029e-236
27100	0	6.5145e-237
27110	0	3.25725e-237
27120	0	1.62862e-237
27130	0	8.14312e-238
27140	0	4.07156e-238
27150	0	2.03578e-238
27160	0	1.01789e-238
27170	0	5.08945e-239
27180	0	2.54473e-239
27190	0	1.27236e-239
27200	0	6.36181e-240
27210	0	3.18091e-240
27220	0	1.59045e-240
27230	0	7.95227e-241
27240	0	3.97613e-241
27250	0	1.98807e-241
27260	0	9.94033e-242
27270	0	4.97017e-242
27280	0	2.48508e-242
27290	0	1.24254e-242
27300	0	6.21271e-243
27310	0	3.10635e-243
27320	0	1.55318e-243
27330	0	7.76589e-244
27340	0	3.88294e-244
27350	0	1.94147e-244
27360	0	9.70736e-245
27370	0	4.85368e-245
27380	0	2.42684e-245
27390	0	1.21342e-245
27400	0	6.0671e-246
27410	0	3.03355e-246
27420	0	1.51677e-246
27430	0	7.58387e-247
27440	0	3.79194e-247
27450	0	1.89597e-247
27460	0	9.47984e-248
27470	0	4.73992e-248
27480	0	2.36996e-248
27490	0	1.18498e-248
27500	0	5.9249e-249
27510	0	2.96245e-249
27520	0	1.48123e-249
27530	0	7.40613e-250
27540	0	3.70306e-250
27550	0	1.85153e-250
27560	0	9.25766e-251
27570	0	4.62883e-251
27580	0	2.31441e-251
27590	0	1.15721e-251
27600	0	5.78604e-252
27610	0	2.89302e-252
27620	0	1.44651e-252
27630	0	7.23254e-253
27640	0	3.61627e-253
27650	0	1.80814e-253
27660	0	9.04068e-254
27670	0	4.52034e-254
27680	0	2.26017e-254
27690	0	1.13009e-254
27700	0	5.65043e-255
27710	0	2.82521e-255
27720	0	1.41261e-255
27730	0	7.06303e-256
27740	0	3.53152e-256
27750	0	1.76576e-256
27760	0	8.82879e-257
27770	0	4.41439e-257
27780	0	2.2072e-257
27790	0	1.1036e-257
27800	0	5.51799e-258
27810	0	2.759e-258
27820	0	1.3795e-258
27830	0	6.89749e-259
27840	0	3.44875e-259
27850	0	1.72437e-259
27860	0	8.62187e-260
27870	0	4.31093e-260
27880	0	2.15547e-260
27890	0	1.07773e-260
27900	0	5.38867e-261
27910	0	2.69433e-261
27920	0	1.34717e-261
27930	0	6.73583e-262
27940	0	3.36792e-262
27950	0	1.68396e-262
27960	0	8.41979e-263
27970	0	4.2099e-263
27980	0	2.10495e-263
27990	0	1.05247e-263
28000	0	5.26237e-264
28010	0	2.63118e-264
28020	0	1.31559e-264
28030	0	6.57796e-265
28040	0	3.28898e-265
28050	0	1.64449e-265
28060	0	8.22245e-266
28070	0	4.11123e-266
28080	0	2.05561e-266
28090	0	1.02781e-266
28100	0	5.13903e-267
28110	0	2.56952e-267
28120	0	1.28476e-267
28130	0	6.42379e-268
28140	0	3.2119e-268
28150	0	1.60595e-268
28160	0	8.02974e-269
28170	0	4.01487e-269
28180	0	2.00743e-269
28190	0	1.00372e-269
28200	0	5.01859e-270
28210	0	2.50929e-270
28220	0	1.25465e-270
28230	0	6.27323e-271
28240	0	3.13662e-271
28250	0	1.56831e-271
28260	0	7.84154e-272
28270	0	3.92077e-272
28280	0	1.96039e-272
28290	0	9.80193e-273
28300	0	4.90096e-273
28310	0	2.45048e-273
28320	0	1.22524e-273
28330	0	6.1262e-274
28340	0	3.0631e-274
28350	0	1.53155e-274
28360	0	7.65775e-275
28370	0	3.82888e-275
28380	0	1.91444e-275
28390	0	9.57219e-276
28400	0	4.7861e-276
28410	0	2.39305e-276
28420	0	1.19652e-276
28430	0	5.98262e-277
28440	0	2.99131e-277
28450	0	1.49566e-277
28460	0	7.47828e-278
28470	0	3.73914e-278
28480	0	1.86957e-278
28490	0	9.34784e-279
28500	0	4.67392e-279
28510	0	2.33696e-279
28520	0	1.16848e-279
28530	0	5.8424e-280
28540	0	2.9212e-280
28550	0	1.4606e-280
28560	0	7.303e-281
28570	0	3.6515e-281
28580	0	1.82575e-281
28590	0	9.12875e-282
28600	0	4.56438e-282
28610	0	2.28219e-282
28620	0	1.14109e-282
28630	0	5.70547e-283
28640	0	2.85274e-283
28650	0	1.42637e-283
28660	0	7.13184e-284
28670	0	3.56592e-284
28680	0	1.78296e-284
28690	0	8.9148e-285
28700	0	4.4574e-285
28710	0	2.2287e-285
28720	0	1.11435e-285
28730	0	5.57175e-286
28740	0	2.78587e-286
28750	0	1.39294e-286
28760	0	6.96469e-287
28770	0	3.48234e-287
28780	0	1.74117e-287
28790	0	8.70586e-288
28800	0	4.35293e-288
28810	0	2.17646e-288
28820	0	1.08823e-288
28830	0	5.44116e-289
28840	0	2.72058e-289
28850	0	1.36029e-289
28860	0	6.80145e-290
28870	0	3.40073e-290
28880	0	1.70036e-290
28890	0	8.50182e-291
28900	0	4.25091e-291
28910	0	2.12545e-291
28920	0	1.06273e-291
28930	0	5.31363e-292
28940	0	2.65682e-292
28950	0	1.32841e-292
28960	0	6.64204e-293
28970	0	3.32102e-293
28980	0	1.66051e-293
28990	0	8.30255e-294
29000	0	4.15128e-294
29010	0	2.07564e-294
29020	0	1.03782e-294
29030	0	5.1891e-295
29040	0	2.59455e-295
29050	0	1.29727e-295
29060	0	6.48637e-296
29070	0	3.24319e-296
29080	0	1.62159e-296
29090	0	8.10796e-297
29100	0	4.05398e-297
29110	0	2.02699e-297
29120	0	1.0135e-297
29130	0	5.06748e-298
29140	0	2.53374e-298
29150	0	1.26687e-298
29160	0	6.33435e-299
29170	0	3.16717e-299
29180	0	1.58359e-299
29190	0	7.91793e-300
29200	0	3.95897e-300
29210	0	1.97948e-300
29220	0	9.89742e-301
29230	0	4.94871e-301
29240	0	2.47435e-301
29250	0	1.23718e-301
29260	0	6.18588e-302
29270	0	3.09294e-302
29280	0	1.54647e-302
29290	0	7.73236e-303
29300	0	3.86618e-303
29310	0	1.93309e-303
29320	0	9.66545e-304
29330	0	4.83272e-304
29340	0	2.41636e-304
29350	0	1.20818e-304
29360	0	6.0409e-305
29370	0	3.02045e-305
29380	0	1.51023e-305
29390	0	7.55113e-306
29400	0	3.77556e-306
29410	0	1.88778e-306
29420	0	9.43891e-307
29430	0	4.71946e-307
29440	0	2.35973e-307
29450	0	1.17986e-307
29460	0	5.89932e-308
29470	0	2.94966e-308
29480	0	1.47483e-308
29490	0	7.37415e-309
29500	0	3.68707e-309
29510	0	1.84354e-309
29520	0	9.21769e-310
29530	0	4.60884e-310
29540	0	2.30442e-310
29550	0	1.15221e-310
29560	0	5.76105e-311
29570	0	2.88053e-311
29580	0	1.44026e-311
29590	0	7.20132e-312
29600	0	3.60066e-312
29610	0	1.80033e-312
29620	0	9.00165e-313
29630	0	4.50082e-313
29640	0	2.25041e-313
29650	0	1.12521e-313
29660	0	5.62603e-314
29670	0	2.81301e-314
29680	0	1.40651e-314
29690	0	7.03254e-315
29700	0	3.51627e-315
29710	0	1.75813e-315
29720	0	8.79067e-316
29730	0	4.39534e-316
29740	0	2.19767e-316
29750	0	1.09883e-316
29760	0	5.49417e-317
29770	0	2.74709e-317
29780	0	1.37354e-317
29790	0	6.86771e-318
29800	0	3.43386e-318
29810	0	1.71693e-318
29820	0	8.58464e-319
29830	0	4.29234e-319
29840	0	2.14617e-319
29850	0	1.07311e-319
29860	0	5.36555e-320
29870	0	2.68278e-320
29880	0	1.34139e-320
29890	0	6.70941e-321
29900	0	3.35471e-321
29910	0	1.67982e-321
29920	0	8.39912e-322
29930	0	4.19956e-322
29940	0	2.07508e-322
29950	0	1.03754e-322
29960	0	4.94066e-323
29970	0	2.47033e-323
29980	0	9.88131e-324
29990	0	4.94066e-324
30000	0	0
