0	0
10	0
20	0.00362449
30	0.00906135
40	0.0154048
50	0.0222023
60	0.0292281
70	0.0363694
80	0.0435704
90	0.0508037
100	0.0580557
110	0.0653201
120	0.0725943
130	0.0798772
140	0.0871687
150	0.0944692
160	0.101779
170	0.109099
180	0.116431
190	0.123773
200	0.131129
210	0.138497
220	0.14588
230	0.153278
240	0.160692
250	0.168122
260	0.175569
270	0.183035
280	0.19052
290	0.198025
300	0.205551
310	0.213099
320	0.220669
330	0.228263
340	0.235881
350	0.243525
360	0.251195
370	0.258892
380	0.266618
390	0.274372
400	0.282157
410	0.289973
420	0.297821
430	0.305702
440	0.313617
450	0.321568
460	0.329555
470	0.337579
480	0.345642
490	0.353745
500	0.361888
510	0.370073
520	0.378301
530	0.386574
540	0.394892
550	0.403256
560	0.411669
570	0.420131
580	0.428644
590	0.437208
600	0.445826
610	0.454498
620	0.463227
630	0.472013
640	0.480858
650	0.489764
660	0.498732
670	0.507763
680	0.51686
690	0.526023
700	0.535255
710	0.544558
720	0.553932
730	0.563381
740	0.572905
750	0.582507
760	0.592188
770	0.601951
780	0.611797
790	0.621729
800	0.631748
810	0.641858
820	0.65206
830	0.662356
840	0.67275
850	0.683242
860	0.693837
870	0.704536
880	0.715342
890	0.726257
900	0.737285
910	0.748429
920	0.759691
930	0.771074
940	0.782582
950	0.794217
960	0.805984
970	0.817885
980	0.829924
990	0.842105
1000	0.854431
1010	0.866906
1020	0.879534
1030	0.89232
1040	0.905268
1050	0.918381
1060	0.931666
1070	0.945125
1080	0.958764
1090	0.972589
1100	0.986604
1110	1.00081
1120	1.01523
1130	1.02984
1140	1.04468
1150	1.05973
1160	1.075
1170	1.09051
1180	1.10626
1190	1.12225
1200	1.1385
1210	1.15501
1220	1.17179
1230	1.18884
1240	1.20618
1250	1.22382
1260	1.24177
1270	1.26002
1280	1.2786
1290	1.29752
1300	1.31678
1310	1.33641
1320	1.3564
1330	1.37677
1340	1.39754
1350	1.41872
1360	1.44032
1370	1.46236
1380	1.48486
1390	1.50782
1400	1.53128
1410	1.55524
1420	1.57972
1430	1.60475
1440	1.63035
1450	1.65653
1460	1.68332
1470	1.71075
1480	1.73883
1490	1.76761
1500	1.7971
1510	1.82733
1520	1.85834
1530	1.89016
1540	1.92283
1550	1.95638
1560	1.99085
1570	2.02628
1580	2.06272
1590	2.10021
1600	2.13881
1610	2.17857
1620	2.21954
1630	2.26178
1640	2.30537
1650	2.35035
1660	2.39682
1670	2.44485
1680	2.49452
1690	2.54592
1700	2.59915
1710	2.65431
1720	2.71152
1730	2.77089
1740	2.83255
1750	2.89665
1760	2.96334
1770	3.03278
1780	3.10515
1790	3.18064
1800	3.25948
1810	3.34188
1820	3.42811
1830	3.51844
1840	3.61317
1850	3.71265
1860	3.81724
1870	3.92736
1880	4.04345
1890	4.16603
1900	4.29566
1910	4.43297
1920	4.57867
1930	4.73356
1940	4.89853
1950	5.07461
1960	5.26295
1970	5.4649
1980	5.68196
1990	5.91591
2000	6.16879
2010	6.44297
2020	6.74125
2030	7.06693
2040	7.42393
2050	7.81695
2060	8.25167
2070	8.73501
2080	9.27549
2090	9.88372
2100	10.573
2110	11.3605
2120	12.2682
2130	13.3253
2140	14.5709
2150	16.0589
2160	17.8649
2170	20.0988
2180	22.9255
2190	26.6028
2200	31.5523
2210	38.5027
2220	48.7869
2230	64.9491
2240	91.5538
2250	132.021
2260	167.137
2270	172.161
2280	162.607
2290	153.114
2300	148.619
2310	149.09
2320	152.346
2330	155.77
2340	157.79
2350	158.364
2360	158.275
2370	158.268
2380	158.669
2390	159.423
2400	160.314
2410	161.156
2420	161.88
2430	162.517
2440	163.131
2450	163.767
2460	164.435
2470	165.123
2480	165.813
2490	166.495
2500	167.169
2510	167.839
2520	168.509
2530	169.182
2540	169.857
2550	170.532
2560	171.207
2570	171.882
2580	172.556
2590	173.229
2600	173.903
2610	174.578
2620	175.252
2630	175.926
2640	176.601
2650	177.275
2660	177.949
2670	178.623
2680	179.297
2690	179.972
2700	180.646
2710	181.32
2720	181.994
2730	182.669
2740	183.343
2750	184.017
2760	184.691
2770	185.366
2780	186.04
2790	186.714
2800	187.388
2810	188.063
2820	188.737
2830	189.411
2840	190.086
2850	190.76
2860	191.434
2870	192.108
2880	192.783
2890	193.457
2900	194.131
2910	194.805
2920	195.48
2930	196.154
2940	196.828
2950	197.503
2960	198.177
2970	198.851
2980	199.525
2990	200.2
3000	200.874
3010	201.211
3020	201.38
3030	201.464
3040	201.506
3050	201.527
3060	201.538
3070	201.543
3080	201.546
3090	201.547
3100	201.548
3110	201.548
3120	201.548
3130	201.548
3140	201.549
3150	201.549
3160	201.549
3170	201.549
3180	201.549
3190	201.549
3200	201.549
3210	201.549
3220	201.549
3230	201.549
3240	201.549
3250	201.549
3260	201.549
3270	201.549
3280	201.549
3290	201.549
3300	201.549
3310	201.549
3320	201.549
3330	201.549
3340	201.549
3350	201.549
3360	201.549
3370	201.549
3380	201.549
3390	201.549
3400	201.549
3410	201.549
3420	201.549
3430	201.549
3440	201.549
3450	201.549
3460	201.549
3470	201.549
3480	201.549
3490	201.549
3500	201.549
3510	201.549
3520	201.549
3530	201.549
3540	201.549
3550	201.549
3560	201.549
3570	201.549
3580	201.549
3590	201.549
3600	201.549
3610	201.549
3620	201.549
3630	201.549
3640	201.549
3650	201.549
3660	201.549
3670	201.549
3680	201.549
3690	201.549
3700	201.549
3710	201.549
3720	201.549
3730	201.549
3740	201.549
3750	201.549
3760	201.549
3770	201.549
3780	201.549
3790	201.549
3800	201.549
3810	201.549
3820	201.549
3830	201.549
3840	201.549
3850	201.549
3860	201.549
3870	201.549
3880	201.549
3890	201.549
3900	201.549
3910	201.549
3920	201.549
3930	201.549
3940	201.549
3950	201.549
3960	201.549
3970	201.549
3980	201.549
3990	201.549
4000	201.549
4010	201.549
4020	201.549
4030	201.549
4040	201.549
4050	201.549
4060	201.549
4070	201.549
4080	201.549
4090	201.549
4100	201.549
4110	201.549
4120	201.549
4130	201.549
4140	201.549
4150	201.549
4160	201.549
4170	201.549
4180	201.549
4190	201.549
4200	201.549
4210	201.549
4220	201.549
4230	201.549
4240	201.549
4250	201.549
4260	201.549
4270	201.549
4280	201.549
4290	201.549
4300	201.549
4310	201.549
4320	201.549
4330	201.549
4340	201.549
4350	201.549
4360	201.549
4370	201.549
4380	201.549
4390	201.549
4400	201.549
4410	201.549
4420	201.549
4430	201.549
4440	201.549
4450	201.549
4460	201.549
4470	201.549
4480	201.549
4490	201.549
4500	201.549
4510	201.549
4520	201.549
4530	201.549
4540	201.549
4550	201.549
4560	201.549
4570	201.549
4580	201.549
4590	201.549
4600	201.549
4610	201.549
4620	201.549
4630	201.549
4640	201.549
4650	201.549
4660	201.549
4670	201.549
4680	201.549
4690	201.549
4700	201.549
4710	201.549
4720	201.549
4730	201.549
4740	201.549
4750	201.549
4760	201.549
4770	201.549
4780	201.549
4790	201.549
4800	201.549
4810	201.549
4820	201.549
4830	201.549
4840	201.549
4850	201.549
4860	201.549
4870	201.549
4880	201.549
4890	201.549
4900	201.549
4910	201.549
4920	201.549
4930	201.549
4940	201.549
4950	201.549
4960	201.549
4970	201.549
4980	201.549
4990	201.549
5000	201.549
5010	201.549
5020	201.549
5030	201.549
5040	201.549
5050	201.549
5060	201.549
5070	201.549
5080	201.549
5090	201.549
5100	201.549
5110	201.549
5120	201.549
5130	201.549
5140	201.549
5150	201.549
5160	201.549
5170	201.549
5180	201.549
5190	201.549
5200	201.549
5210	201.549
5220	201.549
5230	201.549
5240	201.549
5250	201.549
5260	201.549
5270	201.549
5280	201.549
5290	201.549
5300	201.549
5310	201.549
5320	201.549
5330	201.549
5340	201.549
5350	201.549
5360	201.549
5370	201.549
5380	201.549
5390	201.549
5400	201.549
5410	201.549
5420	201.549
5430	201.549
5440	201.549
5450	201.549
5460	201.549
5470	201.549
5480	201.549
5490	201.549
5500	201.549
5510	201.549
5520	201.549
5530	201.549
5540	201.549
5550	201.549
5560	201.549
5570	201.549
5580	201.549
5590	201.549
5600	201.549
5610	201.549
5620	201.549
5630	201.549
5640	201.549
5650	201.549
5660	201.549
5670	201.549
5680	201.549
5690	201.549
5700	201.549
5710	201.549
5720	201.549
5730	201.549
5740	201.549
5750	201.549
5760	201.549
5770	201.549
5780	201.549
5790	201.549
5800	201.549
5810	201.549
5820	201.549
5830	201.549
5840	201.549
5850	201.549
5860	201.549
5870	201.549
5880	201.549
5890	201.549
5900	201.549
5910	201.549
5920	201.549
5930	201.549
5940	201.549
5950	201.549
5960	201.549
5970	201.549
5980	201.549
5990	201.549
6000	201.549
6010	201.549
6020	201.549
6030	201.549
6040	201.549
6050	201.549
6060	201.549
6070	201.549
6080	201.549
6090	201.549
6100	201.549
6110	201.549
6120	201.549
6130	201.549
6140	201.549
6150	201.549
6160	201.549
6170	201.549
6180	201.549
6190	201.549
6200	201.549
6210	201.549
6220	201.549
6230	201.549
6240	201.549
6250	201.549
6260	201.549
6270	201.549
6280	201.549
6290	201.549
6300	201.549
6310	201.549
6320	201.549
6330	201.549
6340	201.549
6350	201.549
6360	201.549
6370	201.549
6380	201.549
6390	201.549
6400	201.549
6410	201.549
6420	201.549
6430	201.549
6440	201.549
6450	201.549
6460	201.549
6470	201.549
6480	201.549
6490	201.549
6500	201.549
6510	201.549
6520	201.549
6530	201.549
6540	201.549
6550	201.549
6560	201.549
6570	201.549
6580	201.549
6590	201.549
6600	201.549
6610	201.549
6620	201.549
6630	201.549
6640	201.549
6650	201.549
6660	201.549
6670	201.549
6680	201.549
6690	201.549
6700	201.549
6710	201.549
6720	201.549
6730	201.549
6740	215.759
6750	202.413
6760	163.502
6770	128.428
6780	128.553
6790	142.399
6800	153.085
6810	156.097
6820	153.423
6830	149.729
6840	148.416
6850	149.552
6860	151.444
6870	152.757
6880	153.216
6890	153.261
6900	153.401
6910	153.83
6920	154.446
6930	155.066
6940	155.595
6950	156.05
6960	156.489
6970	156.955
6980	157.449
6990	157.953
7000	158.45
7010	158.937
7020	159.418
7030	159.902
7040	160.389
7050	160.878
7060	161.367
7070	161.855
7080	162.341
7090	162.828
7100	163.315
7110	163.803
7120	164.29
7130	164.778
7140	165.265
7150	165.752
7160	166.24
7170	166.727
7180	167.215
7190	167.702
7200	168.189
7210	168.677
7220	169.164
7230	169.651
7240	170.138
7250	170.626
7260	171.113
7270	171.6
7280	172.088
7290	172.575
7300	173.062
7310	173.55
7320	174.037
7330	174.524
7340	175.012
7350	175.499
7360	175.986
7370	176.474
7380	176.961
7390	177.448
7400	177.935
7410	178.423
7420	178.91
7430	179.397
7440	179.885
7450	180.372
7460	180.859
7470	181.347
7480	181.834
7490	182.321
7500	182.808
7510	183.296
7520	183.783
7530	184.27
7540	184.757
7550	185.245
7560	185.732
7570	186.219
7580	186.707
7590	187.194
7600	187.681
7610	188.168
7620	188.656
7630	189.143
7640	189.63
7650	190.117
7660	190.605
7670	191.092
7680	191.579
7690	192.066
7700	192.554
7710	193.041
7720	193.528
7730	194.015
7740	194.503
7750	194.99
7760	195.477
7770	195.964
7780	196.451
7790	196.939
7800	197.426
7810	197.913
7820	198.4
7830	198.887
7840	199.375
7850	199.862
7860	200.349
7870	200.836
7880	201.324
7890	201.811
7900	202.298
7910	202.785
7920	203.272
7930	203.759
7940	204.247
7950	204.734
7960	205.221
7970	205.708
7980	206.195
7990	206.683
8000	207.17
8010	207.657
8020	208.144
8030	208.631
8040	209.118
8050	209.605
8060	210.093
8070	210.58
8080	211.067
8090	211.554
8100	212.041
8110	212.528
8120	213.015
8130	213.503
8140	213.99
8150	214.477
8160	214.964
8170	215.451
8180	215.938
8190	216.425
8200	216.912
8210	217.399
8220	217.887
8230	218.374
8240	218.861
8250	219.348
8260	219.835
8270	220.322
8280	220.809
8290	221.296
8300	221.783
8310	222.27
8320	222.757
8330	223.244
8340	223.732
8350	224.219
8360	224.706
8370	225.193
8380	225.68
8390	226.167
8400	226.654
8410	227.141
8420	227.628
8430	228.115
8440	228.602
8450	229.089
8460	229.576
8470	230.063
8480	230.55
8490	231.037
8500	231.524
8510	232.011
8520	232.498
8530	232.985
8540	233.472
8550	233.959
8560	234.446
8570	234.933
8580	235.42
8590	235.907
8600	236.394
8610	236.88
8620	237.367
8630	237.854
8640	238.341
8650	238.828
8660	239.315
8670	239.802
8680	240.289
8690	240.776
8700	241.263
8710	241.75
8720	242.236
8730	242.723
8740	242.967
8750	243.088
8760	243.149
8770	243.18
8780	243.195
8790	243.202
8800	243.206
8810	243.208
8820	243.209
8830	243.21
8840	243.21
8850	243.21
8860	243.21
8870	243.21
8880	243.21
8890	243.21
8900	243.21
8910	243.21
8920	243.21
8930	243.21
8940	243.21
8950	243.21
8960	243.21
8970	243.21
8980	243.21
8990	243.21
9000	243.21
9010	243.21
9020	243.21
9030	243.21
9040	243.21
9050	243.21
9060	243.21
9070	243.21
9080	243.21
9090	243.21
9100	243.21
9110	243.21
9120	243.21
9130	243.21
9140	243.21
9150	243.21
9160	243.21
9170	243.21
9180	243.21
9190	243.21
9200	243.21
9210	243.21
9220	243.21
9230	243.21
9240	243.21
9250	243.21
9260	243.21
9270	243.21
9280	243.21
9290	243.21
9300	243.21
9310	243.21
9320	243.21
9330	243.21
9340	243.21
9350	243.21
9360	243.21
9370	243.21
9380	243.21
9390	243.21
9400	243.21
9410	243.21
9420	243.21
9430	243.21
9440	243.21
9450	243.21
9460	243.21
9470	243.21
9480	243.21
9490	243.21
9500	243.21
9510	243.21
9520	243.21
9530	243.21
9540	243.21
9550	243.21
9560	243.21
9570	243.21
9580	243.21
9590	243.21
9600	243.21
9610	243.21
9620	243.21
9630	243.21
9640	243.21
9650	243.21
9660	243.21
9670	243.21
9680	243.21
9690	243.21
9700	243.21
9710	243.21
9720	243.21
9730	243.21
9740	243.21
9750	243.21
9760	243.21
9770	243.21
9780	243.21
9790	243.21
9800	243.21
9810	243.21
9820	243.21
9830	243.21
9840	243.21
9850	243.21
9860	243.21
9870	243.21
9880	243.21
9890	243.21
9900	243.21
9910	243.21
9920	243.21
9930	243.21
9940	243.21
9950	243.21
9960	243.21
9970	243.21
9980	243.21
9990	243.21
10000	243.21
10010	243.21
10020	243.21
10030	243.21
10040	243.21
10050	243.21
10060	243.21
10070	243.21
10080	243.21
10090	243.21
10100	243.21
10110	243.21
10120	243.21
10130	243.21
10140	243.21
10150	243.21
10160	243.21
10170	243.21
10180	243.21
10190	243.21
10200	243.21
10210	243.21
10220	243.21
10230	243.21
10240	243.21
10250	243.21
10260	243.21
10270	243.21
10280	243.21
10290	279.233
10300	303.524
10310	297.873
10320	284.719
10330	278.316
10340	280.298
10350	285.225
10360	287.556
10370	286.625
10380	284.857
10390	284.111
10400	284.491
10410	285.133
10420	285.38
10430	285.223
10440	284.993
10450	284.913
10460	284.976
10470	285.059
10480	285.084
10490	285.059
10500	285.03
10510	285.022
10520	285.032
10530	285.042
10540	285.044
10550	285.041
10560	285.037
10570	285.036
10580	285.038
10590	285.039
10600	285.039
10610	285.039
10620	285.038
10630	285.038
10640	285.038
10650	285.038
10660	285.038
10670	285.038
10680	285.038
10690	285.038
10700	285.038
10710	285.038
10720	285.038
10730	285.038
10740	285.038
10750	285.038
10760	285.038
10770	285.038
10780	285.038
10790	285.038
10800	285.038
10810	285.038
10820	285.038
10830	285.038
10840	285.038
10850	285.038
10860	285.038
10870	285.038
10880	285.038
10890	285.038
10900	285.038
10910	285.038
10920	285.038
10930	285.038
10940	285.038
10950	285.038
10960	285.038
10970	285.038
10980	285.038
10990	285.038
11000	285.038
11010	285.038
11020	285.038
11030	285.038
11040	285.038
11050	285.038
11060	285.038
11070	285.038
11080	285.038
11090	285.038
11100	285.038
11110	285.038
11120	285.038
11130	285.038
11140	285.038
11150	285.038
11160	285.038
11170	285.038
11180	285.038
11190	285.038
11200	285.038
11210	285.038
11220	285.038
11230	285.038
11240	285.038
11250	285.038
11260	285.038
11270	285.038
11280	285.038
11290	285.038
11300	285.038
11310	285.038
11320	285.038
11330	285.038
11340	285.038
11350	285.038
11360	285.038
11370	285.038
11380	285.038
11390	285.038
11400	285.038
11410	285.038
11420	285.038
11430	285.038
11440	285.038
11450	285.038
11460	285.038
11470	285.038
11480	285.038
11490	285.038
11500	285.038
11510	285.038
11520	285.038
11530	285.038
11540	285.038
11550	285.038
11560	285.038
11570	285.038
11580	285.038
11590	285.038
11600	285.038
11610	285.038
11620	285.038
11630	285.038
11640	285.038
11650	285.038
11660	285.038
11670	285.038
11680	285.038
11690	285.038
11700	285.038
11710	285.038
11720	285.038
11730	285.038
11740	285.038
11750	285.038
11760	285.038
11770	285.038
11780	285.038
11790	285.038
11800	285.038
11810	285.038
11820	285.038
11830	285.038
11840	285.038
11850	285.038
11860	285.038
11870	285.038
11880	285.038
11890	285.038
11900	285.038
11910	285.038
11920	285.038
11930	285.038
11940	285.038
11950	285.038
11960	285.038
11970	285.038
11980	285.038
11990	285.038
12000	285.038
12010	285.038
12020	285.038
12030	285.038
12040	285.038
12050	285.038
12060	285.038
12070	285.038
12080	285.038
12090	285.038
12100	285.038
12110	285.038
12120	285.038
12130	285.038
12140	285.038
12150	285.038
12160	285.038
12170	285.038
12180	285.038
12190	285.038
12200	285.038
12210	285.038
12220	285.038
12230	285.038
12240	285.038
12250	285.038
12260	285.038
12270	285.038
12280	285.038
12290	325.73
12300	291.828
12310	212.25
12320	214.651
12330	246.002
12340	259.001
12350	249.309
12360	237.089
12370	237.951
12380	243.911
12390	245.948
12400	243.782
12410	241.85
12420	242.186
12430	243.269
12440	243.54
12450	243.105
12460	242.795
12470	242.889
12480	243.081
12490	243.111
12500	243.027
12510	242.978
12520	243.001
12530	243.034
12540	243.036
12550	243.02
12560	243.013
12570	243.018
12580	243.024
12590	243.023
12600	243.02
12610	243.019
12620	243.02
12630	243.021
12640	243.021
12650	243.021
12660	243.021
12670	243.021
12680	243.021
12690	243.021
12700	243.021
12710	243.021
12720	243.021
12730	243.021
12740	243.021
12750	243.021
12760	243.021
12770	243.021
12780	243.021
12790	243.021
12800	243.021
12810	243.021
12820	243.021
12830	243.021
12840	243.021
12850	243.021
12860	243.021
12870	243.021
12880	243.021
12890	243.021
12900	243.021
12910	243.021
12920	243.021
12930	243.021
12940	243.021
12950	243.021
12960	243.021
12970	243.021
12980	243.021
12990	243.021
13000	243.021
13010	243.021
13020	243.021
13030	243.021
13040	243.021
13050	243.021
13060	243.021
13070	243.021
13080	243.021
13090	243.021
13100	243.021
13110	243.021
13120	243.021
13130	243.021
13140	243.021
13150	243.021
13160	243.021
13170	243.021
13180	243.021
13190	243.021
13200	243.021
13210	243.021
13220	243.021
13230	243.021
13240	243.021
13250	243.021
13260	243.021
13270	243.021
13280	243.021
13290	243.021
13300	243.021
13310	243.021
13320	243.021
13330	243.021
13340	243.021
13350	243.021
13360	243.021
13370	243.021
13380	243.021
13390	243.021
13400	243.021
13410	243.021
13420	243.021
13430	243.021
13440	243.021
13450	243.021
13460	243.021
13470	243.021
13480	243.021
13490	243.021
13500	243.021
13510	243.021
13520	243.021
13530	243.021
13540	243.021
13550	243.021
13560	243.021
13570	243.021
13580	243.021
13590	243.021
13600	243.021
13610	243.021
13620	243.021
13630	243.021
13640	243.021
13650	243.021
13660	243.021
13670	243.021
13680	243.021
13690	243.021
13700	243.021
13710	243.021
13720	243.021
13730	243.021
13740	243.021
13750	243.021
13760	243.021
13770	243.021
13780	243.021
13790	243.021
13800	243.021
13810	243.021
13820	243.021
13830	243.021
13840	243.021
13850	243.021
13860	243.021
13870	243.021
13880	243.021
13890	243.021
13900	243.021
13910	243.021
13920	243.021
13930	243.021
13940	243.021
13950	243.021
13960	243.021
13970	243.021
13980	243.021
13990	243.021
14000	243.021
14010	243.021
14020	243.021
14030	243.021
14040	243.021
14050	243.021
14060	243.021
14070	243.021
14080	243.021
14090	243.021
14100	243.021
14110	243.021
14120	243.021
14130	243.021
14140	243.021
14150	243.021
14160	243.021
14170	243.021
14180	243.021
14190	243.021
14200	243.021
14210	243.021
14220	243.021
14230	243.021
14240	243.021
14250	243.021
14260	243.021
14270	243.021
14280	243.021
14290	243.021
14300	243.021
14310	243.021
14320	243.021
14330	243.021
14340	243.021
14350	243.021
14360	243.021
14370	243.021
14380	243.021
14390	243.021
14400	243.021
14410	243.021
14420	243.021
14430	243.021
14440	243.021
14450	243.021
14460	243.021
14470	243.021
14480	243.021
14490	243.021
14500	243.021
14510	243.021
14520	243.021
14530	243.021
14540	243.021
14550	243.021
14560	243.021
14570	243.021
14580	243.021
14590	243.021
14600	243.021
14610	243.021
14620	243.021
14630	243.021
14640	243.021
14650	243.021
14660	243.021
14670	243.021
14680	243.021
14690	243.021
14700	243.021
14710	243.021
14720	243.021
14730	243.021
14740	243.021
14750	243.021
14760	243.021
14770	243.021
14780	243.021
14790	243.021
14800	243.021
14810	243.021
14820	243.021
14830	243.021
14840	243.021
14850	243.021
14860	243.021
14870	243.021
14880	243.021
14890	243.021
14900	243.021
14910	243.021
14920	243.021
14930	243.021
14940	243.021
14950	243.021
14960	243.021
14970	243.021
14980	243.021
14990	243.021
15000	243.021
15010	243.021
15020	243.021
15030	243.021
15040	243.021
15050	243.021
15060	243.021
15070	243.021
15080	243.021
15090	243.021
15100	243.021
15110	243.021
15120	243.021
15130	243.021
15140	243.021
15150	243.021
15160	243.021
15170	243.021
15180	243.021
15190	243.021
15200	243.021
15210	243.021
15220	243.021
15230	243.021
15240	243.021
15250	243.021
15260	243.021
15270	243.021
15280	243.021
15290	243.021
15300	243.021
15310	243.021
15320	243.021
15330	243.021
15340	243.021
15350	243.021
15360	243.021
15370	243.021
15380	243.021
15390	243.021
15400	243.021
15410	243.021
15420	243.021
15430	243.021
15440	243.021
15450	243.021
15460	243.021
15470	243.021
15480	243.021
15490	243.021
15500	243.021
15510	243.021
15520	243.021
15530	243.021
15540	243.021
15550	243.021
15560	243.021
15570	243.021
15580	243.021
15590	243.021
15600	243.021
15610	243.021
15620	243.021
15630	243.021
15640	243.021
15650	243.021
15660	243.021
15670	243.021
15680	243.021
15690	243.021
15700	243.021
15710	243.021
15720	243.021
15730	243.021
15740	243.021
15750	243.021
15760	243.021
15770	243.021
15780	243.021
15790	243.021
15800	243.021
15810	243.021
15820	243.021
15830	243.021
15840	243.021
15850	243.021
15860	243.021
15870	243.021
15880	243.021
15890	243.021
15900	243.021
15910	243.021
15920	243.021
15930	243.021
15940	243.021
15950	243.021
15960	243.021
15970	243.021
15980	243.021
15990	243.021
16000	243.021
16010	243.021
16020	243.021
16030	243.021
16040	243.021
16050	243.021
16060	243.021
16070	243.021
16080	243.021
16090	243.021
16100	243.021
16110	243.021
16120	243.021
16130	243.021
16140	243.021
16150	243.021
16160	243.021
16170	243.021
16180	243.021
16190	243.021
16200	243.021
16210	243.021
16220	243.021
16230	243.021
16240	243.021
16250	243.021
16260	243.021
16270	243.021
16280	243.021
16290	243.021
16300	243.021
16310	243.021
16320	243.021
16330	243.021
16340	243.021
16350	243.021
16360	243.021
16370	243.021
16380	243.021
16390	243.021
16400	243.021
16410	243.021
16420	243.021
16430	243.021
16440	243.021
16450	243.021
16460	243.021
16470	243.021
16480	243.021
16490	243.021
16500	243.021
16510	243.021
16520	243.021
16530	243.021
16540	243.021
16550	243.021
16560	243.021
16570	243.021
16580	243.021
16590	243.021
16600	243.021
16610	243.021
16620	243.021
16630	243.021
16640	243.021
16650	243.021
16660	243.021
16670	243.021
16680	243.021
16690	243.021
16700	243.021
16710	243.021
16720	243.021
16730	243.021
16740	243.021
16750	243.021
16760	243.021
16770	243.021
16780	243.021
16790	243.021
16800	243.021
16810	243.021
16820	243.021
16830	243.021
16840	243.021
16850	243.021
16860	243.021
16870	243.021
16880	243.021
16890	243.021
16900	243.021
16910	243.021
16920	243.021
16930	243.021
16940	243.021
16950	243.021
16960	243.021
16970	243.021
16980	243.021
16990	243.021
17000	243.021
17010	243.021
17020	243.021
17030	243.021
17040	243.021
17050	243.021
17060	243.021
17070	243.021
17080	243.021
17090	243.021
17100	243.021
17110	243.021
17120	243.021
17130	243.021
17140	243.021
17150	243.021
17160	243.021
17170	243.021
17180	243.021
17190	243.021
17200	243.021
17210	243.021
17220	243.021
17230	243.021
17240	243.021
17250	243.021
17260	243.021
17270	243.021
17280	243.021
17290	243.021
17300	243.021
17310	243.021
17320	243.021
17330	243.021
17340	243.021
17350	243.021
17360	243.021
17370	243.021
17380	243.021
17390	243.021
17400	243.021
17410	243.021
17420	243.021
17430	243.021
17440	243.021
17450	243.021
17460	243.021
17470	243.021
17480	243.021
17490	243.021
17500	243.021
17510	243.021
17520	243.021
17530	243.021
17540	243.021
17550	243.021
17560	243.021
17570	243.021
17580	243.021
17590	243.021
17600	243.021
17610	243.021
17620	243.021
17630	243.021
17640	243.021
17650	243.021
17660	243.021
17670	243.021
17680	243.021
17690	243.021
17700	243.021
17710	243.021
17720	243.021
17730	243.021
17740	243.021
17750	243.021
17760	243.021
17770	243.021
17780	243.021
17790	243.021
17800	243.021
17810	243.021
17820	243.021
17830	243.021
17840	243.021
17850	243.021
17860	243.021
17870	243.021
17880	243.021
17890	241.803
17900	239.98
17910	237.856
17920	235.58
17930	234.445
17940	232.659
17950	230.55
17960	228.282
17970	225.935
17980	223.547
17990	222.356
18000	220.542
18010	218.419
18020	216.144
18030	213.794
18040	211.404
18050	210.212
18060	208.398
18070	206.275
18080	203.999
18090	201.648
18100	200.477
18110	198.673
18120	196.554
18130	194.28
18140	191.93
18150	190.759
18160	188.956
18170	186.837
18180	184.563
18190	182.212
18200	181.042
18210	179.239
18220	177.12
18230	174.845
18240	172.494
18250	171.324
18260	169.521
18270	167.402
18280	165.127
18290	162.776
18300	161.605
18310	159.802
18320	157.684
18330	155.408
18340	154.276
18350	152.493
18360	150.384
18370	148.114
18380	146.984
18390	145.202
18400	143.093
18410	140.823
18420	139.693
18430	137.911
18440	135.803
18450	133.533
18460	132.403
18470	130.62
18480	128.512
18490	126.241
18500	125.111
18510	123.329
18520	121.22
18530	120.17
18540	118.426
18550	116.337
18560	114.077
18570	112.952
18580	111.172
18590	109.064
18600	108.014
18610	106.271
18620	104.181
18630	101.92
18640	100.794
18650	99.0141
18660	96.9059
18670	95.8561
18680	94.1125
18690	92.0222
18700	90.9816
18710	89.2426
18720	87.1547
18730	86.1154
18740	84.3769
18750	83.5115
18760	81.8588
18770	79.8131
18780	78.7948
18790	77.0664
18800	74.9832
18810	73.9467
18820	72.209
18830	71.3443
18840	69.6914
18850	67.6447
18860	66.626
18870	64.8965
18880	64.0361
18890	62.3849
18900	61.5632
18910	59.9309
18920	57.8935
18930	56.8796
18940	55.1517
18950	54.2923
18960	52.6409
18970	51.8193
18980	50.186
18990	49.3733
19000	47.744
19010	46.9333
19020	45.3047
19030	44.4945
19040	42.8658
19050	42.0555
19060	40.4264
19070	39.6159
19080	37.9863
19090	37.1756
19100	36.7741
19110	35.3476
19120	34.6378
19130	33.0567
19140	32.2698
19150	30.6499
19160	29.8438
19170	29.4445
19180	28.0173
19190	27.3072
19200	26.9555
19210	25.5509
19220	24.8518
19230	24.5054
19240	23.1024
19250	22.404
19260	22.0579
19270	20.6539
19280	19.9549
19290	9.97745
19300	4.98873
19310	2.49436
19320	1.24718
19330	0.623591
19340	0.311795
19350	0.155898
19360	0.0779489
19370	0.0389744
19380	0.0194872
19390	0.00974361
19400	0.0048718
19410	0.0024359
19420	0.00121795
19430	0.000608975
19440	0.000304488
19450	0.000152244
19460	7.61219e-05
19470	3.8061e-05
19480	1.90305e-05
19490	9.51524e-06
19500	4.75762e-06
19510	2.37881e-06
19520	1.18941e-06
19530	5.94703e-07
19540	2.97351e-07
19550	1.48676e-07
19560	7.43378e-08
19570	3.71689e-08
19580	1.85845e-08
19590	9.29223e-09
19600	4.64611e-09
19610	2.32306e-09
19620	1.16153e-09
19630	5.80764e-10
19640	2.90382e-10
19650	1.45191e-10
19660	7.25955e-11
19670	3.62978e-11
19680	1.81489e-11
19690	9.07444e-12
19700	4.53722e-12
19710	2.26861e-12
19720	1.13431e-12
19730	5.67153e-13
19740	2.83576e-13
19750	1.41788e-13
19760	7.08941e-14
19770	3.5447e-14
19780	1.77235e-14
19790	8.86176e-15
19800	4.43088e-15
19810	2.21544e-15
19820	1.10772e-15
19830	5.5386e-16
19840	2.7693e-16
19850	1.38465e-16
19860	6.92325e-17
19870	3.46162e-17
19880	1.73081e-17
19890	8.65406e-18
19900	4.32703e-18
19910	2.16352e-18
19920	1.08176e-18
19930	5.40879e-19
19940	2.70439e-19
19950	1.3522e-19
19960	6.76099e-20
19970	3.38049e-20
19980	1.69025e-20
19990	8.45123e-21
20000	4.22562e-21
20010	2.11281e-21
20020	1.0564e-21
20030	5.28202e-22
20040	2.64101e-22
20050	1.32051e-22
20060	6.60253e-23
20070	3.30126e-23
20080	1.65063e-23
20090	8.25316e-24
20100	4.12658e-24
20110	2.06329e-24
20120	1.03164e-24
20130	5.15822e-25
20140	2.57911e-25
20150	1.28956e-25
20160	6.44778e-26
20170	3.22389e-26
20180	1.61194e-26
20190	8.05972e-27
20200	4.02986e-27
20210	2.01493e-27
20220	1.00747e-27
20230	5.03733e-28
20240	2.51866e-28
20250	1.25933e-28
20260	6.29666e-29
20270	3.14833e-29
20280	1.57416e-29
20290	7.87082e-30
20300	3.93541e-30
20310	1.96771e-30
20320	9.83853e-31
20330	4.91926e-31
20340	2.45963e-31
20350	1.22982e-31
20360	6.14908e-32
20370	3.07454e-32
20380	1.53727e-32
20390	7.68635e-33
20400	3.84318e-33
20410	1.92159e-33
20420	9.60794e-34
20430	4.80397e-34
20440	2.40198e-34
20450	1.20099e-34
20460	6.00496e-35
20470	3.00248e-35
20480	1.50124e-35
20490	7.5062e-36
20500	3.7531e-36
20510	1.87655e-36
20520	9.38275e-37
20530	4.69138e-37
20540	2.34569e-37
20550	1.17284e-37
20560	5.86422e-38
20570	2.93211e-38
20580	1.46606e-38
20590	7.33028e-39
20600	3.66514e-39
20610	1.83257e-39
20620	9.16284e-40
20630	4.58142e-40
20640	2.29071e-40
20650	1.14536e-40
20660	5.72678e-41
20670	2.86339e-41
20680	1.43169e-41
20690	7.15847e-42
20700	3.57924e-42
20710	1.78962e-42
20720	8.94809e-43
20730	4.47405e-43
20740	2.23702e-43
20750	1.11851e-43
20760	5.59256e-44
20770	2.79628e-44
20780	1.39814e-44
20790	6.9907e-45
20800	3.49535e-45
20810	1.74767e-45
20820	8.73837e-46
20830	4.36918e-46
20840	2.18459e-46
20850	1.0923e-46
20860	5.46148e-47
20870	2.73074e-47
20880	1.36537e-47
20890	6.82685e-48
20900	3.41343e-48
20910	1.70671e-48
20920	8.53356e-49
20930	4.26678e-49
20940	2.13339e-49
20950	1.0667e-49
20960	5.33348e-50
20970	2.66674e-50
20980	1.33337e-50
20990	6.66685e-51
21000	3.33342e-51
21010	1.66671e-51
21020	8.33356e-52
21030	4.16678e-52
21040	2.08339e-52
21050	1.04169e-52
21060	5.20847e-53
21070	2.60424e-53
21080	1.30212e-53
21090	6.51059e-54
21100	3.2553e-54
21110	1.62765e-54
21120	8.13824e-55
21130	4.06912e-55
21140	2.03456e-55
21150	1.01728e-55
21160	5.0864e-56
21170	2.5432e-56
21180	1.2716e-56
21190	6.358e-57
21200	3.179e-57
21210	1.5895e-57
21220	7.9475e-58
21230	3.97375e-58
21240	1.98688e-58
21250	9.93438e-59
21260	4.96719e-59
21270	2.48359e-59
21280	1.2418e-59
21290	6.20898e-60
21300	3.10449e-60
21310	1.55225e-60
21320	7.76123e-61
21330	3.88062e-61
21340	1.94031e-61
21350	9.70154e-62
21360	4.85077e-62
21370	2.42538e-62
21380	1.21269e-62
21390	6.06346e-63
21400	3.03173e-63
21410	1.51587e-63
21420	7.57933e-64
21430	3.78966e-64
21440	1.89483e-64
21450	9.47416e-65
21460	4.73708e-65
21470	2.36854e-65
21480	1.18427e-65
21490	5.92135e-66
21500	2.96067e-66
21510	1.48034e-66
21520	7.40169e-67
21530	3.70084e-67
21540	1.85042e-67
21550	9.25211e-68
21560	4.62605e-68
21570	2.31303e-68
21580	1.15651e-68
21590	5.78257e-69
21600	2.89128e-69
21610	1.44564e-69
21620	7.22821e-70
21630	3.6141e-70
21640	1.80705e-70
21650	9.03526e-71
21660	4.51763e-71
21670	2.25882e-71
21680	1.12941e-71
21690	5.64704e-72
21700	2.82352e-72
21710	1.41176e-72
21720	7.0588e-73
21730	3.5294e-73
21740	1.7647e-73
21750	8.8235e-74
21760	4.41175e-74
21770	2.20587e-74
21780	1.10294e-74
21790	5.51469e-75
21800	2.75734e-75
21810	1.37867e-75
21820	6.89336e-76
21830	3.44668e-76
21840	1.72334e-76
21850	8.6167e-77
21860	4.30835e-77
21870	2.15417e-77
21880	1.07709e-77
21890	5.38544e-78
21900	2.69272e-78
21910	1.34636e-78
21920	6.73179e-79
21930	3.3659e-79
21940	1.68295e-79
21950	8.41474e-80
21960	4.20737e-80
21970	2.10369e-80
21980	1.05184e-80
21990	5.25921e-81
22000	2.62961e-81
22010	1.3148e-81
22020	6.57402e-82
22030	3.28701e-82
22040	1.6435e-82
22050	8.21752e-83
22060	4.10876e-83
22070	2.05438e-83
22080	1.02719e-83
22090	5.13595e-84
22100	2.56798e-84
22110	1.28399e-84
22120	6.41994e-85
22130	3.20997e-85
22140	1.60498e-85
22150	8.02492e-86
22160	4.01246e-86
22170	2.00623e-86
22180	1.00312e-86
22190	5.01558e-87
22200	2.50779e-87
22210	1.25389e-87
22220	6.26947e-88
22230	3.13474e-88
22240	1.56737e-88
22250	7.83684e-89
22260	3.91842e-89
22270	1.95921e-89
22280	9.79605e-90
22290	4.89803e-90
22300	2.44901e-90
22310	1.22451e-90
22320	6.12253e-91
22330	3.06127e-91
22340	1.53063e-91
22350	7.65316e-92
22360	3.82658e-92
22370	1.91329e-92
22380	9.56646e-93
22390	4.78323e-93
22400	2.39161e-93
22410	1.19581e-93
22420	5.97904e-94
22430	2.98952e-94
22440	1.49476e-94
22450	7.47379e-95
22460	3.7369e-95
22470	1.86845e-95
22480	9.34224e-96
22490	4.67112e-96
22500	2.33556e-96
22510	1.16778e-96
22520	5.8389e-97
22530	2.91945e-97
22540	1.45973e-97
22550	7.29863e-98
22560	3.64931e-98
22570	1.82466e-98
22580	9.12328e-99
22590	4.56164e-99
22600	2.28082e-99
22610	1.14041e-99
22620	5.70205e-100
22630	2.85103e-100
22640	1.42551e-100
22650	7.12757e-101
22660	3.56378e-101
22670	1.78189e-101
22680	8.90946e-102
22690	4.45473e-102
22700	2.22736e-102
22710	1.11368e-102
22720	5.56841e-103
22730	2.78421e-103
22740	1.3921e-103
22750	6.96051e-104
22760	3.48026e-104
22770	1.74013e-104
22780	8.70064e-105
22790	4.35032e-105
22800	2.17516e-105
22810	1.08758e-105
22820	5.4379e-106
22830	2.71895e-106
22840	1.35948e-106
22850	6.79738e-107
22860	3.39869e-107
22870	1.69934e-107
22880	8.49672e-108
22890	4.24836e-108
22900	2.12418e-108
22910	1.06209e-108
22920	5.31045e-109
22930	2.65522e-109
22940	1.32761e-109
22950	6.63806e-110
22960	3.31903e-110
22970	1.65952e-110
22980	8.29758e-111
22990	4.14879e-111
23000	2.07439e-111
23010	1.0372e-111
23020	5.18599e-112
23030	2.59299e-112
23040	1.2965e-112
23050	6.48248e-113
23060	3.24124e-113
23070	1.62062e-113
23080	8.1031e-114
23090	4.05155e-114
23100	2.02578e-114
23110	1.01289e-114
23120	5.06444e-115
23130	2.53222e-115
23140	1.26611e-115
23150	6.33055e-116
23160	3.16527e-116
23170	1.58264e-116
23180	7.91319e-117
23190	3.95659e-117
23200	1.9783e-117
23210	9.89148e-118
23220	4.94574e-118
23230	2.47287e-118
23240	1.23644e-118
23250	6.18218e-119
23260	3.09109e-119
23270	1.54554e-119
23280	7.72772e-120
23290	3.86386e-120
23300	1.93193e-120
23310	9.65965e-121
23320	4.82983e-121
23330	2.41491e-121
23340	1.20746e-121
23350	6.03728e-122
23360	3.01864e-122
23370	1.50932e-122
23380	7.5466e-123
23390	3.7733e-123
23400	1.88665e-123
23410	9.43325e-124
23420	4.71663e-124
23430	2.35831e-124
23440	1.17916e-124
23450	5.89578e-125
23460	2.94789e-125
23470	1.47395e-125
23480	7.36973e-126
23490	3.68486e-126
23500	1.84243e-126
23510	9.21216e-127
23520	4.60608e-127
23530	2.30304e-127
23540	1.15152e-127
23550	5.7576e-128
23560	2.8788e-128
23570	1.4394e-128
23580	7.197e-129
23590	3.5985e-129
23600	1.79925e-129
23610	8.99625e-130
23620	4.49813e-130
23630	2.24906e-130
23640	1.12453e-130
23650	5.62266e-131
23660	2.81133e-131
23670	1.40566e-131
23680	7.02832e-132
23690	3.51416e-132
23700	1.75708e-132
23710	8.7854e-133
23720	4.3927e-133
23730	2.19635e-133
23740	1.09818e-133
23750	5.49088e-134
23760	2.74544e-134
23770	1.37272e-134
23780	6.8636e-135
23790	3.4318e-135
23800	1.7159e-135
23810	8.57949e-136
23820	4.28975e-136
23830	2.14487e-136
23840	1.07244e-136
23850	5.36218e-137
23860	2.68109e-137
23870	1.34055e-137
23880	6.70273e-138
23890	3.35137e-138
23900	1.67568e-138
23910	8.37841e-139
23920	4.18921e-139
23930	2.0946e-139
23940	1.0473e-139
23950	5.23651e-140
23960	2.61825e-140
23970	1.30913e-140
23980	6.54563e-141
23990	3.27282e-141
24000	1.63641e-141
24010	8.18204e-142
24020	4.09102e-142
24030	2.04551e-142
24040	1.02276e-142
24050	5.11378e-143
24060	2.55689e-143
24070	1.27844e-143
24080	6.39222e-144
24090	3.19611e-144
24100	1.59806e-144
24110	7.99028e-145
24120	3.99514e-145
24130	1.99757e-145
24140	9.98785e-146
24150	4.99392e-146
24160	2.49696e-146
24170	1.24848e-146
24180	6.2424e-147
24190	3.1212e-147
24200	1.5606e-147
24210	7.803e-148
24220	3.9015e-148
24230	1.95075e-148
24240	9.75376e-149
24250	4.87688e-149
24260	2.43844e-149
24270	1.21922e-149
24280	6.0961e-150
24290	3.04805e-150
24300	1.52402e-150
24310	7.62012e-151
24320	3.81006e-151
24330	1.90503e-151
24340	9.52515e-152
24350	4.76258e-152
24360	2.38129e-152
24370	1.19064e-152
24380	5.95322e-153
24390	2.97661e-153
24400	1.48831e-153
24410	7.44153e-154
24420	3.72076e-154
24430	1.86038e-154
24440	9.30191e-155
24450	4.65095e-155
24460	2.32548e-155
24470	1.16274e-155
24480	5.81369e-156
24490	2.90685e-156
24500	1.45342e-156
24510	7.26711e-157
24520	3.63356e-157
24530	1.81678e-157
24540	9.08389e-158
24550	4.54195e-158
24560	2.27097e-158
24570	1.13549e-158
24580	5.67743e-159
24590	2.83872e-159
24600	1.41936e-159
24610	7.09679e-160
24620	3.5484e-160
24630	1.7742e-160
24640	8.87099e-161
24650	4.43549e-161
24660	2.21775e-161
24670	1.10887e-161
24680	5.54437e-162
24690	2.77218e-162
24700	1.38609e-162
24710	6.93046e-163
24720	3.46523e-163
24730	1.73262e-163
24740	8.66308e-164
24750	4.33154e-164
24760	2.16577e-164
24770	1.08288e-164
24780	5.41442e-165
24790	2.70721e-165
24800	1.35361e-165
24810	6.76803e-166
24820	3.38401e-166
24830	1.69201e-166
24840	8.46003e-167
24850	4.23002e-167
24860	2.11501e-167
24870	1.0575e-167
24880	5.28752e-168
24890	2.64376e-168
24900	1.32188e-168
24910	6.6094e-169
24920	3.3047e-169
24930	1.65235e-169
24940	8.26175e-170
24950	4.13088e-170
24960	2.06544e-170
24970	1.03272e-170
24980	5.1636e-171
24990	2.5818e-171
25000	1.2909e-171
25010	6.45449e-172
25020	3.22725e-172
25030	1.61362e-172
25040	8.06812e-173
25050	4.03406e-173
25060	2.01703e-173
25070	1.00851e-173
25080	5.04257e-174
25090	2.52129e-174
25100	1.26064e-174
25110	6.30322e-175
25120	3.15161e-175
25130	1.5758e-175
25140	7.87902e-176
25150	3.93951e-176
25160	1.96976e-176
25170	9.84878e-177
25180	4.92439e-177
25190	2.46219e-177
25200	1.2311e-177
25210	6.15549e-178
25220	3.07774e-178
25230	1.53887e-178
25240	7.69436e-179
25250	3.84718e-179
25260	1.92359e-179
25270	9.61795e-180
25280	4.80897e-180
25290	2.40449e-180
25300	1.20224e-180
25310	6.01122e-181
25320	3.00561e-181
25330	1.5028e-181
25340	7.51402e-182
25350	3.75701e-182
25360	1.87851e-182
25370	9.39253e-183
25380	4.69626e-183
25390	2.34813e-183
25400	1.17407e-183
25410	5.87033e-184
25420	2.93516e-184
25430	1.46758e-184
25440	7.33791e-185
25450	3.66896e-185
25460	1.83448e-185
25470	9.17239e-186
25480	4.58619e-186
25490	2.2931e-186
25500	1.14655e-186
25510	5.73274e-187
25520	2.86637e-187
25530	1.43319e-187
25540	7.16593e-188
25550	3.58296e-188
25560	1.79148e-188
25570	8.95741e-189
25580	4.47871e-189
25590	2.23935e-189
25600	1.11968e-189
25610	5.59838e-190
25620	2.79919e-190
25630	1.3996e-190
25640	6.99798e-191
25650	3.49899e-191
25660	1.74949e-191
25670	8.74747e-192
25680	4.37374e-192
25690	2.18687e-192
25700	1.09343e-192
25710	5.46717e-193
25720	2.73358e-193
25730	1.36679e-193
25740	6.83396e-194
25750	3.41698e-194
25760	1.70849e-194
25770	8.54245e-195
25780	4.27123e-195
25790	2.13561e-195
25800	1.06781e-195
25810	5.33903e-196
25820	2.66952e-196
25830	1.33476e-196
25840	6.67379e-197
25850	3.3369e-197
25860	1.66845e-197
25870	8.34224e-198
25880	4.17112e-198
25890	2.08556e-198
25900	1.04278e-198
25910	5.2139e-199
25920	2.60695e-199
25930	1.30347e-199
25940	6.51737e-200
25950	3.25869e-200
25960	1.62934e-200
25970	8.14672e-201
25980	4.07336e-201
25990	2.03668e-201
26000	1.01834e-201
26010	5.0917e-202
26020	2.54585e-202
26030	1.27292e-202
26040	6.36462e-203
26050	3.18231e-203
26060	1.59116e-203
26070	7.95578e-204
26080	3.97789e-204
26090	1.98894e-204
26100	9.94472e-205
26110	4.97236e-205
26120	2.48618e-205
26130	1.24309e-205
26140	6.21545e-206
26150	3.10773e-206
26160	1.55386e-206
26170	7.76931e-207
26180	3.88466e-207
26190	1.94233e-207
26200	9.71164e-208
26210	4.85582e-208
26220	2.42791e-208
26230	1.21396e-208
26240	6.06978e-209
26250	3.03489e-209
26260	1.51744e-209
26270	7.58722e-210
26280	3.79361e-210
26290	1.89681e-210
26300	9.48403e-211
26310	4.74201e-211
26320	2.37101e-211
26330	1.1855e-211
26340	5.92752e-212
26350	2.96376e-212
26360	1.48188e-212
26370	7.4094e-213
26380	3.7047e-213
26390	1.85235e-213
26400	9.26175e-214
26410	4.63087e-214
26420	2.31544e-214
26430	1.15772e-214
26440	5.78859e-215
26450	2.8943e-215
26460	1.44715e-215
26470	7.23574e-216
26480	3.61787e-216
26490	1.80893e-216
26500	9.04467e-217
26510	4.52234e-217
26520	2.26117e-217
26530	1.13058e-217
26540	5.65292e-218
26550	2.82646e-218
26560	1.41323e-218
26570	7.06615e-219
26580	3.53308e-219
26590	1.76654e-219
26600	8.83269e-220
26610	4.41634e-220
26620	2.20817e-220
26630	1.10409e-220
26640	5.52043e-221
26650	2.76022e-221
26660	1.38011e-221
26670	6.90054e-222
26680	3.45027e-222
26690	1.72513e-222
26700	8.62567e-223
26710	4.31284e-223
26720	2.15642e-223
26730	1.07821e-223
26740	5.39105e-224
26750	2.69552e-224
26760	1.34776e-224
26770	6.73881e-225
26780	3.3694e-225
26790	1.6847e-225
26800	8.42351e-226
26810	4.21175e-226
26820	2.10588e-226
26830	1.05294e-226
26840	5.26469e-227
26850	2.63235e-227
26860	1.31617e-227
26870	6.58087e-228
26880	3.29043e-228
26890	1.64522e-228
26900	8.22608e-229
26910	4.11304e-229
26920	2.05652e-229
26930	1.02826e-229
26940	5.1413e-230
26950	2.57065e-230
26960	1.28533e-230
26970	6.42663e-231
26980	3.21331e-231
26990	1.60666e-231
27000	8.03328e-232
27010	4.01664e-232
27020	2.00832e-232
27030	1.00416e-232
27040	5.0208e-233
27050	2.5104e-233
27060	1.2552e-233
27070	6.276e-234
27080	3.138e-234
27090	1.569e-234
27100	7.845e-235
27110	3.9225e-235
27120	1.96125e-235
27130	9.80625e-236
27140	4.90313e-236
27150	2.45156e-236
27160	1.22578e-236
27170	6.12891e-237
27180	3.06445e-237
27190	1.53223e-237
27200	7.66114e-238
27210	3.83057e-238
27220	1.91528e-238
27230	9.57642e-239
27240	4.78821e-239
27250	2.3941e-239
27260	1.19705e-239
27270	5.98526e-240
27280	2.99263e-240
27290	1.49632e-240
27300	7.48158e-241
27310	3.74079e-241
27320	1.87039e-241
27330	9.35197e-242
27340	4.67599e-242
27350	2.33799e-242
27360	1.169e-242
27370	5.84498e-243
27380	2.92249e-243
27390	1.46125e-243
27400	7.30623e-244
27410	3.65311e-244
27420	1.82656e-244
27430	9.13279e-245
27440	4.56639e-245
27450	2.2832e-245
27460	1.1416e-245
27470	5.70799e-246
27480	2.854e-246
27490	1.427e-246
27500	7.13499e-247
27510	3.56749e-247
27520	1.78375e-247
27530	8.91874e-248
27540	4.45937e-248
27550	2.22968e-248
27560	1.11484e-248
27570	5.57421e-249
27580	2.78711e-249
27590	1.39355e-249
27600	6.96776e-250
27610	3.48388e-250
27620	1.74194e-250
27630	8.7097e-251
27640	4.35485e-251
27650	2.17743e-251
27660	1.08871e-251
27670	5.44356e-252
27680	2.72178e-252
27690	1.36089e-252
27700	6.80446e-253
27710	3.40223e-253
27720	1.70111e-253
27730	8.50557e-254
27740	4.25278e-254
27750	2.12639e-254
27760	1.0632e-254
27770	5.31598e-255
27780	2.65799e-255
27790	1.329e-255
27800	6.64498e-256
27810	3.32249e-256
27820	1.66124e-256
27830	8.30622e-257
27840	4.15311e-257
27850	2.07656e-257
27860	1.03828e-257
27870	5.19139e-258
27880	2.59569e-258
27890	1.29785e-258
27900	6.48923e-259
27910	3.24462e-259
27920	1.62231e-259
27930	8.11154e-260
27940	4.05577e-260
27950	2.02789e-260
27960	1.01394e-260
27970	5.06971e-261
27980	2.53486e-261
27990	1.26743e-261
28000	6.33714e-262
28010	3.16857e-262
28020	1.58429e-262
28030	7.92143e-263
28040	3.96071e-263
28050	1.98036e-263
28060	9.90179e-264
28070	4.95089e-264
28080	2.47545e-264
28090	1.23772e-264
28100	6.18862e-265
28110	3.09431e-265
28120	1.54715e-265
28130	7.73577e-266
28140	3.86789e-266
28150	1.93394e-266
28160	9.66971e-267
28170	4.83486e-267
28180	2.41743e-267
28190	1.20871e-267
28200	6.04357e-268
28210	3.02179e-268
28220	1.51089e-268
28230	7.55446e-269
28240	3.77723e-269
28250	1.88862e-269
28260	9.44308e-270
28270	4.72154e-270
28280	2.36077e-270
28290	1.18038e-270
28300	5.90192e-271
28310	2.95096e-271
28320	1.47548e-271
28330	7.37741e-272
28340	3.6887e-272
28350	1.84435e-272
28360	9.22176e-273
28370	4.61088e-273
28380	2.30544e-273
28390	1.15272e-273
28400	5.7636e-274
28410	2.8818e-274
28420	1.4409e-274
28430	7.2045e-275
28440	3.60225e-275
28450	1.80112e-275
28460	9.00562e-276
28470	4.50281e-276
28480	2.25141e-276
28490	1.1257e-276
28500	5.62851e-277
28510	2.81426e-277
28520	1.40713e-277
28530	7.03564e-278
28540	3.51782e-278
28550	1.75891e-278
28560	8.79455e-279
28570	4.39728e-279
28580	2.19864e-279
28590	1.09932e-279
28600	5.4966e-280
28610	2.7483e-280
28620	1.37415e-280
28630	6.87074e-281
28640	3.43537e-281
28650	1.71769e-281
28660	8.58843e-282
28670	4.29422e-282
28680	2.14711e-282
28690	1.07355e-282
28700	5.36777e-283
28710	2.68388e-283
28720	1.34194e-283
28730	6.70971e-284
28740	3.35486e-284
28750	1.67743e-284
28760	8.38714e-285
28770	4.19357e-285
28780	2.09678e-285
28790	1.04839e-285
28800	5.24196e-286
28810	2.62098e-286
28820	1.31049e-286
28830	6.55245e-287
28840	3.27623e-287
28850	1.63811e-287
28860	8.19057e-288
28870	4.09528e-288
28880	2.04764e-288
28890	1.02382e-288
28900	5.1191e-289
28910	2.55955e-289
28920	1.27978e-289
28930	6.39888e-290
28940	3.19944e-290
28950	1.59972e-290
28960	7.9986e-291
28970	3.9993e-291
28980	1.99965e-291
28990	9.99825e-292
29000	4.99912e-292
29010	2.49956e-292
29020	1.24978e-292
29030	6.24891e-293
29040	3.12445e-293
29050	1.56223e-293
29060	7.81113e-294
29070	3.90557e-294
29080	1.95278e-294
29090	9.76391e-295
29100	4.88196e-295
29110	2.44098e-295
29120	1.22049e-295
29130	6.10245e-296
29140	3.05122e-296
29150	1.52561e-296
29160	7.62806e-297
29170	3.81403e-297
29180	1.90701e-297
29190	9.53507e-298
29200	4.76754e-298
29210	2.38377e-298
29220	1.19188e-298
29230	5.95942e-299
29240	2.97971e-299
29250	1.48986e-299
29260	7.44928e-300
29270	3.72464e-300
29280	1.86232e-300
29290	9.31159e-301
29300	4.6558e-301
29310	2.3279e-301
29320	1.16395e-301
29330	5.81975e-302
29340	2.90987e-302
29350	1.45494e-302
29360	7.27468e-303
29370	3.63734e-303
29380	1.81867e-303
29390	9.09335e-304
29400	4.54668e-304
29410	2.27334e-304
29420	1.13667e-304
29430	5.68335e-305
29440	2.84167e-305
29450	1.42084e-305
29460	7.10418e-306
29470	3.55209e-306
29480	1.77605e-306
29490	8.88023e-307
29500	4.44011e-307
29510	2.22006e-307
29520	1.11003e-307
29530	5.55014e-308
29540	2.77507e-308
29550	1.38754e-308
29560	6.93768e-309
29570	3.46884e-309
29580	1.73442e-309
29590	8.6721e-310
29600	4.33605e-310
29610	2.16802e-310
29620	1.08401e-310
29630	5.42006e-311
29640	2.71003e-311
29650	1.35502e-311
29660	6.77508e-312
29670	3.38754e-312
29680	1.69377e-312
29690	8.46885e-313
29700	4.23442e-313
29710	2.11721e-313
29720	1.05861e-313
29730	5.29303e-314
29740	2.64651e-314
29750	1.32326e-314
29760	6.61629e-315
29770	3.30814e-315
29780	1.65407e-315
29790	8.27036e-316
29800	4.13518e-316
29810	2.06759e-316
29820	1.0338e-316
29830	5.16898e-317
29840	2.58451e-317
29850	1.29225e-317
29860	6.46127e-318
29870	3.23064e-318
29880	1.61512e-318
29890	8.0756e-319
29900	4.0378e-319
29910	2.02088e-319
29920	1.01041e-319
29930	5.03255e-320
29940	2.51628e-320
29950	1.25789e-320
29960	6.28946e-321
29970	3.1472e-321
29980	1.57113e-321
29990	7.85564e-322
30000	3.95253e-322
