0	0	0
10	9.10933e-05	4.55467e-05
20	0.00018219	0.000113868
30	0.000273297	0.000193583
40	0.000364423	0.000279003
50	0.000455578	0.000367291
60	0.000546772	0.000457031
70	0.000638013	0.000547522
80	0.000729313	0.000638418
90	0.00082068	0.000729549
100	0.000912125	0.000820837
110	0.00100366	0.000912247
120	0.00109529	0.00100377
130	0.00118702	0.00109539
140	0.00127888	0.00118714
150	0.00137086	0.001279
160	0.00146297	0.00137098
170	0.00155524	0.00146311
180	0.00164766	0.00155538
190	0.00174024	0.00164781
200	0.00183301	0.00174041
210	0.00192596	0.00183319
220	0.00201911	0.00192615
230	0.00211247	0.00201931
240	0.00220605	0.00211268
250	0.00229986	0.00220627
260	0.00239391	0.00230009
270	0.00248821	0.00239415
280	0.00258277	0.00248846
290	0.0026776	0.00258303
300	0.00277272	0.00267788
310	0.00286814	0.00277301
320	0.00296386	0.00286844
330	0.00305991	0.00296417
340	0.00315628	0.00306022
350	0.00325299	0.00315661
360	0.00335006	0.00325333
370	0.0034475	0.00335042
380	0.00354531	0.00344786
390	0.00364351	0.00354569
400	0.00374212	0.00364391
410	0.00384115	0.00374253
420	0.0039406	0.00384157
430	0.0040405	0.00394103
440	0.00414085	0.00404094
450	0.00424168	0.00414131
460	0.00434298	0.00424215
470	0.00444479	0.00434347
480	0.0045471	0.00444529
490	0.00464995	0.00454762
500	0.00475333	0.00465047
510	0.00485727	0.00475387
520	0.00496178	0.00485783
530	0.00506688	0.00496235
540	0.00517258	0.00506747
550	0.0052789	0.00517318
560	0.00538586	0.00527952
570	0.00549347	0.00538649
580	0.00560174	0.00549412
590	0.00571071	0.00560241
600	0.00582038	0.00571139
610	0.00593077	0.00582108
620	0.0060419	0.00593149
630	0.00615379	0.00604264
640	0.00626647	0.00615455
650	0.00637994	0.00626725
660	0.00649423	0.00638074
670	0.00660936	0.00649505
680	0.00672536	0.0066102
690	0.00684223	0.00672622
700	0.00696001	0.00684312
710	0.00707872	0.00696092
720	0.00719838	0.00707965
730	0.00731902	0.00719933
740	0.00744065	0.00731999
750	0.00756331	0.00744165
760	0.00768702	0.00756433
770	0.0078118	0.00768807
780	0.00793768	0.00781287
790	0.0080647	0.00793879
800	0.00819287	0.00806583
810	0.00832223	0.00819403
820	0.00845281	0.00832342
830	0.00858463	0.00845402
840	0.00871773	0.00858588
850	0.00885214	0.00871901
860	0.0089879	0.00885346
870	0.00912504	0.00898925
880	0.00926359	0.00912642
890	0.00940358	0.009265
900	0.00954507	0.00940503
910	0.00968807	0.00954655
920	0.00983265	0.0096896
930	0.00997882	0.00983421
940	0.0101266	0.00998043
950	0.0102762	0.0101283
960	0.0104274	0.0102778
970	0.0105804	0.0104291
980	0.0107353	0.0105822
990	0.010892	0.0107371
1000	0.0110506	0.0108939
1010	0.0112113	0.0110526
1020	0.0113739	0.0112132
1030	0.0115386	0.0113759
1040	0.0117055	0.0115407
1050	0.0118746	0.0117077
1060	0.0120459	0.0118768
1070	0.0122196	0.0120482
1080	0.0123956	0.0122219
1090	0.0125741	0.012398
1100	0.0127552	0.0125766
1110	0.0129388	0.0127577
1120	0.0131251	0.0129414
1130	0.0133142	0.0131278
1140	0.013506	0.0133169
1150	0.0137009	0.0135089
1160	0.0138987	0.0137038
1170	0.0140995	0.0139017
1180	0.0143036	0.0141026
1190	0.014511	0.0143068
1200	0.0147217	0.0145143
1210	0.0149359	0.0147251
1220	0.0151538	0.0149394
1230	0.0153753	0.0151574
1240	0.0156007	0.015379
1250	0.01583	0.0156045
1260	0.0160633	0.0158339
1270	0.0163009	0.0160674
1280	0.0165428	0.0163051
1290	0.0167893	0.0165472
1300	0.0170403	0.0167938
1310	0.0172962	0.017045
1320	0.017557	0.017301
1330	0.017823	0.017562
1340	0.0180943	0.0178282
1350	0.0183711	0.0180996
1360	0.0186536	0.0183766
1370	0.018942	0.0186593
1380	0.0192365	0.0189479
1390	0.0195373	0.0192426
1400	0.0198448	0.0195437
1410	0.0201591	0.0198514
1420	0.0204804	0.0201659
1430	0.0208092	0.0204875
1440	0.0211456	0.0208165
1450	0.0214899	0.0211532
1460	0.0218425	0.0214979
1470	0.0222038	0.0218508
1480	0.022574	0.0222124
1490	0.0229536	0.022583
1500	0.0233429	0.0229629
1510	0.0237423	0.0233526
1520	0.0241524	0.0237525
1530	0.0245735	0.024163
1540	0.0250061	0.0245846
1550	0.0254509	0.0250177
1560	0.0259082	0.025463
1570	0.0263788	0.0259209
1580	0.0268632	0.0263921
1590	0.0273622	0.0268771
1600	0.0278763	0.0273767
1610	0.0284064	0.0278915
1620	0.0289533	0.0284224
1630	0.0295177	0.0289701
1640	0.0301008	0.0295354
1650	0.0307033	0.0301194
1660	0.0313264	0.0307229
1670	0.0319712	0.0313471
1680	0.0326389	0.031993
1690	0.0333308	0.0326619
1700	0.0340483	0.0333551
1710	0.0347928	0.034074
1720	0.0355661	0.03482
1730	0.0363698	0.0355949
1740	0.0372059	0.0364004
1750	0.0380765	0.0372384
1760	0.0389836	0.038111
1770	0.0399299	0.0390205
1780	0.0409179	0.0399692
1790	0.0419505	0.0409598
1800	0.0430308	0.0419953
1810	0.0441624	0.0430789
1820	0.0453491	0.044214
1830	0.0465949	0.0454044
1840	0.0479046	0.0466545
1850	0.0492832	0.0479689
1860	0.0507364	0.0493526
1870	0.0522704	0.0508115
1880	0.0538923	0.0523519
1890	0.0556099	0.0539809
1900	0.0574319	0.0557064
1910	0.0593682	0.0575373
1920	0.06143	0.0594837
1930	0.0636298	0.0615567
1940	0.0659821	0.0637694
1950	0.0685031	0.0661362
1960	0.0712116	0.0686739
1970	0.0741294	0.0714017
1980	0.0772814	0.0743416
1990	0.080697	0.0775193
2000	0.0844102	0.0809647
2010	0.0884613	0.084713
2020	0.0928982	0.0888056
2030	0.097778	0.0932918
2040	0.10317	0.0982307
2050	0.109156	0.103694
2060	0.115841	0.109767
2070	0.123351	0.116559
2080	0.131846	0.124202
2090	0.141527	0.132865
2100	0.152656	0.14276
2110	0.165574	0.154167
2120	0.180735	0.167451
2130	0.198757	0.183104
2140	0.2205	0.201802
2150	0.247191	0.224496
2160	0.280641	0.252569
2170	0.323613	0.288091
2180	0.38051	0.334301
2190	0.458695	0.396498
2200	0.57118	0.483839
2210	0.742311	0.613075
2220	1.01927	0.816174
2230	1.48482	1.1505
2240	2.16755	1.65902
2250	2.54159	2.10031
2260	2.22656	2.16344
2270	1.92332	2.04338
2280	1.80481	1.92409
2290	1.81112	1.8676
2300	1.87944	1.87352
2310	1.95535	1.91444
2320	2.00049	1.95746
2330	2.00824	1.98285
2340	1.99727	1.99006
2350	1.98782	1.98894
2360	1.98877	1.98886
2370	1.99893	1.99389
2380	2.01286	2.00337
2390	2.02577	2.01457
2400	2.03572	2.02514
2410	2.04334	2.03424
2420	2.05026	2.04225
2430	2.05768	2.04996
2440	2.06594	2.05795
2450	2.07475	2.06635
2460	2.08364	2.075
2470	2.09234	2.08367
2480	2.10082	2.09224
2490	2.10917	2.10071
2500	2.11754	2.10912
2510	2.12597	2.11755
2520	2.13446	2.126
2530	2.14296	2.13448
2540	2.15146	2.14297
2550	2.15994	2.15146
2560	2.1684	2.15993
2570	2.17687	2.1684
2580	2.18533	2.17687
2590	2.19381	2.18534
2600	2.20228	2.19381
2610	2.21076	2.20228
2620	2.21923	2.21076
2630	2.2277	2.21923
2640	2.23617	2.2277
2650	2.24465	2.23617
2660	2.25312	2.24465
2670	2.26159	2.25312
2680	2.27006	2.26159
2690	2.27854	2.27006
2700	2.28701	2.27854
2710	2.29548	2.28701
2720	2.30396	2.29548
2730	2.31243	2.30396
2740	2.3209	2.31243
2750	2.32937	2.3209
2760	2.33785	2.32937
2770	2.34632	2.33785
2780	2.35479	2.34632
2790	2.36327	2.35479
2800	2.37174	2.36327
2810	2.38021	2.37174
2820	2.38869	2.38021
2830	2.39716	2.38869
2840	2.40563	2.39716
2850	2.4141	2.40563
2860	2.42258	2.4141
2870	2.43105	2.42258
2880	2.43952	2.43105
2890	2.448	2.43952
2900	2.45647	2.448
2910	2.46494	2.45647
2920	2.47342	2.46494
2930	2.48189	2.47342
2940	2.49036	2.48189
2950	2.49884	2.49036
2960	2.50731	2.49884
2970	2.51578	2.50731
2980	2.52426	2.51578
2990	2.53273	2.52426
3000	2.53273	2.5285
3010	2.53274	2.53062
3020	2.53274	2.53168
3030	2.53273	2.5322
3040	2.53273	2.53247
3050	2.53273	2.5326
3060	2.53273	2.53267
3070	2.53273	2.5327
3080	2.53273	2.53272
3090	2.53273	2.53273
3100	2.53273	2.53273
3110	2.53273	2.53273
3120	2.53273	2.53273
3130	2.53273	2.53273
3140	2.53273	2.53273
3150	2.53273	2.53273
3160	2.53273	2.53273
3170	2.53273	2.53273
3180	2.53273	2.53273
3190	2.53273	2.53273
3200	2.53273	2.53273
3210	2.53273	2.53273
3220	2.53273	2.53273
3230	2.53273	2.53273
3240	2.53273	2.53273
3250	2.53273	2.53273
3260	2.53273	2.53273
3270	2.53273	2.53273
3280	2.53273	2.53273
3290	2.53273	2.53273
3300	2.53273	2.53273
3310	2.53273	2.53273
3320	2.53273	2.53273
3330	2.53273	2.53273
3340	2.53273	2.53273
3350	2.53273	2.53273
3360	2.53273	2.53273
3370	2.53273	2.53273
3380	2.53273	2.53273
3390	2.53273	2.53273
3400	2.53273	2.53273
3410	2.53273	2.53273
3420	2.53273	2.53273
3430	2.53273	2.53273
3440	2.53273	2.53273
3450	2.53273	2.53273
3460	2.53273	2.53273
3470	2.53273	2.53273
3480	2.53273	2.53273
3490	2.53273	2.53273
3500	2.53273	2.53273
3510	2.53273	2.53273
3520	2.53273	2.53273
3530	2.53273	2.53273
3540	2.53273	2.53273
3550	2.53273	2.53273
3560	2.53273	2.53273
3570	2.53273	2.53273
3580	2.53273	2.53273
3590	2.53273	2.53273
3600	2.53273	2.53273
3610	2.53273	2.53273
3620	2.53273	2.53273
3630	2.53273	2.53273
3640	2.53273	2.53273
3650	2.53273	2.53273
3660	2.53273	2.53273
3670	2.53273	2.53273
3680	2.53273	2.53273
3690	2.53273	2.53273
3700	2.53273	2.53273
3710	2.53273	2.53273
3720	2.53273	2.53273
3730	2.53273	2.53273
3740	2.53273	2.53273
3750	2.53273	2.53273
3760	2.53273	2.53273
3770	2.53273	2.53273
3780	2.53273	2.53273
3790	2.53273	2.53273
3800	2.53273	2.53273
3810	2.53273	2.53273
3820	2.53273	2.53273
3830	2.53273	2.53273
3840	2.53273	2.53273
3850	2.53273	2.53273
3860	2.53273	2.53273
3870	2.53273	2.53273
3880	2.53273	2.53273
3890	2.53273	2.53273
3900	2.53273	2.53273
3910	2.53273	2.53273
3920	2.53273	2.53273
3930	2.53273	2.53273
3940	2.53273	2.53273
3950	2.53273	2.53273
3960	2.53273	2.53273
3970	2.53273	2.53273
3980	2.53273	2.53273
3990	2.53273	2.53273
4000	2.53273	2.53273
4010	2.53273	2.53273
4020	2.53273	2.53273
4030	2.53273	2.53273
4040	2.53273	2.53273
4050	2.53273	2.53273
4060	2.53273	2.53273
4070	2.53273	2.53273
4080	2.53273	2.53273
4090	2.53273	2.53273
4100	2.53273	2.53273
4110	2.53273	2.53273
4120	2.53273	2.53273
4130	2.53273	2.53273
4140	2.53273	2.53273
4150	2.53273	2.53273
4160	2.53273	2.53273
4170	2.53273	2.53273
4180	2.53273	2.53273
4190	2.53273	2.53273
4200	2.53273	2.53273
4210	2.53273	2.53273
4220	2.53273	2.53273
4230	2.53273	2.53273
4240	2.53273	2.53273
4250	2.53273	2.53273
4260	2.53273	2.53273
4270	2.53273	2.53273
4280	2.53273	2.53273
4290	2.53273	2.53273
4300	2.53273	2.53273
4310	2.53273	2.53273
4320	2.53273	2.53273
4330	2.53273	2.53273
4340	2.53273	2.53273
4350	2.53273	2.53273
4360	2.53273	2.53273
4370	2.53273	2.53273
4380	2.53273	2.53273
4390	2.53273	2.53273
4400	2.53273	2.53273
4410	2.53273	2.53273
4420	2.53273	2.53273
4430	2.53273	2.53273
4440	2.53273	2.53273
4450	2.53273	2.53273
4460	2.53273	2.53273
4470	2.53273	2.53273
4480	2.53273	2.53273
4490	2.53273	2.53273
4500	2.53273	2.53273
4510	2.53273	2.53273
4520	2.53273	2.53273
4530	2.53273	2.53273
4540	2.53273	2.53273
4550	2.53273	2.53273
4560	2.53273	2.53273
4570	2.53273	2.53273
4580	2.53273	2.53273
4590	2.53273	2.53273
4600	2.53273	2.53273
4610	2.53273	2.53273
4620	2.53273	2.53273
4630	2.53273	2.53273
4640	2.53273	2.53273
4650	2.53273	2.53273
4660	2.53273	2.53273
4670	2.53273	2.53273
4680	2.53273	2.53273
4690	2.53273	2.53273
4700	2.53273	2.53273
4710	2.53273	2.53273
4720	2.53273	2.53273
4730	2.53273	2.53273
4740	2.53273	2.53273
4750	2.53273	2.53273
4760	2.53273	2.53273
4770	2.53273	2.53273
4780	2.53273	2.53273
4790	2.53273	2.53273
4800	2.53273	2.53273
4810	2.53273	2.53273
4820	2.53273	2.53273
4830	2.53273	2.53273
4840	2.53273	2.53273
4850	2.53273	2.53273
4860	2.53273	2.53273
4870	2.53273	2.53273
4880	2.53273	2.53273
4890	2.53273	2.53273
4900	2.53273	2.53273
4910	2.53273	2.53273
4920	2.53273	2.53273
4930	2.53273	2.53273
4940	2.53273	2.53273
4950	2.53273	2.53273
4960	2.53273	2.53273
4970	2.53273	2.53273
4980	2.53273	2.53273
4990	2.53273	2.53273
5000	2.53273	2.53273
5010	2.53273	2.53273
5020	2.53273	2.53273
5030	2.53273	2.53273
5040	2.53273	2.53273
5050	2.53273	2.53273
5060	2.53273	2.53273
5070	2.53273	2.53273
5080	2.53273	2.53273
5090	2.53273	2.53273
5100	2.53273	2.53273
5110	2.53273	2.53273
5120	2.53273	2.53273
5130	2.53273	2.53273
5140	2.53273	2.53273
5150	2.53273	2.53273
5160	2.53273	2.53273
5170	2.53273	2.53273
5180	2.53273	2.53273
5190	2.53273	2.53273
5200	2.53273	2.53273
5210	2.53273	2.53273
5220	2.53273	2.53273
5230	2.53273	2.53273
5240	2.53273	2.53273
5250	2.53273	2.53273
5260	2.53273	2.53273
5270	2.53273	2.53273
5280	2.53273	2.53273
5290	2.53273	2.53273
5300	2.53273	2.53273
5310	2.53273	2.53273
5320	2.53273	2.53273
5330	2.53273	2.53273
5340	2.53273	2.53273
5350	2.53273	2.53273
5360	2.53273	2.53273
5370	2.53273	2.53273
5380	2.53273	2.53273
5390	2.53273	2.53273
5400	2.53273	2.53273
5410	2.53273	2.53273
5420	2.53273	2.53273
5430	2.53273	2.53273
5440	2.53273	2.53273
5450	2.53273	2.53273
5460	2.53273	2.53273
5470	2.53273	2.53273
5480	2.53273	2.53273
5490	2.53273	2.53273
5500	2.53273	2.53273
5510	2.53273	2.53273
5520	2.53273	2.53273
5530	2.53273	2.53273
5540	2.53273	2.53273
5550	2.53273	2.53273
5560	2.53273	2.53273
5570	2.53273	2.53273
5580	2.53273	2.53273
5590	2.53273	2.53273
5600	2.53273	2.53273
5610	2.53273	2.53273
5620	2.53273	2.53273
5630	2.53273	2.53273
5640	2.53273	2.53273
5650	2.53273	2.53273
5660	2.53273	2.53273
5670	2.53273	2.53273
5680	2.53273	2.53273
5690	2.53273	2.53273
5700	2.53273	2.53273
5710	2.53273	2.53273
5720	2.53273	2.53273
5730	2.53273	2.53273
5740	2.53273	2.53273
5750	2.53273	2.53273
5760	2.53273	2.53273
5770	2.53273	2.53273
5780	2.53273	2.53273
5790	2.53273	2.53273
5800	2.53273	2.53273
5810	2.53273	2.53273
5820	2.53273	2.53273
5830	2.53273	2.53273
5840	2.53273	2.53273
5850	2.53273	2.53273
5860	2.53273	2.53273
5870	2.53273	2.53273
5880	2.53273	2.53273
5890	2.53273	2.53273
5900	2.53273	2.53273
5910	2.53273	2.53273
5920	2.53273	2.53273
5930	2.53273	2.53273
5940	2.53273	2.53273
5950	2.53273	2.53273
5960	2.53273	2.53273
5970	2.53273	2.53273
5980	2.53273	2.53273
5990	2.53273	2.53273
6000	2.53273	2.53273
6010	2.53273	2.53273
6020	2.53273	2.53273
6030	2.53273	2.53273
6040	2.53273	2.53273
6050	2.53273	2.53273
6060	2.53273	2.53273
6070	2.53273	2.53273
6080	2.53273	2.53273
6090	2.53273	2.53273
6100	2.53273	2.53273
6110	2.53273	2.53273
6120	2.53273	2.53273
6130	2.53273	2.53273
6140	2.53273	2.53273
6150	2.53273	2.53273
6160	2.53273	2.53273
6170	2.53273	2.53273
6180	2.53273	2.53273
6190	2.53273	2.53273
6200	2.53273	2.53273
6210	2.53273	2.53273
6220	2.53273	2.53273
6230	2.53273	2.53273
6240	2.53273	2.53273
6250	2.53273	2.53273
6260	2.53273	2.53273
6270	2.53273	2.53273
6280	2.53273	2.53273
6290	2.53273	2.53273
6300	2.53273	2.53273
6310	2.53273	2.53273
6320	2.53273	2.53273
6330	2.53273	2.53273
6340	2.53273	2.53273
6350	2.53273	2.53273
6360	2.53273	2.53273
6370	2.53273	2.53273
6380	2.53273	2.53273
6390	2.53273	2.53273
6400	2.53273	2.53273
6410	2.53273	2.53273
6420	2.53273	2.53273
6430	2.53273	2.53273
6440	2.53273	2.53273
6450	2.53273	2.53273
6460	2.53273	2.53273
6470	2.53273	2.53273
6480	2.53273	2.53273
6490	2.53273	2.53273
6500	2.53273	2.53273
6510	2.53273	2.53273
6520	2.53273	2.53273
6530	2.53273	2.53273
6540	2.53273	2.53273
6550	2.53273	2.53273
6560	2.53273	2.53273
6570	2.53273	2.53273
6580	2.53273	2.53273
6590	2.53273	2.53273
6600	2.53273	2.53273
6610	2.53273	2.53273
6620	2.53273	2.53273
6630	2.53273	2.53273
6640	2.53273	2.53273
6650	2.53273	2.53273
6660	2.53273	2.53273
6670	2.53273	2.53273
6680	2.53273	2.53273
6690	2.53273	2.53273
6700	2.53273	2.53273
6710	2.53273	2.53273
6720	2.53273	2.53273
6730	2.88989	2.71131
6740	2.37588	2.5436
6750	1.56565	2.05462
6760	1.17312	1.61387
6770	1.61702	1.61545
6780	1.96343	1.78944
6790	2.05801	1.92372
6800	1.99942	1.96157
6810	1.89436	1.92797
6820	1.83514	1.88155
6830	1.84854	1.86505
6840	1.89361	1.87933
6850	1.92688	1.9031
6860	1.93609	1.9196
6870	1.93115	1.92537
6880	1.92649	1.92593
6890	1.92944	1.92769
6900	1.93848	1.93308
6910	1.94856	1.94082
6920	1.95641	1.94861
6930	1.96192	1.95527
6940	1.96669	1.96098
6950	1.97202	1.9665
6960	1.97821	1.97235
6970	1.98478	1.97857
6980	1.99123	1.9849
6990	1.99738	1.99114
7000	2.00337	1.99726
7010	2.00937	2.00331
7020	2.01546	2.00939
7030	2.02163	2.01551
7040	2.0278	2.02165
7050	2.03394	2.0278
7060	2.04005	2.03393
7070	2.04616	2.04004
7080	2.05228	2.04616
7090	2.0584	2.05228
7100	2.06453	2.05841
7110	2.07066	2.06454
7120	2.07679	2.07066
7130	2.08291	2.07678
7140	2.08903	2.08291
7150	2.09515	2.08903
7160	2.10128	2.09516
7170	2.1074	2.10128
7180	2.11353	2.1074
7190	2.11965	2.11353
7200	2.12578	2.11965
7210	2.1319	2.12578
7220	2.13802	2.1319
7230	2.14415	2.13802
7240	2.15027	2.14415
7250	2.1564	2.15027
7260	2.16252	2.15639
7270	2.16864	2.16252
7280	2.17477	2.16864
7290	2.18089	2.17477
7300	2.18701	2.18089
7310	2.19314	2.18701
7320	2.19926	2.19314
7330	2.20539	2.19926
7340	2.21151	2.20539
7350	2.21763	2.21151
7360	2.22376	2.21763
7370	2.22988	2.22376
7380	2.236	2.22988
7390	2.24213	2.236
7400	2.24825	2.24213
7410	2.25437	2.24825
7420	2.2605	2.25437
7430	2.26662	2.2605
7440	2.27274	2.26662
7450	2.27887	2.27274
7460	2.28499	2.27887
7470	2.29111	2.28499
7480	2.29724	2.29111
7490	2.30336	2.29724
7500	2.30948	2.30336
7510	2.31561	2.30948
7520	2.32173	2.31561
7530	2.32785	2.32173
7540	2.33398	2.32785
7550	2.3401	2.33398
7560	2.34622	2.3401
7570	2.35235	2.34622
7580	2.35847	2.35235
7590	2.36459	2.35847
7600	2.37072	2.36459
7610	2.37684	2.37072
7620	2.38296	2.37684
7630	2.38909	2.38296
7640	2.39521	2.38909
7650	2.40133	2.39521
7660	2.40745	2.40133
7670	2.41358	2.40745
7680	2.4197	2.41358
7690	2.42582	2.4197
7700	2.43195	2.42582
7710	2.43807	2.43195
7720	2.44419	2.43807
7730	2.45031	2.44419
7740	2.45644	2.45031
7750	2.46256	2.45644
7760	2.46868	2.46256
7770	2.4748	2.46868
7780	2.48093	2.4748
7790	2.48705	2.48093
7800	2.49317	2.48705
7810	2.49929	2.49317
7820	2.50542	2.49929
7830	2.51154	2.50542
7840	2.51766	2.51154
7850	2.52378	2.51766
7860	2.52991	2.52378
7870	2.53603	2.52991
7880	2.54215	2.53603
7890	2.54827	2.54215
7900	2.55439	2.54827
7910	2.56052	2.55439
7920	2.56664	2.56052
7930	2.57276	2.56664
7940	2.57888	2.57276
7950	2.58501	2.57888
7960	2.59113	2.58501
7970	2.59725	2.59113
7980	2.60337	2.59725
7990	2.60949	2.60337
8000	2.61561	2.60949
8010	2.62174	2.61561
8020	2.62786	2.62174
8030	2.63398	2.62786
8040	2.6401	2.63398
8050	2.64622	2.6401
8060	2.65234	2.64622
8070	2.65847	2.65234
8080	2.66459	2.65847
8090	2.67071	2.66459
8100	2.67683	2.67071
8110	2.68295	2.67683
8120	2.68907	2.68295
8130	2.6952	2.68907
8140	2.70132	2.6952
8150	2.70744	2.70132
8160	2.71356	2.70744
8170	2.71968	2.71356
8180	2.7258	2.71968
8190	2.73192	2.7258
8200	2.73804	2.73192
8210	2.74416	2.73804
8220	2.75029	2.74416
8230	2.75641	2.75029
8240	2.76253	2.75641
8250	2.76865	2.76253
8260	2.77477	2.76865
8270	2.78089	2.77477
8280	2.78701	2.78089
8290	2.79313	2.78701
8300	2.79925	2.79313
8310	2.80537	2.79925
8320	2.81149	2.80537
8330	2.81761	2.81149
8340	2.82373	2.81761
8350	2.82985	2.82373
8360	2.83597	2.82985
8370	2.84209	2.83597
8380	2.84822	2.84209
8390	2.85434	2.84822
8400	2.86046	2.85434
8410	2.86658	2.86046
8420	2.8727	2.86658
8430	2.87882	2.8727
8440	2.88494	2.87882
8450	2.89106	2.88494
8460	2.89718	2.89106
8470	2.9033	2.89718
8480	2.90941	2.9033
8490	2.91553	2.90941
8500	2.92165	2.91553
8510	2.92777	2.92165
8520	2.93389	2.92777
8530	2.94001	2.93389
8540	2.94613	2.94001
8550	2.95225	2.94613
8560	2.95837	2.95225
8570	2.96449	2.95837
8580	2.97061	2.96449
8590	2.97673	2.97061
8600	2.98285	2.97673
8610	2.98897	2.98285
8620	2.99508	2.98897
8630	3.0012	2.99508
8640	3.00732	3.0012
8650	3.01344	3.00732
8660	3.01956	3.01344
8670	3.02568	3.01956
8680	3.0318	3.02568
8690	3.03792	3.0318
8700	3.04403	3.03791
8710	3.05015	3.04403
8720	3.05627	3.05015
8730	3.05626	3.05321
8740	3.05626	3.05474
8750	3.05627	3.0555
8760	3.05627	3.05588
8770	3.05627	3.05608
8780	3.05627	3.05617
8790	3.05627	3.05622
8800	3.05627	3.05624
8810	3.05627	3.05625
8820	3.05627	3.05626
8830	3.05627	3.05626
8840	3.05627	3.05627
8850	3.05627	3.05627
8860	3.05627	3.05627
8870	3.05627	3.05627
8880	3.05627	3.05627
8890	3.05627	3.05627
8900	3.05627	3.05627
8910	3.05627	3.05627
8920	3.05627	3.05627
8930	3.05627	3.05627
8940	3.05627	3.05627
8950	3.05627	3.05627
8960	3.05627	3.05627
8970	3.05627	3.05627
8980	3.05627	3.05627
8990	3.05627	3.05627
9000	3.05627	3.05627
9010	3.05627	3.05627
9020	3.05627	3.05627
9030	3.05627	3.05627
9040	3.05627	3.05627
9050	3.05627	3.05627
9060	3.05627	3.05627
9070	3.05627	3.05627
9080	3.05627	3.05627
9090	3.05627	3.05627
9100	3.05627	3.05627
9110	3.05627	3.05627
9120	3.05627	3.05627
9130	3.05627	3.05627
9140	3.05627	3.05627
9150	3.05627	3.05627
9160	3.05627	3.05627
9170	3.05627	3.05627
9180	3.05627	3.05627
9190	3.05627	3.05627
9200	3.05627	3.05627
9210	3.05627	3.05627
9220	3.05627	3.05627
9230	3.05627	3.05627
9240	3.05627	3.05627
9250	3.05627	3.05627
9260	3.05627	3.05627
9270	3.05627	3.05627
9280	3.05627	3.05627
9290	3.05627	3.05627
9300	3.05627	3.05627
9310	3.05627	3.05627
9320	3.05627	3.05627
9330	3.05627	3.05627
9340	3.05627	3.05627
9350	3.05627	3.05627
9360	3.05627	3.05627
9370	3.05627	3.05627
9380	3.05627	3.05627
9390	3.05627	3.05627
9400	3.05627	3.05627
9410	3.05627	3.05627
9420	3.05627	3.05627
9430	3.05627	3.05627
9440	3.05627	3.05627
9450	3.05627	3.05627
9460	3.05627	3.05627
9470	3.05627	3.05627
9480	3.05627	3.05627
9490	3.05627	3.05627
9500	3.05627	3.05627
9510	3.05627	3.05627
9520	3.05627	3.05627
9530	3.05627	3.05627
9540	3.05627	3.05627
9550	3.05627	3.05627
9560	3.05627	3.05627
9570	3.05627	3.05627
9580	3.05627	3.05627
9590	3.05627	3.05627
9600	3.05627	3.05627
9610	3.05627	3.05627
9620	3.05627	3.05627
9630	3.05627	3.05627
9640	3.05627	3.05627
9650	3.05627	3.05627
9660	3.05627	3.05627
9670	3.05627	3.05627
9680	3.05627	3.05627
9690	3.05627	3.05627
9700	3.05627	3.05627
9710	3.05627	3.05627
9720	3.05627	3.05627
9730	3.05627	3.05627
9740	3.05627	3.05627
9750	3.05627	3.05627
9760	3.05627	3.05627
9770	3.05627	3.05627
9780	3.05627	3.05627
9790	3.05627	3.05627
9800	3.05627	3.05627
9810	3.05627	3.05627
9820	3.05627	3.05627
9830	3.05627	3.05627
9840	3.05627	3.05627
9850	3.05627	3.05627
9860	3.05627	3.05627
9870	3.05627	3.05627
9880	3.05627	3.05627
9890	3.05627	3.05627
9900	3.05627	3.05627
9910	3.05627	3.05627
9920	3.05627	3.05627
9930	3.05627	3.05627
9940	3.05627	3.05627
9950	3.05627	3.05627
9960	3.05627	3.05627
9970	3.05627	3.05627
9980	3.05627	3.05627
9990	3.05627	3.05627
10000	3.05627	3.05627
10010	3.05627	3.05627
10020	3.05627	3.05627
10030	3.05627	3.05627
10040	3.05627	3.05627
10050	3.05627	3.05627
10060	3.05627	3.05627
10070	3.05627	3.05627
10080	3.05627	3.05627
10090	3.05627	3.05627
10100	3.05627	3.05627
10110	3.05627	3.05627
10120	3.05627	3.05627
10130	3.05627	3.05627
10140	3.05627	3.05627
10150	3.05627	3.05627
10160	3.05627	3.05627
10170	3.05627	3.05627
10180	3.05627	3.05627
10190	3.05627	3.05627
10200	3.05627	3.05627
10210	3.05627	3.05627
10220	3.05627	3.05627
10230	3.05627	3.05627
10240	3.05627	3.05627
10250	3.05627	3.05627
10260	3.05627	3.05627
10270	3.05627	3.05627
10280	3.96164	3.50895
10290	4.11943	3.81419
10300	3.67217	3.74318
10310	3.41259	3.57788
10320	3.41697	3.49743
10330	3.54724	3.52233
10340	3.64615	3.58424
10350	3.64282	3.61353
10360	3.59014	3.60184
10370	3.55741	3.57962
10380	3.56087	3.57025
10390	3.57979	3.57502
10400	3.59116	3.58309
10410	3.58928	3.58619
10420	3.58226	3.58422
10430	3.57842	3.58132
10440	3.57934	3.58033
10450	3.5819	3.58111
10460	3.5832	3.58216
10470	3.58279	3.58247
10480	3.58185	3.58216
10490	3.58142	3.58179
10500	3.58159	3.58169
10510	3.58193	3.58181
10520	3.58208	3.58194
10530	3.582	3.58197
10540	3.58188	3.58193
10550	3.58183	3.58188
10560	3.58186	3.58187
10570	3.58191	3.58189
10580	3.58192	3.58191
10590	3.58191	3.58191
10600	3.58189	3.5819
10610	3.58189	3.5819
10620	3.58189	3.58189
10630	3.5819	3.5819
10640	3.5819	3.5819
10650	3.5819	3.5819
10660	3.5819	3.5819
10670	3.5819	3.5819
10680	3.5819	3.5819
10690	3.5819	3.5819
10700	3.5819	3.5819
10710	3.5819	3.5819
10720	3.5819	3.5819
10730	3.5819	3.5819
10740	3.5819	3.5819
10750	3.5819	3.5819
10760	3.5819	3.5819
10770	3.5819	3.5819
10780	3.5819	3.5819
10790	3.5819	3.5819
10800	3.5819	3.5819
10810	3.5819	3.5819
10820	3.5819	3.5819
10830	3.5819	3.5819
10840	3.5819	3.5819
10850	3.5819	3.5819
10860	3.5819	3.5819
10870	3.5819	3.5819
10880	3.5819	3.5819
10890	3.5819	3.5819
10900	3.5819	3.5819
10910	3.5819	3.5819
10920	3.5819	3.5819
10930	3.5819	3.5819
10940	3.5819	3.5819
10950	3.5819	3.5819
10960	3.5819	3.5819
10970	3.5819	3.5819
10980	3.5819	3.5819
10990	3.5819	3.5819
11000	3.5819	3.5819
11010	3.5819	3.5819
11020	3.5819	3.5819
11030	3.5819	3.5819
11040	3.5819	3.5819
11050	3.5819	3.5819
11060	3.5819	3.5819
11070	3.5819	3.5819
11080	3.5819	3.5819
11090	3.5819	3.5819
11100	3.5819	3.5819
11110	3.5819	3.5819
11120	3.5819	3.5819
11130	3.5819	3.5819
11140	3.5819	3.5819
11150	3.5819	3.5819
11160	3.5819	3.5819
11170	3.5819	3.5819
11180	3.5819	3.5819
11190	3.5819	3.5819
11200	3.5819	3.5819
11210	3.5819	3.5819
11220	3.5819	3.5819
11230	3.5819	3.5819
11240	3.5819	3.5819
11250	3.5819	3.5819
11260	3.5819	3.5819
11270	3.5819	3.5819
11280	3.5819	3.5819
11290	3.5819	3.5819
11300	3.5819	3.5819
11310	3.5819	3.5819
11320	3.5819	3.5819
11330	3.5819	3.5819
11340	3.5819	3.5819
11350	3.5819	3.5819
11360	3.5819	3.5819
11370	3.5819	3.5819
11380	3.5819	3.5819
11390	3.5819	3.5819
11400	3.5819	3.5819
11410	3.5819	3.5819
11420	3.5819	3.5819
11430	3.5819	3.5819
11440	3.5819	3.5819
11450	3.5819	3.5819
11460	3.5819	3.5819
11470	3.5819	3.5819
11480	3.5819	3.5819
11490	3.5819	3.5819
11500	3.5819	3.5819
11510	3.5819	3.5819
11520	3.5819	3.5819
11530	3.5819	3.5819
11540	3.5819	3.5819
11550	3.5819	3.5819
11560	3.5819	3.5819
11570	3.5819	3.5819
11580	3.5819	3.5819
11590	3.5819	3.5819
11600	3.5819	3.5819
11610	3.5819	3.5819
11620	3.5819	3.5819
11630	3.5819	3.5819
11640	3.5819	3.5819
11650	3.5819	3.5819
11660	3.5819	3.5819
11670	3.5819	3.5819
11680	3.5819	3.5819
11690	3.5819	3.5819
11700	3.5819	3.5819
11710	3.5819	3.5819
11720	3.5819	3.5819
11730	3.5819	3.5819
11740	3.5819	3.5819
11750	3.5819	3.5819
11760	3.5819	3.5819
11770	3.5819	3.5819
11780	3.5819	3.5819
11790	3.5819	3.5819
11800	3.5819	3.5819
11810	3.5819	3.5819
11820	3.5819	3.5819
11830	3.5819	3.5819
11840	3.5819	3.5819
11850	3.5819	3.5819
11860	3.5819	3.5819
11870	3.5819	3.5819
11880	3.5819	3.5819
11890	3.5819	3.5819
11900	3.5819	3.5819
11910	3.5819	3.5819
11920	3.5819	3.5819
11930	3.5819	3.5819
11940	3.5819	3.5819
11950	3.5819	3.5819
11960	3.5819	3.5819
11970	3.5819	3.5819
11980	3.5819	3.5819
11990	3.5819	3.5819
12000	3.5819	3.5819
12010	3.5819	3.5819
12020	3.5819	3.5819
12030	3.5819	3.5819
12040	3.5819	3.5819
12050	3.5819	3.5819
12060	3.5819	3.5819
12070	3.5819	3.5819
12080	3.5819	3.5819
12090	3.5819	3.5819
12100	3.5819	3.5819
12110	3.5819	3.5819
12120	3.5819	3.5819
12130	3.5819	3.5819
12140	3.5819	3.5819
12150	3.5819	3.5819
12160	3.5819	3.5819
12170	3.5819	3.5819
12180	3.5819	3.5819
12190	3.5819	3.5819
12200	3.5819	3.5819
12210	3.5819	3.5819
12220	3.5819	3.5819
12230	3.5819	3.5819
12240	3.5819	3.5819
12250	3.5819	3.5819
12260	3.5819	3.5819
12270	3.5819	3.5819
12280	4.60459	4.09325
12290	3.24118	3.66721
12300	1.45465	2.66721
12310	2.72756	2.69739
12320	3.48532	3.09135
12330	3.41805	3.2547
12340	3.01111	3.13291
12350	2.8258	2.97935
12360	3.001	2.99018
12370	3.13998	3.06508
12380	3.11626	3.09067
12390	3.03625	3.06346
12400	3.01491	3.03918
12410	3.04761	3.0434
12420	3.07063	3.05701
12430	3.06381	3.06041
12440	3.04948	3.05495
12450	3.04715	3.05105
12460	3.05341	3.05223
12470	3.05706	3.05464
12480	3.0554	3.05502
12490	3.05291	3.05397
12500	3.05274	3.05335
12510	3.05392	3.05364
12520	3.05448	3.05406
12530	3.05411	3.05408
12540	3.05368	3.05388
12550	3.0537	3.05379
12560	3.05392	3.05385
12570	3.054	3.05392
12580	3.05392	3.05392
12590	3.05385	3.05389
12600	3.05386	3.05387
12610	3.0539	3.05388
12620	3.05391	3.0539
12630	3.05389	3.0539
12640	3.05388	3.05389
12650	3.05388	3.05389
12660	3.05389	3.05389
12670	3.05389	3.05389
12680	3.05389	3.05389
12690	3.05389	3.05389
12700	3.05389	3.05389
12710	3.05389	3.05389
12720	3.05389	3.05389
12730	3.05389	3.05389
12740	3.05389	3.05389
12750	3.05389	3.05389
12760	3.05389	3.05389
12770	3.05389	3.05389
12780	3.05389	3.05389
12790	3.05389	3.05389
12800	3.05389	3.05389
12810	3.05389	3.05389
12820	3.05389	3.05389
12830	3.05389	3.05389
12840	3.05389	3.05389
12850	3.05389	3.05389
12860	3.05389	3.05389
12870	3.05389	3.05389
12880	3.05389	3.05389
12890	3.05389	3.05389
12900	3.05389	3.05389
12910	3.05389	3.05389
12920	3.05389	3.05389
12930	3.05389	3.05389
12940	3.05389	3.05389
12950	3.05389	3.05389
12960	3.05389	3.05389
12970	3.05389	3.05389
12980	3.05389	3.05389
12990	3.05389	3.05389
13000	3.05389	3.05389
13010	3.05389	3.05389
13020	3.05389	3.05389
13030	3.05389	3.05389
13040	3.05389	3.05389
13050	3.05389	3.05389
13060	3.05389	3.05389
13070	3.05389	3.05389
13080	3.05389	3.05389
13090	3.05389	3.05389
13100	3.05389	3.05389
13110	3.05389	3.05389
13120	3.05389	3.05389
13130	3.05389	3.05389
13140	3.05389	3.05389
13150	3.05389	3.05389
13160	3.05389	3.05389
13170	3.05389	3.05389
13180	3.05389	3.05389
13190	3.05389	3.05389
13200	3.05389	3.05389
13210	3.05389	3.05389
13220	3.05389	3.05389
13230	3.05389	3.05389
13240	3.05389	3.05389
13250	3.05389	3.05389
13260	3.05389	3.05389
13270	3.05389	3.05389
13280	3.05389	3.05389
13290	3.05389	3.05389
13300	3.05389	3.05389
13310	3.05389	3.05389
13320	3.05389	3.05389
13330	3.05389	3.05389
13340	3.05389	3.05389
13350	3.05389	3.05389
13360	3.05389	3.05389
13370	3.05389	3.05389
13380	3.05389	3.05389
13390	3.05389	3.05389
13400	3.05389	3.05389
13410	3.05389	3.05389
13420	3.05389	3.05389
13430	3.05389	3.05389
13440	3.05389	3.05389
13450	3.05389	3.05389
13460	3.05389	3.05389
13470	3.05389	3.05389
13480	3.05389	3.05389
13490	3.05389	3.05389
13500	3.05389	3.05389
13510	3.05389	3.05389
13520	3.05389	3.05389
13530	3.05389	3.05389
13540	3.05389	3.05389
13550	3.05389	3.05389
13560	3.05389	3.05389
13570	3.05389	3.05389
13580	3.05389	3.05389
13590	3.05389	3.05389
13600	3.05389	3.05389
13610	3.05389	3.05389
13620	3.05389	3.05389
13630	3.05389	3.05389
13640	3.05389	3.05389
13650	3.05389	3.05389
13660	3.05389	3.05389
13670	3.05389	3.05389
13680	3.05389	3.05389
13690	3.05389	3.05389
13700	3.05389	3.05389
13710	3.05389	3.05389
13720	3.05389	3.05389
13730	3.05389	3.05389
13740	3.05389	3.05389
13750	3.05389	3.05389
13760	3.05389	3.05389
13770	3.05389	3.05389
13780	3.05389	3.05389
13790	3.05389	3.05389
13800	3.05389	3.05389
13810	3.05389	3.05389
13820	3.05389	3.05389
13830	3.05389	3.05389
13840	3.05389	3.05389
13850	3.05389	3.05389
13860	3.05389	3.05389
13870	3.05389	3.05389
13880	3.05389	3.05389
13890	3.05389	3.05389
13900	3.05389	3.05389
13910	3.05389	3.05389
13920	3.05389	3.05389
13930	3.05389	3.05389
13940	3.05389	3.05389
13950	3.05389	3.05389
13960	3.05389	3.05389
13970	3.05389	3.05389
13980	3.05389	3.05389
13990	3.05389	3.05389
14000	3.05389	3.05389
14010	3.05389	3.05389
14020	3.05389	3.05389
14030	3.05389	3.05389
14040	3.05389	3.05389
14050	3.05389	3.05389
14060	3.05389	3.05389
14070	3.05389	3.05389
14080	3.05389	3.05389
14090	3.05389	3.05389
14100	3.05389	3.05389
14110	3.05389	3.05389
14120	3.05389	3.05389
14130	3.05389	3.05389
14140	3.05389	3.05389
14150	3.05389	3.05389
14160	3.05389	3.05389
14170	3.05389	3.05389
14180	3.05389	3.05389
14190	3.05389	3.05389
14200	3.05389	3.05389
14210	3.05389	3.05389
14220	3.05389	3.05389
14230	3.05389	3.05389
14240	3.05389	3.05389
14250	3.05389	3.05389
14260	3.05389	3.05389
14270	3.05389	3.05389
14280	3.05389	3.05389
14290	3.05389	3.05389
14300	3.05389	3.05389
14310	3.05389	3.05389
14320	3.05389	3.05389
14330	3.05389	3.05389
14340	3.05389	3.05389
14350	3.05389	3.05389
14360	3.05389	3.05389
14370	3.05389	3.05389
14380	3.05389	3.05389
14390	3.05389	3.05389
14400	3.05389	3.05389
14410	3.05389	3.05389
14420	3.05389	3.05389
14430	3.05389	3.05389
14440	3.05389	3.05389
14450	3.05389	3.05389
14460	3.05389	3.05389
14470	3.05389	3.05389
14480	3.05389	3.05389
14490	3.05389	3.05389
14500	3.05389	3.05389
14510	3.05389	3.05389
14520	3.05389	3.05389
14530	3.05389	3.05389
14540	3.05389	3.05389
14550	3.05389	3.05389
14560	3.05389	3.05389
14570	3.05389	3.05389
14580	3.05389	3.05389
14590	3.05389	3.05389
14600	3.05389	3.05389
14610	3.05389	3.05389
14620	3.05389	3.05389
14630	3.05389	3.05389
14640	3.05389	3.05389
14650	3.05389	3.05389
14660	3.05389	3.05389
14670	3.05389	3.05389
14680	3.05389	3.05389
14690	3.05389	3.05389
14700	3.05389	3.05389
14710	3.05389	3.05389
14720	3.05389	3.05389
14730	3.05389	3.05389
14740	3.05389	3.05389
14750	3.05389	3.05389
14760	3.05389	3.05389
14770	3.05389	3.05389
14780	3.05389	3.05389
14790	3.05389	3.05389
14800	3.05389	3.05389
14810	3.05389	3.05389
14820	3.05389	3.05389
14830	3.05389	3.05389
14840	3.05389	3.05389
14850	3.05389	3.05389
14860	3.05389	3.05389
14870	3.05389	3.05389
14880	3.05389	3.05389
14890	3.05389	3.05389
14900	3.05389	3.05389
14910	3.05389	3.05389
14920	3.05389	3.05389
14930	3.05389	3.05389
14940	3.05389	3.05389
14950	3.05389	3.05389
14960	3.05389	3.05389
14970	3.05389	3.05389
14980	3.05389	3.05389
14990	3.05389	3.05389
15000	3.05389	3.05389
15010	3.05389	3.05389
15020	3.05389	3.05389
15030	3.05389	3.05389
15040	3.05389	3.05389
15050	3.05389	3.05389
15060	3.05389	3.05389
15070	3.05389	3.05389
15080	3.05389	3.05389
15090	3.05389	3.05389
15100	3.05389	3.05389
15110	3.05389	3.05389
15120	3.05389	3.05389
15130	3.05389	3.05389
15140	3.05389	3.05389
15150	3.05389	3.05389
15160	3.05389	3.05389
15170	3.05389	3.05389
15180	3.05389	3.05389
15190	3.05389	3.05389
15200	3.05389	3.05389
15210	3.05389	3.05389
15220	3.05389	3.05389
15230	3.05389	3.05389
15240	3.05389	3.05389
15250	3.05389	3.05389
15260	3.05389	3.05389
15270	3.05389	3.05389
15280	3.05389	3.05389
15290	3.05389	3.05389
15300	3.05389	3.05389
15310	3.05389	3.05389
15320	3.05389	3.05389
15330	3.05389	3.05389
15340	3.05389	3.05389
15350	3.05389	3.05389
15360	3.05389	3.05389
15370	3.05389	3.05389
15380	3.05389	3.05389
15390	3.05389	3.05389
15400	3.05389	3.05389
15410	3.05389	3.05389
15420	3.05389	3.05389
15430	3.05389	3.05389
15440	3.05389	3.05389
15450	3.05389	3.05389
15460	3.05389	3.05389
15470	3.05389	3.05389
15480	3.05389	3.05389
15490	3.05389	3.05389
15500	3.05389	3.05389
15510	3.05389	3.05389
15520	3.05389	3.05389
15530	3.05389	3.05389
15540	3.05389	3.05389
15550	3.05389	3.05389
15560	3.05389	3.05389
15570	3.05389	3.05389
15580	3.05389	3.05389
15590	3.05389	3.05389
15600	3.05389	3.05389
15610	3.05389	3.05389
15620	3.05389	3.05389
15630	3.05389	3.05389
15640	3.05389	3.05389
15650	3.05389	3.05389
15660	3.05389	3.05389
15670	3.05389	3.05389
15680	3.05389	3.05389
15690	3.05389	3.05389
15700	3.05389	3.05389
15710	3.05389	3.05389
15720	3.05389	3.05389
15730	3.05389	3.05389
15740	3.05389	3.05389
15750	3.05389	3.05389
15760	3.05389	3.05389
15770	3.05389	3.05389
15780	3.05389	3.05389
15790	3.05389	3.05389
15800	3.05389	3.05389
15810	3.05389	3.05389
15820	3.05389	3.05389
15830	3.05389	3.05389
15840	3.05389	3.05389
15850	3.05389	3.05389
15860	3.05389	3.05389
15870	3.05389	3.05389
15880	3.05389	3.05389
15890	3.05389	3.05389
15900	3.05389	3.05389
15910	3.05389	3.05389
15920	3.05389	3.05389
15930	3.05389	3.05389
15940	3.05389	3.05389
15950	3.05389	3.05389
15960	3.05389	3.05389
15970	3.05389	3.05389
15980	3.05389	3.05389
15990	3.05389	3.05389
16000	3.05389	3.05389
16010	3.05389	3.05389
16020	3.05389	3.05389
16030	3.05389	3.05389
16040	3.05389	3.05389
16050	3.05389	3.05389
16060	3.05389	3.05389
16070	3.05389	3.05389
16080	3.05389	3.05389
16090	3.05389	3.05389
16100	3.05389	3.05389
16110	3.05389	3.05389
16120	3.05389	3.05389
16130	3.05389	3.05389
16140	3.05389	3.05389
16150	3.05389	3.05389
16160	3.05389	3.05389
16170	3.05389	3.05389
16180	3.05389	3.05389
16190	3.05389	3.05389
16200	3.05389	3.05389
16210	3.05389	3.05389
16220	3.05389	3.05389
16230	3.05389	3.05389
16240	3.05389	3.05389
16250	3.05389	3.05389
16260	3.05389	3.05389
16270	3.05389	3.05389
16280	3.05389	3.05389
16290	3.05389	3.05389
16300	3.05389	3.05389
16310	3.05389	3.05389
16320	3.05389	3.05389
16330	3.05389	3.05389
16340	3.05389	3.05389
16350	3.05389	3.05389
16360	3.05389	3.05389
16370	3.05389	3.05389
16380	3.05389	3.05389
16390	3.05389	3.05389
16400	3.05389	3.05389
16410	3.05389	3.05389
16420	3.05389	3.05389
16430	3.05389	3.05389
16440	3.05389	3.05389
16450	3.05389	3.05389
16460	3.05389	3.05389
16470	3.05389	3.05389
16480	3.05389	3.05389
16490	3.05389	3.05389
16500	3.05389	3.05389
16510	3.05389	3.05389
16520	3.05389	3.05389
16530	3.05389	3.05389
16540	3.05389	3.05389
16550	3.05389	3.05389
16560	3.05389	3.05389
16570	3.05389	3.05389
16580	3.05389	3.05389
16590	3.05389	3.05389
16600	3.05389	3.05389
16610	3.05389	3.05389
16620	3.05389	3.05389
16630	3.05389	3.05389
16640	3.05389	3.05389
16650	3.05389	3.05389
16660	3.05389	3.05389
16670	3.05389	3.05389
16680	3.05389	3.05389
16690	3.05389	3.05389
16700	3.05389	3.05389
16710	3.05389	3.05389
16720	3.05389	3.05389
16730	3.05389	3.05389
16740	3.05389	3.05389
16750	3.05389	3.05389
16760	3.05389	3.05389
16770	3.05389	3.05389
16780	3.05389	3.05389
16790	3.05389	3.05389
16800	3.05389	3.05389
16810	3.05389	3.05389
16820	3.05389	3.05389
16830	3.05389	3.05389
16840	3.05389	3.05389
16850	3.05389	3.05389
16860	3.05389	3.05389
16870	3.05389	3.05389
16880	3.05389	3.05389
16890	3.05389	3.05389
16900	3.05389	3.05389
16910	3.05389	3.05389
16920	3.05389	3.05389
16930	3.05389	3.05389
16940	3.05389	3.05389
16950	3.05389	3.05389
16960	3.05389	3.05389
16970	3.05389	3.05389
16980	3.05389	3.05389
16990	3.05389	3.05389
17000	3.05389	3.05389
17010	3.05389	3.05389
17020	3.05389	3.05389
17030	3.05389	3.05389
17040	3.05389	3.05389
17050	3.05389	3.05389
17060	3.05389	3.05389
17070	3.05389	3.05389
17080	3.05389	3.05389
17090	3.05389	3.05389
17100	3.05389	3.05389
17110	3.05389	3.05389
17120	3.05389	3.05389
17130	3.05389	3.05389
17140	3.05389	3.05389
17150	3.05389	3.05389
17160	3.05389	3.05389
17170	3.05389	3.05389
17180	3.05389	3.05389
17190	3.05389	3.05389
17200	3.05389	3.05389
17210	3.05389	3.05389
17220	3.05389	3.05389
17230	3.05389	3.05389
17240	3.05389	3.05389
17250	3.05389	3.05389
17260	3.05389	3.05389
17270	3.05389	3.05389
17280	3.05389	3.05389
17290	3.05389	3.05389
17300	3.05389	3.05389
17310	3.05389	3.05389
17320	3.05389	3.05389
17330	3.05389	3.05389
17340	3.05389	3.05389
17350	3.05389	3.05389
17360	3.05389	3.05389
17370	3.05389	3.05389
17380	3.05389	3.05389
17390	3.05389	3.05389
17400	3.05389	3.05389
17410	3.05389	3.05389
17420	3.05389	3.05389
17430	3.05389	3.05389
17440	3.05389	3.05389
17450	3.05389	3.05389
17460	3.05389	3.05389
17470	3.05389	3.05389
17480	3.05389	3.05389
17490	3.05389	3.05389
17500	3.05389	3.05389
17510	3.05389	3.05389
17520	3.05389	3.05389
17530	3.05389	3.05389
17540	3.05389	3.05389
17550	3.05389	3.05389
17560	3.05389	3.05389
17570	3.05389	3.05389
17580	3.05389	3.05389
17590	3.05389	3.05389
17600	3.05389	3.05389
17610	3.05389	3.05389
17620	3.05389	3.05389
17630	3.05389	3.05389
17640	3.05389	3.05389
17650	3.05389	3.05389
17660	3.05389	3.05389
17670	3.05389	3.05389
17680	3.05389	3.05389
17690	3.05389	3.05389
17700	3.05389	3.05389
17710	3.05389	3.05389
17720	3.05389	3.05389
17730	3.05389	3.05389
17740	3.05389	3.05389
17750	3.05389	3.05389
17760	3.05389	3.05389
17770	3.05389	3.05389
17780	3.05389	3.05389
17790	3.05389	3.05389
17800	3.05389	3.05389
17810	3.05389	3.05389
17820	3.05389	3.05389
17830	3.05389	3.05389
17840	3.05389	3.05389
17850	3.05389	3.05389
17860	3.05389	3.05389
17870	3.05389	3.05389
17880	3.02329	3.03859
17890	2.99277	3.01568
17900	2.96229	2.98899
17910	2.93179	2.96039
17920	2.93186	2.94612
17930	2.90123	2.92368
17940	2.87067	2.89718
17950	2.84018	2.86868
17960	2.80969	2.83919
17970	2.77917	2.80918
17980	2.77924	2.79421
17990	2.74863	2.77142
18000	2.71806	2.74474
18010	2.68756	2.71615
18020	2.65707	2.68661
18030	2.62655	2.65658
18040	2.62663	2.64161
18050	2.59601	2.61881
18060	2.56544	2.59212
18070	2.53493	2.56353
18080	2.50444	2.53399
18090	2.50455	2.51927
18100	2.47393	2.4966
18110	2.44334	2.46997
18120	2.41282	2.44139
18130	2.38233	2.41186
18140	2.38244	2.39715
18150	2.35183	2.37449
18160	2.32124	2.34786
18170	2.29071	2.31929
18180	2.26021	2.28975
18190	2.26033	2.27504
18200	2.22972	2.25238
18210	2.19913	2.22575
18220	2.16859	2.19717
18230	2.13808	2.16763
18240	2.13821	2.15292
18250	2.10761	2.13026
18260	2.07701	2.10364
18270	2.04646	2.07505
18280	2.01595	2.0455
18290	2.01608	2.03079
18300	1.98548	2.00814
18310	1.95488	1.98151
18320	1.92433	1.95292
18330	1.92445	1.93869
18340	1.89387	1.91628
18350	1.86328	1.88978
18360	1.83273	1.86126
18370	1.83285	1.84705
18380	1.80226	1.82466
18390	1.77167	1.79816
18400	1.74111	1.76964
18410	1.74124	1.75544
18420	1.71065	1.73304
18430	1.68006	1.70655
18440	1.64949	1.67802
18450	1.64962	1.66382
18460	1.61902	1.64142
18470	1.58843	1.61493
18480	1.55786	1.58639
18490	1.55799	1.57219
18500	1.52739	1.54979
18510	1.49679	1.52329
18520	1.4969	1.51009
18530	1.46629	1.48819
18540	1.43569	1.46194
18550	1.40512	1.43353
18560	1.40525	1.41939
18570	1.37465	1.39702
18580	1.34405	1.37054
18590	1.34415	1.35735
18600	1.31353	1.33544
18610	1.28292	1.30918
18620	1.25234	1.28076
18630	1.25248	1.26662
18640	1.22187	1.24425
18650	1.19126	1.21776
18660	1.19137	1.20456
18670	1.16074	1.18265
18680	1.13012	1.15639
18690	1.13023	1.14331
18700	1.0996	1.12146
18710	1.06898	1.09522
18720	1.0691	1.08216
18730	1.03846	1.06031
18740	1.03856	1.04944
18750	1.0079	1.02867
18760	0.977253	1.00296
18770	0.977368	0.990164
18780	0.946726	0.968445
18790	0.91609	0.942267
18800	0.916216	0.929242
18810	0.885568	0.907405
18820	0.885674	0.896539
18830	0.854998	0.875768
18840	0.824329	0.850049
18850	0.824446	0.837247
18860	0.79378	0.815513
18870	0.793889	0.804701
18880	0.763203	0.783952
18890	0.763301	0.773627
18900	0.732601	0.753114
18910	0.70191	0.727512
18920	0.70203	0.714771
18930	0.671343	0.693057
18940	0.671459	0.682258
18950	0.640751	0.661505
18960	0.640856	0.65118
18970	0.610131	0.630656
18980	0.610231	0.620443
18990	0.579495	0.599969
19000	0.579595	0.589782
19010	0.548851	0.569316
19020	0.548952	0.559134
19030	0.5182	0.538667
19040	0.518302	0.528485
19050	0.487541	0.508013
19060	0.487644	0.497828
19070	0.456871	0.47735
19080	0.456974	0.467162
19090	0.457072	0.462117
19100	0.426265	0.444191
19110	0.426352	0.435271
19120	0.395534	0.415403
19130	0.395627	0.405515
19140	0.364802	0.385158
19150	0.364899	0.375028
19160	0.364994	0.370011
19170	0.33414	0.352076
19180	0.334228	0.343152
19190	0.334314	0.338733
19200	0.30343	0.321082
19210	0.303511	0.312296
19220	0.303593	0.307944
19230	0.272682	0.290313
19240	0.27276	0.281536
19250	0.272839	0.277188
19260	0.241901	0.259544
19270	0.241977	0.250761
19280	0	0.12538
19290	0	0.0626902
19300	0	0.0313451
19310	0	0.0156725
19320	0	0.00783627
19330	0	0.00391814
19340	0	0.00195907
19350	0	0.000979534
19360	0	0.000489767
19370	0	0.000244884
19380	0	0.000122442
19390	0	6.12209e-05
19400	0	3.06104e-05
19410	0	1.53052e-05
19420	0	7.65261e-06
19430	0	3.82631e-06
19440	0	1.91315e-06
19450	0	9.56576e-07
19460	0	4.78288e-07
19470	0	2.39144e-07
19480	0	1.19572e-07
19490	0	5.9786e-08
19500	0	2.9893e-08
19510	0	1.49465e-08
19520	0	7.47325e-09
19530	0	3.73663e-09
19540	0	1.86831e-09
19550	0	9.34157e-10
19560	0	4.67078e-10
19570	0	2.33539e-10
19580	0	1.1677e-10
19590	0	5.83848e-11
19600	0	2.91924e-11
19610	0	1.45962e-11
19620	0	7.2981e-12
19630	0	3.64905e-12
19640	0	1.82452e-12
19650	0	9.12262e-13
19660	0	4.56131e-13
19670	0	2.28066e-13
19680	0	1.14033e-13
19690	0	5.70164e-14
19700	0	2.85082e-14
19710	0	1.42541e-14
19720	0	7.12705e-15
19730	0	3.56352e-15
19740	0	1.78176e-15
19750	0	8.90881e-16
19760	0	4.45441e-16
19770	0	2.2272e-16
19780	0	1.1136e-16
19790	0	5.56801e-17
19800	0	2.784e-17
19810	0	1.392e-17
19820	0	6.96001e-18
19830	0	3.48e-18
19840	0	1.74e-18
19850	0	8.70001e-19
19860	0	4.35001e-19
19870	0	2.175e-19
19880	0	1.0875e-19
19890	0	5.43751e-20
19900	0	2.71875e-20
19910	0	1.35938e-20
19920	0	6.79688e-21
19930	0	3.39844e-21
19940	0	1.69922e-21
19950	0	8.49611e-22
19960	0	4.24805e-22
19970	0	2.12403e-22
19980	0	1.06201e-22
19990	0	5.31007e-23
20000	0	2.65503e-23
20010	0	1.32752e-23
20020	0	6.63758e-24
20030	0	3.31879e-24
20040	0	1.6594e-24
20050	0	8.29698e-25
20060	0	4.14849e-25
20070	0	2.07424e-25
20080	0	1.03712e-25
20090	0	5.18561e-26
20100	0	2.59281e-26
20110	0	1.2964e-26
20120	0	6.48201e-27
20130	0	3.24101e-27
20140	0	1.6205e-27
20150	0	8.10252e-28
20160	0	4.05126e-28
20170	0	2.02563e-28
20180	0	1.01281e-28
20190	0	5.06407e-29
20200	0	2.53204e-29
20210	0	1.26602e-29
20220	0	6.33009e-30
20230	0	3.16505e-30
20240	0	1.58252e-30
20250	0	7.91261e-31
20260	0	3.95631e-31
20270	0	1.97815e-31
20280	0	9.89077e-32
20290	0	4.94538e-32
20300	0	2.47269e-32
20310	0	1.23635e-32
20320	0	6.18173e-33
20330	0	3.09087e-33
20340	0	1.54543e-33
20350	0	7.72716e-34
20360	0	3.86358e-34
20370	0	1.93179e-34
20380	0	9.65895e-35
20390	0	4.82948e-35
20400	0	2.41474e-35
20410	0	1.20737e-35
20420	0	6.03685e-36
20430	0	3.01842e-36
20440	0	1.50921e-36
20450	0	7.54606e-37
20460	0	3.77303e-37
20470	0	1.88651e-37
20480	0	9.43257e-38
20490	0	4.71629e-38
20500	0	2.35814e-38
20510	0	1.17907e-38
20520	0	5.89536e-39
20530	0	2.94768e-39
20540	0	1.47384e-39
20550	0	7.3692e-40
20560	0	3.6846e-40
20570	0	1.8423e-40
20580	0	9.2115e-41
20590	0	4.60575e-41
20600	0	2.30287e-41
20610	0	1.15144e-41
20620	0	5.75719e-42
20630	0	2.87859e-42
20640	0	1.4393e-42
20650	0	7.19648e-43
20660	0	3.59824e-43
20670	0	1.79912e-43
20680	0	8.9956e-44
20690	0	4.4978e-44
20700	0	2.2489e-44
20710	0	1.12445e-44
20720	0	5.62225e-45
20730	0	2.81113e-45
20740	0	1.40556e-45
20750	0	7.02781e-46
20760	0	3.51391e-46
20770	0	1.75695e-46
20780	0	8.78477e-47
20790	0	4.39238e-47
20800	0	2.19619e-47
20810	0	1.0981e-47
20820	0	5.49048e-48
20830	0	2.74524e-48
20840	0	1.37262e-48
20850	0	6.8631e-49
20860	0	3.43155e-49
20870	0	1.71577e-49
20880	0	8.57887e-50
20890	0	4.28944e-50
20900	0	2.14472e-50
20910	0	1.07236e-50
20920	0	5.3618e-51
20930	0	2.6809e-51
20940	0	1.34045e-51
20950	0	6.70225e-52
20960	0	3.35112e-52
20970	0	1.67556e-52
20980	0	8.37781e-53
20990	0	4.1889e-53
21000	0	2.09445e-53
21010	0	1.04723e-53
21020	0	5.23613e-54
21030	0	2.61806e-54
21040	0	1.30903e-54
21050	0	6.54516e-55
21060	0	3.27258e-55
21070	0	1.63629e-55
21080	0	8.18145e-56
21090	0	4.09073e-56
21100	0	2.04536e-56
21110	0	1.02268e-56
21120	0	5.11341e-57
21130	0	2.5567e-57
21140	0	1.27835e-57
21150	0	6.39176e-58
21160	0	3.19588e-58
21170	0	1.59794e-58
21180	0	7.9897e-59
21190	0	3.99485e-59
21200	0	1.99742e-59
21210	0	9.98712e-60
21220	0	4.99356e-60
21230	0	2.49678e-60
21240	0	1.24839e-60
21250	0	6.24195e-61
21260	0	3.12098e-61
21270	0	1.56049e-61
21280	0	7.80244e-62
21290	0	3.90122e-62
21300	0	1.95061e-62
21310	0	9.75305e-63
21320	0	4.87653e-63
21330	0	2.43826e-63
21340	0	1.21913e-63
21350	0	6.09566e-64
21360	0	3.04783e-64
21370	0	1.52391e-64
21380	0	7.61957e-65
21390	0	3.80979e-65
21400	0	1.90489e-65
21410	0	9.52446e-66
21420	0	4.76223e-66
21430	0	2.38112e-66
21440	0	1.19056e-66
21450	0	5.95279e-67
21460	0	2.97639e-67
21470	0	1.4882e-67
21480	0	7.44099e-68
21490	0	3.72049e-68
21500	0	1.86025e-68
21510	0	9.30123e-69
21520	0	4.65062e-69
21530	0	2.32531e-69
21540	0	1.16265e-69
21550	0	5.81327e-70
21560	0	2.90664e-70
21570	0	1.45332e-70
21580	0	7.26659e-71
21590	0	3.63329e-71
21600	0	1.81665e-71
21610	0	9.08324e-72
21620	0	4.54162e-72
21630	0	2.27081e-72
21640	0	1.1354e-72
21650	0	5.67702e-73
21660	0	2.83851e-73
21670	0	1.41926e-73
21680	0	7.09628e-74
21690	0	3.54814e-74
21700	0	1.77407e-74
21710	0	8.87035e-75
21720	0	4.43517e-75
21730	0	2.21759e-75
21740	0	1.10879e-75
21750	0	5.54397e-76
21760	0	2.77198e-76
21770	0	1.38599e-76
21780	0	6.92996e-77
21790	0	3.46498e-77
21800	0	1.73249e-77
21810	0	8.66245e-78
21820	0	4.33122e-78
21830	0	2.16561e-78
21840	0	1.08281e-78
21850	0	5.41403e-79
21860	0	2.70702e-79
21870	0	1.35351e-79
21880	0	6.76754e-80
21890	0	3.38377e-80
21900	0	1.69188e-80
21910	0	8.45942e-81
21920	0	4.22971e-81
21930	0	2.11486e-81
21940	0	1.05743e-81
21950	0	5.28714e-82
21960	0	2.64357e-82
21970	0	1.32178e-82
21980	0	6.60892e-83
21990	0	3.30446e-83
22000	0	1.65223e-83
22010	0	8.26116e-84
22020	0	4.13058e-84
22030	0	2.06529e-84
22040	0	1.03264e-84
22050	0	5.16322e-85
22060	0	2.58161e-85
22070	0	1.29081e-85
22080	0	6.45403e-86
22090	0	3.22701e-86
22100	0	1.61351e-86
22110	0	8.06753e-87
22120	0	4.03377e-87
22130	0	2.01688e-87
22140	0	1.00844e-87
22150	0	5.04221e-88
22160	0	2.5211e-88
22170	0	1.26055e-88
22180	0	6.30276e-89
22190	0	3.15138e-89
22200	0	1.57569e-89
22210	0	7.87845e-90
22220	0	3.93923e-90
22230	0	1.96961e-90
22240	0	9.84806e-91
22250	0	4.92403e-91
22260	0	2.46202e-91
22270	0	1.23101e-91
22280	0	6.15504e-92
22290	0	3.07752e-92
22300	0	1.53876e-92
22310	0	7.6938e-93
22320	0	3.8469e-93
22330	0	1.92345e-93
22340	0	9.61725e-94
22350	0	4.80863e-94
22360	0	2.40431e-94
22370	0	1.20216e-94
22380	0	6.01078e-95
22390	0	3.00539e-95
22400	0	1.5027e-95
22410	0	7.51348e-96
22420	0	3.75674e-96
22430	0	1.87837e-96
22440	0	9.39185e-97
22450	0	4.69592e-97
22460	0	2.34796e-97
22470	0	1.17398e-97
22480	0	5.8699e-98
22490	0	2.93495e-98
22500	0	1.46748e-98
22510	0	7.33738e-99
22520	0	3.66869e-99
22530	0	1.83434e-99
22540	0	9.17172e-100
22550	0	4.58586e-100
22560	0	2.29293e-100
22570	0	1.14647e-100
22580	0	5.73233e-101
22590	0	2.86616e-101
22600	0	1.43308e-101
22610	0	7.16541e-102
22620	0	3.58271e-102
22630	0	1.79135e-102
22640	0	8.95676e-103
22650	0	4.47838e-103
22660	0	2.23919e-103
22670	0	1.1196e-103
22680	0	5.59798e-104
22690	0	2.79899e-104
22700	0	1.39949e-104
22710	0	6.99747e-105
22720	0	3.49874e-105
22730	0	1.74937e-105
22740	0	8.74684e-106
22750	0	4.37342e-106
22760	0	2.18671e-106
22770	0	1.09335e-106
22780	0	5.46677e-107
22790	0	2.73339e-107
22800	0	1.36669e-107
22810	0	6.83347e-108
22820	0	3.41673e-108
22830	0	1.70837e-108
22840	0	8.54183e-109
22850	0	4.27092e-109
22860	0	2.13546e-109
22870	0	1.06773e-109
22880	0	5.33865e-110
22890	0	2.66932e-110
22900	0	1.33466e-110
22910	0	6.67331e-111
22920	0	3.33665e-111
22930	0	1.66833e-111
22940	0	8.34164e-112
22950	0	4.17082e-112
22960	0	2.08541e-112
22970	0	1.0427e-112
22980	0	5.21352e-113
22990	0	2.60676e-113
23000	0	1.30338e-113
23010	0	6.5169e-114
23020	0	3.25845e-114
23030	0	1.62923e-114
23040	0	8.14613e-115
23050	0	4.07306e-115
23060	0	2.03653e-115
23070	0	1.01827e-115
23080	0	5.09133e-116
23090	0	2.54567e-116
23100	0	1.27283e-116
23110	0	6.36416e-117
23120	0	3.18208e-117
23130	0	1.59104e-117
23140	0	7.9552e-118
23150	0	3.9776e-118
23160	0	1.9888e-118
23170	0	9.944e-119
23180	0	4.972e-119
23190	0	2.486e-119
23200	0	1.243e-119
23210	0	6.215e-120
23220	0	3.1075e-120
23230	0	1.55375e-120
23240	0	7.76875e-121
23250	0	3.88438e-121
23260	0	1.94219e-121
23270	0	9.71094e-122
23280	0	4.85547e-122
23290	0	2.42774e-122
23300	0	1.21387e-122
23310	0	6.06934e-123
23320	0	3.03467e-123
23330	0	1.51733e-123
23340	0	7.58667e-124
23350	0	3.79334e-124
23360	0	1.89667e-124
23370	0	9.48334e-125
23380	0	4.74167e-125
23390	0	2.37084e-125
23400	0	1.18542e-125
23410	0	5.92709e-126
23420	0	2.96354e-126
23430	0	1.48177e-126
23440	0	7.40886e-127
23450	0	3.70443e-127
23460	0	1.85222e-127
23470	0	9.26108e-128
23480	0	4.63054e-128
23490	0	2.31527e-128
23500	0	1.15763e-128
23510	0	5.78817e-129
23520	0	2.89409e-129
23530	0	1.44704e-129
23540	0	7.23522e-130
23550	0	3.61761e-130
23560	0	1.8088e-130
23570	0	9.04402e-131
23580	0	4.52201e-131
23590	0	2.261e-131
23600	0	1.1305e-131
23610	0	5.65251e-132
23620	0	2.82626e-132
23630	0	1.41313e-132
23640	0	7.06564e-133
23650	0	3.53282e-133
23660	0	1.76641e-133
23670	0	8.83205e-134
23680	0	4.41602e-134
23690	0	2.20801e-134
23700	0	1.10401e-134
23710	0	5.52003e-135
23720	0	2.76002e-135
23730	0	1.38001e-135
23740	0	6.90004e-136
23750	0	3.45002e-136
23760	0	1.72501e-136
23770	0	8.62505e-137
23780	0	4.31252e-137
23790	0	2.15626e-137
23800	0	1.07813e-137
23810	0	5.39066e-138
23820	0	2.69533e-138
23830	0	1.34766e-138
23840	0	6.73832e-139
23850	0	3.36916e-139
23860	0	1.68458e-139
23870	0	8.4229e-140
23880	0	4.21145e-140
23890	0	2.10572e-140
23900	0	1.05286e-140
23910	0	5.26431e-141
23920	0	2.63216e-141
23930	0	1.31608e-141
23940	0	6.58039e-142
23950	0	3.29019e-142
23960	0	1.6451e-142
23970	0	8.22549e-143
23980	0	4.11274e-143
23990	0	2.05637e-143
24000	0	1.02819e-143
24010	0	5.14093e-144
24020	0	2.57046e-144
24030	0	1.28523e-144
24040	0	6.42616e-145
24050	0	3.21308e-145
24060	0	1.60654e-145
24070	0	8.0327e-146
24080	0	4.01635e-146
24090	0	2.00818e-146
24100	0	1.00409e-146
24110	0	5.02044e-147
24120	0	2.51022e-147
24130	0	1.25511e-147
24140	0	6.27555e-148
24150	0	3.13777e-148
24160	0	1.56889e-148
24170	0	7.84444e-149
24180	0	3.92222e-149
24190	0	1.96111e-149
24200	0	9.80555e-150
24210	0	4.90277e-150
24220	0	2.45139e-150
24230	0	1.22569e-150
24240	0	6.12847e-151
24250	0	3.06423e-151
24260	0	1.53212e-151
24270	0	7.66058e-152
24280	0	3.83029e-152
24290	0	1.91515e-152
24300	0	9.57573e-153
24310	0	4.78786e-153
24320	0	2.39393e-153
24330	0	1.19697e-153
24340	0	5.98483e-154
24350	0	2.99241e-154
24360	0	1.49621e-154
24370	0	7.48104e-155
24380	0	3.74052e-155
24390	0	1.87026e-155
24400	0	9.3513e-156
24410	0	4.67565e-156
24420	0	2.33782e-156
24430	0	1.16891e-156
24440	0	5.84456e-157
24450	0	2.92228e-157
24460	0	1.46114e-157
24470	0	7.3057e-158
24480	0	3.65285e-158
24490	0	1.82643e-158
24500	0	9.13213e-159
24510	0	4.56606e-159
24520	0	2.28303e-159
24530	0	1.14152e-159
24540	0	5.70758e-160
24550	0	2.85379e-160
24560	0	1.42689e-160
24570	0	7.13447e-161
24580	0	3.56724e-161
24590	0	1.78362e-161
24600	0	8.91809e-162
24610	0	4.45905e-162
24620	0	2.22952e-162
24630	0	1.11476e-162
24640	0	5.57381e-163
24650	0	2.7869e-163
24660	0	1.39345e-163
24670	0	6.96726e-164
24680	0	3.48363e-164
24690	0	1.74181e-164
24700	0	8.70907e-165
24710	0	4.35454e-165
24720	0	2.17727e-165
24730	0	1.08863e-165
24740	0	5.44317e-166
24750	0	2.72159e-166
24760	0	1.36079e-166
24770	0	6.80396e-167
24780	0	3.40198e-167
24790	0	1.70099e-167
24800	0	8.50495e-168
24810	0	4.25248e-168
24820	0	2.12624e-168
24830	0	1.06312e-168
24840	0	5.3156e-169
24850	0	2.6578e-169
24860	0	1.3289e-169
24870	0	6.6445e-170
24880	0	3.32225e-170
24890	0	1.66112e-170
24900	0	8.30562e-171
24910	0	4.15281e-171
24920	0	2.0764e-171
24930	0	1.0382e-171
24940	0	5.19101e-172
24950	0	2.59551e-172
24960	0	1.29775e-172
24970	0	6.48877e-173
24980	0	3.24438e-173
24990	0	1.62219e-173
25000	0	8.11096e-174
25010	0	4.05548e-174
25020	0	2.02774e-174
25030	0	1.01387e-174
25040	0	5.06935e-175
25050	0	2.53467e-175
25060	0	1.26734e-175
25070	0	6.33668e-176
25080	0	3.16834e-176
25090	0	1.58417e-176
25100	0	7.92086e-177
25110	0	3.96043e-177
25120	0	1.98021e-177
25130	0	9.90107e-178
25140	0	4.95054e-178
25150	0	2.47527e-178
25160	0	1.23763e-178
25170	0	6.18817e-179
25180	0	3.09408e-179
25190	0	1.54704e-179
25200	0	7.73521e-180
25210	0	3.86761e-180
25220	0	1.9338e-180
25230	0	9.66901e-181
25240	0	4.83451e-181
25250	0	2.41725e-181
25260	0	1.20863e-181
25270	0	6.04313e-182
25280	0	3.02157e-182
25290	0	1.51078e-182
25300	0	7.55392e-183
25310	0	3.77696e-183
25320	0	1.88848e-183
25330	0	9.4424e-184
25340	0	4.7212e-184
25350	0	2.3606e-184
25360	0	1.1803e-184
25370	0	5.9015e-185
25380	0	2.95075e-185
25390	0	1.47537e-185
25400	0	7.37687e-186
25410	0	3.68844e-186
25420	0	1.84422e-186
25430	0	9.22109e-187
25440	0	4.61055e-187
25450	0	2.30527e-187
25460	0	1.15264e-187
25470	0	5.76318e-188
25480	0	2.88159e-188
25490	0	1.4408e-188
25500	0	7.20398e-189
25510	0	3.60199e-189
25520	0	1.80099e-189
25530	0	9.00497e-190
25540	0	4.50249e-190
25550	0	2.25124e-190
25560	0	1.12562e-190
25570	0	5.62811e-191
25580	0	2.81405e-191
25590	0	1.40703e-191
25600	0	7.03513e-192
25610	0	3.51757e-192
25620	0	1.75878e-192
25630	0	8.79392e-193
25640	0	4.39696e-193
25650	0	2.19848e-193
25660	0	1.09924e-193
25670	0	5.4962e-194
25680	0	2.7481e-194
25690	0	1.37405e-194
25700	0	6.87025e-195
25710	0	3.43512e-195
25720	0	1.71756e-195
25730	0	8.58781e-196
25740	0	4.2939e-196
25750	0	2.14695e-196
25760	0	1.07348e-196
25770	0	5.36738e-197
25780	0	2.68369e-197
25790	0	1.34185e-197
25800	0	6.70923e-198
25810	0	3.35461e-198
25820	0	1.67731e-198
25830	0	8.38653e-199
25840	0	4.19327e-199
25850	0	2.09663e-199
25860	0	1.04832e-199
25870	0	5.24158e-200
25880	0	2.62079e-200
25890	0	1.3104e-200
25900	0	6.55198e-201
25910	0	3.27599e-201
25920	0	1.63799e-201
25930	0	8.18997e-202
25940	0	4.09499e-202
25950	0	2.04749e-202
25960	0	1.02375e-202
25970	0	5.11873e-203
25980	0	2.55937e-203
25990	0	1.27968e-203
26000	0	6.39842e-204
26010	0	3.19921e-204
26020	0	1.5996e-204
26030	0	7.99802e-205
26040	0	3.99901e-205
26050	0	1.99951e-205
26060	0	9.99753e-206
26070	0	4.99876e-206
26080	0	2.49938e-206
26090	0	1.24969e-206
26100	0	6.24845e-207
26110	0	3.12423e-207
26120	0	1.56211e-207
26130	0	7.81057e-208
26140	0	3.90528e-208
26150	0	1.95264e-208
26160	0	9.76321e-209
26170	0	4.8816e-209
26180	0	2.4408e-209
26190	0	1.2204e-209
26200	0	6.10201e-210
26210	0	3.051e-210
26220	0	1.5255e-210
26230	0	7.62751e-211
26240	0	3.81375e-211
26250	0	1.90688e-211
26260	0	9.53438e-212
26270	0	4.76719e-212
26280	0	2.3836e-212
26290	0	1.1918e-212
26300	0	5.95899e-213
26310	0	2.97949e-213
26320	0	1.48975e-213
26330	0	7.44874e-214
26340	0	3.72437e-214
26350	0	1.86218e-214
26360	0	9.31092e-215
26370	0	4.65546e-215
26380	0	2.32773e-215
26390	0	1.16387e-215
26400	0	5.81933e-216
26410	0	2.90966e-216
26420	0	1.45483e-216
26430	0	7.27416e-217
26440	0	3.63708e-217
26450	0	1.81854e-217
26460	0	9.0927e-218
26470	0	4.54635e-218
26480	0	2.27317e-218
26490	0	1.13659e-218
26500	0	5.68294e-219
26510	0	2.84147e-219
26520	0	1.42073e-219
26530	0	7.10367e-220
26540	0	3.55183e-220
26550	0	1.77592e-220
26560	0	8.87959e-221
26570	0	4.43979e-221
26580	0	2.2199e-221
26590	0	1.10995e-221
26600	0	5.54974e-222
26610	0	2.77487e-222
26620	0	1.38744e-222
26630	0	6.93718e-223
26640	0	3.46859e-223
26650	0	1.73429e-223
26660	0	8.67147e-224
26670	0	4.33574e-224
26680	0	2.16787e-224
26690	0	1.08393e-224
26700	0	5.41967e-225
26710	0	2.70983e-225
26720	0	1.35492e-225
26730	0	6.77459e-226
26740	0	3.38729e-226
26750	0	1.69365e-226
26760	0	8.46823e-227
26770	0	4.23412e-227
26780	0	2.11706e-227
26790	0	1.05853e-227
26800	0	5.29265e-228
26810	0	2.64632e-228
26820	0	1.32316e-228
26830	0	6.61581e-229
26840	0	3.3079e-229
26850	0	1.65395e-229
26860	0	8.26976e-230
26870	0	4.13488e-230
26880	0	2.06744e-230
26890	0	1.03372e-230
26900	0	5.1686e-231
26910	0	2.5843e-231
26920	0	1.29215e-231
26930	0	6.46075e-232
26940	0	3.23037e-232
26950	0	1.61519e-232
26960	0	8.07594e-233
26970	0	4.03797e-233
26980	0	2.01898e-233
26990	0	1.00949e-233
27000	0	5.04746e-234
27010	0	2.52373e-234
27020	0	1.26187e-234
27030	0	6.30933e-235
27040	0	3.15466e-235
27050	0	1.57733e-235
27060	0	7.88666e-236
27070	0	3.94333e-236
27080	0	1.97166e-236
27090	0	9.85832e-237
27100	0	4.92916e-237
27110	0	2.46458e-237
27120	0	1.23229e-237
27130	0	6.16145e-238
27140	0	3.08073e-238
27150	0	1.54036e-238
27160	0	7.70181e-239
27170	0	3.85091e-239
27180	0	1.92545e-239
27190	0	9.62727e-240
27200	0	4.81363e-240
27210	0	2.40682e-240
27220	0	1.20341e-240
27230	0	6.01704e-241
27240	0	3.00852e-241
27250	0	1.50426e-241
27260	0	7.5213e-242
27270	0	3.76065e-242
27280	0	1.88033e-242
27290	0	9.40163e-243
27300	0	4.70081e-243
27310	0	2.35041e-243
27320	0	1.1752e-243
27330	0	5.87602e-244
27340	0	2.93801e-244
27350	0	1.469e-244
27360	0	7.34502e-245
27370	0	3.67251e-245
27380	0	1.83626e-245
27390	0	9.18128e-246
27400	0	4.59064e-246
27410	0	2.29532e-246
27420	0	1.14766e-246
27430	0	5.7383e-247
27440	0	2.86915e-247
27450	0	1.43457e-247
27460	0	7.17287e-248
27470	0	3.58644e-248
27480	0	1.79322e-248
27490	0	8.96609e-249
27500	0	4.48305e-249
27510	0	2.24152e-249
27520	0	1.12076e-249
27530	0	5.60381e-250
27540	0	2.8019e-250
27550	0	1.40095e-250
27560	0	7.00476e-251
27570	0	3.50238e-251
27580	0	1.75119e-251
27590	0	8.75595e-252
27600	0	4.37797e-252
27610	0	2.18899e-252
27620	0	1.09449e-252
27630	0	5.47247e-253
27640	0	2.73623e-253
27650	0	1.36812e-253
27660	0	6.84058e-254
27670	0	3.42029e-254
27680	0	1.71015e-254
27690	0	8.55073e-255
27700	0	4.27537e-255
27710	0	2.13768e-255
27720	0	1.06884e-255
27730	0	5.34421e-256
27740	0	2.6721e-256
27750	0	1.33605e-256
27760	0	6.68026e-257
27770	0	3.34013e-257
27780	0	1.67006e-257
27790	0	8.35032e-258
27800	0	4.17516e-258
27810	0	2.08758e-258
27820	0	1.04379e-258
27830	0	5.21895e-259
27840	0	2.60948e-259
27850	0	1.30474e-259
27860	0	6.52369e-260
27870	0	3.26185e-260
27880	0	1.63092e-260
27890	0	8.15461e-261
27900	0	4.07731e-261
27910	0	2.03865e-261
27920	0	1.01933e-261
27930	0	5.09663e-262
27940	0	2.54832e-262
27950	0	1.27416e-262
27960	0	6.37079e-263
27970	0	3.1854e-263
27980	0	1.5927e-263
27990	0	7.96349e-264
28000	0	3.98174e-264
28010	0	1.99087e-264
28020	0	9.95436e-265
28030	0	4.97718e-265
28040	0	2.48859e-265
28050	0	1.2443e-265
28060	0	6.22148e-266
28070	0	3.11074e-266
28080	0	1.55537e-266
28090	0	7.77684e-267
28100	0	3.88842e-267
28110	0	1.94421e-267
28120	0	9.72106e-268
28130	0	4.86053e-268
28140	0	2.43026e-268
28150	0	1.21513e-268
28160	0	6.07566e-269
28170	0	3.03783e-269
28180	0	1.51891e-269
28190	0	7.59457e-270
28200	0	3.79729e-270
28210	0	1.89864e-270
28220	0	9.49322e-271
28230	0	4.74661e-271
28240	0	2.3733e-271
28250	0	1.18665e-271
28260	0	5.93326e-272
28270	0	2.96663e-272
28280	0	1.48332e-272
28290	0	7.41658e-273
28300	0	3.70829e-273
28310	0	1.85414e-273
28320	0	9.27072e-274
28330	0	4.63536e-274
28340	0	2.31768e-274
28350	0	1.15884e-274
28360	0	5.7942e-275
28370	0	2.8971e-275
28380	0	1.44855e-275
28390	0	7.24275e-276
28400	0	3.62138e-276
28410	0	1.81069e-276
28420	0	9.05344e-277
28430	0	4.52672e-277
28440	0	2.26336e-277
28450	0	1.13168e-277
28460	0	5.6584e-278
28470	0	2.8292e-278
28480	0	1.4146e-278
28490	0	7.073e-279
28500	0	3.5365e-279
28510	0	1.76825e-279
28520	0	8.84125e-280
28530	0	4.42062e-280
28540	0	2.21031e-280
28550	0	1.10516e-280
28560	0	5.52578e-281
28570	0	2.76289e-281
28580	0	1.38145e-281
28590	0	6.90723e-282
28600	0	3.45361e-282
28610	0	1.72681e-282
28620	0	8.63403e-283
28630	0	4.31702e-283
28640	0	2.15851e-283
28650	0	1.07925e-283
28660	0	5.39627e-284
28670	0	2.69814e-284
28680	0	1.34907e-284
28690	0	6.74534e-285
28700	0	3.37267e-285
28710	0	1.68633e-285
28720	0	8.43167e-286
28730	0	4.21584e-286
28740	0	2.10792e-286
28750	0	1.05396e-286
28760	0	5.26979e-287
28770	0	2.6349e-287
28780	0	1.31745e-287
28790	0	6.58724e-288
28800	0	3.29362e-288
28810	0	1.64681e-288
28820	0	8.23405e-289
28830	0	4.11703e-289
28840	0	2.05851e-289
28850	0	1.02926e-289
28860	0	5.14628e-290
28870	0	2.57314e-290
28880	0	1.28657e-290
28890	0	6.43286e-291
28900	0	3.21643e-291
28910	0	1.60821e-291
28920	0	8.04107e-292
28930	0	4.02053e-292
28940	0	2.01027e-292
28950	0	1.00513e-292
28960	0	5.02567e-293
28970	0	2.51283e-293
28980	0	1.25642e-293
28990	0	6.28209e-294
29000	0	3.14104e-294
29010	0	1.57052e-294
29020	0	7.85261e-295
29030	0	3.9263e-295
29040	0	1.96315e-295
29050	0	9.81576e-296
29060	0	4.90788e-296
29070	0	2.45394e-296
29080	0	1.22697e-296
29090	0	6.13485e-297
29100	0	3.06742e-297
29110	0	1.53371e-297
29120	0	7.66856e-298
29130	0	3.83428e-298
29140	0	1.91714e-298
29150	0	9.5857e-299
29160	0	4.79285e-299
29170	0	2.39643e-299
29180	0	1.19821e-299
29190	0	5.99106e-300
29200	0	2.99553e-300
29210	0	1.49777e-300
29220	0	7.48883e-301
29230	0	3.74441e-301
29240	0	1.87221e-301
29250	0	9.36104e-302
29260	0	4.68052e-302
29270	0	2.34026e-302
29280	0	1.17013e-302
29290	0	5.85065e-303
29300	0	2.92532e-303
29310	0	1.46266e-303
29320	0	7.31331e-304
29330	0	3.65665e-304
29340	0	1.82833e-304
29350	0	9.14164e-305
29360	0	4.57082e-305
29370	0	2.28541e-305
29380	0	1.1427e-305
29390	0	5.71352e-306
29400	0	2.85676e-306
29410	0	1.42838e-306
29420	0	7.1419e-307
29430	0	3.57095e-307
29440	0	1.78548e-307
29450	0	8.92738e-308
29460	0	4.46369e-308
29470	0	2.23184e-308
29480	0	1.11592e-308
29490	0	5.57961e-309
29500	0	2.78981e-309
29510	0	1.3949e-309
29520	0	6.97452e-310
29530	0	3.48726e-310
29540	0	1.74363e-310
29550	0	8.71814e-311
29560	0	4.35907e-311
29570	0	2.17954e-311
29580	0	1.08977e-311
29590	0	5.44884e-312
29600	0	2.72442e-312
29610	0	1.36221e-312
29620	0	6.81105e-313
29630	0	3.40553e-313
29640	0	1.70276e-313
29650	0	8.51381e-314
29660	0	4.25691e-314
29670	0	2.12845e-314
29680	0	1.06423e-314
29690	0	5.32113e-315
29700	0	2.66057e-315
29710	0	1.33028e-315
29720	0	6.65142e-316
29730	0	3.32571e-316
29740	0	1.66285e-316
29750	0	8.31427e-317
29760	0	4.15714e-317
29770	0	2.07857e-317
29780	0	1.03928e-317
29790	0	5.19642e-318
29800	0	2.59821e-318
29810	0	1.29911e-318
29820	0	6.49553e-319
29830	0	3.24779e-319
29840	0	1.62389e-319
29850	0	8.11947e-320
29860	0	4.05974e-320
29870	0	2.02962e-320
29880	0	1.01481e-320
29890	0	5.07405e-321
29900	0	2.5395e-321
29910	0	1.26975e-321
29920	0	6.32404e-322
29930	0	3.16202e-322
29940	0	1.58101e-322
29950	0	7.90505e-323
29960	0	3.95253e-323
29970	0	1.97626e-323
29980	0	9.88131e-324
29990	0	4.94066e-324
30000	0	0
