0	flagTramePC_PIC_recue
10	flagTramePIC_PC_recue
100	flagTramePC_PIC_recue
110	flagTramePIC_PC_recue
200	flagTramePC_PIC_recue
210	flagTramePIC_PC_recue
300	flagTramePC_PIC_recue
310	flagTramePIC_PC_recue
400	flagTramePC_PIC_recue
410	flagTramePIC_PC_recue
500	flagTramePC_PIC_recue
510	flagTramePIC_PC_recue
600	flagTramePC_PIC_recue
610	flagTramePIC_PC_recue
700	flagTramePC_PIC_recue
710	flagTramePIC_PC_recue
800	flagTramePC_PIC_recue
810	flagTramePIC_PC_recue
900	flagTramePC_PIC_recue
910	flagTramePIC_PC_recue
1000	flagTramePC_PIC_recue
1010	flagTramePIC_PC_recue
1100	flagTramePC_PIC_recue
1110	flagTramePIC_PC_recue
1200	flagTramePC_PIC_recue
1210	flagTramePIC_PC_recue
1300	flagTramePC_PIC_recue
1310	flagTramePIC_PC_recue
1400	flagTramePC_PIC_recue
1410	flagTramePIC_PC_recue
1500	flagTramePC_PIC_recue
1510	flagTramePIC_PC_recue
1600	flagTramePC_PIC_recue
1610	flagTramePIC_PC_recue
1700	flagTramePC_PIC_recue
1710	flagTramePIC_PC_recue
1800	flagTramePC_PIC_recue
1810	flagTramePIC_PC_recue
1900	flagTramePC_PIC_recue
1910	flagTramePIC_PC_recue
2000	flagTramePC_PIC_recue
2010	flagTramePIC_PC_recue
2100	flagTramePC_PIC_recue
2110	flagTramePIC_PC_recue
2200	flagTramePC_PIC_recue
2210	flagTramePIC_PC_recue
2300	flagTramePC_PIC_recue
2310	flagTramePIC_PC_recue
2400	flagTramePC_PIC_recue
2410	flagTramePIC_PC_recue
2500	flagTramePC_PIC_recue
2510	flagTramePIC_PC_recue
2600	flagTramePC_PIC_recue
2610	flagTramePIC_PC_recue
2700	flagTramePC_PIC_recue
2710	flagTramePIC_PC_recue
2800	flagTramePC_PIC_recue
2810	flagTramePIC_PC_recue
2900	flagTramePC_PIC_recue
2910	flagTramePIC_PC_recue
3000	flagTramePC_PIC_recue
3010	flagTramePIC_PC_recue
3100	flagTramePC_PIC_recue
3110	flagTramePIC_PC_recue
3200	flagTramePC_PIC_recue
3210	flagTramePIC_PC_recue
3300	flagTramePC_PIC_recue
3310	flagTramePIC_PC_recue
3400	flagTramePC_PIC_recue
3410	flagTramePIC_PC_recue
3500	flagTramePC_PIC_recue
3510	flagTramePIC_PC_recue
3600	flagTramePC_PIC_recue
3610	flagTramePIC_PC_recue
3700	flagTramePC_PIC_recue
3710	flagTramePIC_PC_recue
3800	flagTramePC_PIC_recue
3810	flagTramePIC_PC_recue
3900	flagTramePC_PIC_recue
3910	flagTramePIC_PC_recue
4000	flagTramePC_PIC_recue
4010	flagTramePIC_PC_recue
4100	flagTramePC_PIC_recue
4110	flagTramePIC_PC_recue
4200	flagTramePC_PIC_recue
4210	flagTramePIC_PC_recue
4300	flagTramePC_PIC_recue
4310	flagTramePIC_PC_recue
4400	flagTramePC_PIC_recue
4410	flagTramePIC_PC_recue
4500	flagTramePC_PIC_recue
4510	flagTramePIC_PC_recue
4600	flagTramePC_PIC_recue
4610	flagTramePIC_PC_recue
4700	flagTramePC_PIC_recue
4710	flagTramePIC_PC_recue
4800	flagTramePC_PIC_recue
4810	flagTramePIC_PC_recue
4900	flagTramePC_PIC_recue
4910	flagTramePIC_PC_recue
5000	flagTramePC_PIC_recue
5010	flagTramePIC_PC_recue
5100	flagTramePC_PIC_recue
5110	flagTramePIC_PC_recue
5200	flagTramePC_PIC_recue
5210	flagTramePIC_PC_recue
5300	flagTramePC_PIC_recue
5310	flagTramePIC_PC_recue
5400	flagTramePC_PIC_recue
5410	flagTramePIC_PC_recue
5500	flagTramePC_PIC_recue
