0	0	0
10	0.0143089	0.00715445
20	0.0286178	0.0178861
30	0.0429267	0.0304064
40	0.0572356	0.043821
50	0.0715444	0.0576827
60	0.0858532	0.071768
70	0.100162	0.085965
80	0.114471	0.100218
90	0.128779	0.114499
100	0.143088	0.128793
110	0.157396	0.143095
120	0.171705	0.1574
130	0.186013	0.171706
140	0.200321	0.186014
150	0.214629	0.200321
160	0.228937	0.214629
170	0.243245	0.228937
180	0.257552	0.243245
190	0.27186	0.257552
200	0.286167	0.27186
210	0.300474	0.286167
220	0.314781	0.300474
230	0.329088	0.314781
240	0.343394	0.329087
250	0.3577	0.343394
260	0.372006	0.3577
270	0.386312	0.372006
280	0.400617	0.386312
290	0.414922	0.400617
300	0.429227	0.414922
310	0.443532	0.429227
320	0.457836	0.443532
330	0.47214	0.457836
340	0.486444	0.47214
350	0.500747	0.486443
360	0.51505	0.500747
370	0.529353	0.51505
380	0.543655	0.529352
390	0.557956	0.543654
400	0.572258	0.557956
410	0.586559	0.572257
420	0.600859	0.586558
430	0.615159	0.600859
440	0.629459	0.615159
450	0.643758	0.629459
460	0.658057	0.643758
470	0.672355	0.658057
480	0.686653	0.672355
490	0.70095	0.686652
500	0.715247	0.70095
510	0.729543	0.715246
520	0.743838	0.729542
530	0.758133	0.743838
540	0.772427	0.758133
550	0.786721	0.772427
560	0.801014	0.78672
570	0.815307	0.801014
580	0.829598	0.815306
590	0.843889	0.829598
600	0.85818	0.843889
610	0.872469	0.858179
620	0.886758	0.872469
630	0.901046	0.886757
640	0.915334	0.901045
650	0.92962	0.915333
660	0.943906	0.929619
670	0.958191	0.943905
680	0.972475	0.95819
690	0.986758	0.972474
700	1.00104	0.986757
710	1.01532	1.00104
720	1.0296	1.01532
730	1.04388	1.0296
740	1.05816	1.04388
750	1.07244	1.05816
760	1.08671	1.07244
770	1.10099	1.08671
780	1.11526	1.10099
790	1.12954	1.11526
800	1.14381	1.12953
810	1.15808	1.14381
820	1.17235	1.15808
830	1.18662	1.17235
840	1.20088	1.18661
850	1.21515	1.20088
860	1.22941	1.21515
870	1.24367	1.22941
880	1.25794	1.24367
890	1.2722	1.25794
900	1.28645	1.27219
910	1.30071	1.28645
920	1.31497	1.30071
930	1.32922	1.31497
940	1.34347	1.32922
950	1.35772	1.34347
960	1.37197	1.35772
970	1.38622	1.37197
980	1.40046	1.38622
990	1.41471	1.40046
1000	1.42895	1.41471
1010	1.44319	1.42895
1020	1.45743	1.44319
1030	1.47166	1.45742
1040	1.48589	1.47166
1050	1.50013	1.48589
1060	1.51435	1.50012
1070	1.52858	1.51435
1080	1.5428	1.52858
1090	1.55703	1.5428
1100	1.57124	1.55702
1110	1.58546	1.57124
1120	1.59967	1.58546
1130	1.61389	1.59967
1140	1.62809	1.61388
1150	1.6423	1.62809
1160	1.6565	1.6423
1170	1.6707	1.6565
1180	1.6849	1.6707
1190	1.69909	1.68489
1200	1.71328	1.69909
1210	1.72746	1.71327
1220	1.74165	1.72746
1230	1.75582	1.74164
1240	1.77	1.75582
1250	1.78417	1.77
1260	1.79834	1.78417
1270	1.8125	1.79833
1280	1.82666	1.81249
1290	1.84081	1.82665
1300	1.85496	1.84081
1310	1.8691	1.85496
1320	1.88324	1.8691
1330	1.89738	1.88324
1340	1.91151	1.89737
1350	1.92563	1.9115
1360	1.93975	1.92562
1370	1.95386	1.93974
1380	1.96796	1.95385
1390	1.98206	1.96796
1400	1.99616	1.98206
1410	2.01024	1.99615
1420	2.02432	2.01023
1430	2.03839	2.02431
1440	2.05245	2.03838
1450	2.06651	2.05245
1460	2.08056	2.0665
1470	2.0946	2.08055
1480	2.10863	2.09459
1490	2.12265	2.10862
1500	2.13666	2.12264
1510	2.15066	2.13665
1520	2.16465	2.15065
1530	2.17863	2.16464
1540	2.19259	2.17862
1550	2.20655	2.19258
1560	2.22049	2.20654
1570	2.23442	2.22048
1580	2.24834	2.23441
1590	2.26224	2.24832
1600	2.27612	2.26222
1610	2.28999	2.27611
1620	2.30385	2.28998
1630	2.31768	2.30383
1640	2.3315	2.31766
1650	2.3453	2.33148
1660	2.35907	2.34528
1670	2.37283	2.35905
1680	2.38656	2.37281
1690	2.40027	2.38654
1700	2.41395	2.40024
1710	2.42761	2.41393
1720	2.44123	2.42758
1730	2.45483	2.44121
1740	2.46839	2.4548
1750	2.48192	2.46836
1760	2.49542	2.48189
1770	2.50887	2.49538
1780	2.52228	2.50883
1790	2.53565	2.52224
1800	2.54897	2.5356
1810	2.56224	2.54892
1820	2.57545	2.56219
1830	2.58861	2.5754
1840	2.6017	2.58855
1850	2.61472	2.60163
1860	2.62766	2.61465
1870	2.64053	2.62759
1880	2.65331	2.64045
1890	2.66599	2.65322
1900	2.67857	2.66589
1910	2.69103	2.67846
1920	2.70337	2.69092
1930	2.71557	2.70324
1940	2.72762	2.71543
1950	2.7395	2.72746
1960	2.75119	2.73933
1970	2.76267	2.751
1980	2.77392	2.76246
1990	2.7849	2.77368
2000	2.79559	2.78464
2010	2.80594	2.79529
2020	2.8159	2.80559
2030	2.82542	2.81551
2040	2.83443	2.82497
2050	2.84284	2.83391
2060	2.85056	2.84223
2070	2.85745	2.84984
2080	2.86335	2.8566
2090	2.86807	2.86234
2100	2.87134	2.86684
2110	2.87283	2.86983
2120	2.87207	2.87095
2130	2.86844	2.8697
2140	2.8611	2.8654
2150	2.84881	2.8571
2160	2.82976	2.84343
2170	2.80119	2.82231
2180	2.75869	2.7905
2190	2.69491	2.7427
2200	2.59682	2.66976
2210	2.44009	2.55493
2220	2.17753	2.36623
2230	1.72638	2.0463
2240	1.05805	1.55218
2250	0.698408	1.12529
2260	1.02784	1.07656
2270	1.34548	1.21102
2280	1.47839	1.34471
2290	1.48648	1.4156
2300	1.43256	1.42408
2310	1.37105	1.39756
2320	1.34031	1.36894
2330	1.34696	1.35795
2340	1.37233	1.36514
2350	1.39618	1.38066
2360	1.40963	1.39514
2370	1.41387	1.40451
2380	1.41434	1.40943
2390	1.41583	1.41263
2400	1.42028	1.41646
2410	1.42706	1.42176
2420	1.43454	1.42815
2430	1.44152	1.43484
2440	1.44766	1.44125
2450	1.45325	1.44725
2460	1.45876	1.453
2470	1.46446	1.45873
2480	1.47038	1.46456
2490	1.47643	1.47049
2500	1.48246	1.47648
2510	1.48843	1.48245
2520	1.49434	1.4884
2530	1.50024	1.49432
2540	1.50614	1.50023
2550	1.51206	1.50614
2560	1.518	1.51207
2570	1.52393	1.518
2580	1.52987	1.52393
2590	1.53579	1.52986
2600	1.54172	1.53579
2610	1.54764	1.54172
2620	1.55357	1.54764
2630	1.5595	1.55357
2640	1.56543	1.5595
2650	1.57135	1.56543
2660	1.57728	1.57135
2670	1.58321	1.57728
2680	1.58914	1.58321
2690	1.59506	1.58914
2700	1.60099	1.59506
2710	1.60692	1.60099
2720	1.61284	1.60692
2730	1.61877	1.61284
2740	1.6247	1.61877
2750	1.63063	1.6247
2760	1.63655	1.63063
2770	1.64248	1.63655
2780	1.64841	1.64248
2790	1.65433	1.64841
2800	1.66026	1.65433
2810	1.66619	1.66026
2820	1.67211	1.66619
2830	1.67804	1.67211
2840	1.68397	1.67804
2850	1.6899	1.68397
2860	1.69582	1.6899
2870	1.70175	1.69582
2880	1.70768	1.70175
2890	1.7136	1.70768
2900	1.71953	1.7136
2910	1.72546	1.71953
2920	1.73138	1.72546
2930	1.73731	1.73138
2940	1.74324	1.73731
2950	1.74916	1.74324
2960	1.75509	1.74916
2970	1.76102	1.75509
2980	1.76694	1.76102
2990	1.77287	1.76694
3000	1.77287	1.7699
3010	1.77286	1.77138
3020	1.77286	1.77212
3030	1.77287	1.7725
3040	1.77287	1.77268
3050	1.77287	1.77277
3060	1.77287	1.77282
3070	1.77287	1.77284
3080	1.77287	1.77285
3090	1.77287	1.77286
3100	1.77287	1.77286
3110	1.77287	1.77286
3120	1.77287	1.77287
3130	1.77287	1.77287
3140	1.77287	1.77287
3150	1.77287	1.77287
3160	1.77287	1.77287
3170	1.77287	1.77287
3180	1.77287	1.77287
3190	1.77287	1.77287
3200	1.77287	1.77287
3210	1.77287	1.77287
3220	1.77287	1.77287
3230	1.77287	1.77287
3240	1.77287	1.77287
3250	1.77287	1.77287
3260	1.77287	1.77287
3270	1.77287	1.77287
3280	1.77287	1.77287
3290	1.77287	1.77287
3300	1.77287	1.77287
3310	1.77287	1.77287
3320	1.77287	1.77287
3330	1.77287	1.77287
3340	1.77287	1.77287
3350	1.77287	1.77287
3360	1.77287	1.77287
3370	1.77287	1.77287
3380	1.77287	1.77287
3390	1.77287	1.77287
3400	1.77287	1.77287
3410	1.77287	1.77287
3420	1.77287	1.77287
3430	1.77287	1.77287
3440	1.77287	1.77287
3450	1.77287	1.77287
3460	1.77287	1.77287
3470	1.77287	1.77287
3480	1.77287	1.77287
3490	1.77287	1.77287
3500	1.77287	1.77287
3510	1.77287	1.77287
3520	1.77287	1.77287
3530	1.77287	1.77287
3540	1.77287	1.77287
3550	1.77287	1.77287
3560	1.77287	1.77287
3570	1.77287	1.77287
3580	1.77287	1.77287
3590	1.77287	1.77287
3600	1.77287	1.77287
3610	1.77287	1.77287
3620	1.77287	1.77287
3630	1.77287	1.77287
3640	1.77287	1.77287
3650	1.77287	1.77287
3660	1.77287	1.77287
3670	1.77287	1.77287
3680	1.77287	1.77287
3690	1.77287	1.77287
3700	1.77287	1.77287
3710	1.77287	1.77287
3720	1.77287	1.77287
3730	1.77287	1.77287
3740	1.77287	1.77287
3750	1.77287	1.77287
3760	1.77287	1.77287
3770	1.77287	1.77287
3780	1.77287	1.77287
3790	1.77287	1.77287
3800	1.77287	1.77287
3810	1.77287	1.77287
3820	1.77287	1.77287
3830	1.77287	1.77287
3840	1.77287	1.77287
3850	1.77287	1.77287
3860	1.77287	1.77287
3870	1.77287	1.77287
3880	1.77287	1.77287
3890	1.77287	1.77287
3900	1.77287	1.77287
3910	1.77287	1.77287
3920	1.77287	1.77287
3930	1.77287	1.77287
3940	1.77287	1.77287
3950	1.77287	1.77287
3960	1.77287	1.77287
3970	1.77287	1.77287
3980	1.77287	1.77287
3990	1.77287	1.77287
4000	1.77287	1.77287
4010	1.77287	1.77287
4020	1.77287	1.77287
4030	1.77287	1.77287
4040	1.77287	1.77287
4050	1.77287	1.77287
4060	1.77287	1.77287
4070	1.77287	1.77287
4080	1.77287	1.77287
4090	1.77287	1.77287
4100	1.77287	1.77287
4110	1.77287	1.77287
4120	1.77287	1.77287
4130	1.77287	1.77287
4140	1.77287	1.77287
4150	1.77287	1.77287
4160	1.77287	1.77287
4170	1.77287	1.77287
4180	1.77287	1.77287
4190	1.77287	1.77287
4200	1.77287	1.77287
4210	1.77287	1.77287
4220	1.77287	1.77287
4230	1.77287	1.77287
4240	1.77287	1.77287
4250	1.77287	1.77287
4260	1.77287	1.77287
4270	1.77287	1.77287
4280	1.77287	1.77287
4290	1.77287	1.77287
4300	1.77287	1.77287
4310	1.77287	1.77287
4320	1.77287	1.77287
4330	1.77287	1.77287
4340	1.77287	1.77287
4350	1.77287	1.77287
4360	1.77287	1.77287
4370	1.77287	1.77287
4380	1.77287	1.77287
4390	1.77287	1.77287
4400	1.77287	1.77287
4410	1.77287	1.77287
4420	1.77287	1.77287
4430	1.77287	1.77287
4440	1.77287	1.77287
4450	1.77287	1.77287
4460	1.77287	1.77287
4470	1.77287	1.77287
4480	1.77287	1.77287
4490	1.77287	1.77287
4500	1.77287	1.77287
4510	1.77287	1.77287
4520	1.77287	1.77287
4530	1.77287	1.77287
4540	1.77287	1.77287
4550	1.77287	1.77287
4560	1.77287	1.77287
4570	1.77287	1.77287
4580	1.77287	1.77287
4590	1.77287	1.77287
4600	1.77287	1.77287
4610	1.77287	1.77287
4620	1.77287	1.77287
4630	1.77287	1.77287
4640	1.77287	1.77287
4650	1.77287	1.77287
4660	1.77287	1.77287
4670	1.77287	1.77287
4680	1.77287	1.77287
4690	1.77287	1.77287
4700	1.77287	1.77287
4710	1.77287	1.77287
4720	1.77287	1.77287
4730	1.77287	1.77287
4740	1.77287	1.77287
4750	1.77287	1.77287
4760	1.77287	1.77287
4770	1.77287	1.77287
4780	1.77287	1.77287
4790	1.77287	1.77287
4800	1.77287	1.77287
4810	1.77287	1.77287
4820	1.77287	1.77287
4830	1.77287	1.77287
4840	1.77287	1.77287
4850	1.77287	1.77287
4860	1.77287	1.77287
4870	1.77287	1.77287
4880	1.77287	1.77287
4890	1.77287	1.77287
4900	1.77287	1.77287
4910	1.77287	1.77287
4920	1.77287	1.77287
4930	1.77287	1.77287
4940	1.77287	1.77287
4950	1.77287	1.77287
4960	1.77287	1.77287
4970	1.77287	1.77287
4980	1.77287	1.77287
4990	1.77287	1.77287
5000	1.77287	1.77287
5010	1.77287	1.77287
5020	1.77287	1.77287
5030	1.77287	1.77287
5040	1.77287	1.77287
5050	1.77287	1.77287
5060	1.77287	1.77287
5070	1.77287	1.77287
5080	1.77287	1.77287
5090	1.77287	1.77287
5100	1.77287	1.77287
5110	1.77287	1.77287
5120	1.77287	1.77287
5130	1.77287	1.77287
5140	1.77287	1.77287
5150	1.77287	1.77287
5160	1.77287	1.77287
5170	1.77287	1.77287
5180	1.77287	1.77287
5190	1.77287	1.77287
5200	1.77287	1.77287
5210	1.77287	1.77287
5220	1.77287	1.77287
5230	1.77287	1.77287
5240	1.77287	1.77287
5250	1.77287	1.77287
5260	1.77287	1.77287
5270	1.77287	1.77287
5280	1.77287	1.77287
5290	1.77287	1.77287
5300	1.77287	1.77287
5310	1.77287	1.77287
5320	1.77287	1.77287
5330	1.77287	1.77287
5340	1.77287	1.77287
5350	1.77287	1.77287
5360	1.77287	1.77287
5370	1.77287	1.77287
5380	1.77287	1.77287
5390	1.77287	1.77287
5400	1.77287	1.77287
5410	1.77287	1.77287
5420	1.77287	1.77287
5430	1.77287	1.77287
5440	1.77287	1.77287
5450	1.77287	1.77287
5460	1.77287	1.77287
5470	1.77287	1.77287
5480	1.77287	1.77287
5490	1.77287	1.77287
5500	1.77287	1.77287
