t(s)	xR(m)	yR(m)	vR(m/s)	N° WP	dist WP (m)	xCentreCercle(m)	yCentreCercle(m)	directionWP(rad)	xRobot/WP(m)	yRobot/WP(m)	Rayon(m)	capRobot(rad)	capCercleIdeal(rad)	ecartAngulaire_rad(rad)	consV_MDroit(rad/s)	consV_MGauche(rad/s)	vConsCGrad/s	distCurvWP(m)	distDecel(m)
0	0	0	0	
10	0	0	0	0	1.41421	0	1	0	-1	-1	-1	0	1.5708	1.5708	0.00910933	1.43089	0.72	0	0
20	0	5e-06	0.0005	0	1.41421	4.99999e-06	1	0	-1	-0.999995	-0.999995	3.29116e-05	1.5708	1.57077	0.018219	2.86178	1.44	0	0
30	4.11395e-10	1.75e-05	0.00125	0	1.4142	1.74998e-05	1	0	-1	-0.999983	-0.999983	0.000115191	1.57081	1.5707	0.0273297	4.29267	2.16	0	0
40	2.8592e-09	3.875e-05	0.002125	0	1.41419	3.87492e-05	1	0	-1	-0.999961	-0.999961	0.000255065	1.57084	1.57058	0.0364423	5.72356	2.88	0	0
50	1.06706e-08	6.9375e-05	0.0030625	0	1.41416	6.93726e-05	1	0	-1	-0.999931	-0.999931	0.000456648	1.57087	1.57041	0.0455578	7.15444	3.6	0	0
60	2.90792e-08	0.000109687	0.00403125	0	1.41414	0.000109681	1	0	-1	-0.99989	-0.99989	0.000721997	1.57091	1.57018	0.0546772	8.58532	4.32	0	0
70	6.52919e-08	0.000159844	0.00501563	0	1.4141	0.000159831	1	0	-1	-0.99984	-0.99984	0.00105214	1.57096	1.5699	0.0638013	10.0162	5.04	0	0
80	1.28502e-07	0.000219922	0.00600781	0	1.41406	0.000219898	1	0	-1	-0.99978	-0.99978	0.00144759	1.57102	1.56957	0.0729313	11.4471	5.76	0	0
90	2.2989e-07	0.000289961	0.00700391	0	1.41401	0.000289919	1	0	-1	-0.99971	-0.99971	0.00190861	1.57109	1.56918	0.082068	12.8779	6.48	0	0
100	3.82616e-07	0.00036998	0.00800195	0	1.41395	0.000369912	1	0	-1	-0.99963	-0.99963	0.00243532	1.57117	1.56873	0.0912125	14.3088	7.2	0	0
110	6.01818e-07	0.00045999	0.00900098	0	1.41389	0.000459884	1	0	-0.999999	-0.99954	-0.99954	0.00302778	1.57126	1.56823	0.100366	15.7396	7.92	0	0
120	9.04611e-07	0.000559994	0.0100005	0	1.41382	0.000559838	1	0	-0.999999	-0.99944	-0.99944	0.00368603	1.57136	1.56767	0.109529	17.1705	8.64	0	0
130	1.31008e-06	0.000669996	0.0110002	0	1.41374	0.000669772	1	0	-0.999999	-0.99933	-0.99933	0.00441009	1.57147	1.56706	0.118702	18.6013	9.36	0	0
140	1.8393e-06	0.000789996	0.0120001	0	1.41365	0.000789685	1	0	-0.999998	-0.99921	-0.99921	0.00519995	1.57158	1.56638	0.127888	20.0321	10.08	0	0
150	2.51529e-06	0.000919995	0.0130001	0	1.41356	0.000919574	1	0	-0.999997	-0.99908	-0.99908	0.00605563	1.57171	1.56566	0.137086	21.4629	10.8	0	0
160	3.36308e-06	0.00105999	0.014	0	1.41346	0.00105943	1	0	-0.999997	-0.99894	-0.998941	0.00697712	1.57185	1.56488	0.146297	22.8937	11.52	0	0
170	4.40964e-06	0.00120999	0.015	0	1.41336	0.00120926	1	0	-0.999996	-0.99879	-0.998791	0.00796443	1.572	1.56404	0.155524	24.3245	12.24	0	0
180	5.68393e-06	0.00136998	0.016	0	1.41324	0.00136905	1	0	-0.999994	-0.99863	-0.998631	0.00901755	1.57216	1.56314	0.164766	25.7552	12.96	0	0
190	7.2169e-06	0.00153998	0.017	0	1.41312	0.0015388	1	0	-0.999993	-0.99846	-0.998461	0.0101365	1.57233	1.56219	0.174024	27.186	13.68	0	0
200	9.04143e-06	0.00171997	0.018	0	1.41299	0.0017185	1	0	-0.999991	-0.99828	-0.998281	0.0113212	1.57251	1.56119	0.183301	28.6167	14.4	0	0
210	1.11924e-05	0.00190996	0.019	0	1.41286	0.00190815	1	0	-0.999989	-0.99809	-0.998092	0.0125718	1.5727	1.56013	0.192596	30.0474	15.12	0	0
220	1.37067e-05	0.00210994	0.02	0	1.41271	0.00210774	1	0	-0.999986	-0.99789	-0.997892	0.0138881	1.57289	1.55901	0.201911	31.4781	15.84	0	0
230	1.66231e-05	0.00231992	0.021	0	1.41256	0.00231727	1	0	-0.999983	-0.99768	-0.997683	0.0152703	1.5731	1.55783	0.211247	32.9088	16.56	0	0
240	1.99825e-05	0.00253989	0.022	0	1.4124	0.00253672	1	0	-0.99998	-0.99746	-0.997463	0.0167183	1.57332	1.5566	0.220605	34.3394	17.28	0	0
250	2.38275e-05	0.00276986	0.023	0	1.41224	0.00276609	1	0	-0.999976	-0.99723	-0.997234	0.018232	1.57355	1.55531	0.229986	35.77	18	0	0
260	2.82029e-05	0.00300982	0.024	0	1.41207	0.00300538	1	0	-0.999972	-0.99699	-0.996995	0.0198116	1.57378	1.55397	0.239391	37.2006	18.72	0	0
270	3.31555e-05	0.00325977	0.025	0	1.41189	0.00325457	1	0	-0.999967	-0.99674	-0.996745	0.021457	1.57403	1.55257	0.248821	38.6312	19.44	0	0
280	3.87339e-05	0.00351971	0.026	0	1.4117	0.00351365	1	0	-0.999961	-0.99648	-0.996486	0.0231681	1.57428	1.55112	0.258277	40.0617	20.16	0	0
290	4.49887e-05	0.00378964	0.027	0	1.4115	0.00378263	1	0	-0.999955	-0.99621	-0.996217	0.0249451	1.57455	1.5496	0.26776	41.4922	20.88	0	0
300	5.19726e-05	0.00406955	0.028	0	1.4113	0.00406148	1	0	-0.999948	-0.99593	-0.995939	0.0267878	1.57482	1.54803	0.277272	42.9227	21.6	0	0
310	5.97402e-05	0.00435945	0.029	0	1.41109	0.00435021	1	0	-0.99994	-0.995641	-0.99565	0.0286964	1.57511	1.54641	0.286814	44.3532	22.32	0	0
320	6.83479e-05	0.00465933	0.03	0	1.41087	0.00464879	1	0	-0.999932	-0.995341	-0.995351	0.0306707	1.5754	1.54473	0.296386	45.7836	23.04	0	0
330	7.78543e-05	0.00496918	0.031	0	1.41065	0.00495722	1	0	-0.999922	-0.995031	-0.995043	0.0327108	1.5757	1.54299	0.305991	47.214	23.76	0	0
340	8.83199e-05	0.00528901	0.032	0	1.41042	0.00527548	1	0	-0.999912	-0.994711	-0.994725	0.0348167	1.57601	1.54119	0.315628	48.6444	24.48	0	0
350	9.98071e-05	0.00561881	0.033	0	1.41018	0.00560358	1	0	-0.9999	-0.994381	-0.994396	0.0369884	1.57633	1.53934	0.325299	50.0747	25.2	0	0
360	0.00011238	0.00595858	0.034	0	1.40993	0.00594149	1	0	-0.999888	-0.994041	-0.994059	0.0392258	1.57666	1.53743	0.335006	51.505	25.92	0	0
370	0.000126106	0.00630831	0.035	0	1.40967	0.00628919	1	0	-0.999874	-0.993692	-0.993711	0.041529	1.577	1.53547	0.34475	52.9353	26.64	0	0
380	0.000141052	0.006668	0.036	0	1.40941	0.00664669	1	0	-0.999859	-0.993332	-0.993353	0.043898	1.57735	1.53345	0.354531	54.3655	27.36	0	0
390	0.000157289	0.00703764	0.037	0	1.40913	0.00701397	1	0	-0.999843	-0.992962	-0.992986	0.0463327	1.5777	1.53137	0.364351	55.7956	28.08	0	0
400	0.000174889	0.00741723	0.038	0	1.40885	0.007391	1	0	-0.999825	-0.992583	-0.992609	0.0488332	1.57807	1.52923	0.374212	57.2258	28.8	0	0
410	0.000193926	0.00780677	0.039	0	1.40857	0.00777778	1	0	-0.999806	-0.992193	-0.992222	0.0513995	1.57844	1.52704	0.384115	58.6559	29.52	0	0
420	0.000214477	0.00820624	0.04	0	1.40827	0.0081743	1	0	-0.999786	-0.991794	-0.991826	0.0540315	1.57882	1.52479	0.39406	60.0859	30.24	0	0
430	0.000236619	0.00861564	0.041	0	1.40797	0.00858053	1	0	-0.999763	-0.991384	-0.991419	0.0567292	1.57921	1.52248	0.40405	61.5159	30.96	0	0
440	0.000260433	0.00903497	0.042	0	1.40765	0.00899646	1	0	-0.99974	-0.990965	-0.991004	0.0594927	1.57961	1.52012	0.414085	62.9459	31.68	0	0
450	0.000286	0.0094642	0.043	0	1.40733	0.00942207	1	0	-0.999714	-0.990536	-0.990578	0.062322	1.58002	1.5177	0.424168	64.3758	32.4	0	0
460	0.000313404	0.00990335	0.044	0	1.40701	0.00985735	1	0	-0.999687	-0.990097	-0.990143	0.0652169	1.58044	1.51522	0.434298	65.8057	33.12	0	0
470	0.00034273	0.0103524	0.045	0	1.40667	0.0103023	1	0	-0.999657	-0.989648	-0.989698	0.0681777	1.58086	1.51268	0.444479	67.2355	33.84	0	0
480	0.000374068	0.0108113	0.046	0	1.40632	0.0107568	1	0	-0.999626	-0.989189	-0.989243	0.0712041	1.58129	1.51009	0.45471	68.6653	34.56	0	0
490	0.000407505	0.0112801	0.047	0	1.40597	0.011221	1	0	-0.999592	-0.98872	-0.988779	0.0742963	1.58173	1.50744	0.464995	70.095	35.28	0	0
500	0.000443135	0.0117588	0.048	0	1.40561	0.0116948	1	0	-0.999557	-0.988241	-0.988305	0.0774541	1.58218	1.50473	0.475333	71.5247	36	0	0
510	0.000481049	0.0122473	0.049	0	1.40524	0.0121781	1	0	-0.999519	-0.987753	-0.987822	0.0806777	1.58264	1.50196	0.485727	72.9543	36.72	0	0
520	0.000521345	0.0127457	0.05	0	1.40486	0.012671	1	0	-0.999479	-0.987254	-0.987329	0.083967	1.5831	1.49914	0.496178	74.3838	37.44	0	0
530	0.000564117	0.0132539	0.051	0	1.40447	0.0131734	1	0	-0.999436	-0.986746	-0.986827	0.087322	1.58357	1.49625	0.506688	75.8133	38.16	0	0
540	0.000609467	0.0137719	0.052	0	1.40408	0.0136853	1	0	-0.999391	-0.986228	-0.986315	0.0907428	1.58405	1.49331	0.517258	77.2427	38.88	0	0
550	0.000657495	0.0142998	0.053	0	1.40367	0.0142066	1	0	-0.999343	-0.9857	-0.985793	0.0942292	1.58454	1.49031	0.52789	78.6721	39.6	0	0
560	0.000708303	0.0148374	0.054	0	1.40326	0.0147375	1	0	-0.999292	-0.985163	-0.985263	0.0977812	1.58504	1.48725	0.538586	80.1014	40.32	0	0
570	0.000761997	0.0153847	0.055	0	1.40283	0.0152777	1	0	-0.999238	-0.984615	-0.984722	0.101399	1.58554	1.48414	0.549347	81.5307	41.04	0	0
580	0.000818684	0.0159419	0.056	0	1.4024	0.0158274	1	0	-0.999181	-0.984058	-0.984173	0.105082	1.58605	1.48096	0.560174	82.9598	41.76	0	0
590	0.00087847	0.0165087	0.057	0	1.40196	0.0163865	1	0	-0.999122	-0.983491	-0.983614	0.108832	1.58656	1.47773	0.571071	84.3889	42.48	0	0
600	0.000941468	0.0170853	0.058	0	1.40151	0.0169548	1	0	-0.999059	-0.982915	-0.983045	0.112646	1.58709	1.47444	0.582038	85.818	43.2	0	0
610	0.00100779	0.0176715	0.059	0	1.40105	0.0175326	1	0	-0.998992	-0.982328	-0.982467	0.116527	1.58762	1.47109	0.593077	87.2469	43.92	0	0
620	0.00107755	0.0182675	0.06	0	1.40059	0.0181196	1	0	-0.998922	-0.981733	-0.98188	0.120473	1.58815	1.46768	0.60419	88.6758	44.64	0	0
630	0.00115086	0.0188731	0.061	0	1.40011	0.0187158	1	0	-0.998849	-0.981127	-0.981284	0.124485	1.5887	1.46421	0.615379	90.1046	45.36	0	0
640	0.00122784	0.0194883	0.062	0	1.39962	0.0193213	1	0	-0.998772	-0.980512	-0.980679	0.128562	1.58925	1.46069	0.626647	91.5334	46.08	0	0
650	0.00130861	0.0201131	0.063	0	1.39913	0.019936	1	0	-0.998691	-0.979887	-0.980064	0.132705	1.5898	1.4571	0.637994	92.962	46.8	0	0
660	0.00139329	0.0207474	0.064	0	1.39862	0.0205599	1	0	-0.998607	-0.979253	-0.97944	0.136914	1.59037	1.45345	0.649423	94.3906	47.52	0	0
670	0.00148201	0.0213913	0.065	0	1.39811	0.0211929	1	0	-0.998518	-0.978609	-0.978807	0.141188	1.59094	1.44975	0.660936	95.8191	48.24	0	0
680	0.00157488	0.0220448	0.066	0	1.39759	0.0218349	1	0	-0.998425	-0.977955	-0.978165	0.145528	1.59151	1.44598	0.672536	97.2475	48.96	0	0
690	0.00167204	0.0227077	0.067	0	1.39705	0.0224861	1	0	-0.998328	-0.977292	-0.977514	0.149933	1.59209	1.44216	0.684223	98.6758	49.68	0	0
700	0.00177362	0.0233801	0.068	0	1.39651	0.0231462	1	0	-0.998226	-0.97662	-0.976854	0.154404	1.59268	1.43827	0.696001	100.104	50.4	0	0
710	0.00187973	0.0240619	0.069	0	1.39596	0.0238154	1	0	-0.99812	-0.975938	-0.976185	0.158941	1.59327	1.43433	0.707872	101.532	51.12	0	0
720	0.00199052	0.024753	0.07	0	1.3954	0.0244935	1	0	-0.998009	-0.975247	-0.975507	0.163543	1.59387	1.43032	0.719838	102.96	51.84	0	0
730	0.00210612	0.0254536	0.071	0	1.39482	0.0251804	1	0	-0.997894	-0.974546	-0.97482	0.168211	1.59447	1.42626	0.731902	104.388	52.56	0	0
740	0.00222666	0.0261634	0.072	0	1.39424	0.0258763	1	0	-0.997773	-0.973837	-0.974124	0.172944	1.59508	1.42213	0.744065	105.816	53.28	0	0
750	0.00235228	0.0268825	0.073	0	1.39365	0.0265809	1	0	-0.997648	-0.973117	-0.973419	0.177743	1.59569	1.41795	0.756331	107.244	54	0	0
760	0.00248312	0.0276109	0.074	0	1.39305	0.0272944	1	0	-0.997517	-0.972389	-0.972706	0.182607	1.59631	1.4137	0.768702	108.671	54.72	0	0
770	0.00261932	0.0283484	0.075	0	1.39243	0.0280165	1	0	-0.997381	-0.971652	-0.971983	0.187537	1.59693	1.40939	0.78118	110.099	55.44	0	0
780	0.00276101	0.0290951	0.076	0	1.39181	0.0287474	1	0	-0.997239	-0.970905	-0.971253	0.192532	1.59756	1.40502	0.793768	111.526	56.16	0	0
790	0.00290835	0.0298508	0.077	0	1.39118	0.0294868	1	0	-0.997092	-0.970149	-0.970513	0.197593	1.59819	1.40059	0.80647	112.954	56.88	0	0
800	0.00306147	0.0306157	0.078	0	1.39054	0.0302349	1	0	-0.996939	-0.969384	-0.969765	0.20272	1.59882	1.3961	0.819287	114.381	57.6	0	0
810	0.00322052	0.0313895	0.079	0	1.38988	0.0309914	1	0	-0.996779	-0.968611	-0.969009	0.207912	1.59946	1.39155	0.832223	115.808	58.32	0	0
820	0.00338566	0.0321722	0.08	0	1.38922	0.0317565	1	0	-0.996614	-0.967828	-0.968243	0.213169	1.6001	1.38693	0.845281	117.235	59.04	0	0
830	0.00355702	0.0329639	0.081	0	1.38855	0.03253	1	0	-0.996443	-0.967036	-0.96747	0.218492	1.60075	1.38226	0.858463	118.662	59.76	0	0
840	0.00373476	0.0337644	0.082	0	1.38786	0.0333118	1	0	-0.996265	-0.966236	-0.966688	0.22388	1.6014	1.37752	0.871773	120.088	60.48	0	0
850	0.00391903	0.0345737	0.083	0	1.38716	0.034102	1	0	-0.996081	-0.965426	-0.965898	0.229334	1.60205	1.37272	0.885214	121.515	61.2	0	0
860	0.00410999	0.0353917	0.084	0	1.38646	0.0349004	1	0	-0.99589	-0.964608	-0.9651	0.234853	1.60271	1.36785	0.89879	122.941	61.92	0	0
870	0.00430778	0.0362184	0.085	0	1.38574	0.035707	1	0	-0.995692	-0.963782	-0.964293	0.240438	1.60336	1.36293	0.912504	124.367	62.64	0	0
880	0.00451257	0.0370536	0.086	0	1.38501	0.0365218	1	0	-0.995487	-0.962946	-0.963478	0.246088	1.60402	1.35794	0.926359	125.794	63.36	0	0
890	0.00472452	0.0378974	0.087	0	1.38427	0.0373446	1	0	-0.995275	-0.962103	-0.962655	0.251804	1.60469	1.35288	0.940358	127.22	64.08	0	0
900	0.00494377	0.0387497	0.088	0	1.38352	0.0381754	1	0	-0.995056	-0.96125	-0.961825	0.257584	1.60535	1.34777	0.954507	128.645	64.8	0	0
910	0.00517049	0.0396103	0.089	0	1.38276	0.0390142	1	0	-0.99483	-0.96039	-0.960986	0.263431	1.60602	1.34259	0.968807	130.071	65.52	0	0
920	0.00540485	0.0404793	0.09	0	1.38199	0.0398608	1	0	-0.994595	-0.959521	-0.960139	0.269342	1.60669	1.33735	0.983265	131.497	66.24	0	0
930	0.005647	0.0413565	0.091	0	1.38121	0.0407153	1	0	-0.994353	-0.958644	-0.959285	0.275319	1.60736	1.33204	0.997882	132.922	66.96	0	0
940	0.0058971	0.0422418	0.092	0	1.38041	0.0415774	1	0	-0.994103	-0.957758	-0.958423	0.281361	1.60803	1.32667	1.01266	134.347	67.68	0	0
950	0.00615533	0.0431352	0.093	0	1.37961	0.0424472	1	0	-0.993845	-0.956865	-0.957553	0.287469	1.60871	1.32124	1.02762	135.772	68.4	0	0
960	0.00642184	0.0440367	0.094	0	1.37879	0.0433247	1	0	-0.993578	-0.955963	-0.956675	0.293641	1.60938	1.31574	1.04274	137.197	69.12	0	0
970	0.00669681	0.044946	0.095	0	1.37796	0.0442096	1	0	-0.993303	-0.955054	-0.95579	0.29988	1.61005	1.31017	1.05804	138.622	69.84	0	0
980	0.0069804	0.0458632	0.096	0	1.37712	0.0451019	1	0	-0.99302	-0.954137	-0.954898	0.306183	1.61073	1.30455	1.07353	140.046	70.56	0	0
990	0.00727278	0.046788	0.097	0	1.37627	0.0460016	1	0	-0.992727	-0.953212	-0.953998	0.312552	1.6114	1.29885	1.0892	141.471	71.28	0	0
1000	0.00757412	0.0477206	0.098	0	1.37541	0.0469085	1	0	-0.992426	-0.952279	-0.953091	0.318985	1.61208	1.29309	1.10506	142.895	72	0	0
1010	0.00788458	0.0486606	0.099	0	1.37453	0.0478227	1	0	-0.992115	-0.951339	-0.952177	0.325484	1.61275	1.28727	1.12113	144.319	72.72	0	0
1020	0.00820435	0.0496081	0.1	0	1.37365	0.0487439	1	0	-0.991796	-0.950392	-0.951256	0.332049	1.61343	1.28138	1.13739	145.743	73.44	0	0
1030	0.00853359	0.0505629	0.101	0	1.37275	0.0496721	1	0	-0.991466	-0.949437	-0.950328	0.338678	1.6141	1.27542	1.15386	147.166	74.16	0	0
1040	0.00887248	0.051525	0.102	0	1.37184	0.0506072	1	0	-0.991128	-0.948475	-0.949393	0.345373	1.61477	1.2694	1.17055	148.589	74.88	0	0
1050	0.00922118	0.0524942	0.103	0	1.37092	0.0515492	1	0	-0.990779	-0.947506	-0.948451	0.352132	1.61544	1.26331	1.18746	150.013	75.6	0	0
1060	0.00957988	0.0534704	0.104	0	1.36998	0.0524979	1	0	-0.99042	-0.94653	-0.947502	0.358957	1.61611	1.25715	1.20459	151.435	76.32	0	0
1070	0.00994874	0.0544534	0.105	0	1.36904	0.0534532	1	0	-0.990051	-0.945547	-0.946547	0.365847	1.61677	1.25093	1.22196	152.858	77.04	0	0
1080	0.0103279	0.0554433	0.106	0	1.36808	0.054415	1	0	-0.989672	-0.944557	-0.945585	0.372802	1.61744	1.24464	1.23956	154.28	77.76	0	0
1090	0.0107177	0.0564398	0.107	0	1.36711	0.0553832	1	0	-0.989282	-0.94356	-0.944617	0.379822	1.6181	1.23828	1.25741	155.703	78.48	0	0
1100	0.0111181	0.0574428	0.108	0	1.36613	0.0563578	1	0	-0.988882	-0.942557	-0.943642	0.386907	1.61876	1.23185	1.27552	157.124	79.2	0	0
1110	0.0115294	0.0584523	0.109	0	1.36513	0.0573385	1	0	-0.988471	-0.941548	-0.942661	0.394057	1.61941	1.22535	1.29388	158.546	79.92	0	0
1120	0.0119517	0.059468	0.11	0	1.36413	0.0583254	1	0	-0.988048	-0.940532	-0.941675	0.401272	1.62006	1.21879	1.31251	159.967	80.64	0	0
1130	0.0123853	0.0604898	0.111	0	1.36311	0.0593182	1	0	-0.987615	-0.93951	-0.940682	0.408552	1.62071	1.21216	1.33142	161.389	81.36	0	0
1140	0.0128302	0.0615176	0.112	0	1.36208	0.060317	1	0	-0.98717	-0.938482	-0.939683	0.415897	1.62135	1.20546	1.3506	162.809	82.08	0	0
1150	0.0132867	0.0625513	0.113	0	1.36103	0.0613214	1	0	-0.986713	-0.937449	-0.938679	0.423307	1.62199	1.19868	1.37009	164.23	82.8	0	0
1160	0.013755	0.0635906	0.114	0	1.35998	0.0623315	1	0	-0.986245	-0.936409	-0.937668	0.430782	1.62263	1.19184	1.38987	165.65	83.52	0	0
1170	0.0142352	0.0646356	0.115	0	1.35891	0.0633471	1	0	-0.985765	-0.935364	-0.936653	0.438322	1.62325	1.18493	1.40995	167.07	84.24	0	0
1180	0.0147276	0.0656859	0.116	0	1.35783	0.0643681	1	0	-0.985272	-0.934314	-0.935632	0.445926	1.62388	1.17795	1.43036	168.49	84.96	0	0
1190	0.0152322	0.0667415	0.117	0	1.35674	0.0653944	1	0	-0.984768	-0.933258	-0.934606	0.453595	1.62449	1.1709	1.4511	169.909	85.68	0	0
1200	0.0157493	0.0678022	0.118	0	1.35563	0.0664258	1	0	-0.984251	-0.932198	-0.933574	0.461329	1.62511	1.16378	1.47217	171.328	86.4	0	0
1210	0.016279	0.0688678	0.119	0	1.35452	0.0674621	1	0	-0.983721	-0.931132	-0.932538	0.469128	1.62571	1.15658	1.49359	172.746	87.12	0	0
1220	0.0168215	0.0699381	0.12	0	1.35339	0.0685033	1	0	-0.983178	-0.930062	-0.931497	0.476992	1.62631	1.14932	1.51538	174.165	87.84	0	0
1230	0.017377	0.0710131	0.121	0	1.35224	0.0695492	1	0	-0.982623	-0.928987	-0.930451	0.48492	1.6269	1.14198	1.53753	175.582	88.56	0	0
1240	0.0179457	0.0720924	0.122	0	1.35109	0.0705997	1	0	-0.982054	-0.927908	-0.9294	0.492913	1.62748	1.13457	1.56007	177	89.28	0	0
1250	0.0185277	0.073176	0.123	0	1.34992	0.0716546	1	0	-0.981472	-0.926824	-0.928345	0.50097	1.62806	1.12708	1.583	178.417	90	0	0
1260	0.0191233	0.0742636	0.124	0	1.34874	0.0727138	1	0	-0.980877	-0.925736	-0.927286	0.509092	1.62862	1.11953	1.60633	179.834	90.72	0	0
1270	0.0197325	0.0753551	0.125	0	1.34755	0.073777	1	0	-0.980267	-0.924645	-0.926223	0.517279	1.62918	1.1119	1.63009	181.25	91.44	0	0
1280	0.0203556	0.0764503	0.126	0	1.34635	0.0748443	1	0	-0.979644	-0.92355	-0.925156	0.52553	1.62973	1.1042	1.65428	182.666	92.16	0	0
1290	0.0209927	0.0775489	0.127	0	1.34513	0.0759153	1	0	-0.979007	-0.922451	-0.924085	0.533845	1.63027	1.09642	1.67893	184.081	92.88	0	0
1300	0.0216441	0.0786508	0.128	0	1.3439	0.07699	1	0	-0.978356	-0.921349	-0.92301	0.542225	1.63079	1.08857	1.70403	185.496	93.6	0	0
1310	0.0223098	0.0797558	0.129	0	1.34266	0.0780681	1	0	-0.97769	-0.920244	-0.921932	0.550669	1.63131	1.08064	1.72962	186.91	94.32	0	0
1320	0.02299	0.0808636	0.13	0	1.3414	0.0791495	1	0	-0.97701	-0.919136	-0.92085	0.559178	1.63182	1.07264	1.7557	188.324	95.04	0	0
1330	0.0236849	0.0819741	0.131	0	1.34014	0.080234	1	0	-0.976315	-0.918026	-0.919766	0.567751	1.63232	1.06457	1.7823	189.738	95.76	0	0
1340	0.0243947	0.083087	0.132	0	1.33886	0.0813215	1	0	-0.975605	-0.916913	-0.918678	0.576388	1.6328	1.05641	1.80943	191.151	96.48	0	0
1350	0.0251196	0.0842021	0.133	0	1.33756	0.0824117	1	0	-0.97488	-0.915798	-0.917588	0.58509	1.63327	1.04819	1.83711	192.563	97.2	0	0
1360	0.0258596	0.0853192	0.134	0	1.33626	0.0835046	1	0	-0.97414	-0.914681	-0.916495	0.593855	1.63373	1.03988	1.86536	193.975	97.92	0	0
1370	0.026615	0.0864381	0.135	0	1.33494	0.0845997	1	0	-0.973385	-0.913562	-0.9154	0.602685	1.63418	1.0315	1.8942	195.386	98.64	0	0
1380	0.027386	0.0875585	0.136	0	1.33361	0.0856971	1	0	-0.972614	-0.912442	-0.914303	0.611578	1.63462	1.02304	1.92365	196.796	99.36	0	0
1390	0.0281726	0.0886801	0.137	0	1.33227	0.0867965	1	0	-0.971827	-0.91132	-0.913204	0.620536	1.63504	1.0145	1.95373	198.206	100.08	0	0
1400	0.028975	0.0898029	0.138	0	1.33092	0.0878976	1	0	-0.971025	-0.910197	-0.912102	0.629558	1.63544	1.00588	1.98448	199.616	100.8	0	0
1410	0.0297934	0.0909264	0.139	0	1.32955	0.0890004	1	0	-0.970207	-0.909074	-0.911	0.638643	1.63583	0.99719	2.01591	201.024	101.52	0	0
1420	0.030628	0.0920504	0.14	0	1.32818	0.0901045	1	0	-0.969372	-0.90795	-0.909896	0.647792	1.63621	0.988417	2.04804	202.432	102.24	0	0
1430	0.0314788	0.0931748	0.141	0	1.32679	0.0912097	1	0	-0.968521	-0.906825	-0.90879	0.657005	1.63657	0.979564	2.08092	203.839	102.96	0	0
1440	0.0323461	0.0942992	0.142	0	1.32539	0.0923159	1	0	-0.967654	-0.905701	-0.907684	0.666282	1.63691	0.970632	2.11456	205.245	103.68	0	0
1450	0.0332299	0.0954233	0.143	0	1.32397	0.0934229	1	0	-0.96677	-0.904577	-0.906577	0.675622	1.63724	0.961619	2.14899	206.651	104.4	0	0
1460	0.0341305	0.096547	0.144	0	1.32255	0.0945303	1	0	-0.96587	-0.903453	-0.90547	0.685026	1.63755	0.952525	2.18425	208.056	105.12	0	0
1470	0.0350479	0.0976699	0.145	0	1.32111	0.0956379	1	0	-0.964952	-0.90233	-0.904362	0.694494	1.63784	0.943351	2.22038	209.46	105.84	0	0
1480	0.0359823	0.0987917	0.146	0	1.31966	0.0967456	1	0	-0.964018	-0.901208	-0.903254	0.704024	1.63812	0.934094	2.2574	210.863	106.56	0	0
1490	0.0369338	0.0999122	0.147	0	1.3182	0.097853	1	0	-0.963066	-0.900088	-0.902147	0.713618	1.63837	0.924756	2.29536	212.265	107.28	0	0
1500	0.0379025	0.101031	0.148	0	1.31673	0.09896	1	0	-0.962097	-0.898969	-0.90104	0.723276	1.63861	0.915336	2.33429	213.666	108	0	0
1510	0.0388887	0.102148	0.149	0	1.31525	0.100066	1	0	-0.961111	-0.897852	-0.899934	0.732996	1.63883	0.905833	2.37423	215.066	108.72	0	0
1520	0.0398923	0.103263	0.15	0	1.31375	0.101171	1	0	-0.960108	-0.896737	-0.898829	0.742779	1.63903	0.896246	2.41524	216.465	109.44	0	0
1530	0.0409136	0.104375	0.151	0	1.31225	0.102275	1	0	-0.959086	-0.895625	-0.897725	0.752626	1.6392	0.886576	2.45735	217.863	110.16	0	0
1540	0.0419526	0.105485	0.152	0	1.31073	0.103378	1	0	-0.958047	-0.894515	-0.896622	0.762535	1.63936	0.876822	2.50061	219.259	110.88	0	0
1550	0.0430095	0.106591	0.153	0	1.3092	0.104479	1	0	-0.956991	-0.893409	-0.895521	0.772507	1.63949	0.866984	2.54509	220.655	111.6	0	0
1560	0.0440843	0.107694	0.154	0	1.30766	0.105577	1	0	-0.955916	-0.892306	-0.894423	0.782542	1.6396	0.85706	2.59082	222.049	112.32	0	0
1570	0.0451772	0.108793	0.155	0	1.30612	0.106674	1	0	-0.954823	-0.891207	-0.893326	0.792639	1.63969	0.847052	2.63788	223.442	113.04	0	0
1580	0.0462882	0.109888	0.156	0	1.30456	0.107767	1	0	-0.953712	-0.890112	-0.892233	0.802799	1.63976	0.836957	2.68632	224.834	113.76	0	0
1590	0.0474175	0.110979	0.157	0	1.30299	0.108858	1	0	-0.952582	-0.889021	-0.891142	0.813021	1.6398	0.826776	2.73622	226.224	114.48	0	0
1600	0.0485652	0.112065	0.158	0	1.30141	0.109946	1	0	-0.951435	-0.887935	-0.890054	0.823305	1.63981	0.816509	2.78763	227.612	115.2	0	0
1610	0.0497313	0.113145	0.159	0	1.29982	0.11103	1	0	-0.950269	-0.886855	-0.88897	0.833651	1.63981	0.806154	2.84064	228.999	115.92	0	0
1620	0.0509159	0.114221	0.16	0	1.29822	0.11211	1	0	-0.949084	-0.885779	-0.88789	0.844059	1.63977	0.795712	2.89533	230.385	116.64	0	0
1630	0.0521191	0.115291	0.161	0	1.29661	0.113186	1	0	-0.947881	-0.884709	-0.886814	0.854529	1.63971	0.785183	2.95177	231.768	117.36	0	0
1640	0.053341	0.116354	0.162	0	1.29499	0.114257	1	0	-0.946659	-0.883646	-0.885743	0.86506	1.63962	0.774565	3.01008	233.15	118.08	0	0
1650	0.0545817	0.117412	0.163	0	1.29336	0.115324	1	0	-0.945418	-0.882588	-0.884676	0.875653	1.63951	0.763858	3.07033	234.53	118.8	0	0
1660	0.0558411	0.118462	0.164	0	1.29172	0.116385	1	0	-0.944159	-0.881538	-0.883615	0.886307	1.63937	0.753062	3.13264	235.907	119.52	0	0
1670	0.0571195	0.119505	0.165	0	1.29008	0.117441	1	0	-0.942881	-0.880495	-0.882559	0.897022	1.6392	0.742176	3.19712	237.283	120.24	0	0
1680	0.0584167	0.120541	0.166	0	1.28842	0.118492	1	0	-0.941583	-0.879459	-0.881508	0.907798	1.639	0.731201	3.26389	238.656	120.96	0	0
1690	0.0597329	0.121569	0.167	0	1.28676	0.119536	1	0	-0.940267	-0.878431	-0.880464	0.918635	1.63877	0.720136	3.33308	240.027	121.68	0	0
1700	0.0610681	0.122588	0.168	0	1.28509	0.120573	1	0	-0.938932	-0.877412	-0.879427	0.929532	1.63851	0.708979	3.40483	241.395	122.4	0	0
1710	0.0624224	0.123599	0.169	0	1.28341	0.121603	1	0	-0.937578	-0.876401	-0.878397	0.940489	1.63822	0.697732	3.47928	242.761	123.12	0	0
1720	0.0637957	0.124601	0.17	0	1.28172	0.122627	1	0	-0.936204	-0.875399	-0.877373	0.951507	1.6379	0.686394	3.55661	244.123	123.84	0	0
1730	0.0651882	0.125594	0.171	0	1.28002	0.123642	1	0	-0.934812	-0.874406	-0.876358	0.962584	1.63755	0.674963	3.63698	245.483	124.56	0	0
1740	0.0665997	0.126577	0.172	0	1.27832	0.12465	1	0	-0.9334	-0.873423	-0.87535	0.97372	1.63716	0.663441	3.72059	246.839	125.28	0	0
1750	0.0680304	0.127549	0.173	0	1.27661	0.125649	1	0	-0.93197	-0.872451	-0.874351	0.984916	1.63674	0.651826	3.80765	248.192	126	0	0
1760	0.0694802	0.128511	0.174	0	1.2749	0.126639	1	0	-0.93052	-0.871489	-0.873361	0.996171	1.63629	0.640119	3.89836	249.542	126.72	0	0
1770	0.0709492	0.129463	0.175	0	1.27317	0.12762	1	0	-0.929051	-0.870537	-0.87238	1.00748	1.6358	0.628319	3.99299	250.887	127.44	0	0
1780	0.0724372	0.130402	0.176	0	1.27145	0.128591	1	0	-0.927563	-0.869598	-0.871409	1.01886	1.63528	0.616426	4.09179	252.228	128.16	0	0
1790	0.0739444	0.131331	0.177	0	1.26971	0.129552	1	0	-0.926056	-0.868669	-0.870448	1.03029	1.63472	0.604439	4.19505	253.565	128.88	0	0
1800	0.0754707	0.132246	0.178	0	1.26797	0.130503	1	0	-0.924529	-0.867754	-0.869497	1.04177	1.63413	0.592359	4.30308	254.897	129.6	0	0
1810	0.077016	0.13315	0.179	0	1.26623	0.131443	1	0	-0.922984	-0.86685	-0.868557	1.05332	1.6335	0.580185	4.41624	256.224	130.32	0	0
1820	0.0785803	0.13404	0.18	0	1.26448	0.132371	1	0	-0.92142	-0.86596	-0.867629	1.06492	1.63283	0.567917	4.53491	257.545	131.04	0	0
1830	0.0801636	0.134917	0.181	0	1.26272	0.133288	1	0	-0.919836	-0.865083	-0.866712	1.07657	1.63213	0.555555	4.65949	258.861	131.76	0	0
1840	0.0817658	0.135781	0.182	0	1.26096	0.134192	1	0	-0.918234	-0.864219	-0.865808	1.08829	1.63139	0.543099	4.79046	260.17	132.48	0	0
1850	0.0833869	0.13663	0.183	0	1.2592	0.135084	1	0	-0.916613	-0.86337	-0.864916	1.10005	1.6306	0.530549	4.92832	261.472	133.2	0	0
1860	0.0850267	0.137464	0.184	0	1.25744	0.135962	1	0	-0.914973	-0.862536	-0.864038	1.11188	1.62978	0.517905	5.07364	262.766	133.92	0	0
1870	0.0866853	0.138284	0.185	0	1.25567	0.136826	1	0	-0.913315	-0.861716	-0.863174	1.12375	1.62892	0.505167	5.22704	264.053	134.64	0	0
1880	0.0883625	0.139088	0.186	0	1.25389	0.137677	1	0	-0.911637	-0.860912	-0.862323	1.13568	1.62802	0.492335	5.38923	265.331	135.36	0	0
1890	0.0900583	0.139876	0.187	0	1.25212	0.138512	1	0	-0.909942	-0.860124	-0.861488	1.14766	1.62707	0.479409	5.56099	266.599	136.08	0	0
1900	0.0917725	0.140648	0.188	0	1.25035	0.139333	1	0	-0.908228	-0.859352	-0.860667	1.15969	1.62608	0.46639	5.74319	267.857	136.8	0	0
1910	0.093505	0.141403	0.189	0	1.24857	0.140138	1	0	-0.906495	-0.858597	-0.859862	1.17178	1.62506	0.453278	5.93682	269.103	137.52	0	0
1920	0.0952558	0.142142	0.19	0	1.24679	0.140927	1	0	-0.904744	-0.857858	-0.859073	1.18391	1.62398	0.440073	6.143	270.337	138.24	0	0
1930	0.0970246	0.142862	0.191	0	1.24501	0.141699	1	0	-0.902975	-0.857138	-0.858301	1.19609	1.62287	0.426776	6.36298	271.557	138.96	0	0
1940	0.0988114	0.143565	0.192	0	1.24323	0.142454	1	0	-0.901189	-0.856435	-0.857546	1.20832	1.62171	0.413388	6.59821	272.762	139.68	0	0
1950	0.100616	0.144249	0.193	0	1.24145	0.143191	1	0	-0.899384	-0.855751	-0.856809	1.2206	1.62051	0.399909	6.85031	273.95	140.4	0	0
1960	0.102438	0.144915	0.194	0	1.23967	0.14391	1	0	-0.897562	-0.855085	-0.85609	1.23292	1.61926	0.38634	7.12116	275.119	141.12	0	0
1970	0.104278	0.145561	0.195	0	1.23789	0.14461	1	0	-0.895722	-0.854439	-0.85539	1.24528	1.61796	0.372682	7.41294	276.267	141.84	0	0
1980	0.106135	0.146188	0.196	0	1.23612	0.145291	1	0	-0.893865	-0.853812	-0.854709	1.25769	1.61662	0.358937	7.72814	277.392	142.56	0	0
1990	0.108009	0.146795	0.197	0	1.23434	0.145952	1	0	-0.891991	-0.853205	-0.854048	1.27013	1.61524	0.345106	8.0697	278.49	143.28	0	0
2000	0.1099	0.147381	0.198	0	1.23257	0.146592	1	0	-0.8901	-0.852619	-0.853408	1.28261	1.6138	0.331191	8.44102	279.559	144	0	0
2010	0.111808	0.147947	0.199	0	1.2308	0.147212	1	0	-0.888192	-0.852053	-0.852788	1.29513	1.61232	0.317194	8.84613	280.594	144.72	0	0
2020	0.113733	0.148491	0.2	0	1.22904	0.14781	1	0	-0.886267	-0.851509	-0.85219	1.30768	1.61079	0.303117	9.28982	281.59	145.44	0	0
2030	0.115674	0.149014	0.201	0	1.22728	0.148386	1	0	-0.884326	-0.850986	-0.851614	1.32025	1.60922	0.288963	9.7778	282.542	146.16	0	0
2040	0.117631	0.149515	0.202	0	1.22552	0.148939	1	0	-0.882369	-0.850485	-0.851061	1.33286	1.60759	0.274735	10.317	283.443	146.88	0	0
2050	0.119603	0.149993	0.203	0	1.22377	0.149469	1	0	-0.880397	-0.850007	-0.850531	1.34548	1.60592	0.260438	10.9156	284.284	147.6	0	0
2060	0.121592	0.150449	0.204	0	1.22202	0.149975	1	0	-0.878408	-0.849551	-0.850025	1.35812	1.60419	0.246075	11.5841	285.056	148.32	0	0
2070	0.123596	0.150882	0.205	0	1.22028	0.150457	1	0	-0.876404	-0.849118	-0.849543	1.37077	1.60242	0.231652	12.3351	285.745	149.04	0	0
2080	0.125615	0.151291	0.206	0	1.21855	0.150914	1	0	-0.874385	-0.848709	-0.849086	1.38342	1.6006	0.217175	13.1846	286.335	149.76	0	0
2090	0.127648	0.151677	0.207	0	1.21682	0.151346	1	0	-0.872352	-0.848323	-0.848654	1.39607	1.59872	0.202652	14.1527	286.807	150.48	0	0
2100	0.129697	0.152038	0.208	0	1.2151	0.151752	1	0	-0.870303	-0.847962	-0.848248	1.40871	1.5968	0.188093	15.2656	287.134	151.2	0	0
2110	0.131759	0.152376	0.209	0	1.21339	0.152131	1	0	-0.868241	-0.847624	-0.847869	1.42132	1.59483	0.173507	16.5574	287.283	151.92	0	0
2120	0.133836	0.152688	0.21	0	1.21168	0.152483	1	0	-0.866164	-0.847312	-0.847517	1.43389	1.5928	0.158911	18.0735	287.207	152.64	0	0
2130	0.135926	0.152976	0.211	0	1.20999	0.152808	1	0	-0.864074	-0.847024	-0.847192	1.44641	1.59072	0.144319	19.8757	286.844	153.36	0	0
2140	0.13803	0.153239	0.212	0	1.2083	0.153105	1	0	-0.86197	-0.846761	-0.846895	1.45884	1.5886	0.129755	22.05	286.11	154.08	0	0
2150	0.140146	0.153477	0.213	0	1.20663	0.153374	1	0	-0.859854	-0.846523	-0.846626	1.47117	1.58642	0.115247	24.7191	284.881	154.8	0	0
2160	0.142276	0.15369	0.214	0	1.20496	0.153614	1	0	-0.857724	-0.84631	-0.846386	1.48336	1.58419	0.100832	28.0641	282.976	155.52	0	0
2170	0.144418	0.153878	0.215	0	1.20331	0.153826	1	0	-0.855582	-0.846122	-0.846174	1.49536	1.58191	0.0865598	32.3613	280.119	156.24	0	0
2180	0.146571	0.154041	0.216	0	1.20166	0.154008	1	0	-0.853429	-0.845959	-0.845992	1.50709	1.57959	0.0724998	38.051	275.869	156.96	0	0
2190	0.148737	0.154179	0.217	0	1.20003	0.154161	1	0	-0.851263	-0.845821	-0.845839	1.51846	1.57721	0.0587516	45.8695	269.491	157.68	0	0
2200	0.150914	0.154293	0.218	0	1.1984	0.154286	1	0	-0.849086	-0.845707	-0.845714	1.52932	1.57478	0.0454642	57.118	259.682	158.4	0	0
2210	0.153102	0.154384	0.219	0	1.19679	0.154383	1	0	-0.846898	-0.845616	-0.845617	1.53944	1.57231	0.0328715	74.2311	244.009	159.12	0	0
2220	0.155301	0.154453	0.22	0	1.19518	0.154452	1	0	-0.844699	-0.845547	-0.845548	1.54843	1.56979	0.0213635	101.927	217.753	159.84	0	0
2230	0.157511	0.154502	0.221	0	1.19359	0.154497	1	0	-0.842489	-0.845498	-0.845503	1.5556	1.56723	0.0116268	148.482	172.638	160.56	0	0
2240	0.15973	0.154536	0.222	0	1.192	0.15452	1	0	-0.84027	-0.845464	-0.84548	1.55975	1.56463	0.00488131	216.755	105.805	161.28	0	0
2250	0.16196	0.15456	0.223	0	1.19041	0.154528	1	0	-0.83804	-0.84544	-0.845472	1.55926	1.56201	0.00274791	254.159	69.8408	162	0	0
2260	0.1642	0.154586	0.224	0	1.18882	0.154531	1	0	-0.8358	-0.845414	-0.845469	1.55474	1.55936	0.00461625	222.656	102.784	162.72	0	0
2270	0.16645	0.154622	0.225	0	1.18721	0.154539	1	0	-0.83355	-0.845378	-0.845461	1.54971	1.55671	0.00699565	192.332	134.548	163.44	0	0
2280	0.168709	0.15467	0.226	0	1.18559	0.154552	1	0	-0.831291	-0.84533	-0.845448	1.54586	1.55405	0.00819141	180.481	147.839	164.16	0	0
2290	0.170979	0.154727	0.227	0	1.18396	0.154567	1	0	-0.829021	-0.845273	-0.845433	1.54318	1.55138	0.00820756	181.112	148.648	164.88	0	0
2300	0.173258	0.15479	0.228	0	1.18232	0.154583	1	0	-0.826742	-0.84521	-0.845417	1.54108	1.54871	0.00762229	187.944	143.256	165.6	0	0
2310	0.175547	0.154858	0.229	0	1.18067	0.154598	1	0	-0.824453	-0.845142	-0.845402	1.539	1.54601	0.00701175	195.535	137.105	166.32	0	0
2320	0.177845	0.154931	0.23	0	1.17902	0.154611	1	0	-0.822155	-0.845069	-0.845389	1.53661	1.54331	0.00669991	200.049	134.031	167.04	0	0
2330	0.180154	0.15501	0.231	0	1.17735	0.154624	1	0	-0.819846	-0.84499	-0.845376	1.53389	1.54059	0.00670714	200.824	134.696	167.76	0	0
2340	0.182473	0.155095	0.232	0	1.17568	0.154637	1	0	-0.817527	-0.844905	-0.845363	1.53099	1.53786	0.00687103	199.727	137.233	168.48	0	0
2350	0.184801	0.155188	0.233	0	1.17399	0.15465	1	0	-0.815199	-0.844812	-0.84535	1.5281	1.53512	0.00702368	198.782	139.618	169.2	0	0
2360	0.187139	0.155288	0.234	0	1.1723	0.154664	1	0	-0.812861	-0.844712	-0.845336	1.52528	1.53237	0.00708795	198.877	140.963	169.92	0	0
2370	0.189486	0.155395	0.235	0	1.17059	0.154678	1	0	-0.810514	-0.844605	-0.845322	1.52253	1.52961	0.00707317	199.893	141.387	170.64	0	0
2380	0.191843	0.155509	0.236	0	1.16888	0.154692	1	0	-0.808157	-0.844491	-0.845308	1.51981	1.52683	0.00702653	201.286	141.434	171.36	0	0
2390	0.19421	0.15563	0.237	0	1.16716	0.154706	1	0	-0.80579	-0.84437	-0.845294	1.51706	1.52404	0.00698912	202.577	141.583	172.08	0	0
2400	0.196587	0.155757	0.238	0	1.16543	0.15472	1	0	-0.803413	-0.844243	-0.84528	1.51427	1.52125	0.00697683	203.572	142.028	172.8	0	0
2410	0.198973	0.155892	0.239	0	1.16368	0.154734	1	0	-0.801027	-0.844108	-0.845266	1.51145	1.51843	0.00698395	204.334	142.706	173.52	0	0
2420	0.201369	0.156035	0.24	0	1.16193	0.154748	1	0	-0.798631	-0.843965	-0.845252	1.50862	1.51561	0.00699689	205.026	143.454	174.24	0	0
2430	0.203774	0.156185	0.241	0	1.16017	0.154762	1	0	-0.796226	-0.843815	-0.845238	1.50577	1.51278	0.00700557	205.768	144.152	174.96	0	0
2440	0.206189	0.156342	0.242	0	1.1584	0.154777	1	0	-0.793811	-0.843658	-0.845223	1.50292	1.50993	0.00700726	206.594	144.766	175.68	0	0
2450	0.208613	0.156507	0.243	0	1.15662	0.154791	1	0	-0.791387	-0.843493	-0.845209	1.50007	1.50707	0.00700448	207.475	145.325	176.4	0	0
2460	0.211047	0.156679	0.244	0	1.15483	0.154806	1	0	-0.788953	-0.843321	-0.845194	1.4972	1.5042	0.007001	208.364	145.876	177.12	0	0
2470	0.213491	0.156859	0.245	0	1.15303	0.15482	1	0	-0.786509	-0.843141	-0.84518	1.49432	1.50132	0.00699911	209.234	146.446	177.84	0	0
2480	0.215944	0.157047	0.246	0	1.15122	0.154835	1	0	-0.784056	-0.842953	-0.845165	1.49143	1.49843	0.00699909	210.082	147.038	178.56	0	0
2490	0.218406	0.157243	0.247	0	1.1494	0.15485	1	0	-0.781594	-0.842757	-0.84515	1.48852	1.49552	0.00700001	210.917	147.643	179.28	0	0
2500	0.220877	0.157447	0.248	0	1.14757	0.154865	1	0	-0.779123	-0.842553	-0.845135	1.48561	1.49261	0.00700087	211.754	148.246	180	0	0
2510	0.223358	0.157659	0.249	0	1.14574	0.15488	1	0	-0.776642	-0.842341	-0.84512	1.48268	1.48968	0.0070012	212.597	148.843	180.72	0	0
2520	0.225849	0.157879	0.25	0	1.14389	0.154895	1	0	-0.774151	-0.842121	-0.845105	1.47974	1.48674	0.00700106	213.446	149.434	181.44	0	0
2530	0.228348	0.158107	0.251	0	1.14203	0.15491	1	0	-0.771652	-0.841893	-0.84509	1.47679	1.48379	0.00700076	214.296	150.024	182.16	0	0
2540	0.230857	0.158343	0.252	0	1.14016	0.154925	1	0	-0.769143	-0.841657	-0.845075	1.47382	1.48082	0.00700054	215.146	150.614	182.88	0	0
2550	0.233375	0.158588	0.253	0	1.13828	0.15494	1	0	-0.766625	-0.841412	-0.84506	1.47085	1.47785	0.00700048	215.994	151.206	183.6	0	0
2560	0.235903	0.158842	0.254	0	1.13639	0.154956	1	0	-0.764097	-0.841158	-0.845044	1.46786	1.47486	0.00700052	216.84	151.8	184.32	0	0
2570	0.238439	0.159104	0.255	0	1.1345	0.154971	1	0	-0.761561	-0.840896	-0.845029	1.46486	1.47186	0.00700059	217.687	152.393	185.04	0	0
2580	0.240985	0.159375	0.256	0	1.13259	0.154987	1	0	-0.759015	-0.840625	-0.845013	1.46185	1.46885	0.00700061	218.533	152.987	185.76	0	0
2590	0.243539	0.159654	0.257	0	1.13067	0.155003	1	0	-0.756461	-0.840346	-0.844997	1.45883	1.46583	0.00700059	219.381	153.579	186.48	0	0
2600	0.246103	0.159942	0.258	0	1.12874	0.155019	1	0	-0.753897	-0.840058	-0.844981	1.45579	1.46279	0.00700055	220.228	154.172	187.2	0	0
2610	0.248676	0.160239	0.259	0	1.1268	0.155035	1	0	-0.751324	-0.839761	-0.844965	1.45274	1.45975	0.00700051	221.076	154.764	187.92	0	0
2620	0.251258	0.160546	0.26	0	1.12485	0.155051	1	0	-0.748742	-0.839454	-0.844949	1.44969	1.45669	0.00700049	221.923	155.357	188.64	0	0
2630	0.253849	0.160861	0.261	0	1.1229	0.155067	1	0	-0.746151	-0.839139	-0.844933	1.44662	1.45362	0.00700048	222.77	155.95	189.36	0	0
2640	0.256449	0.161186	0.262	0	1.12093	0.155083	1	0	-0.743551	-0.838814	-0.844917	1.44353	1.45054	0.00700047	223.617	156.543	190.08	0	0
2650	0.259058	0.161519	0.263	0	1.11895	0.155099	1	0	-0.740942	-0.838481	-0.844901	1.44044	1.44744	0.00700045	224.465	157.135	190.8	0	0
2660	0.261675	0.161862	0.264	0	1.11696	0.155116	1	0	-0.738325	-0.838138	-0.844884	1.43734	1.44434	0.00700044	225.312	157.728	191.52	0	0
2670	0.264302	0.162215	0.265	0	1.11496	0.155132	1	0	-0.735698	-0.837785	-0.844868	1.43422	1.44122	0.00700042	226.159	158.321	192.24	0	0
2680	0.266937	0.162577	0.266	0	1.11295	0.155149	1	0	-0.733063	-0.837423	-0.844851	1.43109	1.43809	0.0070004	227.006	158.914	192.96	0	0
2690	0.269581	0.162949	0.267	0	1.11093	0.155166	1	0	-0.730419	-0.837051	-0.844834	1.42795	1.43495	0.00700038	227.854	159.506	193.68	0	0
2700	0.272233	0.163331	0.268	0	1.1089	0.155182	1	0	-0.727767	-0.836669	-0.844818	1.4248	1.4318	0.00700036	228.701	160.099	194.4	0	0
2710	0.274895	0.163722	0.269	0	1.10686	0.155199	1	0	-0.725105	-0.836278	-0.844801	1.42163	1.42863	0.00700035	229.548	160.692	195.12	0	0
2720	0.277565	0.164123	0.27	0	1.10481	0.155216	1	0	-0.722435	-0.835877	-0.844784	1.41846	1.42546	0.00700033	230.396	161.284	195.84	0	0
2730	0.280244	0.164534	0.271	0	1.10275	0.155234	1	0	-0.719756	-0.835466	-0.844766	1.41527	1.42227	0.00700031	231.243	161.877	196.56	0	0
2740	0.282931	0.164956	0.272	0	1.10068	0.155251	1	0	-0.717069	-0.835044	-0.844749	1.41207	1.41907	0.00700029	232.09	162.47	197.28	0	0
2750	0.285626	0.165387	0.273	0	1.09859	0.155268	1	0	-0.714374	-0.834613	-0.844732	1.40886	1.41586	0.00700027	232.937	163.063	198	0	0
2760	0.288331	0.165829	0.274	0	1.0965	0.155286	1	0	-0.711669	-0.834171	-0.844714	1.40563	1.41264	0.00700026	233.785	163.655	198.72	0	0
2770	0.291043	0.166281	0.275	0	1.0944	0.155303	1	0	-0.708957	-0.833719	-0.844697	1.4024	1.4094	0.00700024	234.632	164.248	199.44	0	0
2780	0.293764	0.166744	0.276	0	1.09228	0.155321	1	0	-0.706236	-0.833256	-0.844679	1.39915	1.40615	0.00700022	235.479	164.841	200.16	0	0
2790	0.296493	0.167217	0.277	0	1.09016	0.155339	1	0	-0.703507	-0.832783	-0.844661	1.39589	1.40289	0.0070002	236.327	165.433	200.88	0	0
2800	0.299231	0.167701	0.278	0	1.08803	0.155357	1	0	-0.700769	-0.832299	-0.844643	1.39262	1.39962	0.00700018	237.174	166.026	201.6	0	0
2810	0.301977	0.168195	0.279	0	1.08588	0.155375	1	0	-0.698023	-0.831805	-0.844625	1.38934	1.39634	0.00700017	238.021	166.619	202.32	0	0
2820	0.304731	0.1687	0.28	0	1.08372	0.155393	1	0	-0.695269	-0.8313	-0.844607	1.38605	1.39305	0.00700015	238.869	167.211	203.04	0	0
2830	0.307493	0.169217	0.281	0	1.08156	0.155411	1	0	-0.692507	-0.830783	-0.844589	1.38274	1.38974	0.00700013	239.716	167.804	203.76	0	0
2840	0.310263	0.169744	0.282	0	1.07938	0.15543	1	0	-0.689737	-0.830256	-0.84457	1.37943	1.38643	0.00700011	240.563	168.397	204.48	0	0
2850	0.313042	0.170282	0.283	0	1.07719	0.155448	1	0	-0.686958	-0.829718	-0.844552	1.3761	1.3831	0.00700009	241.41	168.99	205.2	0	0
2860	0.315828	0.170832	0.284	0	1.07499	0.155467	1	0	-0.684172	-0.829168	-0.844533	1.37276	1.37976	0.00700007	242.258	169.582	205.92	0	0
2870	0.318622	0.171392	0.285	0	1.07278	0.155486	1	0	-0.681378	-0.828608	-0.844514	1.3694	1.3764	0.00700005	243.105	170.175	206.64	0	0
2880	0.321424	0.171964	0.286	0	1.07056	0.155505	1	0	-0.678576	-0.828036	-0.844495	1.36604	1.37304	0.00700004	243.952	170.768	207.36	0	0
2890	0.324234	0.172548	0.287	0	1.06833	0.155524	1	0	-0.675766	-0.827452	-0.844476	1.36266	1.36966	0.00700002	244.8	171.36	208.08	0	0
2900	0.327052	0.173143	0.288	0	1.06609	0.155543	1	0	-0.672948	-0.826857	-0.844457	1.35927	1.36627	0.007	245.647	171.953	208.8	0	0
2910	0.329878	0.17375	0.289	0	1.06384	0.155562	1	0	-0.670122	-0.82625	-0.844438	1.35587	1.36287	0.00699998	246.494	172.546	209.52	0	0
2920	0.332711	0.174368	0.29	0	1.06158	0.155581	1	0	-0.667289	-0.825632	-0.844419	1.35246	1.35946	0.00699996	247.342	173.138	210.24	0	0
2930	0.335552	0.174999	0.291	0	1.0593	0.155601	1	0	-0.664448	-0.825001	-0.844399	1.34904	1.35604	0.00699994	248.189	173.731	210.96	0	0
2940	0.338401	0.175641	0.292	0	1.05702	0.155621	1	0	-0.661599	-0.824359	-0.844379	1.3456	1.3526	0.00699992	249.036	174.324	211.68	0	0
2950	0.341257	0.176295	0.293	0	1.05472	0.15564	1	0	-0.658743	-0.823705	-0.84436	1.34216	1.34916	0.0069999	249.884	174.916	212.4	0	0
2960	0.34412	0.176961	0.294	0	1.05241	0.15566	1	0	-0.65588	-0.823039	-0.84434	1.3387	1.3457	0.00699988	250.731	175.509	213.12	0	0
2970	0.346991	0.17764	0.295	0	1.05009	0.15568	1	0	-0.653009	-0.82236	-0.84432	1.33523	1.34223	0.00699986	251.578	176.102	213.84	0	0
2980	0.349869	0.178331	0.296	0	1.04776	0.1557	1	0	-0.650131	-0.821669	-0.8443	1.33174	1.33874	0.00699984	252.426	176.694	214.56	0	0
2990	0.352755	0.179034	0.297	0	1.04542	0.155721	1	0	-0.647245	-0.820966	-0.844279	1.32825	1.33525	0.00699983	253.273	177.287	215.28	0	0
3000	0.355648	0.17975	0.298	0	1.04307	0.155741	1	0	-0.644352	-0.82025	-0.844259	1.32474	1.33174	0.00699981	253.273	177.287	215.28	0	0
3010	0.358543	0.180477	0.2985	0	1.04071	0.155762	1	0	-0.641457	-0.819523	-0.844238	1.32123	1.32823	0.0069998	253.274	177.286	215.28	0	0
3020	0.361438	0.181215	0.29875	0	1.03835	0.155782	1	0	-0.638562	-0.818785	-0.844218	1.31772	1.32472	0.0069998	253.274	177.286	215.28	0	0
3030	0.364331	0.181963	0.298875	0	1.03598	0.155803	1	0	-0.635669	-0.818037	-0.844197	1.3142	1.3212	0.00699981	253.273	177.287	215.28	0	0
3040	0.367223	0.182722	0.298938	0	1.03361	0.155824	1	0	-0.632777	-0.817278	-0.844176	1.31068	1.31768	0.00699981	253.273	177.287	215.28	0	0
3050	0.370112	0.183491	0.298969	0	1.03124	0.155845	1	0	-0.629888	-0.816509	-0.844155	1.30716	1.31416	0.00699981	253.273	177.287	215.28	0	0
3060	0.372998	0.18427	0.298984	0	1.02886	0.155866	1	0	-0.627002	-0.81573	-0.844134	1.30365	1.31065	0.00699981	253.273	177.287	215.28	0	0
3070	0.375882	0.185059	0.298992	0	1.02648	0.155887	1	0	-0.624118	-0.814941	-0.844113	1.30013	1.30713	0.00699981	253.273	177.287	215.28	0	0
3080	0.378763	0.185859	0.298996	0	1.02409	0.155908	1	0	-0.621237	-0.814141	-0.844092	1.29661	1.30361	0.00699981	253.273	177.287	215.28	0	0
3090	0.381642	0.186668	0.298998	0	1.0217	0.15593	1	0	-0.618358	-0.813332	-0.84407	1.29309	1.30009	0.00699981	253.273	177.287	215.28	0	0
3100	0.384517	0.187488	0.298999	0	1.01931	0.155951	1	0	-0.615483	-0.812512	-0.844049	1.28958	1.29658	0.00699981	253.273	177.287	215.28	0	0
3110	0.38739	0.188318	0.299	0	1.01692	0.155973	1	0	-0.61261	-0.811682	-0.844027	1.28606	1.29306	0.00699981	253.273	177.287	215.28	0	0
3120	0.390259	0.189158	0.299	0	1.01452	0.155994	1	0	-0.609741	-0.810842	-0.844006	1.28254	1.28954	0.00699981	253.273	177.287	215.28	0	0
3130	0.393126	0.190008	0.299	0	1.01212	0.156016	1	0	-0.606874	-0.809992	-0.843984	1.27902	1.28602	0.00699981	253.273	177.287	215.28	0	0
3140	0.395989	0.190868	0.299	0	1.00971	0.156038	1	0	-0.604011	-0.809132	-0.843962	1.2755	1.2825	0.00699981	253.273	177.287	215.28	0	0
3150	0.39885	0.191738	0.299	0	1.00731	0.15606	1	0	-0.60115	-0.808262	-0.84394	1.27199	1.27899	0.00699981	253.273	177.287	215.28	0	0
3160	0.401707	0.192618	0.299	0	1.0049	0.156082	1	0	-0.598293	-0.807382	-0.843918	1.26847	1.27547	0.00699981	253.273	177.287	215.28	0	0
3170	0.404562	0.193508	0.299	0	1.00248	0.156104	1	0	-0.595438	-0.806492	-0.843896	1.26495	1.27195	0.00699981	253.273	177.287	215.28	0	0
3180	0.407413	0.194409	0.299	0	1.00007	0.156126	1	0	-0.592587	-0.805591	-0.843874	1.26143	1.26843	0.00699981	253.273	177.287	215.28	0	0
3190	0.410261	0.195319	0.299	0	0.997649	0.156149	1	0	-0.589739	-0.804681	-0.843851	1.25791	1.26491	0.00699981	253.273	177.287	215.28	0	0
3200	0.413106	0.196239	0.299	0	0.995227	0.156171	1	0	-0.586894	-0.803761	-0.843829	1.2544	1.2614	0.00699981	253.273	177.287	215.28	0	0
3210	0.415948	0.197169	0.299	0	0.992801	0.156194	1	0	-0.584052	-0.802831	-0.843806	1.25088	1.25788	0.00699981	253.273	177.287	215.28	0	0
3220	0.418786	0.19811	0.299	0	0.990373	0.156217	1	0	-0.581214	-0.80189	-0.843783	1.24736	1.25436	0.00699981	253.273	177.287	215.28	0	0
3230	0.421621	0.19906	0.299	0	0.987941	0.156239	1	0	-0.578379	-0.80094	-0.843761	1.24384	1.25084	0.00699981	253.273	177.287	215.28	0	0
3240	0.424452	0.20002	0.299	0	0.985506	0.156262	1	0	-0.575548	-0.79998	-0.843738	1.24033	1.24733	0.00699981	253.273	177.287	215.28	0	0
3250	0.427281	0.200991	0.299	0	0.983068	0.156285	1	0	-0.572719	-0.799009	-0.843715	1.23681	1.24381	0.00699981	253.273	177.287	215.28	0	0
3260	0.430105	0.201971	0.299	0	0.980628	0.156308	1	0	-0.569895	-0.798029	-0.843692	1.23329	1.24029	0.00699981	253.273	177.287	215.28	0	0
3270	0.432927	0.202961	0.299	0	0.978184	0.156332	1	0	-0.567073	-0.797039	-0.843668	1.22977	1.23677	0.00699981	253.273	177.287	215.28	0	0
3280	0.435745	0.203961	0.299	0	0.975737	0.156355	1	0	-0.564255	-0.796039	-0.843645	1.22625	1.23325	0.00699981	253.273	177.287	215.28	0	0
3290	0.438559	0.204971	0.299	0	0.973287	0.156379	1	0	-0.561441	-0.795029	-0.843621	1.22274	1.22974	0.00699981	253.273	177.287	215.28	0	0
3300	0.44137	0.205991	0.299	0	0.970834	0.156402	1	0	-0.55863	-0.794009	-0.843598	1.21922	1.22622	0.00699981	253.273	177.287	215.28	0	0
3310	0.444177	0.20702	0.299	0	0.968378	0.156426	1	0	-0.555823	-0.79298	-0.843574	1.2157	1.2227	0.00699981	253.273	177.287	215.28	0	0
3320	0.44698	0.20806	0.299	0	0.965919	0.15645	1	0	-0.55302	-0.79194	-0.84355	1.21218	1.21918	0.00699981	253.273	177.287	215.28	0	0
3330	0.44978	0.209109	0.299	0	0.963457	0.156474	1	0	-0.55022	-0.790891	-0.843526	1.20866	1.21566	0.00699981	253.273	177.287	215.28	0	0
3340	0.452576	0.210169	0.299	0	0.960993	0.156498	1	0	-0.547424	-0.789831	-0.843502	1.20515	1.21215	0.00699981	253.273	177.287	215.28	0	0
3350	0.455368	0.211238	0.299	0	0.958525	0.156522	1	0	-0.544632	-0.788762	-0.843478	1.20163	1.20863	0.00699981	253.273	177.287	215.28	0	0
3360	0.458157	0.212317	0.299	0	0.956054	0.156546	1	0	-0.541843	-0.787683	-0.843454	1.19811	1.20511	0.00699981	253.273	177.287	215.28	0	0
3370	0.460942	0.213405	0.299	0	0.95358	0.156571	1	0	-0.539058	-0.786595	-0.843429	1.19459	1.20159	0.00699981	253.273	177.287	215.28	0	0
3380	0.463723	0.214504	0.299	0	0.951103	0.156595	1	0	-0.536277	-0.785496	-0.843405	1.19107	1.19807	0.00699981	253.273	177.287	215.28	0	0
3390	0.4665	0.215612	0.299	0	0.948624	0.15662	1	0	-0.5335	-0.784388	-0.84338	1.18756	1.19456	0.00699981	253.273	177.287	215.28	0	0
3400	0.469273	0.21673	0.299	0	0.946141	0.156645	1	0	-0.530727	-0.78327	-0.843355	1.18404	1.19104	0.00699981	253.273	177.287	215.28	0	0
3410	0.472042	0.217858	0.299	0	0.943656	0.15667	1	0	-0.527958	-0.782142	-0.84333	1.18052	1.18752	0.00699981	253.273	177.287	215.28	0	0
3420	0.474807	0.218995	0.299	0	0.941167	0.156695	1	0	-0.525193	-0.781005	-0.843305	1.177	1.184	0.00699981	253.273	177.287	215.28	0	0
3430	0.477568	0.220143	0.299	0	0.938676	0.15672	1	0	-0.522432	-0.779857	-0.84328	1.17349	1.18049	0.00699981	253.273	177.287	215.28	0	0
3440	0.480325	0.2213	0.299	0	0.936182	0.156746	1	0	-0.519675	-0.7787	-0.843254	1.16997	1.17697	0.00699981	253.273	177.287	215.28	0	0
3450	0.483078	0.222466	0.299	0	0.933685	0.156771	1	0	-0.516922	-0.777534	-0.843229	1.16645	1.17345	0.00699981	253.273	177.287	215.28	0	0
3460	0.485827	0.223643	0.299	0	0.931185	0.156797	1	0	-0.514173	-0.776357	-0.843203	1.16293	1.16993	0.00699981	253.273	177.287	215.28	0	0
3470	0.488572	0.224829	0.299	0	0.928682	0.156822	1	0	-0.511428	-0.775171	-0.843178	1.15941	1.16641	0.00699981	253.273	177.287	215.28	0	0
3480	0.491312	0.226024	0.299	0	0.926176	0.156848	1	0	-0.508688	-0.773976	-0.843152	1.1559	1.1629	0.00699981	253.273	177.287	215.28	0	0
3490	0.494049	0.227229	0.299	0	0.923667	0.156874	1	0	-0.505951	-0.772771	-0.843126	1.15238	1.15938	0.00699981	253.273	177.287	215.28	0	0
3500	0.496781	0.228444	0.299	0	0.921156	0.156901	1	0	-0.503219	-0.771556	-0.843099	1.14886	1.15586	0.00699981	253.273	177.287	215.28	0	0
3510	0.499509	0.229669	0.299	0	0.918641	0.156927	1	0	-0.500491	-0.770331	-0.843073	1.14534	1.15234	0.00699981	253.273	177.287	215.28	0	0
3520	0.502232	0.230903	0.299	0	0.916124	0.156953	1	0	-0.497768	-0.769097	-0.843047	1.14182	1.14882	0.00699981	253.273	177.287	215.28	0	0
3530	0.504951	0.232147	0.299	0	0.913604	0.15698	1	0	-0.495049	-0.767853	-0.84302	1.13831	1.14531	0.00699981	253.273	177.287	215.28	0	0
3540	0.507666	0.2334	0.299	0	0.911081	0.157007	1	0	-0.492334	-0.7666	-0.842993	1.13479	1.14179	0.00699981	253.273	177.287	215.28	0	0
3550	0.510376	0.234662	0.299	0	0.908556	0.157034	1	0	-0.489624	-0.765338	-0.842966	1.13127	1.13827	0.00699981	253.273	177.287	215.28	0	0
3560	0.513082	0.235935	0.299	0	0.906027	0.157061	1	0	-0.486918	-0.764065	-0.842939	1.12775	1.13475	0.00699981	253.273	177.287	215.28	0	0
3570	0.515783	0.237217	0.299	0	0.903496	0.157088	1	0	-0.484217	-0.762783	-0.842912	1.12423	1.13123	0.00699981	253.273	177.287	215.28	0	0
3580	0.51848	0.238508	0.299	0	0.900962	0.157115	1	0	-0.48152	-0.761492	-0.842885	1.12072	1.12772	0.00699981	253.273	177.287	215.28	0	0
3590	0.521172	0.239809	0.299	0	0.898425	0.157143	1	0	-0.478828	-0.760191	-0.842857	1.1172	1.1242	0.00699981	253.273	177.287	215.28	0	0
3600	0.52386	0.241119	0.299	0	0.895885	0.15717	1	0	-0.47614	-0.758881	-0.84283	1.11368	1.12068	0.00699981	253.273	177.287	215.28	0	0
3610	0.526543	0.242438	0.299	0	0.893343	0.157198	1	0	-0.473457	-0.757562	-0.842802	1.11016	1.11716	0.00699981	253.273	177.287	215.28	0	0
3620	0.529221	0.243768	0.299	0	0.890797	0.157226	1	0	-0.470779	-0.756232	-0.842774	1.10665	1.11365	0.00699981	253.273	177.287	215.28	0	0
3630	0.531895	0.245106	0.299	0	0.88825	0.157254	1	0	-0.468105	-0.754894	-0.842746	1.10313	1.11013	0.00699981	253.273	177.287	215.28	0	0
3640	0.534564	0.246454	0.299	0	0.885699	0.157283	1	0	-0.465436	-0.753546	-0.842717	1.09961	1.10661	0.00699981	253.273	177.287	215.28	0	0
3650	0.537228	0.247811	0.299	0	0.883145	0.157311	1	0	-0.462772	-0.752189	-0.842689	1.09609	1.10309	0.00699981	253.273	177.287	215.28	0	0
3660	0.539887	0.249178	0.299	0	0.880589	0.15734	1	0	-0.460113	-0.750822	-0.84266	1.09257	1.09957	0.00699981	253.273	177.287	215.28	0	0
3670	0.542542	0.250554	0.299	0	0.87803	0.157368	1	0	-0.457458	-0.749446	-0.842632	1.08906	1.09606	0.00699981	253.273	177.287	215.28	0	0
3680	0.545192	0.251939	0.299	0	0.875469	0.157397	1	0	-0.454808	-0.748061	-0.842603	1.08554	1.09254	0.00699981	253.273	177.287	215.28	0	0
3690	0.547836	0.253334	0.299	0	0.872904	0.157426	1	0	-0.452164	-0.746666	-0.842574	1.08202	1.08902	0.00699981	253.273	177.287	215.28	0	0
3700	0.550476	0.254738	0.299	0	0.870337	0.157456	1	0	-0.449524	-0.745262	-0.842544	1.0785	1.0855	0.00699981	253.273	177.287	215.28	0	0
3710	0.553111	0.256151	0.299	0	0.867768	0.157485	1	0	-0.446889	-0.743849	-0.842515	1.07498	1.08198	0.00699981	253.273	177.287	215.28	0	0
3720	0.555741	0.257574	0.299	0	0.865195	0.157515	1	0	-0.444259	-0.742426	-0.842485	1.07147	1.07847	0.00699981	253.273	177.287	215.28	0	0
3730	0.558366	0.259005	0.299	0	0.86262	0.157545	1	0	-0.441634	-0.740995	-0.842455	1.06795	1.07495	0.00699981	253.273	177.287	215.28	0	0
3740	0.560986	0.260446	0.299	0	0.860042	0.157575	1	0	-0.439014	-0.739554	-0.842425	1.06443	1.07143	0.00699981	253.273	177.287	215.28	0	0
3750	0.563601	0.261896	0.299	0	0.857462	0.157605	1	0	-0.436399	-0.738104	-0.842395	1.06091	1.06791	0.00699981	253.273	177.287	215.28	0	0
3760	0.566211	0.263356	0.299	0	0.854879	0.157635	1	0	-0.433789	-0.736644	-0.842365	1.05739	1.06439	0.00699981	253.273	177.287	215.28	0	0
3770	0.568815	0.264824	0.299	0	0.852293	0.157666	1	0	-0.431185	-0.735176	-0.842334	1.05388	1.06088	0.00699981	253.273	177.287	215.28	0	0
3780	0.571414	0.266302	0.299	0	0.849705	0.157696	1	0	-0.428586	-0.733698	-0.842304	1.05036	1.05736	0.00699981	253.273	177.287	215.28	0	0
3790	0.574009	0.267789	0.299	0	0.847114	0.157727	1	0	-0.425991	-0.732211	-0.842273	1.04684	1.05384	0.00699981	253.273	177.287	215.28	0	0
3800	0.576597	0.269285	0.299	0	0.84452	0.157758	1	0	-0.423403	-0.730715	-0.842242	1.04332	1.05032	0.00699981	253.273	177.287	215.28	0	0
3810	0.579181	0.27079	0.299	0	0.841924	0.15779	1	0	-0.420819	-0.72921	-0.84221	1.03981	1.04681	0.00699981	253.273	177.287	215.28	0	0
3820	0.581759	0.272304	0.299	0	0.839325	0.157821	1	0	-0.418241	-0.727696	-0.842179	1.03629	1.04329	0.00699981	253.273	177.287	215.28	0	0
3830	0.584332	0.273827	0.299	0	0.836724	0.157853	1	0	-0.415668	-0.726173	-0.842147	1.03277	1.03977	0.00699981	253.273	177.287	215.28	0	0
3840	0.5869	0.275359	0.299	0	0.83412	0.157885	1	0	-0.4131	-0.724641	-0.842115	1.02925	1.03625	0.00699981	253.273	177.287	215.28	0	0
3850	0.589462	0.2769	0.299	0	0.831513	0.157917	1	0	-0.410538	-0.7231	-0.842083	1.02573	1.03273	0.00699981	253.273	177.287	215.28	0	0
3860	0.592019	0.278451	0.299	0	0.828904	0.157949	1	0	-0.407981	-0.721549	-0.842051	1.02222	1.02922	0.00699981	253.273	177.287	215.28	0	0
3870	0.59457	0.28001	0.299	0	0.826293	0.157981	1	0	-0.40543	-0.71999	-0.842019	1.0187	1.0257	0.00699981	253.273	177.287	215.28	0	0
3880	0.597116	0.281578	0.299	0	0.823678	0.158014	1	0	-0.402884	-0.718422	-0.841986	1.01518	1.02218	0.00699981	253.273	177.287	215.28	0	0
3890	0.599656	0.283155	0.299	0	0.821061	0.158047	1	0	-0.400344	-0.716845	-0.841953	1.01166	1.01866	0.00699981	253.273	177.287	215.28	0	0
3900	0.602191	0.284741	0.299	0	0.818442	0.15808	1	0	-0.397809	-0.715259	-0.84192	1.00814	1.01514	0.00699981	253.273	177.287	215.28	0	0
3910	0.60472	0.286336	0.299	0	0.81582	0.158113	1	0	-0.39528	-0.713664	-0.841887	1.00463	1.01163	0.00699981	253.273	177.287	215.28	0	0
3920	0.607243	0.28794	0.299	0	0.813196	0.158147	1	0	-0.392757	-0.71206	-0.841853	1.00111	1.00811	0.00699981	253.273	177.287	215.28	0	0
3930	0.609761	0.289553	0.299	0	0.810569	0.15818	1	0	-0.390239	-0.710447	-0.84182	0.997591	1.00459	0.00699981	253.273	177.287	215.28	0	0
3940	0.612273	0.291174	0.299	0	0.807939	0.158214	1	0	-0.387727	-0.708826	-0.841786	0.994073	1.00107	0.00699981	253.273	177.287	215.28	0	0
3950	0.614779	0.292805	0.299	0	0.805307	0.158248	1	0	-0.385221	-0.707195	-0.841752	0.990555	0.997555	0.00699981	253.273	177.287	215.28	0	0
3960	0.61728	0.294444	0.299	0	0.802673	0.158283	1	0	-0.38272	-0.705556	-0.841717	0.987037	0.994037	0.00699981	253.273	177.287	215.28	0	0
3970	0.619775	0.296092	0.299	0	0.800036	0.158317	1	0	-0.380225	-0.703908	-0.841683	0.983519	0.990519	0.00699981	253.273	177.287	215.28	0	0
3980	0.622264	0.297749	0.299	0	0.797397	0.158352	1	0	-0.377736	-0.702251	-0.841648	0.980001	0.987001	0.00699981	253.273	177.287	215.28	0	0
3990	0.624747	0.299414	0.299	0	0.794755	0.158387	1	0	-0.375253	-0.700586	-0.841613	0.976483	0.983483	0.00699981	253.273	177.287	215.28	0	0
4000	0.627224	0.301088	0.299	0	0.792111	0.158422	1	0	-0.372776	-0.698912	-0.841578	0.972965	0.979965	0.00699981	253.273	177.287	215.28	0	0
4010	0.629696	0.302771	0.299	0	0.789464	0.158458	1	0	-0.370304	-0.697229	-0.841542	0.969447	0.976447	0.00699981	253.273	177.287	215.28	0	0
4020	0.632161	0.304463	0.299	0	0.786815	0.158494	1	0	-0.367839	-0.695537	-0.841506	0.96593	0.972929	0.00699981	253.273	177.287	215.28	0	0
4030	0.634621	0.306163	0.299	0	0.784163	0.15853	1	0	-0.365379	-0.693837	-0.84147	0.962412	0.969411	0.00699981	253.273	177.287	215.28	0	0
4040	0.637074	0.307872	0.299	0	0.781509	0.158566	1	0	-0.362926	-0.692128	-0.841434	0.958894	0.965894	0.00699981	253.273	177.287	215.28	0	0
4050	0.639522	0.30959	0.299	0	0.778852	0.158602	1	0	-0.360478	-0.69041	-0.841398	0.955376	0.962376	0.00699981	253.273	177.287	215.28	0	0
4060	0.641963	0.311316	0.299	0	0.776194	0.158639	1	0	-0.358037	-0.688684	-0.841361	0.951858	0.958858	0.00699981	253.273	177.287	215.28	0	0
4070	0.644399	0.31305	0.299	0	0.773532	0.158676	1	0	-0.355601	-0.68695	-0.841324	0.94834	0.95534	0.00699981	253.273	177.287	215.28	0	0
4080	0.646828	0.314794	0.299	0	0.770869	0.158713	1	0	-0.353172	-0.685206	-0.841287	0.944822	0.951822	0.00699981	253.273	177.287	215.28	0	0
4090	0.649251	0.316545	0.299	0	0.768202	0.158751	1	0	-0.350749	-0.683455	-0.841249	0.941304	0.948304	0.00699981	253.273	177.287	215.28	0	0
4100	0.651668	0.318306	0.299	0	0.765534	0.158788	1	0	-0.348332	-0.681694	-0.841212	0.937786	0.944786	0.00699981	253.273	177.287	215.28	0	0
4110	0.654078	0.320075	0.299	0	0.762863	0.158826	1	0	-0.345922	-0.679925	-0.841174	0.934268	0.941268	0.00699981	253.273	177.287	215.28	0	0
4120	0.656483	0.321852	0.299	0	0.76019	0.158864	1	0	-0.343517	-0.678148	-0.841136	0.930751	0.93775	0.00699981	253.273	177.287	215.28	0	0
4130	0.658881	0.323638	0.299	0	0.757514	0.158903	1	0	-0.341119	-0.676362	-0.841097	0.927233	0.934233	0.00699981	253.273	177.287	215.28	0	0
4140	0.661273	0.325432	0.299	0	0.754837	0.158942	1	0	-0.338727	-0.674568	-0.841058	0.923715	0.930715	0.00699981	253.273	177.287	215.28	0	0
4150	0.663659	0.327234	0.299	0	0.752156	0.158981	1	0	-0.336341	-0.672766	-0.841019	0.920197	0.927197	0.00699981	253.273	177.287	215.28	0	0
4160	0.666038	0.329045	0.299	0	0.749474	0.15902	1	0	-0.333962	-0.670955	-0.84098	0.916679	0.923679	0.00699981	253.273	177.287	215.28	0	0
4170	0.668411	0.330865	0.299	0	0.746789	0.15906	1	0	-0.331589	-0.669135	-0.84094	0.913161	0.920161	0.00699981	253.273	177.287	215.28	0	0
4180	0.670777	0.332692	0.299	0	0.744102	0.1591	1	0	-0.329223	-0.667308	-0.8409	0.909643	0.916643	0.00699981	253.273	177.287	215.28	0	0
4190	0.673137	0.334528	0.299	0	0.741412	0.15914	1	0	-0.326863	-0.665472	-0.84086	0.906125	0.913125	0.00699981	253.273	177.287	215.28	0	0
4200	0.67549	0.336372	0.299	0	0.738721	0.15918	1	0	-0.32451	-0.663628	-0.84082	0.902607	0.909607	0.00699981	253.273	177.287	215.28	0	0
4210	0.677837	0.338225	0.299	0	0.736027	0.159221	1	0	-0.322163	-0.661775	-0.840779	0.89909	0.906089	0.00699981	253.273	177.287	215.28	0	0
4220	0.680178	0.340086	0.299	0	0.73333	0.159262	1	0	-0.319822	-0.659914	-0.840738	0.895572	0.902571	0.00699981	253.273	177.287	215.28	0	0
4230	0.682512	0.341955	0.299	0	0.730632	0.159303	1	0	-0.317488	-0.658045	-0.840697	0.892054	0.899054	0.00699981	253.273	177.287	215.28	0	0
4240	0.684839	0.343832	0.299	0	0.727931	0.159345	1	0	-0.315161	-0.656168	-0.840655	0.888536	0.895536	0.00699981	253.273	177.287	215.28	0	0
4250	0.68716	0.345717	0.299	0	0.725228	0.159387	1	0	-0.31284	-0.654283	-0.840613	0.885018	0.892018	0.00699981	253.273	177.287	215.28	0	0
4260	0.689474	0.347611	0.299	0	0.722522	0.159429	1	0	-0.310526	-0.652389	-0.840571	0.8815	0.8885	0.00699981	253.273	177.287	215.28	0	0
4270	0.691781	0.349512	0.299	0	0.719815	0.159472	1	0	-0.308219	-0.650488	-0.840528	0.877982	0.884982	0.00699981	253.273	177.287	215.28	0	0
4280	0.694082	0.351422	0.299	0	0.717105	0.159515	1	0	-0.305918	-0.648578	-0.840485	0.874464	0.881464	0.00699981	253.273	177.287	215.28	0	0
4290	0.696376	0.35334	0.299	0	0.714393	0.159558	1	0	-0.303624	-0.64666	-0.840442	0.870946	0.877946	0.00699981	253.273	177.287	215.28	0	0
4300	0.698663	0.355266	0.299	0	0.711679	0.159601	1	0	-0.301337	-0.644734	-0.840399	0.867429	0.874428	0.00699981	253.273	177.287	215.28	0	0
4310	0.700943	0.357199	0.299	0	0.708962	0.159645	1	0	-0.299057	-0.642801	-0.840355	0.863911	0.87091	0.00699981	253.273	177.287	215.28	0	0
4320	0.703217	0.359141	0.299	0	0.706244	0.159689	1	0	-0.296783	-0.640859	-0.840311	0.860393	0.867393	0.00699981	253.273	177.287	215.28	0	0
4330	0.705484	0.361091	0.299	0	0.703523	0.159734	1	0	-0.294516	-0.638909	-0.840266	0.856875	0.863875	0.00699981	253.273	177.287	215.28	0	0
4340	0.707743	0.363049	0.299	0	0.7008	0.159779	1	0	-0.292257	-0.636951	-0.840221	0.853357	0.860357	0.00699981	253.273	177.287	215.28	0	0
4350	0.709996	0.365015	0.299	0	0.698075	0.159824	1	0	-0.290004	-0.634985	-0.840176	0.849839	0.856839	0.00699981	253.273	177.287	215.28	0	0
4360	0.712242	0.366989	0.299	0	0.695347	0.15987	1	0	-0.287758	-0.633011	-0.84013	0.846321	0.853321	0.00699981	253.273	177.287	215.28	0	0
4370	0.714481	0.36897	0.299	0	0.692618	0.159916	1	0	-0.285519	-0.63103	-0.840084	0.842803	0.849803	0.00699981	253.273	177.287	215.28	0	0
4380	0.716714	0.37096	0.299	0	0.689886	0.159962	1	0	-0.283286	-0.62904	-0.840038	0.839285	0.846285	0.00699981	253.273	177.287	215.28	0	0
4390	0.718939	0.372957	0.299	0	0.687152	0.160009	1	0	-0.281061	-0.627043	-0.839991	0.835767	0.842767	0.00699981	253.273	177.287	215.28	0	0
4400	0.721157	0.374962	0.299	0	0.684417	0.160056	1	0	-0.278843	-0.625038	-0.839944	0.83225	0.839249	0.00699981	253.273	177.287	215.28	0	0
4410	0.723368	0.376975	0.299	0	0.681679	0.160103	1	0	-0.276632	-0.623025	-0.839897	0.828732	0.835731	0.00699981	253.273	177.287	215.28	0	0
4420	0.725571	0.378996	0.299	0	0.678938	0.160151	1	0	-0.274429	-0.621004	-0.839849	0.825214	0.832214	0.00699981	253.273	177.287	215.28	0	0
4430	0.727768	0.381024	0.299	0	0.676196	0.160199	1	0	-0.272232	-0.618976	-0.839801	0.821696	0.828696	0.00699981	253.273	177.287	215.28	0	0
4440	0.729958	0.38306	0.299	0	0.673452	0.160247	1	0	-0.270042	-0.61694	-0.839753	0.818178	0.825178	0.00699981	253.273	177.287	215.28	0	0
4450	0.73214	0.385104	0.299	0	0.670706	0.160296	1	0	-0.26786	-0.614896	-0.839704	0.81466	0.82166	0.00699981	253.273	177.287	215.28	0	0
4460	0.734315	0.387156	0.299	0	0.667957	0.160346	1	0	-0.265685	-0.612844	-0.839654	0.811142	0.818142	0.00699981	253.273	177.287	215.28	0	0
4470	0.736483	0.389215	0.299	0	0.665207	0.160395	1	0	-0.263517	-0.610785	-0.839605	0.807624	0.814624	0.00699981	253.273	177.287	215.28	0	0
4480	0.738644	0.391281	0.299	0	0.662454	0.160446	1	0	-0.261356	-0.608719	-0.839554	0.804106	0.811106	0.00699981	253.273	177.287	215.28	0	0
4490	0.740797	0.393356	0.299	0	0.659699	0.160496	1	0	-0.259203	-0.606644	-0.839504	0.800589	0.807588	0.00699981	253.273	177.287	215.28	0	0
4500	0.742944	0.395438	0.299	0	0.656943	0.160547	1	0	-0.257056	-0.604562	-0.839453	0.797071	0.80407	0.00699981	253.273	177.287	215.28	0	0
4510	0.745082	0.397527	0.299	0	0.654184	0.160598	1	0	-0.254918	-0.602473	-0.839402	0.793553	0.800553	0.00699981	253.273	177.287	215.28	0	0
4520	0.747214	0.399624	0.299	0	0.651423	0.16065	1	0	-0.252786	-0.600376	-0.83935	0.790035	0.797035	0.00699981	253.273	177.287	215.28	0	0
4530	0.749338	0.401728	0.299	0	0.64866	0.160702	1	0	-0.250662	-0.598272	-0.839298	0.786517	0.793517	0.00699981	253.273	177.287	215.28	0	0
4540	0.751454	0.40384	0.299	0	0.645896	0.160755	1	0	-0.248546	-0.59616	-0.839245	0.782999	0.789999	0.00699981	253.273	177.287	215.28	0	0
4550	0.753564	0.40596	0.299	0	0.643129	0.160808	1	0	-0.246436	-0.59404	-0.839192	0.779481	0.786481	0.00699981	253.273	177.287	215.28	0	0
4560	0.755665	0.408086	0.299	0	0.64036	0.160862	1	0	-0.244335	-0.591914	-0.839138	0.775963	0.782963	0.00699981	253.273	177.287	215.28	0	0
4570	0.757759	0.41022	0.299	0	0.637589	0.160916	1	0	-0.242241	-0.58978	-0.839084	0.772445	0.779445	0.00699981	253.273	177.287	215.28	0	0
4580	0.759846	0.412362	0.299	0	0.634817	0.16097	1	0	-0.240154	-0.587638	-0.83903	0.768927	0.775927	0.00699981	253.273	177.287	215.28	0	0
4590	0.761925	0.414511	0.299	0	0.632042	0.161025	1	0	-0.238075	-0.585489	-0.838975	0.76541	0.772409	0.00699981	253.273	177.287	215.28	0	0
4600	0.763997	0.416667	0.299	0	0.629266	0.161081	1	0	-0.236003	-0.583333	-0.838919	0.761892	0.768892	0.00699981	253.273	177.287	215.28	0	0
4610	0.766061	0.41883	0.299	0	0.626487	0.161137	1	0	-0.233939	-0.58117	-0.838863	0.758374	0.765374	0.00699981	253.273	177.287	215.28	0	0
4620	0.768117	0.421001	0.299	0	0.623706	0.161193	1	0	-0.231883	-0.578999	-0.838807	0.754856	0.761856	0.00699981	253.273	177.287	215.28	0	0
4630	0.770166	0.423179	0.299	0	0.620924	0.16125	1	0	-0.229834	-0.576821	-0.83875	0.751338	0.758338	0.00699981	253.273	177.287	215.28	0	0
4640	0.772207	0.425364	0.299	0	0.61814	0.161308	1	0	-0.227793	-0.574636	-0.838692	0.74782	0.75482	0.00699981	253.273	177.287	215.28	0	0
4650	0.77424	0.427556	0.299	0	0.615353	0.161366	1	0	-0.22576	-0.572444	-0.838634	0.744302	0.751302	0.00699981	253.273	177.287	215.28	0	0
4660	0.776266	0.429755	0.299	0	0.612565	0.161424	1	0	-0.223734	-0.570245	-0.838576	0.740784	0.747784	0.00699981	253.273	177.287	215.28	0	0
4670	0.778284	0.431962	0.299	0	0.609775	0.161483	1	0	-0.221716	-0.568038	-0.838517	0.737266	0.744266	0.00699981	253.273	177.287	215.28	0	0
4680	0.780294	0.434175	0.299	0	0.606983	0.161543	1	0	-0.219706	-0.565825	-0.838457	0.733749	0.740748	0.00699981	253.273	177.287	215.28	0	0
4690	0.782296	0.436396	0.299	0	0.604189	0.161603	1	0	-0.217704	-0.563604	-0.838397	0.730231	0.73723	0.00699981	253.273	177.287	215.28	0	0
4700	0.78429	0.438623	0.299	0	0.601394	0.161663	1	0	-0.21571	-0.561377	-0.838337	0.726713	0.733713	0.00699981	253.273	177.287	215.28	0	0
4710	0.786277	0.440858	0.299	0	0.598596	0.161724	1	0	-0.213723	-0.559142	-0.838276	0.723195	0.730195	0.00699981	253.273	177.287	215.28	0	0
4720	0.788256	0.443099	0.299	0	0.595797	0.161786	1	0	-0.211744	-0.556901	-0.838214	0.719677	0.726677	0.00699981	253.273	177.287	215.28	0	0
4730	0.790227	0.445348	0.299	0	0.592995	0.161849	1	0	-0.209773	-0.554652	-0.838151	0.716159	0.723159	0.00699981	253.273	177.287	215.28	0	0
4740	0.79219	0.447603	0.299	0	0.590192	0.161911	1	0	-0.20781	-0.552397	-0.838089	0.712641	0.719641	0.00699981	253.273	177.287	215.28	0	0
4750	0.794145	0.449866	0.299	0	0.587387	0.161975	1	0	-0.205855	-0.550134	-0.838025	0.709123	0.716123	0.00699981	253.273	177.287	215.28	0	0
4760	0.796092	0.452135	0.299	0	0.584581	0.162039	1	0	-0.203908	-0.547865	-0.837961	0.705605	0.712605	0.00699981	253.273	177.287	215.28	0	0
4770	0.798031	0.454411	0.299	0	0.581772	0.162104	1	0	-0.201969	-0.545589	-0.837896	0.702088	0.709087	0.00699981	253.273	177.287	215.28	0	0
4780	0.799962	0.456694	0.299	0	0.578962	0.162169	1	0	-0.200038	-0.543306	-0.837831	0.69857	0.705569	0.00699981	253.273	177.287	215.28	0	0
4790	0.801884	0.458984	0.299	0	0.57615	0.162235	1	0	-0.198116	-0.541016	-0.837765	0.695052	0.702052	0.00699981	253.273	177.287	215.28	0	0
4800	0.803799	0.46128	0.299	0	0.573336	0.162302	1	0	-0.196201	-0.53872	-0.837698	0.691534	0.698534	0.00699981	253.273	177.287	215.28	0	0
4810	0.805706	0.463583	0.299	0	0.57052	0.162369	1	0	-0.194294	-0.536417	-0.837631	0.688016	0.695016	0.00699981	253.273	177.287	215.28	0	0
4820	0.807605	0.465893	0.299	0	0.567703	0.162437	1	0	-0.192395	-0.534107	-0.837563	0.684498	0.691498	0.00699981	253.273	177.287	215.28	0	0
4830	0.809495	0.468209	0.299	0	0.564883	0.162505	1	0	-0.190505	-0.531791	-0.837495	0.68098	0.68798	0.00699981	253.273	177.287	215.28	0	0
4840	0.811378	0.470532	0.299	0	0.562063	0.162574	1	0	-0.188622	-0.529468	-0.837426	0.677462	0.684462	0.00699981	253.273	177.287	215.28	0	0
4850	0.813252	0.472862	0.299	0	0.55924	0.162644	1	0	-0.186748	-0.527138	-0.837356	0.673944	0.680944	0.00699981	253.273	177.287	215.28	0	0
4860	0.815118	0.475198	0.299	0	0.556415	0.162715	1	0	-0.184882	-0.524802	-0.837285	0.670426	0.677426	0.00699981	253.273	177.287	215.28	0	0
4870	0.816976	0.477541	0.299	0	0.553589	0.162786	1	0	-0.183024	-0.522459	-0.837214	0.666909	0.673908	0.00699981	253.273	177.287	215.28	0	0
4880	0.818825	0.479891	0.299	0	0.550761	0.162858	1	0	-0.181175	-0.520109	-0.837142	0.663391	0.67039	0.00699981	253.273	177.287	215.28	0	0
4890	0.820666	0.482246	0.299	0	0.547932	0.162931	1	0	-0.179334	-0.517754	-0.837069	0.659873	0.666873	0.00699981	253.273	177.287	215.28	0	0
4900	0.822499	0.484609	0.299	0	0.545101	0.163005	1	0	-0.177501	-0.515391	-0.836995	0.656355	0.663355	0.00699981	253.273	177.287	215.28	0	0
4910	0.824324	0.486978	0.299	0	0.542268	0.163079	1	0	-0.175676	-0.513022	-0.836921	0.652837	0.659837	0.00699981	253.273	177.287	215.28	0	0
4920	0.82614	0.489353	0.299	0	0.539433	0.163154	1	0	-0.17386	-0.510647	-0.836846	0.649319	0.656319	0.00699981	253.273	177.287	215.28	0	0
4930	0.827948	0.491734	0.299	0	0.536597	0.16323	1	0	-0.172052	-0.508266	-0.83677	0.645801	0.652801	0.00699981	253.273	177.287	215.28	0	0
4940	0.829747	0.494122	0.299	0	0.533759	0.163306	1	0	-0.170253	-0.505878	-0.836694	0.642283	0.649283	0.00699981	253.273	177.287	215.28	0	0
4950	0.831539	0.496516	0.299	0	0.530919	0.163384	1	0	-0.168461	-0.503484	-0.836616	0.638765	0.645765	0.00699981	253.273	177.287	215.28	0	0
4960	0.833321	0.498917	0.299	0	0.528078	0.163462	1	0	-0.166679	-0.501083	-0.836538	0.635248	0.642247	0.00699981	253.273	177.287	215.28	0	0
4970	0.835095	0.501323	0.299	0	0.525235	0.163541	1	0	-0.164905	-0.498677	-0.836459	0.63173	0.638729	0.00699981	253.273	177.287	215.28	0	0
4980	0.836861	0.503736	0.299	0	0.522391	0.163621	1	0	-0.163139	-0.496264	-0.836379	0.628212	0.635212	0.00699981	253.273	177.287	215.28	0	0
4990	0.838618	0.506156	0.299	0	0.519544	0.163702	1	0	-0.161382	-0.493844	-0.836298	0.624694	0.631694	0.00699981	253.273	177.287	215.28	0	0
5000	0.840367	0.508581	0.299	0	0.516697	0.163783	1	0	-0.159633	-0.491419	-0.836217	0.621176	0.628176	0.00699981	253.273	177.287	215.28	0	0
5010	0.842107	0.511012	0.299	0	0.513847	0.163866	1	0	-0.157893	-0.488988	-0.836134	0.617658	0.624658	0.00699981	253.273	177.287	215.28	0	0
5020	0.843839	0.51345	0.299	0	0.510996	0.163949	1	0	-0.156161	-0.48655	-0.836051	0.61414	0.62114	0.00699981	253.273	177.287	215.28	0	0
5030	0.845562	0.515893	0.299	0	0.508144	0.164034	1	0	-0.154438	-0.484107	-0.835966	0.610622	0.617622	0.00699981	253.273	177.287	215.28	0	0
5040	0.847276	0.518343	0.299	0	0.50529	0.164119	1	0	-0.152724	-0.481657	-0.835881	0.607104	0.614104	0.00699981	253.273	177.287	215.28	0	0
5050	0.848982	0.520799	0.299	0	0.502434	0.164205	1	0	-0.151018	-0.479201	-0.835795	0.603586	0.610586	0.00699981	253.273	177.287	215.28	0	0
5060	0.850679	0.523261	0.299	0	0.499577	0.164293	1	0	-0.149321	-0.476739	-0.835707	0.600069	0.607068	0.00699981	253.273	177.287	215.28	0	0
5070	0.852368	0.525728	0.299	0	0.496718	0.164381	1	0	-0.147632	-0.474272	-0.835619	0.596551	0.60355	0.00699981	253.273	177.287	215.28	0	0
5080	0.854047	0.528202	0.299	0	0.493858	0.16447	1	0	-0.145953	-0.471798	-0.83553	0.593033	0.600033	0.00699981	253.273	177.287	215.28	0	0
5090	0.855718	0.530681	0.299	0	0.490996	0.16456	1	0	-0.144282	-0.469319	-0.83544	0.589515	0.596515	0.00699981	253.273	177.287	215.28	0	0
5100	0.857381	0.533167	0.299	0	0.488133	0.164651	1	0	-0.142619	-0.466833	-0.835349	0.585997	0.592997	0.00699981	253.273	177.287	215.28	0	0
5110	0.859034	0.535658	0.299	0	0.485268	0.164744	1	0	-0.140966	-0.464342	-0.835256	0.582479	0.589479	0.00699981	253.273	177.287	215.28	0	0
5120	0.860679	0.538155	0.299	0	0.482402	0.164837	1	0	-0.139321	-0.461845	-0.835163	0.578961	0.585961	0.00699981	253.273	177.287	215.28	0	0
5130	0.862315	0.540657	0.299	0	0.479534	0.164932	1	0	-0.137685	-0.459343	-0.835068	0.575443	0.582443	0.00699981	253.273	177.287	215.28	0	0
5140	0.863942	0.543166	0.299	0	0.476665	0.165027	1	0	-0.136058	-0.456834	-0.834973	0.571925	0.578925	0.00699981	253.273	177.287	215.28	0	0
5150	0.86556	0.54568	0.299	0	0.473794	0.165124	1	0	-0.13444	-0.45432	-0.834876	0.568408	0.575407	0.00699981	253.273	177.287	215.28	0	0
5160	0.86717	0.5482	0.299	0	0.470922	0.165222	1	0	-0.13283	-0.4518	-0.834778	0.56489	0.571889	0.00699981	253.273	177.287	215.28	0	0
5170	0.868771	0.550725	0.299	0	0.468048	0.165321	1	0	-0.131229	-0.449275	-0.834679	0.561372	0.568372	0.00699981	253.273	177.287	215.28	0	0
5180	0.870362	0.553256	0.299	0	0.465173	0.165421	1	0	-0.129638	-0.446744	-0.834579	0.557854	0.564854	0.00699981	253.273	177.287	215.28	0	0
5190	0.871945	0.555793	0.299	0	0.462296	0.165523	1	0	-0.128055	-0.444207	-0.834477	0.554336	0.561336	0.00699981	253.273	177.287	215.28	0	0
5200	0.873519	0.558335	0.299	0	0.459418	0.165625	1	0	-0.126481	-0.441665	-0.834375	0.550818	0.557818	0.00699981	253.273	177.287	215.28	0	0
5210	0.875084	0.560883	0.299	0	0.456539	0.165729	1	0	-0.124916	-0.439117	-0.834271	0.5473	0.5543	0.00699981	253.273	177.287	215.28	0	0
5220	0.87664	0.563436	0.299	0	0.453658	0.165835	1	0	-0.12336	-0.436564	-0.834165	0.543782	0.550782	0.00699981	253.273	177.287	215.28	0	0
5230	0.878187	0.565995	0.299	0	0.450776	0.165941	1	0	-0.121813	-0.434005	-0.834059	0.540264	0.547264	0.00699981	253.273	177.287	215.28	0	0
5240	0.879725	0.568559	0.299	0	0.447892	0.166049	1	0	-0.120275	-0.431441	-0.833951	0.536746	0.543746	0.00699981	253.273	177.287	215.28	0	0
5250	0.881254	0.571129	0.299	0	0.445007	0.166159	1	0	-0.118746	-0.428871	-0.833841	0.533229	0.540228	0.00699981	253.273	177.287	215.28	0	0
5260	0.882774	0.573704	0.299	0	0.442121	0.166269	1	0	-0.117226	-0.426296	-0.833731	0.529711	0.536711	0.00699981	253.273	177.287	215.28	0	0
5270	0.884284	0.576284	0.299	0	0.439233	0.166382	1	0	-0.115716	-0.423716	-0.833618	0.526193	0.533193	0.00699981	253.273	177.287	215.28	0	0
5280	0.885786	0.578869	0.299	0	0.436344	0.166495	1	0	-0.114214	-0.421131	-0.833505	0.522675	0.529675	0.00699981	253.273	177.287	215.28	0	0
5290	0.887279	0.58146	0.299	0	0.433453	0.16661	1	0	-0.112721	-0.41854	-0.83339	0.519157	0.526157	0.00699981	253.273	177.287	215.28	0	0
5300	0.888762	0.584056	0.299	0	0.430561	0.166727	1	0	-0.111238	-0.415944	-0.833273	0.515639	0.522639	0.00699981	253.273	177.287	215.28	0	0
5310	0.890236	0.586658	0.299	0	0.427668	0.166845	1	0	-0.109764	-0.413342	-0.833155	0.512121	0.519121	0.00699981	253.273	177.287	215.28	0	0
5320	0.891702	0.589264	0.299	0	0.424774	0.166965	1	0	-0.108298	-0.410736	-0.833035	0.508603	0.515603	0.00699981	253.273	177.287	215.28	0	0
5330	0.893158	0.591875	0.299	0	0.421878	0.167086	1	0	-0.106842	-0.408125	-0.832914	0.505085	0.512085	0.00699981	253.273	177.287	215.28	0	0
5340	0.894604	0.594492	0.299	0	0.418981	0.167209	1	0	-0.105396	-0.405508	-0.832791	0.501568	0.508567	0.00699981	253.273	177.287	215.28	0	0
5350	0.896042	0.597114	0.299	0	0.416082	0.167334	1	0	-0.103958	-0.402886	-0.832666	0.49805	0.505049	0.00699981	253.273	177.287	215.28	0	0
5360	0.89747	0.599741	0.299	0	0.413183	0.16746	1	0	-0.10253	-0.400259	-0.83254	0.494532	0.501532	0.00699981	253.273	177.287	215.28	0	0
5370	0.89889	0.602372	0.299	0	0.410282	0.167588	1	0	-0.10111	-0.397628	-0.832412	0.491014	0.498014	0.00699981	253.273	177.287	215.28	0	0
5380	0.900299	0.605009	0.299	0	0.407379	0.167718	1	0	-0.0997006	-0.394991	-0.832282	0.487496	0.494496	0.00699981	253.273	177.287	215.28	0	0
5390	0.9017	0.607651	0.299	0	0.404476	0.16785	1	0	-0.0983	-0.392349	-0.83215	0.483978	0.490978	0.00699981	253.273	177.287	215.28	0	0
5400	0.903091	0.610297	0.299	0	0.401571	0.167984	1	0	-0.0969088	-0.389703	-0.832016	0.48046	0.48746	0.00699981	253.273	177.287	215.28	0	0
5410	0.904473	0.612949	0.299	0	0.398665	0.168119	1	0	-0.0955268	-0.387051	-0.831881	0.476942	0.483942	0.00699981	253.273	177.287	215.28	0	0
5420	0.905846	0.615605	0.299	0	0.395758	0.168256	1	0	-0.0941542	-0.384395	-0.831744	0.473424	0.480424	0.00699981	253.273	177.287	215.28	0	0
5430	0.907209	0.618266	0.299	0	0.39285	0.168396	1	0	-0.092791	-0.381734	-0.831604	0.469907	0.476906	0.00699981	253.273	177.287	215.28	0	0
5440	0.908563	0.620932	0.299	0	0.38994	0.168537	1	0	-0.0914371	-0.379068	-0.831463	0.466389	0.473388	0.00699981	253.273	177.287	215.28	0	0
5450	0.909907	0.623603	0.299	0	0.387029	0.168681	1	0	-0.0900926	-0.376397	-0.831319	0.462871	0.469871	0.00699981	253.273	177.287	215.28	0	0
5460	0.911242	0.626278	0.299	0	0.384117	0.168827	1	0	-0.0887575	-0.373722	-0.831173	0.459353	0.466353	0.00699981	253.273	177.287	215.28	0	0
5470	0.912568	0.628958	0.299	0	0.381204	0.168974	1	0	-0.0874319	-0.371042	-0.831026	0.455835	0.462835	0.00699981	253.273	177.287	215.28	0	0
5480	0.913884	0.631643	0.299	0	0.378289	0.169124	1	0	-0.0861156	-0.368357	-0.830876	0.452317	0.459317	0.00699981	253.273	177.287	215.28	0	0
5490	0.915191	0.634332	0.299	0	0.375374	0.169277	1	0	-0.0848088	-0.365668	-0.830723	0.448799	0.455799	0.00699981	253.273	177.287	215.28	0	0
5500	0.916488	0.637026	0.299	0	0.372457	0.169431	1	0	-0.0835115	-0.362974	-0.830569	0.445281	0.452281	0.00699981	253.273	177.287	215.28	0	0
